

================================================================
== Vitis HLS Report for 'accelerator_net_Pipeline_SWAP'
================================================================
* Date:           Tue Jun 30 17:54:48 2026

* Version:        2025.2 (Build 6295257 on Nov 14 2025)
* Project:        build
* Solution:       hls (Vivado IP Flow Target)
* Product family: zynq
* Target device:  xc7z020-clg400-1


================================================================
== Performance Estimates
================================================================
+ Timing: 
    * Summary: 
    +--------+----------+----------+------------+
    |  Clock |  Target  | Estimated| Uncertainty|
    +--------+----------+----------+------------+
    |ap_clk  |  10.00 ns|  6.508 ns|     2.70 ns|
    +--------+----------+----------+------------+

+ Latency: 
    * Summary: 
    +---------+---------+-----------+----------+-----+-----+-------------------+
    |  Latency (cycles) |  Latency (absolute)  |  Interval |      Pipeline     |
    |   min   |   max   |    min    |    max   | min | max |        Type       |
    +---------+---------+-----------+----------+-----+-----+-------------------+
    |        3|        ?|  30.000 ns|         ?|    0|    0|  loop pipeline stp|
    +---------+---------+-----------+----------+-----+-----+-------------------+

    + Detail: 
        * Instance: 
        N/A

        * Loop: 
        +----------+---------+---------+----------+-----------+-----------+-------+----------+
        |          |  Latency (cycles) | Iteration|  Initiation Interval  |  Trip |          |
        | Loop Name|   min   |   max   |  Latency |  achieved |   target  | Count | Pipelined|
        +----------+---------+---------+----------+-----------+-----------+-------+----------+
        |- SWAP    |        1|        ?|         2|          1|          1|  1 ~ ?|       yes|
        +----------+---------+---------+----------+-----------+-----------+-------+----------+



================================================================
== Utilization Estimates
================================================================
* Summary: 
+-----------------+---------+-----+--------+-------+-----+
|       Name      | BRAM_18K| DSP |   FF   |  LUT  | URAM|
+-----------------+---------+-----+--------+-------+-----+
|DSP              |        -|    -|       -|      -|    -|
|Expression       |        -|    -|       0|     52|    -|
|FIFO             |        -|    -|       -|      -|    -|
|Instance         |        -|    -|       -|      -|    -|
|Memory           |        -|    -|       -|      -|    -|
|Multiplexer      |        -|    -|       0|     36|    -|
|Register         |        -|    -|      27|      -|    -|
+-----------------+---------+-----+--------+-------+-----+
|Total            |        0|    0|      27|     88|    0|
+-----------------+---------+-----+--------+-------+-----+
|Available        |      280|  220|  106400|  53200|    0|
+-----------------+---------+-----+--------+-------+-----+
|Utilization (%)  |        0|    0|      ~0|     ~0|    0|
+-----------------+---------+-----+--------+-------+-----+

+ Detail: 
    * Instance: 
    N/A

    * DSP: 
    N/A

    * Memory: 
    N/A

    * FIFO: 
    N/A

    * Expression: 
    +----------------------+----------+----+---+----+------------+------------+
    |     Variable Name    | Operation| DSP| FF| LUT| Bitwidth P0| Bitwidth P1|
    +----------------------+----------+----+---+----+------------+------------+
    |add_ln293_fu_120_p2   |         +|   0|  0|  12|          12|           1|
    |icmp_ln293_fu_114_p2  |      icmp|   0|  0|  38|          31|          31|
    |ap_enable_pp0         |       xor|   0|  0|   2|           1|           2|
    +----------------------+----------+----+---+----+------------+------------+
    |Total                 |          |   0|  0|  52|          44|          34|
    +----------------------+----------+----+---+----+------------+------------+

    * Multiplexer: 
    +-------------------------+----+-----------+-----+-----------+
    |           Name          | LUT| Input Size| Bits| Total Bits|
    +-------------------------+----+-----------+-----+-----------+
    |ap_done_int              |   9|          2|    1|          2|
    |ap_enable_reg_pp0_iter1  |   9|          2|    1|          2|
    |ap_sig_allocacmp_i_1     |   9|          2|   12|         24|
    |i_fu_38                  |   9|          2|   12|         24|
    +-------------------------+----+-----------+-----+-----------+
    |Total                    |  36|          8|   26|         52|
    +-------------------------+----+-----------+-----+-----------+

    * Register: 
    +-------------------------+----+----+-----+-----------+
    |           Name          | FF | LUT| Bits| Const Bits|
    +-------------------------+----+----+-----+-----------+
    |ap_CS_fsm                |   1|   0|    1|          0|
    |ap_done_reg              |   1|   0|    1|          0|
    |ap_enable_reg_pp0_iter1  |   1|   0|    1|          0|
    |i_fu_38                  |  12|   0|   12|          0|
    |zext_ln293_reg_147       |  12|   0|   64|         52|
    +-------------------------+----+----+-----+-----------+
    |Total                    |  27|   0|   79|         52|
    +-------------------------+----+----+-----+-----------+



================================================================
== Interface
================================================================
* Summary: 
+--------------+-----+-----+------------+-------------------------------+--------------+
|   RTL Ports  | Dir | Bits|  Protocol  |         Source Object         |    C Type    |
+--------------+-----+-----+------------+-------------------------------+--------------+
|ap_clk        |   in|    1|  ap_ctrl_hs|  accelerator_net_Pipeline_SWAP|  return value|
|ap_rst        |   in|    1|  ap_ctrl_hs|  accelerator_net_Pipeline_SWAP|  return value|
|ap_start      |   in|    1|  ap_ctrl_hs|  accelerator_net_Pipeline_SWAP|  return value|
|ap_done       |  out|    1|  ap_ctrl_hs|  accelerator_net_Pipeline_SWAP|  return value|
|ap_idle       |  out|    1|  ap_ctrl_hs|  accelerator_net_Pipeline_SWAP|  return value|
|ap_ready      |  out|    1|  ap_ctrl_hs|  accelerator_net_Pipeline_SWAP|  return value|
|neuron_count  |   in|   31|     ap_none|                   neuron_count|        scalar|
|u_b_address0  |  out|   11|   ap_memory|                            u_b|         array|
|u_b_ce0       |  out|    1|   ap_memory|                            u_b|         array|
|u_b_q0        |   in|   32|   ap_memory|                            u_b|         array|
|u_a_address0  |  out|   11|   ap_memory|                            u_a|         array|
|u_a_ce0       |  out|    1|   ap_memory|                            u_a|         array|
|u_a_we0       |  out|    1|   ap_memory|                            u_a|         array|
|u_a_d0        |  out|   32|   ap_memory|                            u_a|         array|
|v_b_address0  |  out|   11|   ap_memory|                            v_b|         array|
|v_b_ce0       |  out|    1|   ap_memory|                            v_b|         array|
|v_b_q0        |   in|   32|   ap_memory|                            v_b|         array|
|v_a_address0  |  out|   11|   ap_memory|                            v_a|         array|
|v_a_ce0       |  out|    1|   ap_memory|                            v_a|         array|
|v_a_we0       |  out|    1|   ap_memory|                            v_a|         array|
|v_a_d0        |  out|   32|   ap_memory|                            v_a|         array|
+--------------+-----+-----+------------+-------------------------------+--------------+

