

================================================================
== Vitis HLS Report for 'accelerator_net'
================================================================
* Date:           Tue Jun 30 17:54:53 2026

* Version:        2025.2 (Build 6295257 on Nov 14 2025)
* Project:        build
* Solution:       hls (Vivado IP Flow Target)
* Product family: zynq
* Target device:  xc7z020-clg400-1


================================================================
== Performance Estimates
================================================================
+ Timing: 
    * Summary: 
    +--------+----------+----------+------------+
    |  Clock |  Target  | Estimated| Uncertainty|
    +--------+----------+----------+------------+
    |ap_clk  |  10.00 ns|  7.300 ns|     2.70 ns|
    +--------+----------+----------+------------+

+ Latency: 
    * Summary: 
    +---------+---------+----------+----------+-----+-----+---------+
    |  Latency (cycles) |  Latency (absolute) |  Interval | Pipeline|
    |   min   |   max   |    min   |    max   | min | max |   Type  |
    +---------+---------+----------+----------+-----+-----+---------+
    |        ?|        ?|         ?|         ?|    ?|    ?|       no|
    +---------+---------+----------+----------+-----+-----+---------+

    + Detail: 
        * Instance: 
        +----------------------------------------------------+-----------------------------------------+---------+---------+-----------+----------+-----+-----+-------------------+
        |                                                    |                                         |  Latency (cycles) |  Latency (absolute)  |  Interval |      Pipeline     |
        |                      Instance                      |                  Module                 |   min   |   max   |    min    |    max   | min | max |        Type       |
        +----------------------------------------------------+-----------------------------------------+---------+---------+-----------+----------+-----+-----+-------------------+
        |grp_accelerator_net_Pipeline_SWAP_fu_543            |accelerator_net_Pipeline_SWAP            |        3|        ?|  30.000 ns|         ?|    0|    0|  loop pipeline stp|
        |grp_accelerator_net_Pipeline_EDGE_LOOP_fu_556       |accelerator_net_Pipeline_EDGE_LOOP       |        ?|        ?|          ?|         ?|    0|    0|  loop pipeline stp|
        |grp_accelerator_net_Pipeline_STORE_STATE_fu_569     |accelerator_net_Pipeline_STORE_STATE     |        ?|        ?|          ?|         ?|    0|    0|  loop pipeline stp|
        |grp_accelerator_net_Pipeline_LOAD_STATE_fu_582      |accelerator_net_Pipeline_LOAD_STATE      |        ?|        ?|          ?|         ?|    0|    0|  loop pipeline stp|
        |grp_accelerator_net_Pipeline_LOAD_ROW_PTR_fu_595    |accelerator_net_Pipeline_LOAD_ROW_PTR    |        ?|        ?|          ?|         ?|    0|    0|  loop pipeline stp|
        |grp_accelerator_net_Pipeline_LOAD_COL_IDX_fu_605    |accelerator_net_Pipeline_LOAD_COL_IDX    |        ?|        ?|          ?|         ?|    0|    0|  loop pipeline stp|
        |grp_accelerator_net_Pipeline_COMPUTE_DEGREE_fu_615  |accelerator_net_Pipeline_COMPUTE_DEGREE  |        ?|        ?|          ?|         ?|    0|    0|  loop pipeline stp|
        +----------------------------------------------------+-----------------------------------------+---------+---------+-----------+----------+-----+-----+-------------------+

        * Loop: 
        +-----------------+---------+---------+----------+-----------+-----------+-------+----------+
        |                 |  Latency (cycles) | Iteration|  Initiation Interval  |  Trip |          |
        |    Loop Name    |   min   |   max   |  Latency |  achieved |   target  | Count | Pipelined|
        +-----------------+---------+---------+----------+-----------+-----------+-------+----------+
        |- TIMESTEP_LOOP  |        ?|        ?|         ?|          -|          -|      ?|        no|
        | + NEURON_LOOP   |        ?|        ?|         ?|          -|          -|  1 ~ ?|        no|
        +-----------------+---------+---------+----------+-----------+-----------+-------+----------+



================================================================
== Utilization Estimates
================================================================
* Summary: 
+-----------------+---------+-----+--------+-------+-----+
|       Name      | BRAM_18K| DSP |   FF   |  LUT  | URAM|
+-----------------+---------+-----+--------+-------+-----+
|DSP              |        -|    -|       -|      -|    -|
|Expression       |        -|    -|       0|   2424|    -|
|FIFO             |        -|    -|       -|      -|    -|
|Instance         |        4|   96|    6287|   5558|    -|
|Memory           |       47|    -|       0|      0|    0|
|Multiplexer      |        -|    -|       0|    818|    -|
|Register         |        -|    -|    3499|      -|    -|
+-----------------+---------+-----+--------+-------+-----+
|Total            |       51|   96|    9786|   8800|    0|
+-----------------+---------+-----+--------+-------+-----+
|Available        |      280|  220|  106400|  53200|    0|
+-----------------+---------+-----+--------+-------+-----+
|Utilization (%)  |       18|   43|       9|     16|    0|
+-----------------+---------+-----+--------+-------+-----+

+ Detail: 
    * Instance: 
    +----------------------------------------------------+-----------------------------------------+---------+----+-----+------+-----+
    |                      Instance                      |                  Module                 | BRAM_18K| DSP|  FF |  LUT | URAM|
    +----------------------------------------------------+-----------------------------------------+---------+----+-----+------+-----+
    |grp_accelerator_net_Pipeline_COMPUTE_DEGREE_fu_615  |accelerator_net_Pipeline_COMPUTE_DEGREE  |        0|   0|   49|   104|    0|
    |grp_accelerator_net_Pipeline_EDGE_LOOP_fu_556       |accelerator_net_Pipeline_EDGE_LOOP       |        0|   0|  108|   166|    0|
    |grp_accelerator_net_Pipeline_LOAD_COL_IDX_fu_605    |accelerator_net_Pipeline_LOAD_COL_IDX    |        0|   0|  295|   359|    0|
    |grp_accelerator_net_Pipeline_LOAD_ROW_PTR_fu_595    |accelerator_net_Pipeline_LOAD_ROW_PTR    |        0|   0|   74|   100|    0|
    |grp_accelerator_net_Pipeline_LOAD_STATE_fu_582      |accelerator_net_Pipeline_LOAD_STATE      |        0|   0|  280|   330|    0|
    |grp_accelerator_net_Pipeline_STORE_STATE_fu_569     |accelerator_net_Pipeline_STORE_STATE     |        0|   0|  306|   423|    0|
    |grp_accelerator_net_Pipeline_SWAP_fu_543            |accelerator_net_Pipeline_SWAP            |        0|   0|   27|    88|    0|
    |control_s_axi_U                                     |control_s_axi                            |        0|   0|  703|  1194|    0|
    |gmem0_m_axi_U                                       |gmem0_m_axi                              |        2|   0|  671|   657|    0|
    |gmem1_m_axi_U                                       |gmem1_m_axi                              |        2|   0|  770|   742|    0|
    |mul_118s_121ns_238_5_1_U42                          |mul_118s_121ns_238_5_1                   |        0|  49|  441|   256|    0|
    |mul_27s_26ns_52_1_1_U34                             |mul_27s_26ns_52_1_1                      |        0|   3|    0|    39|    0|
    |mul_28s_32s_56_2_1_U35                              |mul_28s_32s_56_2_1                       |        0|   4|  165|    50|    0|
    |mul_32s_32s_56_2_1_U36                              |mul_32s_32s_56_2_1                       |        0|   4|  165|    50|    0|
    |mul_32s_32s_64_2_1_U37                              |mul_32s_32s_64_2_1                       |        0|   4|  165|    50|    0|
    |mul_32s_32s_64_2_1_U38                              |mul_32s_32s_64_2_1                       |        0|   4|  165|    50|    0|
    |mul_64s_32s_80_5_1_U39                              |mul_64s_32s_80_5_1                       |        0|   8|  441|   256|    0|
    |mul_64s_32s_94_5_1_U40                              |mul_64s_32s_94_5_1                       |        0|   8|  441|   256|    0|
    |mul_94s_32s_104_5_1_U41                             |mul_94s_32s_104_5_1                      |        0|  12|  441|   256|    0|
    |sub_238ns_238ns_238_2_1_U43                         |sub_238ns_238ns_238_2_1                  |        0|   0|  580|   132|    0|
    +----------------------------------------------------+-----------------------------------------+---------+----+-----+------+-----+
    |Total                                               |                                         |        4|  96| 6287|  5558|    0|
    +----------------------------------------------------+-----------------------------------------+---------+----+-----+------+-----+

    * DSP: 
    N/A

    * Memory: 
    +-----------+-----------------------+---------+---+----+-----+-------+-----+------+-------------+
    |   Memory  |         Module        | BRAM_18K| FF| LUT| URAM| Words | Bits| Banks| W*Bits*Banks|
    +-----------+-----------------------+---------+---+----+-----+-------+-----+------+-------------+
    |col_idx_U  |col_idx_RAM_AUTO_1R1W  |       22|  0|   0|    0|  32768|   11|     1|       360448|
    |degree_U   |degree_RAM_AUTO_1R1W   |        1|  0|   0|    0|   2048|    8|     1|        16384|
    |row_ptr_U  |row_ptr_RAM_AUTO_1R1W  |        8|  0|   0|    0|   2049|   32|     1|        65568|
    |u_a_U      |u_a_RAM_AUTO_1R1W      |        4|  0|   0|    0|   2048|   32|     1|        65536|
    |v_a_U      |u_a_RAM_AUTO_1R1W      |        4|  0|   0|    0|   2048|   32|     1|        65536|
    |u_b_U      |u_a_RAM_AUTO_1R1W      |        4|  0|   0|    0|   2048|   32|     1|        65536|
    |v_b_U      |u_a_RAM_AUTO_1R1W      |        4|  0|   0|    0|   2048|   32|     1|        65536|
    +-----------+-----------------------+---------+---+----+-----+-------+-----+------+-------------+
    |Total      |                       |       47|  0|   0|    0|  45057|  179|     7|       704544|
    +-----------+-----------------------+---------+---+----+-----+-------+-----+------+-------------+

    * FIFO: 
    N/A

    * Expression: 
    +----------------------------------+----------+----+---+-----+------------+------------+
    |           Variable Name          | Operation| DSP| FF| LUT | Bitwidth P0| Bitwidth P1|
    +----------------------------------+----------+----+---+-----+------------+------------+
    |add_ln164_fu_833_p2               |         +|   0|  0|   39|          32|           1|
    |add_ln232_fu_879_p2               |         +|   0|  0|   38|          31|           1|
    |add_ln243_fu_926_p2               |         +|   0|  0|   38|          31|           1|
    |add_ln272_fu_1736_p2              |         +|   0|  0|   94|          94|          94|
    |add_ln284_fu_1791_p2              |         +|   0|  0|   56|          56|          56|
    |add_ln285_fu_1804_p2              |         +|   0|  0|   56|          56|          56|
    |add_ln289_fu_1749_p2              |         +|   0|  0|   63|          56|          56|
    |add_ln56_1_fu_1396_p2             |         +|   0|  0|   32|          25|          25|
    |add_ln56_2_fu_1468_p2             |         +|   0|  0|   33|          26|          26|
    |add_ln56_3_fu_1402_p2             |         +|   0|  0|   32|          25|          25|
    |add_ln56_4_fu_1408_p2             |         +|   0|  0|   32|          25|          25|
    |add_ln56_5_fu_1484_p2             |         +|   0|  0|   33|          26|          26|
    |add_ln56_6_fu_1494_p2             |         +|   0|  0|   33|          26|          26|
    |add_ln56_fu_1390_p2               |         +|   0|  0|   32|          25|          25|
    |dv_fu_1666_p2                     |         +|   0|  0|   39|          32|          32|
    |sum_fu_1500_p2                    |         +|   0|  0|   34|          27|          27|
    |sub_ln264_fu_1588_p2              |         -|   0|  0|   71|          64|          64|
    |sub_ln270_2_fu_1673_p2            |         -|   0|  0|  100|           1|          93|
    |sub_ln270_fu_1703_p2              |         -|   0|  0|  101|          94|          94|
    |sub_ln271_fu_1720_p2              |         -|   0|  0|   94|          94|          94|
    |ap_block_state34_on_subcall_done  |       and|   0|  0|    2|           1|           1|
    |icmp_ln164_fu_839_p2              |      icmp|   0|  0|   39|          32|           1|
    |icmp_ln232_fu_874_p2              |      icmp|   0|  0|   39|          32|          32|
    |icmp_ln236_1_fu_921_p2            |      icmp|   0|  0|   39|          32|          32|
    |icmp_ln236_fu_822_p2              |      icmp|   0|  0|   39|          32|           1|
    |ap_block_state36_on_subcall_done  |        or|   0|  0|    2|           1|           1|
    |ap_block_state48_on_subcall_done  |        or|   0|  0|    2|           1|           1|
    |ap_predicate_pred2033_state36     |        or|   0|  0|    2|           1|           1|
    |empty_50_fu_859_p3                |    select|   0|  0|   31|           1|          31|
    |select_ln270_1_fu_1694_p3         |    select|   0|  0|   93|           1|          93|
    |select_ln270_fu_1660_p3           |    select|   0|  0|   92|           1|          92|
    |r_1_fu_1036_p2                    |       xor|   0|  0|   32|          32|          32|
    |r_2_fu_1092_p2                    |       xor|   0|  0|   32|          32|          32|
    |r_3_fu_1148_p2                    |       xor|   0|  0|   32|          32|          32|
    |r_4_fu_1204_p2                    |       xor|   0|  0|   32|          32|          32|
    |r_5_fu_1260_p2                    |       xor|   0|  0|   32|          32|          32|
    |r_6_fu_1316_p2                    |       xor|   0|  0|   32|          32|          32|
    |r_7_fu_1372_p2                    |       xor|   0|  0|   32|          32|          32|
    |r_fu_980_p2                       |       xor|   0|  0|   32|          32|          32|
    |xor_ln148_fu_704_p2               |       xor|   0|  0|   32|          32|          32|
    |xor_ln149_fu_710_p2               |       xor|   0|  0|   32|          32|          30|
    |xor_ln150_fu_716_p2               |       xor|   0|  0|   32|          32|          32|
    |xor_ln151_fu_722_p2               |       xor|   0|  0|   32|          32|          31|
    |xor_ln152_fu_728_p2               |       xor|   0|  0|   32|          32|          31|
    |xor_ln153_fu_734_p2               |       xor|   0|  0|   32|          32|          32|
    |xor_ln154_fu_740_p2               |       xor|   0|  0|   32|          32|          26|
    |xor_ln27_1_fu_1004_p2             |       xor|   0|  0|   32|          32|          32|
    |xor_ln27_2_fu_1060_p2             |       xor|   0|  0|   32|          32|          32|
    |xor_ln27_3_fu_1116_p2             |       xor|   0|  0|   32|          32|          32|
    |xor_ln27_4_fu_1172_p2             |       xor|   0|  0|   32|          32|          32|
    |xor_ln27_5_fu_1228_p2             |       xor|   0|  0|   32|          32|          32|
    |xor_ln27_6_fu_1284_p2             |       xor|   0|  0|   32|          32|          32|
    |xor_ln27_7_fu_1340_p2             |       xor|   0|  0|   32|          32|          32|
    |xor_ln27_fu_948_p2                |       xor|   0|  0|   32|          32|          32|
    |xor_ln28_1_fu_1024_p2             |       xor|   0|  0|   32|          32|          32|
    |xor_ln28_2_fu_1080_p2             |       xor|   0|  0|   32|          32|          32|
    |xor_ln28_3_fu_1136_p2             |       xor|   0|  0|   32|          32|          32|
    |xor_ln28_4_fu_1192_p2             |       xor|   0|  0|   32|          32|          32|
    |xor_ln28_5_fu_1248_p2             |       xor|   0|  0|   32|          32|          32|
    |xor_ln28_6_fu_1304_p2             |       xor|   0|  0|   32|          32|          32|
    |xor_ln28_7_fu_1360_p2             |       xor|   0|  0|   32|          32|          32|
    |xor_ln28_fu_968_p2                |       xor|   0|  0|   32|          32|          32|
    |xor_ln59_fu_1514_p2               |       xor|   0|  0|    2|           1|           2|
    +----------------------------------+----------+----+---+-----+------------+------------+
    |Total                             |          |   0|  0| 2424|        1974|        2117|
    +----------------------------------+----------+----+---+-----+------------+------------+

    * Multiplexer: 
    +--------------------------------------------------------------------------------+-----+-----------+-----+-----------+
    |                                      Name                                      | LUT | Input Size| Bits| Total Bits|
    +--------------------------------------------------------------------------------+-----+-----------+-----+-----------+
    |accelerator_net_unsigned_int_unsigned_short_ap_fixed_ap_fixed_int_int_int_in    |    9|          2|   32|         64|
    |accelerator_net_unsigned_int_unsigned_short_ap_fixed_ap_fixed_int_int_int_in_1  |    9|          2|   32|         64|
    |accelerator_net_unsigned_int_unsigned_short_ap_fixed_ap_fixed_int_int_int_in_2  |    9|          2|   32|         64|
    |accelerator_net_unsigned_int_unsigned_short_ap_fixed_ap_fixed_int_int_int_in_3  |    9|          2|   32|         64|
    |accelerator_net_unsigned_int_unsigned_short_ap_fixed_ap_fixed_int_int_int_in_4  |    9|          2|   32|         64|
    |accelerator_net_unsigned_int_unsigned_short_ap_fixed_ap_fixed_int_int_int_in_5  |    9|          2|   32|         64|
    |accelerator_net_unsigned_int_unsigned_short_ap_fixed_ap_fixed_int_int_int_in_6  |    9|          2|   32|         64|
    |accelerator_net_unsigned_int_unsigned_short_ap_fixed_ap_fixed_int_int_int_in_7  |    9|          2|   32|         64|
    |ap_NS_fsm                                                                       |  213|         49|    1|         49|
    |col_idx_address0                                                                |   14|          3|   15|         45|
    |col_idx_ce0                                                                     |   14|          3|    1|          3|
    |col_idx_we0                                                                     |    9|          2|    1|          2|
    |degree_address0                                                                 |    9|          2|   11|         22|
    |degree_ce0                                                                      |    9|          2|    1|          2|
    |degree_we0                                                                      |    9|          2|    1|          2|
    |gmem0_0_ARADDR                                                                  |   20|          4|   64|        256|
    |gmem0_0_ARLEN                                                                   |   20|          4|   32|        128|
    |gmem0_0_ARVALID                                                                 |   20|          4|    1|          4|
    |gmem0_0_RREADY                                                                  |   14|          3|    1|          3|
    |gmem0_blk_n_AR                                                                  |    9|          2|    1|          2|
    |gmem1_0_ARVALID                                                                 |    9|          2|    1|          2|
    |gmem1_0_AWVALID                                                                 |    9|          2|    1|          2|
    |gmem1_0_BREADY                                                                  |    9|          2|    1|          2|
    |gmem1_0_RREADY                                                                  |    9|          2|    1|          2|
    |gmem1_0_WVALID                                                                  |    9|          2|    1|          2|
    |grp_fu_633_p0                                                                   |   14|          3|   32|         96|
    |n_reg_460                                                                       |    9|          2|   31|         62|
    |row_ptr_address0                                                                |   14|          3|   12|         36|
    |row_ptr_address1                                                                |    9|          2|   12|         24|
    |row_ptr_ce0                                                                     |   14|          3|    1|          3|
    |row_ptr_ce1                                                                     |    9|          2|    1|          2|
    |row_ptr_we0                                                                     |    9|          2|    1|          2|
    |step_fu_270                                                                     |    9|          2|   31|         62|
    |u_a_address0                                                                    |   25|          5|   11|         55|
    |u_a_ce0                                                                         |   25|          5|    1|          5|
    |u_a_d0                                                                          |   14|          3|   32|         96|
    |u_a_we0                                                                         |   14|          3|    1|          3|
    |u_b_address0                                                                    |    9|          2|   11|         22|
    |u_b_ce0                                                                         |    9|          2|    1|          2|
    |v_a_address0                                                                    |   20|          4|   11|         44|
    |v_a_ce0                                                                         |   20|          4|    1|          4|
    |v_a_d0                                                                          |   14|          3|   32|         96|
    |v_a_we0                                                                         |   14|          3|    1|          3|
    |v_b_address0                                                                    |    9|          2|   11|         22|
    |v_b_ce0                                                                         |    9|          2|    1|          2|
    |xor_i_i_i_i35_reg_534                                                           |    9|          2|   32|         64|
    |xor_i_i_i_i_137_reg_525                                                         |    9|          2|   32|         64|
    |xor_i_i_i_i_239_reg_516                                                         |    9|          2|   32|         64|
    |xor_i_i_i_i_341_reg_507                                                         |    9|          2|   32|         64|
    |xor_i_i_i_i_443_reg_498                                                         |    9|          2|   32|         64|
    |xor_i_i_i_i_545_reg_489                                                         |    9|          2|   32|         64|
    |xor_i_i_i_i_647_reg_480                                                         |    9|          2|   32|         64|
    |xor_i_i_i_i_749_reg_471                                                         |    9|          2|   32|         64|
    +--------------------------------------------------------------------------------+-----+-----------+-----+-----------+
    |Total                                                                           |  818|        179|  882|       2193|
    +--------------------------------------------------------------------------------+-----+-----------+-----+-----------+

    * Register: 
    +--------------------------------------------------------------------------------+-----+----+-----+-----------+
    |                                      Name                                      |  FF | LUT| Bits| Const Bits|
    +--------------------------------------------------------------------------------+-----+----+-----+-----------+
    |a_read_reg_1841                                                                 |   32|   0|   32|          0|
    |accelerator_net_unsigned_int_unsigned_short_ap_fixed_ap_fixed_int_int_int_in    |   32|   0|   32|          0|
    |accelerator_net_unsigned_int_unsigned_short_ap_fixed_ap_fixed_int_int_int_in_1  |   32|   0|   32|          0|
    |accelerator_net_unsigned_int_unsigned_short_ap_fixed_ap_fixed_int_int_int_in_2  |   32|   0|   32|          0|
    |accelerator_net_unsigned_int_unsigned_short_ap_fixed_ap_fixed_int_int_int_in_3  |   32|   0|   32|          0|
    |accelerator_net_unsigned_int_unsigned_short_ap_fixed_ap_fixed_int_int_int_in_4  |   32|   0|   32|          0|
    |accelerator_net_unsigned_int_unsigned_short_ap_fixed_ap_fixed_int_int_int_in_5  |   32|   0|   32|          0|
    |accelerator_net_unsigned_int_unsigned_short_ap_fixed_ap_fixed_int_int_int_in_6  |   32|   0|   32|          0|
    |accelerator_net_unsigned_int_unsigned_short_ap_fixed_ap_fixed_int_int_int_in_7  |   32|   0|   32|          0|
    |add_ln164_reg_1925                                                              |   32|   0|   32|          0|
    |add_ln232_reg_1944                                                              |   31|   0|   31|          0|
    |add_ln243_reg_1976                                                              |   31|   0|   31|          0|
    |add_ln272_reg_2233                                                              |   94|   0|   94|          0|
    |add_ln56_1_reg_2045                                                             |   25|   0|   25|          0|
    |add_ln56_3_reg_2050                                                             |   25|   0|   25|          0|
    |add_ln56_4_reg_2055                                                             |   25|   0|   25|          0|
    |add_ln56_6_reg_2070                                                             |   26|   0|   26|          0|
    |add_ln56_reg_2040                                                               |   25|   0|   25|          0|
    |ap_CS_fsm                                                                       |   48|   0|   48|          0|
    |ap_predicate_pred2033_state36                                                   |    1|   0|    1|          0|
    |ap_predicate_pred301_state36                                                    |    1|   0|    1|          0|
    |ap_predicate_pred304_state36                                                    |    1|   0|    1|          0|
    |col_idx_ddr_read_reg_1878                                                       |   64|   0|   64|          0|
    |command_read_reg_1846                                                           |   32|   0|   32|          0|
    |degree_load_reg_2109                                                            |    8|   0|    8|          0|
    |du_reg_2243                                                                     |   32|   0|   32|          0|
    |dv_reg_2197                                                                     |   32|   0|   32|          0|
    |e_reg_2060                                                                      |   32|   0|   32|          0|
    |edge_count_read_reg_1855                                                        |   32|   0|   32|          0|
    |empty_50_reg_1936                                                               |   31|   0|   31|          0|
    |empty_reg_1883                                                                  |   31|   0|   31|          0|
    |grp_accelerator_net_Pipeline_COMPUTE_DEGREE_fu_615_ap_start_reg                 |    1|   0|    1|          0|
    |grp_accelerator_net_Pipeline_EDGE_LOOP_fu_556_ap_start_reg                      |    1|   0|    1|          0|
    |grp_accelerator_net_Pipeline_LOAD_COL_IDX_fu_605_ap_start_reg                   |    1|   0|    1|          0|
    |grp_accelerator_net_Pipeline_LOAD_ROW_PTR_fu_595_ap_start_reg                   |    1|   0|    1|          0|
    |grp_accelerator_net_Pipeline_LOAD_STATE_fu_582_ap_start_reg                     |    1|   0|    1|          0|
    |grp_accelerator_net_Pipeline_STORE_STATE_fu_569_ap_start_reg                    |    1|   0|    1|          0|
    |grp_accelerator_net_Pipeline_SWAP_fu_543_ap_start_reg                           |    1|   0|    1|          0|
    |icmp_ln236_reg_1921                                                             |    1|   0|    1|          0|
    |mul_ln264_reg_2131                                                              |   64|   0|   64|          0|
    |mul_ln270_1_reg_2161                                                            |   94|   0|   94|          0|
    |mul_ln270_2_reg_2182                                                            |  238|   0|  238|          0|
    |mul_ln270_reg_2136                                                              |   64|   0|   64|          0|
    |n_reg_460                                                                       |   31|   0|   31|          0|
    |neuron_count_read_reg_1860                                                      |   32|   0|   32|          0|
    |r_1_reg_2005                                                                    |   32|   0|   32|          0|
    |r_2_reg_2010                                                                    |   32|   0|   32|          0|
    |r_3_reg_2015                                                                    |   32|   0|   32|          0|
    |r_4_reg_2020                                                                    |   32|   0|   32|          0|
    |r_5_reg_2025                                                                    |   32|   0|   32|          0|
    |r_6_reg_2030                                                                    |   32|   0|   32|          0|
    |r_7_reg_2035                                                                    |   32|   0|   32|          0|
    |r_reg_2000                                                                      |   32|   0|   32|          0|
    |reg_684                                                                         |   56|   0|   56|          0|
    |reg_688                                                                         |   62|   0|   62|          0|
    |reg_694                                                                         |   62|   0|   62|          0|
    |row_ptr_load_reg_2065                                                           |   32|   0|   32|          0|
    |select_ln270_reg_2192                                                           |   92|   0|   92|          0|
    |sext_ln236_reg_1916                                                             |   56|   0|   56|          0|
    |sext_ln273_reg_1901                                                             |   80|   0|   80|          0|
    |sext_ln280_reg_1906                                                             |  104|   0|  104|          0|
    |sext_ln284_reg_1911                                                             |   56|   0|   56|          0|
    |step_fu_270                                                                     |   31|   0|   31|          0|
    |sub_ln264_reg_2141                                                              |   64|   0|   64|          0|
    |sub_ln270_2_reg_2212                                                            |   93|   0|   93|          0|
    |sub_ln270_reg_2228                                                              |   94|   0|   94|          0|
    |timesteps_read_reg_1850                                                         |   32|   0|   32|          0|
    |tmp_4_cast_reg_2187                                                             |   92|   0|   92|          0|
    |tmp_7_reg_2177                                                                  |   32|   0|   32|          0|
    |tmp_reg_2166                                                                    |    1|   0|    1|          0|
    |tmp_s_reg_2114                                                                  |   32|   0|   32|          0|
    |trunc_ln5_reg_2080                                                              |   28|   0|   28|          0|
    |trunc_ln6_reg_2253                                                              |   32|   0|   32|          0|
    |trunc_ln_reg_1930                                                               |   62|   0|   62|          0|
    |u_ddr_read_reg_1873                                                             |   64|   0|   64|          0|
    |u_reg_2100                                                                      |   32|   0|   32|          0|
    |v_ddr_read_reg_1868                                                             |   64|   0|   64|          0|
    |v_reg_2222                                                                      |   32|   0|   32|          0|
    |xor_i_i_i_i35_reg_534                                                           |   32|   0|   32|          0|
    |xor_i_i_i_i_137_reg_525                                                         |   32|   0|   32|          0|
    |xor_i_i_i_i_239_reg_516                                                         |   32|   0|   32|          0|
    |xor_i_i_i_i_341_reg_507                                                         |   32|   0|   32|          0|
    |xor_i_i_i_i_443_reg_498                                                         |   32|   0|   32|          0|
    |xor_i_i_i_i_545_reg_489                                                         |   32|   0|   32|          0|
    |xor_i_i_i_i_647_reg_480                                                         |   32|   0|   32|          0|
    |xor_i_i_i_i_749_reg_471                                                         |   32|   0|   32|          0|
    |xor_ln59_reg_2075                                                               |    1|   0|    1|          0|
    |zext_ln236_reg_1981                                                             |   31|   0|   64|         33|
    |zext_ln270_reg_2207                                                             |   92|   0|   93|          1|
    +--------------------------------------------------------------------------------+-----+----+-----+-----------+
    |Total                                                                           | 3499|   0| 3533|         34|
    +--------------------------------------------------------------------------------+-----+----+-----+-----------+



================================================================
== Interface
================================================================
* Summary: 
+-----------------------+-----+-----+------------+-----------------+--------------+
|       RTL Ports       | Dir | Bits|  Protocol  |  Source Object  |    C Type    |
+-----------------------+-----+-----+------------+-----------------+--------------+
|s_axi_control_AWVALID  |   in|    1|       s_axi|          control|        scalar|
|s_axi_control_AWREADY  |  out|    1|       s_axi|          control|        scalar|
|s_axi_control_AWADDR   |   in|    8|       s_axi|          control|        scalar|
|s_axi_control_WVALID   |   in|    1|       s_axi|          control|        scalar|
|s_axi_control_WREADY   |  out|    1|       s_axi|          control|        scalar|
|s_axi_control_WDATA    |   in|   32|       s_axi|          control|        scalar|
|s_axi_control_WSTRB    |   in|    4|       s_axi|          control|        scalar|
|s_axi_control_ARVALID  |   in|    1|       s_axi|          control|        scalar|
|s_axi_control_ARREADY  |  out|    1|       s_axi|          control|        scalar|
|s_axi_control_ARADDR   |   in|    8|       s_axi|          control|        scalar|
|s_axi_control_RVALID   |  out|    1|       s_axi|          control|        scalar|
|s_axi_control_RREADY   |   in|    1|       s_axi|          control|        scalar|
|s_axi_control_RDATA    |  out|   32|       s_axi|          control|        scalar|
|s_axi_control_RRESP    |  out|    2|       s_axi|          control|        scalar|
|s_axi_control_BVALID   |  out|    1|       s_axi|          control|        scalar|
|s_axi_control_BREADY   |   in|    1|       s_axi|          control|        scalar|
|s_axi_control_BRESP    |  out|    2|       s_axi|          control|        scalar|
|ap_clk                 |   in|    1|  ap_ctrl_hs|  accelerator_net|  return value|
|ap_rst_n               |   in|    1|  ap_ctrl_hs|  accelerator_net|  return value|
|interrupt              |  out|    1|  ap_ctrl_hs|  accelerator_net|  return value|
|m_axi_gmem0_AWVALID    |  out|    1|       m_axi|            gmem0|       pointer|
|m_axi_gmem0_AWREADY    |   in|    1|       m_axi|            gmem0|       pointer|
|m_axi_gmem0_AWADDR     |  out|   64|       m_axi|            gmem0|       pointer|
|m_axi_gmem0_AWID       |  out|    1|       m_axi|            gmem0|       pointer|
|m_axi_gmem0_AWLEN      |  out|    8|       m_axi|            gmem0|       pointer|
|m_axi_gmem0_AWSIZE     |  out|    3|       m_axi|            gmem0|       pointer|
|m_axi_gmem0_AWBURST    |  out|    2|       m_axi|            gmem0|       pointer|
|m_axi_gmem0_AWLOCK     |  out|    2|       m_axi|            gmem0|       pointer|
|m_axi_gmem0_AWCACHE    |  out|    4|       m_axi|            gmem0|       pointer|
|m_axi_gmem0_AWPROT     |  out|    3|       m_axi|            gmem0|       pointer|
|m_axi_gmem0_AWQOS      |  out|    4|       m_axi|            gmem0|       pointer|
|m_axi_gmem0_AWREGION   |  out|    4|       m_axi|            gmem0|       pointer|
|m_axi_gmem0_AWUSER     |  out|    1|       m_axi|            gmem0|       pointer|
|m_axi_gmem0_WVALID     |  out|    1|       m_axi|            gmem0|       pointer|
|m_axi_gmem0_WREADY     |   in|    1|       m_axi|            gmem0|       pointer|
|m_axi_gmem0_WDATA      |  out|   32|       m_axi|            gmem0|       pointer|
|m_axi_gmem0_WSTRB      |  out|    4|       m_axi|            gmem0|       pointer|
|m_axi_gmem0_WLAST      |  out|    1|       m_axi|            gmem0|       pointer|
|m_axi_gmem0_WID        |  out|    1|       m_axi|            gmem0|       pointer|
|m_axi_gmem0_WUSER      |  out|    1|       m_axi|            gmem0|       pointer|
|m_axi_gmem0_ARVALID    |  out|    1|       m_axi|            gmem0|       pointer|
|m_axi_gmem0_ARREADY    |   in|    1|       m_axi|            gmem0|       pointer|
|m_axi_gmem0_ARADDR     |  out|   64|       m_axi|            gmem0|       pointer|
|m_axi_gmem0_ARID       |  out|    1|       m_axi|            gmem0|       pointer|
|m_axi_gmem0_ARLEN      |  out|    8|       m_axi|            gmem0|       pointer|
|m_axi_gmem0_ARSIZE     |  out|    3|       m_axi|            gmem0|       pointer|
|m_axi_gmem0_ARBURST    |  out|    2|       m_axi|            gmem0|       pointer|
|m_axi_gmem0_ARLOCK     |  out|    2|       m_axi|            gmem0|       pointer|
|m_axi_gmem0_ARCACHE    |  out|    4|       m_axi|            gmem0|       pointer|
|m_axi_gmem0_ARPROT     |  out|    3|       m_axi|            gmem0|       pointer|
|m_axi_gmem0_ARQOS      |  out|    4|       m_axi|            gmem0|       pointer|
|m_axi_gmem0_ARREGION   |  out|    4|       m_axi|            gmem0|       pointer|
|m_axi_gmem0_ARUSER     |  out|    1|       m_axi|            gmem0|       pointer|
|m_axi_gmem0_RVALID     |   in|    1|       m_axi|            gmem0|       pointer|
|m_axi_gmem0_RREADY     |  out|    1|       m_axi|            gmem0|       pointer|
|m_axi_gmem0_RDATA      |   in|   32|       m_axi|            gmem0|       pointer|
|m_axi_gmem0_RLAST      |   in|    1|       m_axi|            gmem0|       pointer|
|m_axi_gmem0_RID        |   in|    1|       m_axi|            gmem0|       pointer|
|m_axi_gmem0_RUSER      |   in|    1|       m_axi|            gmem0|       pointer|
|m_axi_gmem0_RRESP      |   in|    2|       m_axi|            gmem0|       pointer|
|m_axi_gmem0_BVALID     |   in|    1|       m_axi|            gmem0|       pointer|
|m_axi_gmem0_BREADY     |  out|    1|       m_axi|            gmem0|       pointer|
|m_axi_gmem0_BRESP      |   in|    2|       m_axi|            gmem0|       pointer|
|m_axi_gmem0_BID        |   in|    1|       m_axi|            gmem0|       pointer|
|m_axi_gmem0_BUSER      |   in|    1|       m_axi|            gmem0|       pointer|
|m_axi_gmem1_AWVALID    |  out|    1|       m_axi|            gmem1|       pointer|
|m_axi_gmem1_AWREADY    |   in|    1|       m_axi|            gmem1|       pointer|
|m_axi_gmem1_AWADDR     |  out|   64|       m_axi|            gmem1|       pointer|
|m_axi_gmem1_AWID       |  out|    1|       m_axi|            gmem1|       pointer|
|m_axi_gmem1_AWLEN      |  out|    8|       m_axi|            gmem1|       pointer|
|m_axi_gmem1_AWSIZE     |  out|    3|       m_axi|            gmem1|       pointer|
|m_axi_gmem1_AWBURST    |  out|    2|       m_axi|            gmem1|       pointer|
|m_axi_gmem1_AWLOCK     |  out|    2|       m_axi|            gmem1|       pointer|
|m_axi_gmem1_AWCACHE    |  out|    4|       m_axi|            gmem1|       pointer|
|m_axi_gmem1_AWPROT     |  out|    3|       m_axi|            gmem1|       pointer|
|m_axi_gmem1_AWQOS      |  out|    4|       m_axi|            gmem1|       pointer|
|m_axi_gmem1_AWREGION   |  out|    4|       m_axi|            gmem1|       pointer|
|m_axi_gmem1_AWUSER     |  out|    1|       m_axi|            gmem1|       pointer|
|m_axi_gmem1_WVALID     |  out|    1|       m_axi|            gmem1|       pointer|
|m_axi_gmem1_WREADY     |   in|    1|       m_axi|            gmem1|       pointer|
|m_axi_gmem1_WDATA      |  out|   32|       m_axi|            gmem1|       pointer|
|m_axi_gmem1_WSTRB      |  out|    4|       m_axi|            gmem1|       pointer|
|m_axi_gmem1_WLAST      |  out|    1|       m_axi|            gmem1|       pointer|
|m_axi_gmem1_WID        |  out|    1|       m_axi|            gmem1|       pointer|
|m_axi_gmem1_WUSER      |  out|    1|       m_axi|            gmem1|       pointer|
|m_axi_gmem1_ARVALID    |  out|    1|       m_axi|            gmem1|       pointer|
|m_axi_gmem1_ARREADY    |   in|    1|       m_axi|            gmem1|       pointer|
|m_axi_gmem1_ARADDR     |  out|   64|       m_axi|            gmem1|       pointer|
|m_axi_gmem1_ARID       |  out|    1|       m_axi|            gmem1|       pointer|
|m_axi_gmem1_ARLEN      |  out|    8|       m_axi|            gmem1|       pointer|
|m_axi_gmem1_ARSIZE     |  out|    3|       m_axi|            gmem1|       pointer|
|m_axi_gmem1_ARBURST    |  out|    2|       m_axi|            gmem1|       pointer|
|m_axi_gmem1_ARLOCK     |  out|    2|       m_axi|            gmem1|       pointer|
|m_axi_gmem1_ARCACHE    |  out|    4|       m_axi|            gmem1|       pointer|
|m_axi_gmem1_ARPROT     |  out|    3|       m_axi|            gmem1|       pointer|
|m_axi_gmem1_ARQOS      |  out|    4|       m_axi|            gmem1|       pointer|
|m_axi_gmem1_ARREGION   |  out|    4|       m_axi|            gmem1|       pointer|
|m_axi_gmem1_ARUSER     |  out|    1|       m_axi|            gmem1|       pointer|
|m_axi_gmem1_RVALID     |   in|    1|       m_axi|            gmem1|       pointer|
|m_axi_gmem1_RREADY     |  out|    1|       m_axi|            gmem1|       pointer|
|m_axi_gmem1_RDATA      |   in|   32|       m_axi|            gmem1|       pointer|
|m_axi_gmem1_RLAST      |   in|    1|       m_axi|            gmem1|       pointer|
|m_axi_gmem1_RID        |   in|    1|       m_axi|            gmem1|       pointer|
|m_axi_gmem1_RUSER      |   in|    1|       m_axi|            gmem1|       pointer|
|m_axi_gmem1_RRESP      |   in|    2|       m_axi|            gmem1|       pointer|
|m_axi_gmem1_BVALID     |   in|    1|       m_axi|            gmem1|       pointer|
|m_axi_gmem1_BREADY     |  out|    1|       m_axi|            gmem1|       pointer|
|m_axi_gmem1_BRESP      |   in|    2|       m_axi|            gmem1|       pointer|
|m_axi_gmem1_BID        |   in|    1|       m_axi|            gmem1|       pointer|
|m_axi_gmem1_BUSER      |   in|    1|       m_axi|            gmem1|       pointer|
+-----------------------+-----+-----+------------+-----------------+--------------+

