

================================================================
== Vitis HLS Report for 'accelerator_net_Pipeline_LOAD_COL_IDX'
================================================================
* Date:           Tue Jun 30 17:54:50 2026

* Version:        2025.2 (Build 6295257 on Nov 14 2025)
* Project:        build
* Solution:       hls (Vivado IP Flow Target)
* Product family: zynq
* Target device:  xc7z020-clg400-1


================================================================
== Performance Estimates
================================================================
+ Timing: 
    * Summary: 
    +--------+----------+----------+------------+
    |  Clock |  Target  | Estimated| Uncertainty|
    +--------+----------+----------+------------+
    |ap_clk  |  10.00 ns|  7.300 ns|     2.70 ns|
    +--------+----------+----------+------------+

+ Latency: 
    * Summary: 
    +---------+---------+----------+----------+-----+-----+-------------------+
    |  Latency (cycles) |  Latency (absolute) |  Interval |      Pipeline     |
    |   min   |   max   |    min   |    max   | min | max |        Type       |
    +---------+---------+----------+----------+-----+-----+-------------------+
    |        ?|        ?|         ?|         ?|    0|    0|  loop pipeline stp|
    +---------+---------+----------+----------+-----+-----+-------------------+

    + Detail: 
        * Instance: 
        N/A

        * Loop: 
        +----------------+---------+---------+----------+-----------+-----------+------+----------+
        |                |  Latency (cycles) | Iteration|  Initiation Interval  | Trip |          |
        |    Loop Name   |   min   |   max   |  Latency |  achieved |   target  | Count| Pipelined|
        +----------------+---------+---------+----------+-----------+-----------+------+----------+
        |- LOAD_COL_IDX  |        ?|        ?|        12|          1|          1|     ?|       yes|
        +----------------+---------+---------+----------+-----------+-----------+------+----------+



================================================================
== Utilization Estimates
================================================================
* Summary: 
+-----------------+---------+-----+--------+-------+-----+
|       Name      | BRAM_18K| DSP |   FF   |  LUT  | URAM|
+-----------------+---------+-----+--------+-------+-----+
|DSP              |        -|    -|       -|      -|    -|
|Expression       |        -|    -|       0|    241|    -|
|FIFO             |        -|    -|       -|      -|    -|
|Instance         |        -|    -|       -|      -|    -|
|Memory           |        -|    -|       -|      -|    -|
|Multiplexer      |        -|    -|       0|     54|    -|
|Register         |        -|    -|     295|     64|    -|
+-----------------+---------+-----+--------+-------+-----+
|Total            |        0|    0|     295|    359|    0|
+-----------------+---------+-----+--------+-------+-----+
|Available        |      280|  220|  106400|  53200|    0|
+-----------------+---------+-----+--------+-------+-----+
|Utilization (%)  |        0|    0|      ~0|     ~0|    0|
+-----------------+---------+-----+--------+-------+-----+

+ Detail: 
    * Instance: 
    N/A

    * DSP: 
    N/A

    * Memory: 
    N/A

    * FIFO: 
    N/A

    * Expression: 
    +--------------------------------+----------+----+---+-----+------------+------------+
    |          Variable Name         | Operation| DSP| FF| LUT | Bitwidth P0| Bitwidth P1|
    +--------------------------------+----------+----+---+-----+------------+------------+
    |add_ln171_fu_121_p2             |         +|   0|  0|   23|          16|           1|
    |add_ln174_fu_137_p2             |         +|   0|  0|   71|          64|          64|
    |ap_block_pp0_stage0_11001_grp1  |       and|   0|  0|    2|           1|           1|
    |ap_block_pp0_stage0_11001_grp2  |       and|   0|  0|    2|           1|           1|
    |icmp_ln171_fu_115_p2            |      icmp|   0|  0|   39|          32|          32|
    |lshr_ln174_fu_183_p2            |      lshr|   0|  0|  100|          32|          32|
    |ap_block_pp0_stage0_11001       |        or|   0|  0|    2|           1|           1|
    |ap_enable_pp0                   |       xor|   0|  0|    2|           1|           2|
    +--------------------------------+----------+----+---+-----+------------+------------+
    |Total                           |          |   0|  0|  241|         148|         134|
    +--------------------------------+----------+----+---+-----+------------+------------+

    * Multiplexer: 
    +-------------------------+----+-----------+-----+-----------+
    |           Name          | LUT| Input Size| Bits| Total Bits|
    +-------------------------+----+-----------+-----+-----------+
    |ap_done_int              |   9|          2|    1|          2|
    |ap_enable_reg_pp0_iter1  |   9|          2|    1|          2|
    |ap_sig_allocacmp_i       |   9|          2|   16|         32|
    |gmem0_blk_n_AR           |   9|          2|    1|          2|
    |gmem0_blk_n_R            |   9|          2|    1|          2|
    |i_3_fu_62                |   9|          2|   16|         32|
    +-------------------------+----+-----------+-----+-----------+
    |Total                    |  54|         12|   36|         72|
    +-------------------------+----+-----------+-----+-----------+

    * Register: 
    +-------------------------------------------+----+----+-----+-----------+
    |                    Name                   | FF | LUT| Bits| Const Bits|
    +-------------------------------------------+----+----+-----+-----------+
    |ap_CS_fsm                                  |   1|   0|    1|          0|
    |ap_block_pp0_stage0_subdone_grp0_done_reg  |   1|   0|    1|          0|
    |ap_block_pp0_stage0_subdone_grp1_done_reg  |   1|   0|    1|          0|
    |ap_block_pp0_stage0_subdone_grp2_done_reg  |   1|   0|    1|          0|
    |ap_done_reg                                |   1|   0|    1|          0|
    |ap_enable_reg_pp0_iter1                    |   1|   0|    1|          0|
    |ap_enable_reg_pp0_iter10                   |   1|   0|    1|          0|
    |ap_enable_reg_pp0_iter11                   |   1|   0|    1|          0|
    |ap_enable_reg_pp0_iter2                    |   1|   0|    1|          0|
    |ap_enable_reg_pp0_iter3                    |   1|   0|    1|          0|
    |ap_enable_reg_pp0_iter4                    |   1|   0|    1|          0|
    |ap_enable_reg_pp0_iter5                    |   1|   0|    1|          0|
    |ap_enable_reg_pp0_iter6                    |   1|   0|    1|          0|
    |ap_enable_reg_pp0_iter7                    |   1|   0|    1|          0|
    |ap_enable_reg_pp0_iter8                    |   1|   0|    1|          0|
    |ap_enable_reg_pp0_iter9                    |   1|   0|    1|          0|
    |ap_loop_exit_ready_pp0_iter10_reg          |   1|   0|    1|          0|
    |ap_loop_exit_ready_pp0_iter1_reg           |   1|   0|    1|          0|
    |ap_loop_exit_ready_pp0_iter2_reg           |   1|   0|    1|          0|
    |ap_loop_exit_ready_pp0_iter3_reg           |   1|   0|    1|          0|
    |ap_loop_exit_ready_pp0_iter4_reg           |   1|   0|    1|          0|
    |ap_loop_exit_ready_pp0_iter5_reg           |   1|   0|    1|          0|
    |ap_loop_exit_ready_pp0_iter6_reg           |   1|   0|    1|          0|
    |ap_loop_exit_ready_pp0_iter7_reg           |   1|   0|    1|          0|
    |ap_loop_exit_ready_pp0_iter8_reg           |   1|   0|    1|          0|
    |ap_loop_exit_ready_pp0_iter9_reg           |   1|   0|    1|          0|
    |gmem0_addr_read_reg_223                    |  32|   0|   32|          0|
    |gmem0_addr_reg_212                         |  64|   0|   64|          0|
    |i_3_fu_62                                  |  16|   0|   16|          0|
    |i_reg_203                                  |  16|   0|   16|          0|
    |trunc_ln174_1_reg_228                      |  11|   0|   11|          0|
    |trunc_ln174_reg_218                        |   2|   0|    2|          0|
    |i_reg_203                                  |  64|  32|   16|          0|
    |trunc_ln174_reg_218                        |  64|  32|    2|          0|
    +-------------------------------------------+----+----+-----+-----------+
    |Total                                      | 295|  64|  185|          0|
    +-------------------------------------------+----+----+-----+-----------+



================================================================
== Interface
================================================================
* Summary: 
+------------------------+-----+-----+------------+---------------------------------------+--------------+
|        RTL Ports       | Dir | Bits|  Protocol  |             Source Object             |    C Type    |
+------------------------+-----+-----+------------+---------------------------------------+--------------+
|ap_clk                  |   in|    1|  ap_ctrl_hs|  accelerator_net_Pipeline_LOAD_COL_IDX|  return value|
|ap_rst                  |   in|    1|  ap_ctrl_hs|  accelerator_net_Pipeline_LOAD_COL_IDX|  return value|
|ap_start                |   in|    1|  ap_ctrl_hs|  accelerator_net_Pipeline_LOAD_COL_IDX|  return value|
|ap_done                 |  out|    1|  ap_ctrl_hs|  accelerator_net_Pipeline_LOAD_COL_IDX|  return value|
|ap_idle                 |  out|    1|  ap_ctrl_hs|  accelerator_net_Pipeline_LOAD_COL_IDX|  return value|
|ap_ready                |  out|    1|  ap_ctrl_hs|  accelerator_net_Pipeline_LOAD_COL_IDX|  return value|
|m_axi_gmem0_0_AWVALID   |  out|    1|       m_axi|                                  gmem0|       pointer|
|m_axi_gmem0_0_AWREADY   |   in|    1|       m_axi|                                  gmem0|       pointer|
|m_axi_gmem0_0_AWADDR    |  out|   64|       m_axi|                                  gmem0|       pointer|
|m_axi_gmem0_0_AWID      |  out|    1|       m_axi|                                  gmem0|       pointer|
|m_axi_gmem0_0_AWLEN     |  out|   32|       m_axi|                                  gmem0|       pointer|
|m_axi_gmem0_0_AWSIZE    |  out|    3|       m_axi|                                  gmem0|       pointer|
|m_axi_gmem0_0_AWBURST   |  out|    2|       m_axi|                                  gmem0|       pointer|
|m_axi_gmem0_0_AWLOCK    |  out|    2|       m_axi|                                  gmem0|       pointer|
|m_axi_gmem0_0_AWCACHE   |  out|    4|       m_axi|                                  gmem0|       pointer|
|m_axi_gmem0_0_AWPROT    |  out|    3|       m_axi|                                  gmem0|       pointer|
|m_axi_gmem0_0_AWQOS     |  out|    4|       m_axi|                                  gmem0|       pointer|
|m_axi_gmem0_0_AWREGION  |  out|    4|       m_axi|                                  gmem0|       pointer|
|m_axi_gmem0_0_AWUSER    |  out|    1|       m_axi|                                  gmem0|       pointer|
|m_axi_gmem0_0_WVALID    |  out|    1|       m_axi|                                  gmem0|       pointer|
|m_axi_gmem0_0_WREADY    |   in|    1|       m_axi|                                  gmem0|       pointer|
|m_axi_gmem0_0_WDATA     |  out|   32|       m_axi|                                  gmem0|       pointer|
|m_axi_gmem0_0_WSTRB     |  out|    4|       m_axi|                                  gmem0|       pointer|
|m_axi_gmem0_0_WLAST     |  out|    1|       m_axi|                                  gmem0|       pointer|
|m_axi_gmem0_0_WID       |  out|    1|       m_axi|                                  gmem0|       pointer|
|m_axi_gmem0_0_WUSER     |  out|    1|       m_axi|                                  gmem0|       pointer|
|m_axi_gmem0_0_ARVALID   |  out|    1|       m_axi|                                  gmem0|       pointer|
|m_axi_gmem0_0_ARREADY   |   in|    1|       m_axi|                                  gmem0|       pointer|
|m_axi_gmem0_0_ARADDR    |  out|   64|       m_axi|                                  gmem0|       pointer|
|m_axi_gmem0_0_ARID      |  out|    1|       m_axi|                                  gmem0|       pointer|
|m_axi_gmem0_0_ARLEN     |  out|   32|       m_axi|                                  gmem0|       pointer|
|m_axi_gmem0_0_ARSIZE    |  out|    3|       m_axi|                                  gmem0|       pointer|
|m_axi_gmem0_0_ARBURST   |  out|    2|       m_axi|                                  gmem0|       pointer|
|m_axi_gmem0_0_ARLOCK    |  out|    2|       m_axi|                                  gmem0|       pointer|
|m_axi_gmem0_0_ARCACHE   |  out|    4|       m_axi|                                  gmem0|       pointer|
|m_axi_gmem0_0_ARPROT    |  out|    3|       m_axi|                                  gmem0|       pointer|
|m_axi_gmem0_0_ARQOS     |  out|    4|       m_axi|                                  gmem0|       pointer|
|m_axi_gmem0_0_ARREGION  |  out|    4|       m_axi|                                  gmem0|       pointer|
|m_axi_gmem0_0_ARUSER    |  out|    1|       m_axi|                                  gmem0|       pointer|
|m_axi_gmem0_0_RVALID    |   in|    1|       m_axi|                                  gmem0|       pointer|
|m_axi_gmem0_0_RREADY    |  out|    1|       m_axi|                                  gmem0|       pointer|
|m_axi_gmem0_0_RDATA     |   in|   32|       m_axi|                                  gmem0|       pointer|
|m_axi_gmem0_0_RLAST     |   in|    1|       m_axi|                                  gmem0|       pointer|
|m_axi_gmem0_0_RID       |   in|    1|       m_axi|                                  gmem0|       pointer|
|m_axi_gmem0_0_RFIFONUM  |   in|    9|       m_axi|                                  gmem0|       pointer|
|m_axi_gmem0_0_RUSER     |   in|    1|       m_axi|                                  gmem0|       pointer|
|m_axi_gmem0_0_RRESP     |   in|    2|       m_axi|                                  gmem0|       pointer|
|m_axi_gmem0_0_BVALID    |   in|    1|       m_axi|                                  gmem0|       pointer|
|m_axi_gmem0_0_BREADY    |  out|    1|       m_axi|                                  gmem0|       pointer|
|m_axi_gmem0_0_BRESP     |   in|    2|       m_axi|                                  gmem0|       pointer|
|m_axi_gmem0_0_BID       |   in|    1|       m_axi|                                  gmem0|       pointer|
|m_axi_gmem0_0_BUSER     |   in|    1|       m_axi|                                  gmem0|       pointer|
|edge_count              |   in|   32|     ap_none|                             edge_count|        scalar|
|col_idx_ddr             |   in|   64|     ap_none|                            col_idx_ddr|        scalar|
|col_idx_address0        |  out|   15|   ap_memory|                                col_idx|         array|
|col_idx_ce0             |  out|    1|   ap_memory|                                col_idx|         array|
|col_idx_we0             |  out|    1|   ap_memory|                                col_idx|         array|
|col_idx_d0              |  out|   11|   ap_memory|                                col_idx|         array|
+------------------------+-----+-----+------------+---------------------------------------+--------------+

