

================================================================
== Vitis HLS Report for 'accelerator_net_Pipeline_EDGE_LOOP'
================================================================
* Date:           Tue Jun 30 17:54:48 2026

* Version:        2025.2 (Build 6295257 on Nov 14 2025)
* Project:        build
* Solution:       hls (Vivado IP Flow Target)
* Product family: zynq
* Target device:  xc7z020-clg400-1


================================================================
== Performance Estimates
================================================================
+ Timing: 
    * Summary: 
    +--------+----------+----------+------------+
    |  Clock |  Target  | Estimated| Uncertainty|
    +--------+----------+----------+------------+
    |ap_clk  |  10.00 ns|  6.508 ns|     2.70 ns|
    +--------+----------+----------+------------+

+ Latency: 
    * Summary: 
    +---------+---------+----------+----------+-----+-----+-------------------+
    |  Latency (cycles) |  Latency (absolute) |  Interval |      Pipeline     |
    |   min   |   max   |    min   |    max   | min | max |        Type       |
    +---------+---------+----------+----------+-----+-----+-------------------+
    |        ?|        ?|         ?|         ?|    0|    0|  loop pipeline stp|
    +---------+---------+----------+----------+-----+-----+-------------------+

    + Detail: 
        * Instance: 
        N/A

        * Loop: 
        +-------------+---------+---------+----------+-----------+-----------+------+----------+
        |             |  Latency (cycles) | Iteration|  Initiation Interval  | Trip |          |
        |  Loop Name  |   min   |   max   |  Latency |  achieved |   target  | Count| Pipelined|
        +-------------+---------+---------+----------+-----------+-----------+------+----------+
        |- EDGE_LOOP  |        ?|        ?|         4|          1|          1|     ?|       yes|
        +-------------+---------+---------+----------+-----------+-----------+------+----------+



================================================================
== Utilization Estimates
================================================================
* Summary: 
+-----------------+---------+-----+--------+-------+-----+
|       Name      | BRAM_18K| DSP |   FF   |  LUT  | URAM|
+-----------------+---------+-----+--------+-------+-----+
|DSP              |        -|    -|       -|      -|    -|
|Expression       |        -|    -|       0|    121|    -|
|FIFO             |        -|    -|       -|      -|    -|
|Instance         |        -|    -|       -|      -|    -|
|Memory           |        -|    -|       -|      -|    -|
|Multiplexer      |        -|    -|       0|     45|    -|
|Register         |        -|    -|     108|      -|    -|
+-----------------+---------+-----+--------+-------+-----+
|Total            |        0|    0|     108|    166|    0|
+-----------------+---------+-----+--------+-------+-----+
|Available        |      280|  220|  106400|  53200|    0|
+-----------------+---------+-----+--------+-------+-----+
|Utilization (%)  |        0|    0|      ~0|     ~0|    0|
+-----------------+---------+-----+--------+-------+-----+

+ Detail: 
    * Instance: 
    N/A

    * DSP: 
    N/A

    * Memory: 
    N/A

    * FIFO: 
    N/A

    * Expression: 
    +----------------------+----------+----+---+----+------------+------------+
    |     Variable Name    | Operation| DSP| FF| LUT| Bitwidth P0| Bitwidth P1|
    +----------------------+----------+----+---+----+------------+------------+
    |add_ln244_fu_116_p2   |         +|   0|  0|  41|          34|           1|
    |inflow_1_fu_135_p2    |         +|   0|  0|  39|          32|          32|
    |icmp_ln243_fu_106_p2  |      icmp|   0|  0|  39|          32|          32|
    |ap_enable_pp0         |       xor|   0|  0|   2|           1|           2|
    +----------------------+----------+----+---+----+------------+------------+
    |Total                 |          |   0|  0| 121|          99|          67|
    +----------------------+----------+----+---+----+------------+------------+

    * Multiplexer: 
    +-------------------------+----+-----------+-----+-----------+
    |           Name          | LUT| Input Size| Bits| Total Bits|
    +-------------------------+----+-----------+-----+-----------+
    |ap_done_int              |   9|          2|    1|          2|
    |ap_enable_reg_pp0_iter1  |   9|          2|    1|          2|
    |ap_enable_reg_pp0_iter2  |   9|          2|    1|          2|
    |e_fu_36                  |   9|          2|   34|         68|
    |inflow_fu_32             |   9|          2|   32|         64|
    +-------------------------+----+-----------+-----+-----------+
    |Total                    |  45|         10|   69|        138|
    +-------------------------+----+-----------+-----+-----------+

    * Register: 
    +----------------------------------+----+----+-----+-----------+
    |               Name               | FF | LUT| Bits| Const Bits|
    +----------------------------------+----+----+-----+-----------+
    |ap_CS_fsm                         |   1|   0|    1|          0|
    |ap_done_reg                       |   1|   0|    1|          0|
    |ap_enable_reg_pp0_iter1           |   1|   0|    1|          0|
    |ap_enable_reg_pp0_iter2           |   1|   0|    1|          0|
    |ap_enable_reg_pp0_iter3           |   1|   0|    1|          0|
    |ap_enable_reg_pp0_iter4           |   1|   0|    1|          0|
    |ap_loop_exit_ready_pp0_iter2_reg  |   1|   0|    1|          0|
    |ap_loop_exit_ready_pp0_iter3_reg  |   1|   0|    1|          0|
    |e_fu_36                           |  34|   0|   34|          0|
    |icmp_ln243_reg_169                |   1|   0|    1|          0|
    |icmp_ln243_reg_169_pp0_iter2_reg  |   1|   0|    1|          0|
    |inflow_fu_32                      |  32|   0|   32|          0|
    |u_a_load_reg_183                  |  32|   0|   32|          0|
    +----------------------------------+----+----+-----+-----------+
    |Total                             | 108|   0|  108|          0|
    +----------------------------------+----+----+-----+-----------+



================================================================
== Interface
================================================================
* Summary: 
+-------------------+-----+-----+------------+------------------------------------+--------------+
|     RTL Ports     | Dir | Bits|  Protocol  |            Source Object           |    C Type    |
+-------------------+-----+-----+------------+------------------------------------+--------------+
|ap_clk             |   in|    1|  ap_ctrl_hs|  accelerator_net_Pipeline_EDGE_LOOP|  return value|
|ap_rst             |   in|    1|  ap_ctrl_hs|  accelerator_net_Pipeline_EDGE_LOOP|  return value|
|ap_start           |   in|    1|  ap_ctrl_hs|  accelerator_net_Pipeline_EDGE_LOOP|  return value|
|ap_done            |  out|    1|  ap_ctrl_hs|  accelerator_net_Pipeline_EDGE_LOOP|  return value|
|ap_idle            |  out|    1|  ap_ctrl_hs|  accelerator_net_Pipeline_EDGE_LOOP|  return value|
|ap_ready           |  out|    1|  ap_ctrl_hs|  accelerator_net_Pipeline_EDGE_LOOP|  return value|
|sext_ln241         |   in|   32|     ap_none|                          sext_ln241|        scalar|
|row_ptr_load       |   in|   32|     ap_none|                        row_ptr_load|        scalar|
|inflow_out         |  out|   32|      ap_vld|                          inflow_out|       pointer|
|inflow_out_ap_vld  |  out|    1|      ap_vld|                          inflow_out|       pointer|
|col_idx_address0   |  out|   15|   ap_memory|                             col_idx|         array|
|col_idx_ce0        |  out|    1|   ap_memory|                             col_idx|         array|
|col_idx_q0         |   in|   11|   ap_memory|                             col_idx|         array|
|u_a_address0       |  out|   11|   ap_memory|                                 u_a|         array|
|u_a_ce0            |  out|    1|   ap_memory|                                 u_a|         array|
|u_a_q0             |   in|   32|   ap_memory|                                 u_a|         array|
+-------------------+-----+-----+------------+------------------------------------+--------------+

