

================================================================
== Vitis HLS Report for 'accelerator_net_Pipeline_STORE_STATE'
================================================================
* Date:           Tue Jun 30 17:54:49 2026

* Version:        2025.2 (Build 6295257 on Nov 14 2025)
* Project:        build
* Solution:       hls (Vivado IP Flow Target)
* Product family: zynq
* Target device:  xc7z020-clg400-1


================================================================
== Performance Estimates
================================================================
+ Timing: 
    * Summary: 
    +--------+----------+----------+------------+
    |  Clock |  Target  | Estimated| Uncertainty|
    +--------+----------+----------+------------+
    |ap_clk  |  10.00 ns|  7.300 ns|     2.70 ns|
    +--------+----------+----------+------------+

+ Latency: 
    * Summary: 
    +---------+---------+----------+----------+-----+-----+-------------------+
    |  Latency (cycles) |  Latency (absolute) |  Interval |      Pipeline     |
    |   min   |   max   |    min   |    max   | min | max |        Type       |
    +---------+---------+----------+----------+-----+-----+-------------------+
    |        ?|        ?|         ?|         ?|    0|    0|  loop pipeline stp|
    +---------+---------+----------+----------+-----+-----+-------------------+

    + Detail: 
        * Instance: 
        N/A

        * Loop: 
        +---------------+---------+---------+----------+-----------+-----------+------+----------+
        |               |  Latency (cycles) | Iteration|  Initiation Interval  | Trip |          |
        |   Loop Name   |   min   |   max   |  Latency |  achieved |   target  | Count| Pipelined|
        +---------------+---------+---------+----------+-----------+-----------+------+----------+
        |- STORE_STATE  |        ?|        ?|         9|          2|          1|     ?|       yes|
        +---------------+---------+---------+----------+-----------+-----------+------+----------+



================================================================
== Utilization Estimates
================================================================
* Summary: 
+-----------------+---------+-----+--------+-------+-----+
|       Name      | BRAM_18K| DSP |   FF   |  LUT  | URAM|
+-----------------+---------+-----+--------+-------+-----+
|DSP              |        -|    -|       -|      -|    -|
|Expression       |        -|    -|       0|    241|    -|
|FIFO             |        -|    -|       -|      -|    -|
|Instance         |        -|    -|       -|      -|    -|
|Memory           |        -|    -|       -|      -|    -|
|Multiplexer      |        -|    -|       0|    150|    -|
|Register         |        -|    -|     306|     32|    -|
+-----------------+---------+-----+--------+-------+-----+
|Total            |        0|    0|     306|    423|    0|
+-----------------+---------+-----+--------+-------+-----+
|Available        |      280|  220|  106400|  53200|    0|
+-----------------+---------+-----+--------+-------+-----+
|Utilization (%)  |        0|    0|      ~0|     ~0|    0|
+-----------------+---------+-----+--------+-------+-----+

+ Detail: 
    * Instance: 
    N/A

    * DSP: 
    N/A

    * Memory: 
    N/A

    * FIFO: 
    N/A

    * Expression: 
    +--------------------------------+----------+----+---+----+------------+------------+
    |          Variable Name         | Operation| DSP| FF| LUT| Bitwidth P0| Bitwidth P1|
    +--------------------------------+----------+----+---+----+------------+------------+
    |add_ln214_fu_154_p2             |         +|   0|  0|  38|          31|           1|
    |add_ln218_fu_170_p2             |         +|   0|  0|  70|          63|          63|
    |add_ln219_fu_186_p2             |         +|   0|  0|  70|          63|          63|
    |ap_block_pp0_stage0_11001_grp2  |       and|   0|  0|   2|           1|           1|
    |ap_block_pp0_stage0_11001_grp3  |       and|   0|  0|   2|           1|           1|
    |ap_block_pp0_stage0_11001_grp6  |       and|   0|  0|   2|           1|           1|
    |ap_block_pp0_stage1_11001_grp1  |       and|   0|  0|   2|           1|           1|
    |ap_block_pp0_stage1_11001_grp4  |       and|   0|  0|   2|           1|           1|
    |ap_block_pp0_stage1_11001_grp5  |       and|   0|  0|   2|           1|           1|
    |ap_block_state2_io_grp1         |       and|   0|  0|   2|           1|           1|
    |ap_condition_470                |       and|   0|  0|   2|           1|           1|
    |ap_condition_474                |       and|   0|  0|   2|           1|           1|
    |icmp_ln214_fu_148_p2            |      icmp|   0|  0|  39|          32|          32|
    |ap_block_pp0_stage0_11001       |        or|   0|  0|   2|           1|           1|
    |ap_block_pp0_stage1_11001       |        or|   0|  0|   2|           1|           1|
    |ap_enable_pp0                   |       xor|   0|  0|   2|           1|           2|
    +--------------------------------+----------+----+---+----+------------+------------+
    |Total                           |          |   0|  0| 241|         201|         172|
    +--------------------------------+----------+----+---+----+------------+------------+

    * Multiplexer: 
    +----------------------------------+----+-----------+-----+-----------+
    |               Name               | LUT| Input Size| Bits| Total Bits|
    +----------------------------------+----+-----------+-----+-----------+
    |ap_NS_fsm                         |  14|          3|    1|          3|
    |ap_done_int                       |   9|          2|    1|          2|
    |ap_enable_reg_pp0_iter0           |   9|          2|    1|          2|
    |ap_enable_reg_pp0_iter1           |   9|          2|    1|          2|
    |ap_enable_reg_pp0_iter4           |   9|          2|    1|          2|
    |ap_loop_exit_ready_pp0_iter1_reg  |   9|          2|    1|          2|
    |ap_loop_exit_ready_pp0_iter2_reg  |   9|          2|    1|          2|
    |ap_loop_exit_ready_pp0_iter3_reg  |   9|          2|    1|          2|
    |ap_sig_allocacmp_i_2              |   9|          2|   31|         62|
    |gmem1_blk_n_AW                    |   9|          2|    1|          2|
    |gmem1_blk_n_B                     |   9|          2|    1|          2|
    |gmem1_blk_n_W                     |   9|          2|    1|          2|
    |i_fu_60                           |   9|          2|   31|         62|
    |m_axi_gmem1_0_AWADDR              |  14|          3|   64|        192|
    |m_axi_gmem1_0_WDATA               |  14|          3|   32|         96|
    +----------------------------------+----+-----------+-----+-----------+
    |Total                             | 150|         33|  169|        435|
    +----------------------------------+----+-----------+-----+-----------+

    * Register: 
    +-------------------------------------------+----+----+-----+-----------+
    |                    Name                   | FF | LUT| Bits| Const Bits|
    +-------------------------------------------+----+----+-----+-----------+
    |ap_CS_fsm                                  |   2|   0|    2|          0|
    |ap_block_pp0_stage0_subdone_grp2_done_reg  |   1|   0|    1|          0|
    |ap_block_pp0_stage0_subdone_grp3_done_reg  |   1|   0|    1|          0|
    |ap_block_pp0_stage0_subdone_grp6_done_reg  |   1|   0|    1|          0|
    |ap_block_pp0_stage1_subdone_grp0_done_reg  |   1|   0|    1|          0|
    |ap_block_pp0_stage1_subdone_grp1_done_reg  |   1|   0|    1|          0|
    |ap_block_pp0_stage1_subdone_grp4_done_reg  |   1|   0|    1|          0|
    |ap_block_pp0_stage1_subdone_grp5_done_reg  |   1|   0|    1|          0|
    |ap_done_reg                                |   1|   0|    1|          0|
    |ap_enable_reg_pp0_iter0_reg                |   1|   0|    1|          0|
    |ap_enable_reg_pp0_iter1                    |   1|   0|    1|          0|
    |ap_enable_reg_pp0_iter2                    |   1|   0|    1|          0|
    |ap_enable_reg_pp0_iter3                    |   1|   0|    1|          0|
    |ap_enable_reg_pp0_iter4                    |   1|   0|    1|          0|
    |ap_loop_exit_ready_pp0_iter1_reg           |   1|   0|    1|          0|
    |ap_loop_exit_ready_pp0_iter2_reg           |   1|   0|    1|          0|
    |ap_loop_exit_ready_pp0_iter3_reg           |   1|   0|    1|          0|
    |gmem1_addr_1_reg_235                       |  64|   0|   64|          0|
    |gmem1_addr_reg_223                         |  64|   0|   64|          0|
    |i_fu_60                                    |  31|   0|   31|          0|
    |icmp_ln214_reg_214                         |   1|   0|    1|          0|
    |u_a_load_reg_242                           |  32|   0|   32|          0|
    |v_a_load_reg_247                           |  32|   0|   32|          0|
    |icmp_ln214_reg_214                         |  64|  32|    1|          0|
    +-------------------------------------------+----+----+-----+-----------+
    |Total                                      | 306|  32|  243|          0|
    +-------------------------------------------+----+----+-----+-----------+



================================================================
== Interface
================================================================
* Summary: 
+------------------------+-----+-----+------------+--------------------------------------+--------------+
|        RTL Ports       | Dir | Bits|  Protocol  |             Source Object            |    C Type    |
+------------------------+-----+-----+------------+--------------------------------------+--------------+
|ap_clk                  |   in|    1|  ap_ctrl_hs|  accelerator_net_Pipeline_STORE_STATE|  return value|
|ap_rst                  |   in|    1|  ap_ctrl_hs|  accelerator_net_Pipeline_STORE_STATE|  return value|
|ap_start                |   in|    1|  ap_ctrl_hs|  accelerator_net_Pipeline_STORE_STATE|  return value|
|ap_done                 |  out|    1|  ap_ctrl_hs|  accelerator_net_Pipeline_STORE_STATE|  return value|
|ap_idle                 |  out|    1|  ap_ctrl_hs|  accelerator_net_Pipeline_STORE_STATE|  return value|
|ap_ready                |  out|    1|  ap_ctrl_hs|  accelerator_net_Pipeline_STORE_STATE|  return value|
|m_axi_gmem1_0_AWVALID   |  out|    1|       m_axi|                                 gmem1|       pointer|
|m_axi_gmem1_0_AWREADY   |   in|    1|       m_axi|                                 gmem1|       pointer|
|m_axi_gmem1_0_AWADDR    |  out|   64|       m_axi|                                 gmem1|       pointer|
|m_axi_gmem1_0_AWID      |  out|    1|       m_axi|                                 gmem1|       pointer|
|m_axi_gmem1_0_AWLEN     |  out|   32|       m_axi|                                 gmem1|       pointer|
|m_axi_gmem1_0_AWSIZE    |  out|    3|       m_axi|                                 gmem1|       pointer|
|m_axi_gmem1_0_AWBURST   |  out|    2|       m_axi|                                 gmem1|       pointer|
|m_axi_gmem1_0_AWLOCK    |  out|    2|       m_axi|                                 gmem1|       pointer|
|m_axi_gmem1_0_AWCACHE   |  out|    4|       m_axi|                                 gmem1|       pointer|
|m_axi_gmem1_0_AWPROT    |  out|    3|       m_axi|                                 gmem1|       pointer|
|m_axi_gmem1_0_AWQOS     |  out|    4|       m_axi|                                 gmem1|       pointer|
|m_axi_gmem1_0_AWREGION  |  out|    4|       m_axi|                                 gmem1|       pointer|
|m_axi_gmem1_0_AWUSER    |  out|    1|       m_axi|                                 gmem1|       pointer|
|m_axi_gmem1_0_WVALID    |  out|    1|       m_axi|                                 gmem1|       pointer|
|m_axi_gmem1_0_WREADY    |   in|    1|       m_axi|                                 gmem1|       pointer|
|m_axi_gmem1_0_WDATA     |  out|   32|       m_axi|                                 gmem1|       pointer|
|m_axi_gmem1_0_WSTRB     |  out|    4|       m_axi|                                 gmem1|       pointer|
|m_axi_gmem1_0_WLAST     |  out|    1|       m_axi|                                 gmem1|       pointer|
|m_axi_gmem1_0_WID       |  out|    1|       m_axi|                                 gmem1|       pointer|
|m_axi_gmem1_0_WUSER     |  out|    1|       m_axi|                                 gmem1|       pointer|
|m_axi_gmem1_0_ARVALID   |  out|    1|       m_axi|                                 gmem1|       pointer|
|m_axi_gmem1_0_ARREADY   |   in|    1|       m_axi|                                 gmem1|       pointer|
|m_axi_gmem1_0_ARADDR    |  out|   64|       m_axi|                                 gmem1|       pointer|
|m_axi_gmem1_0_ARID      |  out|    1|       m_axi|                                 gmem1|       pointer|
|m_axi_gmem1_0_ARLEN     |  out|   32|       m_axi|                                 gmem1|       pointer|
|m_axi_gmem1_0_ARSIZE    |  out|    3|       m_axi|                                 gmem1|       pointer|
|m_axi_gmem1_0_ARBURST   |  out|    2|       m_axi|                                 gmem1|       pointer|
|m_axi_gmem1_0_ARLOCK    |  out|    2|       m_axi|                                 gmem1|       pointer|
|m_axi_gmem1_0_ARCACHE   |  out|    4|       m_axi|                                 gmem1|       pointer|
|m_axi_gmem1_0_ARPROT    |  out|    3|       m_axi|                                 gmem1|       pointer|
|m_axi_gmem1_0_ARQOS     |  out|    4|       m_axi|                                 gmem1|       pointer|
|m_axi_gmem1_0_ARREGION  |  out|    4|       m_axi|                                 gmem1|       pointer|
|m_axi_gmem1_0_ARUSER    |  out|    1|       m_axi|                                 gmem1|       pointer|
|m_axi_gmem1_0_RVALID    |   in|    1|       m_axi|                                 gmem1|       pointer|
|m_axi_gmem1_0_RREADY    |  out|    1|       m_axi|                                 gmem1|       pointer|
|m_axi_gmem1_0_RDATA     |   in|   32|       m_axi|                                 gmem1|       pointer|
|m_axi_gmem1_0_RLAST     |   in|    1|       m_axi|                                 gmem1|       pointer|
|m_axi_gmem1_0_RID       |   in|    1|       m_axi|                                 gmem1|       pointer|
|m_axi_gmem1_0_RFIFONUM  |   in|    9|       m_axi|                                 gmem1|       pointer|
|m_axi_gmem1_0_RUSER     |   in|    1|       m_axi|                                 gmem1|       pointer|
|m_axi_gmem1_0_RRESP     |   in|    2|       m_axi|                                 gmem1|       pointer|
|m_axi_gmem1_0_BVALID    |   in|    1|       m_axi|                                 gmem1|       pointer|
|m_axi_gmem1_0_BREADY    |  out|    1|       m_axi|                                 gmem1|       pointer|
|m_axi_gmem1_0_BRESP     |   in|    2|       m_axi|                                 gmem1|       pointer|
|m_axi_gmem1_0_BID       |   in|    1|       m_axi|                                 gmem1|       pointer|
|m_axi_gmem1_0_BUSER     |   in|    1|       m_axi|                                 gmem1|       pointer|
|neuron_count            |   in|   32|     ap_none|                          neuron_count|        scalar|
|sext_ln214              |   in|   62|     ap_none|                            sext_ln214|        scalar|
|sext_ln214_1            |   in|   62|     ap_none|                          sext_ln214_1|        scalar|
|u_a_address0            |  out|   11|   ap_memory|                                   u_a|         array|
|u_a_ce0                 |  out|    1|   ap_memory|                                   u_a|         array|
|u_a_q0                  |   in|   32|   ap_memory|                                   u_a|         array|
|v_a_address0            |  out|   11|   ap_memory|                                   v_a|         array|
|v_a_ce0                 |  out|    1|   ap_memory|                                   v_a|         array|
|v_a_q0                  |   in|   32|   ap_memory|                                   v_a|         array|
+------------------------+-----+-----+------------+--------------------------------------+--------------+

