

================================================================
== Vitis HLS Report for 'accelerator_net_Pipeline_COMPUTE_DEGREE'
================================================================
* Date:           Tue Jun 30 17:54:51 2026

* Version:        2025.2 (Build 6295257 on Nov 14 2025)
* Project:        build
* Solution:       hls (Vivado IP Flow Target)
* Product family: zynq
* Target device:  xc7z020-clg400-1


================================================================
== Performance Estimates
================================================================
+ Timing: 
    * Summary: 
    +--------+----------+----------+------------+
    |  Clock |  Target  | Estimated| Uncertainty|
    +--------+----------+----------+------------+
    |ap_clk  |  10.00 ns|  6.389 ns|     2.70 ns|
    +--------+----------+----------+------------+

+ Latency: 
    * Summary: 
    +---------+---------+----------+----------+-----+-----+-------------------+
    |  Latency (cycles) |  Latency (absolute) |  Interval |      Pipeline     |
    |   min   |   max   |    min   |    max   | min | max |        Type       |
    +---------+---------+----------+----------+-----+-----+-------------------+
    |        ?|        ?|         ?|         ?|    0|    0|  loop pipeline stp|
    +---------+---------+----------+----------+-----+-----+-------------------+

    + Detail: 
        * Instance: 
        N/A

        * Loop: 
        +------------------+---------+---------+----------+-----------+-----------+------+----------+
        |                  |  Latency (cycles) | Iteration|  Initiation Interval  | Trip |          |
        |     Loop Name    |   min   |   max   |  Latency |  achieved |   target  | Count| Pipelined|
        +------------------+---------+---------+----------+-----------+-----------+------+----------+
        |- COMPUTE_DEGREE  |        ?|        ?|         3|          1|          1|     ?|       yes|
        +------------------+---------+---------+----------+-----------+-----------+------+----------+



================================================================
== Utilization Estimates
================================================================
* Summary: 
+-----------------+---------+-----+--------+-------+-----+
|       Name      | BRAM_18K| DSP |   FF   |  LUT  | URAM|
+-----------------+---------+-----+--------+-------+-----+
|DSP              |        -|    -|       -|      -|    -|
|Expression       |        -|    -|       0|     68|    -|
|FIFO             |        -|    -|       -|      -|    -|
|Instance         |        -|    -|       -|      -|    -|
|Memory           |        -|    -|       -|      -|    -|
|Multiplexer      |        -|    -|       0|     36|    -|
|Register         |        -|    -|      49|      -|    -|
+-----------------+---------+-----+--------+-------+-----+
|Total            |        0|    0|      49|    104|    0|
+-----------------+---------+-----+--------+-------+-----+
|Available        |      280|  220|  106400|  53200|    0|
+-----------------+---------+-----+--------+-------+-----+
|Utilization (%)  |        0|    0|      ~0|     ~0|    0|
+-----------------+---------+-----+--------+-------+-----+

+ Detail: 
    * Instance: 
    N/A

    * DSP: 
    N/A

    * Memory: 
    N/A

    * FIFO: 
    N/A

    * Expression: 
    +---------------------+----------+----+---+----+------------+------------+
    |    Variable Name    | Operation| DSP| FF| LUT| Bitwidth P0| Bitwidth P1|
    +---------------------+----------+----+---+----+------------+------------+
    |add_ln182_fu_94_p2   |         +|   0|  0|  12|          12|           1|
    |sub_ln182_fu_123_p2  |         -|   0|  0|  15|           8|           8|
    |icmp_ln178_fu_88_p2  |      icmp|   0|  0|  39|          32|          32|
    |ap_enable_pp0        |       xor|   0|  0|   2|           1|           2|
    +---------------------+----------+----+---+----+------------+------------+
    |Total                |          |   0|  0|  68|          53|          43|
    +---------------------+----------+----+---+----+------------+------------+

    * Multiplexer: 
    +-------------------------+----+-----------+-----+-----------+
    |           Name          | LUT| Input Size| Bits| Total Bits|
    +-------------------------+----+-----------+-----+-----------+
    |ap_done_int              |   9|          2|    1|          2|
    |ap_enable_reg_pp0_iter1  |   9|          2|    1|          2|
    |ap_sig_allocacmp_n_1     |   9|          2|   12|         24|
    |n_fu_28                  |   9|          2|   12|         24|
    +-------------------------+----+-----------+-----+-----------+
    |Total                    |  36|          8|   26|         52|
    +-------------------------+----+-----------+-----+-----------+

    * Register: 
    +----------------------------------+----+----+-----+-----------+
    |               Name               | FF | LUT| Bits| Const Bits|
    +----------------------------------+----+----+-----+-----------+
    |ap_CS_fsm                         |   1|   0|    1|          0|
    |ap_done_reg                       |   1|   0|    1|          0|
    |ap_enable_reg_pp0_iter1           |   1|   0|    1|          0|
    |ap_enable_reg_pp0_iter2           |   1|   0|    1|          0|
    |ap_loop_exit_ready_pp0_iter1_reg  |   1|   0|    1|          0|
    |n_fu_28                           |  12|   0|   12|          0|
    |sub_ln182_reg_155                 |   8|   0|    8|          0|
    |zext_ln178_reg_140                |  12|   0|   64|         52|
    |zext_ln178_reg_140_pp0_iter1_reg  |  12|   0|   64|         52|
    +----------------------------------+----+----+-----+-----------+
    |Total                             |  49|   0|  153|        104|
    +----------------------------------+----+----+-----+-----------+



================================================================
== Interface
================================================================
* Summary: 
+------------------+-----+-----+------------+-----------------------------------------+--------------+
|     RTL Ports    | Dir | Bits|  Protocol  |              Source Object              |    C Type    |
+------------------+-----+-----+------------+-----------------------------------------+--------------+
|ap_clk            |   in|    1|  ap_ctrl_hs|  accelerator_net_Pipeline_COMPUTE_DEGREE|  return value|
|ap_rst            |   in|    1|  ap_ctrl_hs|  accelerator_net_Pipeline_COMPUTE_DEGREE|  return value|
|ap_start          |   in|    1|  ap_ctrl_hs|  accelerator_net_Pipeline_COMPUTE_DEGREE|  return value|
|ap_done           |  out|    1|  ap_ctrl_hs|  accelerator_net_Pipeline_COMPUTE_DEGREE|  return value|
|ap_idle           |  out|    1|  ap_ctrl_hs|  accelerator_net_Pipeline_COMPUTE_DEGREE|  return value|
|ap_ready          |  out|    1|  ap_ctrl_hs|  accelerator_net_Pipeline_COMPUTE_DEGREE|  return value|
|neuron_count      |   in|   32|     ap_none|                             neuron_count|        scalar|
|row_ptr_address0  |  out|   12|   ap_memory|                                  row_ptr|         array|
|row_ptr_ce0       |  out|    1|   ap_memory|                                  row_ptr|         array|
|row_ptr_q0        |   in|   32|   ap_memory|                                  row_ptr|         array|
|row_ptr_address1  |  out|   12|   ap_memory|                                  row_ptr|         array|
|row_ptr_ce1       |  out|    1|   ap_memory|                                  row_ptr|         array|
|row_ptr_q1        |   in|   32|   ap_memory|                                  row_ptr|         array|
|degree_address0   |  out|   11|   ap_memory|                                   degree|         array|
|degree_ce0        |  out|    1|   ap_memory|                                   degree|         array|
|degree_we0        |  out|    1|   ap_memory|                                   degree|         array|
|degree_d0         |  out|    8|   ap_memory|                                   degree|         array|
+------------------+-----+-----+------------+-----------------------------------------+--------------+

