================================================================
== Design Size Report
================================================================

* Total Instructions per Compilation Phase
+---------------+----------------------------+--------------+----------------------------------------------------------------------------------------+
| Phase         | Step                       | Instructions | Description                                                                            |
+---------------+----------------------------+--------------+----------------------------------------------------------------------------------------+
| Compile/Link  |                            | 5,912        | After all functions are compiled and linked into a single design                       |
|               |                            |              |                                                                                        |
| Unroll/Inline |                            |              | After user unroll and inline pragmas are applied                                       |
|               | (1) unroll                 |   961        | user unroll pragmas are applied                                                        |
|               | (2) simplification         |   347        | simplification of applied user unroll pragmas                                          |
|               | (3) inline                 |   358        | user inline pragmas are applied                                                        |
|               | (4) simplification         |   358        | simplification of applied user inline pragmas                                          |
|               |                            |              |                                                                                        |
| Array/Struct  |                            |              | After user array partition and struct aggregate/disaggregate pragmas are applied       |
|               | (1) array partition        |   349        | user array partition pragmas are applied                                               |
|               | (2) simplification         |   349        | simplification of applied user array partition & struct aggregate/disaggregate pragmas |
|               | (3) aggregate/disaggregate |   349        | user struct aggregate/disaggregate pragmas are applied                                 |
|               | (4) array reshape          |   349        | apply array reshape pragmas                                                            |
|               | (5) access patterns        |   372        | array access pattern optmizations                                                      |
|               |                            |              |                                                                                        |
| Performance   |                            |              | After transformations are applied to meet performance pragma targets                   |
|               | (1) loop simplification    |   372        | loop and instruction simplification                                                    |
|               | (2) parallelization        |   363        | loops are unrolled or pipelined to meet performance targets                            |
|               | (3) array partition        |   359        | arrays are partitioned to meet performance targets                                     |
|               | (4) simplification         |   359        | simplification of design after performance transformations                             |
|               |                            |              |                                                                                        |
| HW Transforms |                            |              | After hardware transfomations                                                          |
|               | (1) lowering               |   395        | initial conversion to HW specific instructions                                         |
|               | (2) optimizations          |   402        | high level synthesis optimizations                                                     |
+---------------+----------------------------+--------------+----------------------------------------------------------------------------------------+

* Instructions per Function for each Compilation Phase
+-------------------+----------------------+--------------+---------------+--------------+-------------+---------------+
| Function          | Location             | Compile/Link | Unroll/Inline | Array/Struct | Performance | HW Transforms |
+-------------------+----------------------+--------------+---------------+--------------+-------------+---------------+
| + accelerator_net | network-accel.cpp:67 | 5,912        | 358           | 372          | 359         | 402           |
|  + gaussian_clt   | network-accel.cpp:46 | 1,431        |               |              |             |               |
|   + uniform01     | network-accel.cpp:34 |  322         |               |              |             |               |
|      xorshift32   | network-accel.cpp:23 |  174         |               |              |             |               |
+-------------------+----------------------+--------------+---------------+--------------+-------------+---------------+

* Design Size Message Settings
+---------------------------------------------+--------+------------------------------------------------------------------+
| Message Setting                             | Value  | Description                                                      |
+---------------------------------------------+--------+------------------------------------------------------------------+
| config_compile -design_size_maximum_warning | 100000 | Show a warning when total design instructions exceeds this value |
+---------------------------------------------+--------+------------------------------------------------------------------+


