

================================================================
== Vitis HLS Report for 'accelerator_net_Pipeline_LOAD_ROW_PTR'
================================================================
* Date:           Tue Jun 30 17:54:49 2026

* Version:        2025.2 (Build 6295257 on Nov 14 2025)
* Project:        build
* Solution:       hls (Vivado IP Flow Target)
* Product family: zynq
* Target device:  xc7z020-clg400-1


================================================================
== Performance Estimates
================================================================
+ Timing: 
    * Summary: 
    +--------+----------+----------+------------+
    |  Clock |  Target  | Estimated| Uncertainty|
    +--------+----------+----------+------------+
    |ap_clk  |  10.00 ns|  7.300 ns|     2.70 ns|
    +--------+----------+----------+------------+

+ Latency: 
    * Summary: 
    +---------+---------+----------+----------+-----+-----+-------------------+
    |  Latency (cycles) |  Latency (absolute) |  Interval |      Pipeline     |
    |   min   |   max   |    min   |    max   | min | max |        Type       |
    +---------+---------+----------+----------+-----+-----+-------------------+
    |        ?|        ?|         ?|         ?|    0|    0|  loop pipeline stp|
    +---------+---------+----------+----------+-----+-----+-------------------+

    + Detail: 
        * Instance: 
        N/A

        * Loop: 
        +----------------+---------+---------+----------+-----------+-----------+------+----------+
        |                |  Latency (cycles) | Iteration|  Initiation Interval  | Trip |          |
        |    Loop Name   |   min   |   max   |  Latency |  achieved |   target  | Count| Pipelined|
        +----------------+---------+---------+----------+-----------+-----------+------+----------+
        |- LOAD_ROW_PTR  |        ?|        ?|         3|          1|          1|     ?|       yes|
        +----------------+---------+---------+----------+-----------+-----------+------+----------+



================================================================
== Utilization Estimates
================================================================
* Summary: 
+-----------------+---------+-----+--------+-------+-----+
|       Name      | BRAM_18K| DSP |   FF   |  LUT  | URAM|
+-----------------+---------+-----+--------+-------+-----+
|DSP              |        -|    -|       -|      -|    -|
|Expression       |        -|    -|       0|     55|    -|
|FIFO             |        -|    -|       -|      -|    -|
|Instance         |        -|    -|       -|      -|    -|
|Memory           |        -|    -|       -|      -|    -|
|Multiplexer      |        -|    -|       0|     45|    -|
|Register         |        -|    -|      74|      -|    -|
+-----------------+---------+-----+--------+-------+-----+
|Total            |        0|    0|      74|    100|    0|
+-----------------+---------+-----+--------+-------+-----+
|Available        |      280|  220|  106400|  53200|    0|
+-----------------+---------+-----+--------+-------+-----+
|Utilization (%)  |        0|    0|      ~0|     ~0|    0|
+-----------------+---------+-----+--------+-------+-----+

+ Detail: 
    * Instance: 
    N/A

    * DSP: 
    N/A

    * Memory: 
    N/A

    * FIFO: 
    N/A

    * Expression: 
    +---------------------------+----------+----+---+----+------------+------------+
    |       Variable Name       | Operation| DSP| FF| LUT| Bitwidth P0| Bitwidth P1|
    +---------------------------+----------+----+---+----+------------+------------+
    |add_ln164_1_fu_104_p2      |         +|   0|  0|  12|          12|           1|
    |ap_block_pp0_stage0_11001  |       and|   0|  0|   2|           1|           1|
    |icmp_ln164_fu_98_p2        |      icmp|   0|  0|  39|          32|          32|
    |ap_enable_pp0              |       xor|   0|  0|   2|           1|           2|
    +---------------------------+----------+----+---+----+------------+------------+
    |Total                      |          |   0|  0|  55|          46|          36|
    +---------------------------+----------+----+---+----+------------+------------+

    * Multiplexer: 
    +-------------------------+----+-----------+-----+-----------+
    |           Name          | LUT| Input Size| Bits| Total Bits|
    +-------------------------+----+-----------+-----+-----------+
    |ap_done_int              |   9|          2|    1|          2|
    |ap_enable_reg_pp0_iter1  |   9|          2|    1|          2|
    |ap_sig_allocacmp_i_3     |   9|          2|   12|         24|
    |gmem0_blk_n_R            |   9|          2|    1|          2|
    |i_fu_48                  |   9|          2|   12|         24|
    +-------------------------+----+-----------+-----+-----------+
    |Total                    |  45|         10|   27|         54|
    +-------------------------+----+-----------+-----+-----------+

    * Register: 
    +-------------------------------------------+----+----+-----+-----------+
    |                    Name                   | FF | LUT| Bits| Const Bits|
    +-------------------------------------------+----+----+-----+-----------+
    |ap_CS_fsm                                  |   1|   0|    1|          0|
    |ap_block_pp0_stage0_subdone_grp0_done_reg  |   1|   0|    1|          0|
    |ap_done_reg                                |   1|   0|    1|          0|
    |ap_enable_reg_pp0_iter1                    |   1|   0|    1|          0|
    |ap_enable_reg_pp0_iter2                    |   1|   0|    1|          0|
    |ap_loop_exit_ready_pp0_iter1_reg           |   1|   0|    1|          0|
    |gmem0_addr_read_reg_146                    |  32|   0|   32|          0|
    |i_3_reg_137                                |  12|   0|   12|          0|
    |i_3_reg_137_pp0_iter1_reg                  |  12|   0|   12|          0|
    |i_fu_48                                    |  12|   0|   12|          0|
    +-------------------------------------------+----+----+-----+-----------+
    |Total                                      |  74|   0|   74|          0|
    +-------------------------------------------+----+----+-----+-----------+



================================================================
== Interface
================================================================
* Summary: 
+------------------------+-----+-----+------------+---------------------------------------+--------------+
|        RTL Ports       | Dir | Bits|  Protocol  |             Source Object             |    C Type    |
+------------------------+-----+-----+------------+---------------------------------------+--------------+
|ap_clk                  |   in|    1|  ap_ctrl_hs|  accelerator_net_Pipeline_LOAD_ROW_PTR|  return value|
|ap_rst                  |   in|    1|  ap_ctrl_hs|  accelerator_net_Pipeline_LOAD_ROW_PTR|  return value|
|ap_start                |   in|    1|  ap_ctrl_hs|  accelerator_net_Pipeline_LOAD_ROW_PTR|  return value|
|ap_done                 |  out|    1|  ap_ctrl_hs|  accelerator_net_Pipeline_LOAD_ROW_PTR|  return value|
|ap_idle                 |  out|    1|  ap_ctrl_hs|  accelerator_net_Pipeline_LOAD_ROW_PTR|  return value|
|ap_ready                |  out|    1|  ap_ctrl_hs|  accelerator_net_Pipeline_LOAD_ROW_PTR|  return value|
|m_axi_gmem0_0_AWVALID   |  out|    1|       m_axi|                                  gmem0|       pointer|
|m_axi_gmem0_0_AWREADY   |   in|    1|       m_axi|                                  gmem0|       pointer|
|m_axi_gmem0_0_AWADDR    |  out|   64|       m_axi|                                  gmem0|       pointer|
|m_axi_gmem0_0_AWID      |  out|    1|       m_axi|                                  gmem0|       pointer|
|m_axi_gmem0_0_AWLEN     |  out|   32|       m_axi|                                  gmem0|       pointer|
|m_axi_gmem0_0_AWSIZE    |  out|    3|       m_axi|                                  gmem0|       pointer|
|m_axi_gmem0_0_AWBURST   |  out|    2|       m_axi|                                  gmem0|       pointer|
|m_axi_gmem0_0_AWLOCK    |  out|    2|       m_axi|                                  gmem0|       pointer|
|m_axi_gmem0_0_AWCACHE   |  out|    4|       m_axi|                                  gmem0|       pointer|
|m_axi_gmem0_0_AWPROT    |  out|    3|       m_axi|                                  gmem0|       pointer|
|m_axi_gmem0_0_AWQOS     |  out|    4|       m_axi|                                  gmem0|       pointer|
|m_axi_gmem0_0_AWREGION  |  out|    4|       m_axi|                                  gmem0|       pointer|
|m_axi_gmem0_0_AWUSER    |  out|    1|       m_axi|                                  gmem0|       pointer|
|m_axi_gmem0_0_WVALID    |  out|    1|       m_axi|                                  gmem0|       pointer|
|m_axi_gmem0_0_WREADY    |   in|    1|       m_axi|                                  gmem0|       pointer|
|m_axi_gmem0_0_WDATA     |  out|   32|       m_axi|                                  gmem0|       pointer|
|m_axi_gmem0_0_WSTRB     |  out|    4|       m_axi|                                  gmem0|       pointer|
|m_axi_gmem0_0_WLAST     |  out|    1|       m_axi|                                  gmem0|       pointer|
|m_axi_gmem0_0_WID       |  out|    1|       m_axi|                                  gmem0|       pointer|
|m_axi_gmem0_0_WUSER     |  out|    1|       m_axi|                                  gmem0|       pointer|
|m_axi_gmem0_0_ARVALID   |  out|    1|       m_axi|                                  gmem0|       pointer|
|m_axi_gmem0_0_ARREADY   |   in|    1|       m_axi|                                  gmem0|       pointer|
|m_axi_gmem0_0_ARADDR    |  out|   64|       m_axi|                                  gmem0|       pointer|
|m_axi_gmem0_0_ARID      |  out|    1|       m_axi|                                  gmem0|       pointer|
|m_axi_gmem0_0_ARLEN     |  out|   32|       m_axi|                                  gmem0|       pointer|
|m_axi_gmem0_0_ARSIZE    |  out|    3|       m_axi|                                  gmem0|       pointer|
|m_axi_gmem0_0_ARBURST   |  out|    2|       m_axi|                                  gmem0|       pointer|
|m_axi_gmem0_0_ARLOCK    |  out|    2|       m_axi|                                  gmem0|       pointer|
|m_axi_gmem0_0_ARCACHE   |  out|    4|       m_axi|                                  gmem0|       pointer|
|m_axi_gmem0_0_ARPROT    |  out|    3|       m_axi|                                  gmem0|       pointer|
|m_axi_gmem0_0_ARQOS     |  out|    4|       m_axi|                                  gmem0|       pointer|
|m_axi_gmem0_0_ARREGION  |  out|    4|       m_axi|                                  gmem0|       pointer|
|m_axi_gmem0_0_ARUSER    |  out|    1|       m_axi|                                  gmem0|       pointer|
|m_axi_gmem0_0_RVALID    |   in|    1|       m_axi|                                  gmem0|       pointer|
|m_axi_gmem0_0_RREADY    |  out|    1|       m_axi|                                  gmem0|       pointer|
|m_axi_gmem0_0_RDATA     |   in|   32|       m_axi|                                  gmem0|       pointer|
|m_axi_gmem0_0_RLAST     |   in|    1|       m_axi|                                  gmem0|       pointer|
|m_axi_gmem0_0_RID       |   in|    1|       m_axi|                                  gmem0|       pointer|
|m_axi_gmem0_0_RFIFONUM  |   in|    9|       m_axi|                                  gmem0|       pointer|
|m_axi_gmem0_0_RUSER     |   in|    1|       m_axi|                                  gmem0|       pointer|
|m_axi_gmem0_0_RRESP     |   in|    2|       m_axi|                                  gmem0|       pointer|
|m_axi_gmem0_0_BVALID    |   in|    1|       m_axi|                                  gmem0|       pointer|
|m_axi_gmem0_0_BREADY    |  out|    1|       m_axi|                                  gmem0|       pointer|
|m_axi_gmem0_0_BRESP     |   in|    2|       m_axi|                                  gmem0|       pointer|
|m_axi_gmem0_0_BID       |   in|    1|       m_axi|                                  gmem0|       pointer|
|m_axi_gmem0_0_BUSER     |   in|    1|       m_axi|                                  gmem0|       pointer|
|add_ln164               |   in|   32|     ap_none|                              add_ln164|        scalar|
|sext_ln164              |   in|   62|     ap_none|                             sext_ln164|        scalar|
|row_ptr_address0        |  out|   12|   ap_memory|                                row_ptr|         array|
|row_ptr_ce0             |  out|    1|   ap_memory|                                row_ptr|         array|
|row_ptr_we0             |  out|    1|   ap_memory|                                row_ptr|         array|
|row_ptr_d0              |  out|   32|   ap_memory|                                row_ptr|         array|
+------------------------+-----+-----+------------+---------------------------------------+--------------+

============================================================
+ Verbose Summary: Synthesis Manager
============================================================
InlineROM: 1
ExposeGlobal: 0
============================================================
+ Verbose Summary: CDFG Model
============================================================
IsTopModel: 0
ResetActiveHigh: 1
IsCombinational: 2
IsDatapathOnly: 2
HasWiredReturn: 1
HasMFsm: 2
HasVarLatency: 1
IsPipeline: 0
IsRtlPipelined: 0
IsInstanceOverlapped: 0
IsDontTouch: 0
HasImplIP: 0
IsGatedGlobalClock: 0

+ Individual pipeline summary: 
  * Pipeline-0: initiation interval (II) = 1, depth = 3


============================================================
+ Verbose Summary: Schedule
============================================================
* Number of FSM states : 3
* Pipeline : 1
  Pipeline-0 : II = 1, D = 3, States = { 1 2 3 }
* Dataflow Pipeline: 0

* FSM state transitions: 
1 --> 2 
2 --> 3 
3 --> 

* FSM state operations: 

State 1 <SV = 0> <Delay = 5.72>
ST_1 : Operation 6 [1/1] (0.00ns)   --->   "%i = alloca i32 1" [network-accel.cpp:164]   --->   Operation 6 'alloca' 'i' <Predicate = true> <Delay = 0.00>
ST_1 : Operation 7 [1/1] (0.00ns)   --->   "%sext_ln164_read = read i62 @_ssdm_op_Read.ap_auto.i62, i62 %sext_ln164"   --->   Operation 7 'read' 'sext_ln164_read' <Predicate = true> <Delay = 0.00>
ST_1 : Operation 8 [1/1] (0.00ns)   --->   "%add_ln164_read = read i32 @_ssdm_op_Read.ap_auto.i32, i32 %add_ln164"   --->   Operation 8 'read' 'add_ln164_read' <Predicate = true> <Delay = 0.00>
ST_1 : Operation 9 [1/1] (0.00ns)   --->   "%sext_ln164_cast = sext i62 %sext_ln164_read"   --->   Operation 9 'sext' 'sext_ln164_cast' <Predicate = true> <Delay = 0.00>
ST_1 : Operation 10 [1/1] (0.00ns)   --->   "%specinterface_ln0 = specinterface void @_ssdm_op_SpecInterface, i32 %gmem0, void @empty_31, i32 0, i32 0, void @empty_32, i32 0, i32 0, void @empty, void @empty_0, void @empty_32, i32 16, i32 16, i32 16, i32 16, void @empty_32, void @empty_32, i32 4294967295, i32 0, i32 0, i32 4"   --->   Operation 10 'specinterface' 'specinterface_ln0' <Predicate = true> <Delay = 0.00>
ST_1 : Operation 11 [1/1] (1.58ns)   --->   "%store_ln164 = store i12 0, i12 %i" [network-accel.cpp:164]   --->   Operation 11 'store' 'store_ln164' <Predicate = true> <Delay = 1.58>
ST_1 : Operation 12 [1/1] (0.00ns)   --->   "%br_ln0 = br void %for.inc"   --->   Operation 12 'br' 'br_ln0' <Predicate = true> <Delay = 0.00>
ST_1 : Operation 13 [1/1] (0.00ns)   --->   "%i_3 = load i12 %i" [network-accel.cpp:164]   --->   Operation 13 'load' 'i_3' <Predicate = true> <Delay = 0.00>
ST_1 : Operation 14 [1/1] (0.00ns)   --->   "%specbitsmap_ln0 = specbitsmap void @_ssdm_op_SpecBitsMap, i32 %gmem0"   --->   Operation 14 'specbitsmap' 'specbitsmap_ln0' <Predicate = true> <Delay = 0.00>
ST_1 : Operation 15 [1/1] (0.00ns)   --->   "%zext_ln164 = zext i12 %i_3" [network-accel.cpp:164]   --->   Operation 15 'zext' 'zext_ln164' <Predicate = true> <Delay = 0.00>
ST_1 : Operation 16 [1/1] (2.55ns)   --->   "%icmp_ln164 = icmp_slt  i32 %zext_ln164, i32 %add_ln164_read" [network-accel.cpp:164]   --->   Operation 16 'icmp' 'icmp_ln164' <Predicate = true> <Delay = 2.55> <CoreInst = "Cmp">   --->   Core 9 'Cmp' <Latency = 0> <II = 1> <Delay = 2.55> <FuncUnit> <Opcode : 'seteq' 'setne' 'setle' 'setge' 'setlt' 'setgt'> <InPorts = 2> <OutPorts = 1>
ST_1 : Operation 17 [1/1] (1.54ns)   --->   "%add_ln164_1 = add i12 %i_3, i12 1" [network-accel.cpp:164]   --->   Operation 17 'add' 'add_ln164_1' <Predicate = true> <Delay = 1.54> <CoreInst = "Adder">   --->   Core 1 'Adder' <Latency = 0> <II = 1> <Delay = 1.54> <FuncUnit> <Opcode : 'add' 'sub'> <InPorts = 2> <OutPorts = 1>
ST_1 : Operation 18 [1/1] (0.00ns)   --->   "%br_ln164 = br i1 %icmp_ln164, void %for.inc27.preheader.exitStub, void %for.inc.split" [network-accel.cpp:164]   --->   Operation 18 'br' 'br_ln164' <Predicate = true> <Delay = 0.00>
ST_1 : Operation 19 [1/1] (1.58ns)   --->   "%store_ln164 = store i12 %add_ln164_1, i12 %i" [network-accel.cpp:164]   --->   Operation 19 'store' 'store_ln164' <Predicate = (icmp_ln164)> <Delay = 1.58>

State 2 <SV = 1> <Delay = 7.30>
ST_2 : Operation 20 [1/1] (0.00ns)   --->   "%gmem0_addr = getelementptr i32 %gmem0, i64 %sext_ln164_cast" [network-accel.cpp:164]   --->   Operation 20 'getelementptr' 'gmem0_addr' <Predicate = true> <Delay = 0.00>
ST_2 : Operation 21 [1/1] ( I:7.30ns O:7.30ns )   --->   "%gmem0_addr_read = read i32 @_ssdm_op_Read.m_axi.i32.p1i32, i64 %gmem0_addr" [network-accel.cpp:167]   --->   Operation 21 'read' 'gmem0_addr_read' <Predicate = true> <Delay = 7.30> <CoreInst = "m_axi">   --->   Core 111 'm_axi' <Latency = 3> <II = 1> <Delay = 1.00> <Adapter> <Opcode : 'readrequnaligned' 'writerequnaligned' 'read' 'write' 'readreq' 'writereq' 'writeresp'>
ST_2 : Operation 28 [1/1] (1.58ns)   --->   "%ret_ln0 = ret"   --->   Operation 28 'ret' 'ret_ln0' <Predicate = (!icmp_ln164)> <Delay = 1.58>

State 3 <SV = 2> <Delay = 3.25>
ST_3 : Operation 22 [1/1] (0.00ns)   --->   "%zext_ln164_1 = zext i12 %i_3" [network-accel.cpp:164]   --->   Operation 22 'zext' 'zext_ln164_1' <Predicate = true> <Delay = 0.00>
ST_3 : Operation 23 [1/1] (0.00ns)   --->   "%specpipeline_ln166 = specpipeline void @_ssdm_op_SpecPipeline, i32 1, i32 0, i32 0, i32 0, i32 4294967295, void @empty_32" [network-accel.cpp:166]   --->   Operation 23 'specpipeline' 'specpipeline_ln166' <Predicate = true> <Delay = 0.00>
ST_3 : Operation 24 [1/1] (0.00ns)   --->   "%specloopname_ln164 = specloopname void @_ssdm_op_SpecLoopName, void @empty_24" [network-accel.cpp:164]   --->   Operation 24 'specloopname' 'specloopname_ln164' <Predicate = true> <Delay = 0.00>
ST_3 : Operation 25 [1/1] (0.00ns)   --->   "%row_ptr_addr = getelementptr i32 %row_ptr, i64 0, i64 %zext_ln164_1" [network-accel.cpp:167]   --->   Operation 25 'getelementptr' 'row_ptr_addr' <Predicate = true> <Delay = 0.00>
ST_3 : Operation 26 [1/1] ( I:3.25ns O:3.25ns )   --->   "%store_ln167 = store i32 %gmem0_addr_read, i12 %row_ptr_addr" [network-accel.cpp:167]   --->   Operation 26 'store' 'store_ln167' <Predicate = true> <Delay = 3.25> <CoreInst = "RAM">   --->   Core 81 'RAM' <Latency = 1> <II = 1> <Delay = 3.25> <Storage> <Opcode : 'load' 'store'> <Ports = 2> <Width = 32> <Depth = 2049> <RAM>
ST_3 : Operation 27 [1/1] (0.00ns)   --->   "%br_ln164 = br void %for.inc" [network-accel.cpp:164]   --->   Operation 27 'br' 'br_ln164' <Predicate = true> <Delay = 0.00>


============================================================
+ Verbose Summary: Binding
============================================================
STG Binding: 
---------------- STG Properties BEGIN ----------------
- Is combinational: 0
- Is one-state seq: 0
- Is datapath-only: 0
- Is pipelined: 0
- Is top level: 0
Port [ Return ] is wired: 1; IO mode=ap_ctrl_hs:ce=0
Port [ gmem0]:  wired=1; compound=1; hidden=0; nouse=0; global=0; static=0; extern=0; dir=0; type=4; pingpong=0; private_global=0; IO mode=m_axi:ce=0
Port [ add_ln164]:  wired=1; compound=0; hidden=0; nouse=0; global=0; static=0; extern=0; dir=0; type=0; pingpong=0; private_global=0; IO mode=ap_none:ce=0
Port [ sext_ln164]:  wired=1; compound=0; hidden=0; nouse=0; global=0; static=0; extern=0; dir=0; type=0; pingpong=0; private_global=0; IO mode=ap_none:ce=0
Port [ row_ptr]:  wired=1; compound=1; hidden=0; nouse=0; global=1; static=1; extern=0; dir=1; type=1; pingpong=0; private_global=0; MemPort=[03]; IO mode=ap_memory:ce=0
---------------- STG Properties END ------------------

---------------- Datapath Model BEGIN ----------------

<LifeTime>
<method=bitvector/>
i                  (alloca       ) [ 0100]
sext_ln164_read    (read         ) [ 0000]
add_ln164_read     (read         ) [ 0000]
sext_ln164_cast    (sext         ) [ 0110]
specinterface_ln0  (specinterface) [ 0000]
store_ln164        (store        ) [ 0000]
br_ln0             (br           ) [ 0000]
i_3                (load         ) [ 0111]
specbitsmap_ln0    (specbitsmap  ) [ 0000]
zext_ln164         (zext         ) [ 0000]
icmp_ln164         (icmp         ) [ 0110]
add_ln164_1        (add          ) [ 0000]
br_ln164           (br           ) [ 0000]
store_ln164        (store        ) [ 0000]
gmem0_addr         (getelementptr) [ 0000]
gmem0_addr_read    (read         ) [ 0101]
zext_ln164_1       (zext         ) [ 0000]
specpipeline_ln166 (specpipeline ) [ 0000]
specloopname_ln164 (specloopname ) [ 0000]
row_ptr_addr       (getelementptr) [ 0000]
store_ln167        (store        ) [ 0000]
br_ln164           (br           ) [ 0000]
ret_ln0            (ret          ) [ 0000]
</LifeTime>

<model>

<comp_list>
<comp id="0" class="1000" name="gmem0">
<pin_list>
<pin id="1" dir="1" index="0" bw="1" slack="0"/>
</pin_list>
<bind>
<StgValue><ssdm name="gmem0"/><MemPortTyVec>0 </MemPortTyVec>
</StgValue>
</bind>
</comp>

<comp id="2" class="1000" name="add_ln164">
<pin_list>
<pin id="3" dir="1" index="0" bw="1" slack="0"/>
</pin_list>
<bind>
<StgValue><ssdm name="add_ln164"/></StgValue>
</bind>
</comp>

<comp id="4" class="1000" name="sext_ln164">
<pin_list>
<pin id="5" dir="1" index="0" bw="1" slack="0"/>
</pin_list>
<bind>
<StgValue><ssdm name="sext_ln164"/></StgValue>
</bind>
</comp>

<comp id="6" class="1000" name="row_ptr">
<pin_list>
<pin id="7" dir="1" index="0" bw="1" slack="0"/>
</pin_list>
<bind>
<StgValue><ssdm name="row_ptr"/><MemPortTyVec>0 3 </MemPortTyVec>
</StgValue>
</bind>
</comp>

<comp id="8" class="1001" name="const_8">
<pin_list>
<pin id="9" dir="1" index="0" bw="1" slack="0"/>
</pin_list>
<bind>
<StgValue><ssdm name=""/></StgValue>
</bind>
</comp>

<comp id="10" class="1001" name="const_10">
<pin_list>
<pin id="11" dir="1" index="0" bw="1" slack="0"/>
</pin_list>
<bind>
<StgValue><ssdm name="_ssdm_op_Read.ap_auto.i62"/></StgValue>
</bind>
</comp>

<comp id="12" class="1001" name="const_12">
<pin_list>
<pin id="13" dir="1" index="0" bw="1" slack="0"/>
</pin_list>
<bind>
<StgValue><ssdm name="_ssdm_op_Read.ap_auto.i32"/></StgValue>
</bind>
</comp>

<comp id="14" class="1001" name="const_14">
<pin_list>
<pin id="15" dir="1" index="0" bw="1" slack="2147483647"/>
</pin_list>
<bind>
<StgValue><ssdm name="_ssdm_op_SpecInterface"/></StgValue>
</bind>
</comp>

<comp id="16" class="1001" name="const_16">
<pin_list>
<pin id="17" dir="1" index="0" bw="1" slack="2147483647"/>
</pin_list>
<bind>
<StgValue><ssdm name="empty_31"/></StgValue>
</bind>
</comp>

<comp id="18" class="1001" name="const_18">
<pin_list>
<pin id="19" dir="1" index="0" bw="1" slack="2147483647"/>
</pin_list>
<bind>
<StgValue><ssdm name=""/></StgValue>
</bind>
</comp>

<comp id="20" class="1001" name="const_20">
<pin_list>
<pin id="21" dir="1" index="0" bw="1" slack="2147483647"/>
</pin_list>
<bind>
<StgValue><ssdm name="empty_32"/></StgValue>
</bind>
</comp>

<comp id="22" class="1001" name="const_22">
<pin_list>
<pin id="23" dir="1" index="0" bw="1" slack="2147483647"/>
</pin_list>
<bind>
<StgValue><ssdm name="empty"/></StgValue>
</bind>
</comp>

<comp id="24" class="1001" name="const_24">
<pin_list>
<pin id="25" dir="1" index="0" bw="1" slack="2147483647"/>
</pin_list>
<bind>
<StgValue><ssdm name="empty_0"/></StgValue>
</bind>
</comp>

<comp id="26" class="1001" name="const_26">
<pin_list>
<pin id="27" dir="1" index="0" bw="1" slack="2147483647"/>
</pin_list>
<bind>
<StgValue><ssdm name=""/></StgValue>
</bind>
</comp>

<comp id="28" class="1001" name="const_28">
<pin_list>
<pin id="29" dir="1" index="0" bw="1" slack="2147483647"/>
</pin_list>
<bind>
<StgValue><ssdm name=""/></StgValue>
</bind>
</comp>

<comp id="30" class="1001" name="const_30">
<pin_list>
<pin id="31" dir="1" index="0" bw="1" slack="2147483647"/>
</pin_list>
<bind>
<StgValue><ssdm name=""/></StgValue>
</bind>
</comp>

<comp id="32" class="1001" name="const_32">
<pin_list>
<pin id="33" dir="1" index="0" bw="1" slack="0"/>
</pin_list>
<bind>
<StgValue><ssdm name=""/></StgValue>
</bind>
</comp>

<comp id="34" class="1001" name="const_34">
<pin_list>
<pin id="35" dir="1" index="0" bw="1" slack="2147483647"/>
</pin_list>
<bind>
<StgValue><ssdm name="_ssdm_op_SpecBitsMap"/></StgValue>
</bind>
</comp>

<comp id="36" class="1001" name="const_36">
<pin_list>
<pin id="37" dir="1" index="0" bw="1" slack="0"/>
</pin_list>
<bind>
<StgValue><ssdm name=""/></StgValue>
</bind>
</comp>

<comp id="38" class="1001" name="const_38">
<pin_list>
<pin id="39" dir="1" index="0" bw="1" slack="0"/>
</pin_list>
<bind>
<StgValue><ssdm name="_ssdm_op_Read.m_axi.i32.p1i32"/></StgValue>
</bind>
</comp>

<comp id="40" class="1001" name="const_40">
<pin_list>
<pin id="41" dir="1" index="0" bw="1" slack="2147483647"/>
</pin_list>
<bind>
<StgValue><ssdm name="_ssdm_op_SpecPipeline"/></StgValue>
</bind>
</comp>

<comp id="42" class="1001" name="const_42">
<pin_list>
<pin id="43" dir="1" index="0" bw="1" slack="2147483647"/>
</pin_list>
<bind>
<StgValue><ssdm name="_ssdm_op_SpecLoopName"/></StgValue>
</bind>
</comp>

<comp id="44" class="1001" name="const_44">
<pin_list>
<pin id="45" dir="1" index="0" bw="1" slack="2147483647"/>
</pin_list>
<bind>
<StgValue><ssdm name="empty_24"/></StgValue>
</bind>
</comp>

<comp id="46" class="1001" name="const_46">
<pin_list>
<pin id="47" dir="1" index="0" bw="1" slack="0"/>
</pin_list>
<bind>
<StgValue><ssdm name=""/></StgValue>
</bind>
</comp>

<comp id="48" class="1004" name="i_fu_48">
<pin_list>
<pin id="49" dir="0" index="0" bw="1" slack="0"/>
<pin id="50" dir="1" index="1" bw="12" slack="0"/>
</pin_list>
<bind>
<opcode="alloca(26) " fcode="alloca"/>
<opset="i/1 "/>
</bind>
</comp>

<comp id="52" class="1004" name="sext_ln164_read_read_fu_52">
<pin_list>
<pin id="53" dir="0" index="0" bw="62" slack="0"/>
<pin id="54" dir="0" index="1" bw="62" slack="0"/>
<pin id="55" dir="1" index="2" bw="62" slack="0"/>
</pin_list>
<bind>
<opcode="read(1150) " fcode="read"/>
<opset="sext_ln164_read/1 "/>
</bind>
</comp>

<comp id="58" class="1004" name="add_ln164_read_read_fu_58">
<pin_list>
<pin id="59" dir="0" index="0" bw="32" slack="0"/>
<pin id="60" dir="0" index="1" bw="32" slack="0"/>
<pin id="61" dir="1" index="2" bw="32" slack="0"/>
</pin_list>
<bind>
<opcode="read(1150) " fcode="read"/>
<opset="add_ln164_read/1 "/>
</bind>
</comp>

<comp id="64" class="1004" name="row_ptr_addr_gep_fu_64">
<pin_list>
<pin id="65" dir="0" index="0" bw="32" slack="0"/>
<pin id="66" dir="0" index="1" bw="1" slack="0"/>
<pin id="67" dir="0" index="2" bw="12" slack="0"/>
<pin id="68" dir="1" index="3" bw="12" slack="0"/>
</pin_list>
<bind>
<opcode="getelementptr(29) " fcode="getelementptr"/>
<opset="row_ptr_addr/3 "/>
</bind>
</comp>

<comp id="71" class="1004" name="store_ln167_access_fu_71">
<pin_list>
<pin id="72" dir="0" index="0" bw="12" slack="0"/>
<pin id="73" dir="0" index="1" bw="32" slack="1"/>
<pin id="74" dir="0" index="2" bw="0" slack="2147483647"/>
<pin id="75" dir="1" index="3" bw="32" slack="2147483647"/>
</pin_list>
<bind>
<opcode="store(28) " fcode="store"/>
<opset="store_ln167/3 "/>
</bind>
</comp>

<comp id="77" class="1004" name="gmem0_addr_read_read_fu_77">
<pin_list>
<pin id="78" dir="0" index="0" bw="32" slack="0"/>
<pin id="79" dir="0" index="1" bw="32" slack="0"/>
<pin id="80" dir="1" index="2" bw="32" slack="1"/>
</pin_list>
<bind>
<opcode="read(1150) " fcode="read"/>
<opset="gmem0_addr_read/2 "/>
</bind>
</comp>

<comp id="82" class="1004" name="sext_ln164_cast_fu_82">
<pin_list>
<pin id="83" dir="0" index="0" bw="62" slack="0"/>
<pin id="84" dir="1" index="1" bw="64" slack="1"/>
</pin_list>
<bind>
<opcode="sext(35) " fcode="sext"/>
<opset="sext_ln164_cast/1 "/>
</bind>
</comp>

<comp id="86" class="1004" name="store_ln164_store_fu_86">
<pin_list>
<pin id="87" dir="0" index="0" bw="1" slack="0"/>
<pin id="88" dir="0" index="1" bw="12" slack="0"/>
<pin id="89" dir="1" index="2" bw="0" slack="2147483647"/>
</pin_list>
<bind>
<opcode="store(28) " fcode="store"/>
<opset="store_ln164/1 "/>
</bind>
</comp>

<comp id="91" class="1004" name="i_3_load_fu_91">
<pin_list>
<pin id="92" dir="0" index="0" bw="12" slack="0"/>
<pin id="93" dir="1" index="1" bw="12" slack="0"/>
</pin_list>
<bind>
<opcode="load(27) " fcode="load"/>
<opset="i_3/1 "/>
</bind>
</comp>

<comp id="94" class="1004" name="zext_ln164_fu_94">
<pin_list>
<pin id="95" dir="0" index="0" bw="12" slack="0"/>
<pin id="96" dir="1" index="1" bw="32" slack="0"/>
</pin_list>
<bind>
<opcode="zext(34) " fcode="zext"/>
<opset="zext_ln164/1 "/>
</bind>
</comp>

<comp id="98" class="1004" name="icmp_ln164_fu_98">
<pin_list>
<pin id="99" dir="0" index="0" bw="32" slack="0"/>
<pin id="100" dir="0" index="1" bw="32" slack="0"/>
<pin id="101" dir="1" index="2" bw="1" slack="1"/>
</pin_list>
<bind>
<opcode="icmp(45) " fcode="icmp"/>
<opset="icmp_ln164/1 "/>
</bind>
</comp>

<comp id="104" class="1004" name="add_ln164_1_fu_104">
<pin_list>
<pin id="105" dir="0" index="0" bw="12" slack="0"/>
<pin id="106" dir="0" index="1" bw="1" slack="0"/>
<pin id="107" dir="1" index="2" bw="12" slack="0"/>
</pin_list>
<bind>
<opcode="add(8) " fcode="add"/>
<opset="add_ln164_1/1 "/>
</bind>
</comp>

<comp id="110" class="1004" name="store_ln164_store_fu_110">
<pin_list>
<pin id="111" dir="0" index="0" bw="12" slack="0"/>
<pin id="112" dir="0" index="1" bw="12" slack="0"/>
<pin id="113" dir="1" index="2" bw="0" slack="2147483647"/>
</pin_list>
<bind>
<opcode="store(28) " fcode="store"/>
<opset="store_ln164/1 "/>
</bind>
</comp>

<comp id="115" class="1004" name="gmem0_addr_fu_115">
<pin_list>
<pin id="116" dir="0" index="0" bw="64" slack="0"/>
<pin id="117" dir="0" index="1" bw="64" slack="1"/>
<pin id="118" dir="1" index="2" bw="64" slack="0"/>
</pin_list>
<bind>
<opcode="getelementptr(29) " fcode="getelementptr"/>
<opset="gmem0_addr/2 "/>
</bind>
</comp>

<comp id="121" class="1004" name="zext_ln164_1_fu_121">
<pin_list>
<pin id="122" dir="0" index="0" bw="12" slack="2"/>
<pin id="123" dir="1" index="1" bw="64" slack="0"/>
</pin_list>
<bind>
<opcode="zext(34) " fcode="zext"/>
<opset="zext_ln164_1/3 "/>
</bind>
</comp>

<comp id="125" class="1005" name="i_reg_125">
<pin_list>
<pin id="126" dir="0" index="0" bw="12" slack="0"/>
<pin id="127" dir="1" index="1" bw="12" slack="0"/>
</pin_list>
<bind>
<opset="i "/>
</bind>
</comp>

<comp id="132" class="1005" name="sext_ln164_cast_reg_132">
<pin_list>
<pin id="133" dir="0" index="0" bw="64" slack="1"/>
<pin id="134" dir="1" index="1" bw="64" slack="1"/>
</pin_list>
<bind>
<opset="sext_ln164_cast "/>
</bind>
</comp>

<comp id="137" class="1005" name="i_3_reg_137">
<pin_list>
<pin id="138" dir="0" index="0" bw="12" slack="2"/>
<pin id="139" dir="1" index="1" bw="12" slack="2"/>
</pin_list>
<bind>
<opset="i_3 "/>
</bind>
</comp>

<comp id="142" class="1005" name="icmp_ln164_reg_142">
<pin_list>
<pin id="143" dir="0" index="0" bw="1" slack="1"/>
<pin id="144" dir="1" index="1" bw="1" slack="2147483647"/>
</pin_list>
<bind>
<opset="icmp_ln164 "/>
</bind>
</comp>

<comp id="146" class="1005" name="gmem0_addr_read_reg_146">
<pin_list>
<pin id="147" dir="0" index="0" bw="32" slack="1"/>
<pin id="148" dir="1" index="1" bw="32" slack="1"/>
</pin_list>
<bind>
<opset="gmem0_addr_read "/>
</bind>
</comp>

</comp_list>

<net_list>
<net id="51"><net_src comp="8" pin="0"/><net_sink comp="48" pin=0"/></net>

<net id="56"><net_src comp="10" pin="0"/><net_sink comp="52" pin=0"/></net>

<net id="57"><net_src comp="4" pin="0"/><net_sink comp="52" pin=1"/></net>

<net id="62"><net_src comp="12" pin="0"/><net_sink comp="58" pin=0"/></net>

<net id="63"><net_src comp="2" pin="0"/><net_sink comp="58" pin=1"/></net>

<net id="69"><net_src comp="6" pin="0"/><net_sink comp="64" pin=0"/></net>

<net id="70"><net_src comp="46" pin="0"/><net_sink comp="64" pin=1"/></net>

<net id="76"><net_src comp="64" pin="3"/><net_sink comp="71" pin=0"/></net>

<net id="81"><net_src comp="38" pin="0"/><net_sink comp="77" pin=0"/></net>

<net id="85"><net_src comp="52" pin="2"/><net_sink comp="82" pin=0"/></net>

<net id="90"><net_src comp="32" pin="0"/><net_sink comp="86" pin=0"/></net>

<net id="97"><net_src comp="91" pin="1"/><net_sink comp="94" pin=0"/></net>

<net id="102"><net_src comp="94" pin="1"/><net_sink comp="98" pin=0"/></net>

<net id="103"><net_src comp="58" pin="2"/><net_sink comp="98" pin=1"/></net>

<net id="108"><net_src comp="91" pin="1"/><net_sink comp="104" pin=0"/></net>

<net id="109"><net_src comp="36" pin="0"/><net_sink comp="104" pin=1"/></net>

<net id="114"><net_src comp="104" pin="2"/><net_sink comp="110" pin=0"/></net>

<net id="119"><net_src comp="0" pin="0"/><net_sink comp="115" pin=0"/></net>

<net id="120"><net_src comp="115" pin="2"/><net_sink comp="77" pin=1"/></net>

<net id="124"><net_src comp="121" pin="1"/><net_sink comp="64" pin=2"/></net>

<net id="128"><net_src comp="48" pin="1"/><net_sink comp="125" pin=0"/></net>

<net id="129"><net_src comp="125" pin="1"/><net_sink comp="86" pin=1"/></net>

<net id="130"><net_src comp="125" pin="1"/><net_sink comp="91" pin=0"/></net>

<net id="131"><net_src comp="125" pin="1"/><net_sink comp="110" pin=1"/></net>

<net id="135"><net_src comp="82" pin="1"/><net_sink comp="132" pin=0"/></net>

<net id="136"><net_src comp="132" pin="1"/><net_sink comp="115" pin=1"/></net>

<net id="140"><net_src comp="91" pin="1"/><net_sink comp="137" pin=0"/></net>

<net id="141"><net_src comp="137" pin="1"/><net_sink comp="121" pin=0"/></net>

<net id="145"><net_src comp="98" pin="2"/><net_sink comp="142" pin=0"/></net>

<net id="149"><net_src comp="77" pin="2"/><net_sink comp="146" pin=0"/></net>

<net id="150"><net_src comp="146" pin="1"/><net_sink comp="71" pin=1"/></net>

</net_list>

</model> 
---------------- Datapath Model END ------------------

* FSMD analyzer results:
  - Output states:
	Port: gmem0 | {}
	Port: row_ptr | {3 }
 - Input state : 
	Port: accelerator_net_Pipeline_LOAD_ROW_PTR : gmem0 | {2 }
	Port: accelerator_net_Pipeline_LOAD_ROW_PTR : add_ln164 | {1 }
	Port: accelerator_net_Pipeline_LOAD_ROW_PTR : sext_ln164 | {1 }
	Port: accelerator_net_Pipeline_LOAD_ROW_PTR : row_ptr | {}
  - Chain level:
	State 1
		store_ln164 : 1
		i_3 : 1
		zext_ln164 : 2
		icmp_ln164 : 3
		add_ln164_1 : 2
		br_ln164 : 4
		store_ln164 : 3
	State 2
		gmem0_addr_read : 1
	State 3
		row_ptr_addr : 1
		store_ln167 : 2


============================================================
+ Verbose Summary: Datapath Resource usage 
============================================================

* Functional unit list:
|----------|----------------------------|---------|---------|
| Operation|       Functional Unit      |    FF   |   LUT   |
|----------|----------------------------|---------|---------|
|   icmp   |      icmp_ln164_fu_98      |    0    |    39   |
|----------|----------------------------|---------|---------|
|    add   |     add_ln164_1_fu_104     |    0    |    12   |
|----------|----------------------------|---------|---------|
|          | sext_ln164_read_read_fu_52 |    0    |    0    |
|   read   |  add_ln164_read_read_fu_58 |    0    |    0    |
|          | gmem0_addr_read_read_fu_77 |    0    |    0    |
|----------|----------------------------|---------|---------|
|   sext   |    sext_ln164_cast_fu_82   |    0    |    0    |
|----------|----------------------------|---------|---------|
|   zext   |      zext_ln164_fu_94      |    0    |    0    |
|          |     zext_ln164_1_fu_121    |    0    |    0    |
|----------|----------------------------|---------|---------|
|   Total  |                            |    0    |    51   |
|----------|----------------------------|---------|---------|

Memories:
N/A

* Register list:
+-----------------------+--------+
|                       |   FF   |
+-----------------------+--------+
|gmem0_addr_read_reg_146|   32   |
|      i_3_reg_137      |   12   |
|       i_reg_125       |   12   |
|   icmp_ln164_reg_142  |    1   |
|sext_ln164_cast_reg_132|   64   |
+-----------------------+--------+
|         Total         |   121  |
+-----------------------+--------+

* Multiplexer (MUX) list: 
|--------|------|------|------|--------|
|  Comp  |  Pin | Size |  BW  | S x BW |
|--------|------|------|------|--------|
|  Total |      |      |      |    0   |
|--------|------|------|------|--------|



* Summary:
+-----------+--------+--------+
|           |   FF   |   LUT  |
+-----------+--------+--------+
|  Function |    0   |   51   |
|   Memory  |    -   |    -   |
|Multiplexer|    -   |    -   |
|  Register |   121  |    -   |
+-----------+--------+--------+
|   Total   |   121  |   51   |
+-----------+--------+--------+
