

================================================================
== Vitis HLS Report for 'accelerator_net_Pipeline_LOAD_COL_IDX'
================================================================
* Date:           Tue Jun 30 17:54:50 2026

* Version:        2025.2 (Build 6295257 on Nov 14 2025)
* Project:        build
* Solution:       hls (Vivado IP Flow Target)
* Product family: zynq
* Target device:  xc7z020-clg400-1


================================================================
== Performance Estimates
================================================================
+ Timing: 
    * Summary: 
    +--------+----------+----------+------------+
    |  Clock |  Target  | Estimated| Uncertainty|
    +--------+----------+----------+------------+
    |ap_clk  |  10.00 ns|  7.300 ns|     2.70 ns|
    +--------+----------+----------+------------+

+ Latency: 
    * Summary: 
    +---------+---------+----------+----------+-----+-----+-------------------+
    |  Latency (cycles) |  Latency (absolute) |  Interval |      Pipeline     |
    |   min   |   max   |    min   |    max   | min | max |        Type       |
    +---------+---------+----------+----------+-----+-----+-------------------+
    |        ?|        ?|         ?|         ?|    0|    0|  loop pipeline stp|
    +---------+---------+----------+----------+-----+-----+-------------------+

    + Detail: 
        * Instance: 
        N/A

        * Loop: 
        +----------------+---------+---------+----------+-----------+-----------+------+----------+
        |                |  Latency (cycles) | Iteration|  Initiation Interval  | Trip |          |
        |    Loop Name   |   min   |   max   |  Latency |  achieved |   target  | Count| Pipelined|
        +----------------+---------+---------+----------+-----------+-----------+------+----------+
        |- LOAD_COL_IDX  |        ?|        ?|        12|          1|          1|     ?|       yes|
        +----------------+---------+---------+----------+-----------+-----------+------+----------+



================================================================
== Utilization Estimates
================================================================
* Summary: 
+-----------------+---------+-----+--------+-------+-----+
|       Name      | BRAM_18K| DSP |   FF   |  LUT  | URAM|
+-----------------+---------+-----+--------+-------+-----+
|DSP              |        -|    -|       -|      -|    -|
|Expression       |        -|    -|       0|    241|    -|
|FIFO             |        -|    -|       -|      -|    -|
|Instance         |        -|    -|       -|      -|    -|
|Memory           |        -|    -|       -|      -|    -|
|Multiplexer      |        -|    -|       0|     54|    -|
|Register         |        -|    -|     295|     64|    -|
+-----------------+---------+-----+--------+-------+-----+
|Total            |        0|    0|     295|    359|    0|
+-----------------+---------+-----+--------+-------+-----+
|Available        |      280|  220|  106400|  53200|    0|
+-----------------+---------+-----+--------+-------+-----+
|Utilization (%)  |        0|    0|      ~0|     ~0|    0|
+-----------------+---------+-----+--------+-------+-----+

+ Detail: 
    * Instance: 
    N/A

    * DSP: 
    N/A

    * Memory: 
    N/A

    * FIFO: 
    N/A

    * Expression: 
    +--------------------------------+----------+----+---+-----+------------+------------+
    |          Variable Name         | Operation| DSP| FF| LUT | Bitwidth P0| Bitwidth P1|
    +--------------------------------+----------+----+---+-----+------------+------------+
    |add_ln171_fu_121_p2             |         +|   0|  0|   23|          16|           1|
    |add_ln174_fu_137_p2             |         +|   0|  0|   71|          64|          64|
    |ap_block_pp0_stage0_11001_grp1  |       and|   0|  0|    2|           1|           1|
    |ap_block_pp0_stage0_11001_grp2  |       and|   0|  0|    2|           1|           1|
    |icmp_ln171_fu_115_p2            |      icmp|   0|  0|   39|          32|          32|
    |lshr_ln174_fu_183_p2            |      lshr|   0|  0|  100|          32|          32|
    |ap_block_pp0_stage0_11001       |        or|   0|  0|    2|           1|           1|
    |ap_enable_pp0                   |       xor|   0|  0|    2|           1|           2|
    +--------------------------------+----------+----+---+-----+------------+------------+
    |Total                           |          |   0|  0|  241|         148|         134|
    +--------------------------------+----------+----+---+-----+------------+------------+

    * Multiplexer: 
    +-------------------------+----+-----------+-----+-----------+
    |           Name          | LUT| Input Size| Bits| Total Bits|
    +-------------------------+----+-----------+-----+-----------+
    |ap_done_int              |   9|          2|    1|          2|
    |ap_enable_reg_pp0_iter1  |   9|          2|    1|          2|
    |ap_sig_allocacmp_i       |   9|          2|   16|         32|
    |gmem0_blk_n_AR           |   9|          2|    1|          2|
    |gmem0_blk_n_R            |   9|          2|    1|          2|
    |i_3_fu_62                |   9|          2|   16|         32|
    +-------------------------+----+-----------+-----+-----------+
    |Total                    |  54|         12|   36|         72|
    +-------------------------+----+-----------+-----+-----------+

    * Register: 
    +-------------------------------------------+----+----+-----+-----------+
    |                    Name                   | FF | LUT| Bits| Const Bits|
    +-------------------------------------------+----+----+-----+-----------+
    |ap_CS_fsm                                  |   1|   0|    1|          0|
    |ap_block_pp0_stage0_subdone_grp0_done_reg  |   1|   0|    1|          0|
    |ap_block_pp0_stage0_subdone_grp1_done_reg  |   1|   0|    1|          0|
    |ap_block_pp0_stage0_subdone_grp2_done_reg  |   1|   0|    1|          0|
    |ap_done_reg                                |   1|   0|    1|          0|
    |ap_enable_reg_pp0_iter1                    |   1|   0|    1|          0|
    |ap_enable_reg_pp0_iter10                   |   1|   0|    1|          0|
    |ap_enable_reg_pp0_iter11                   |   1|   0|    1|          0|
    |ap_enable_reg_pp0_iter2                    |   1|   0|    1|          0|
    |ap_enable_reg_pp0_iter3                    |   1|   0|    1|          0|
    |ap_enable_reg_pp0_iter4                    |   1|   0|    1|          0|
    |ap_enable_reg_pp0_iter5                    |   1|   0|    1|          0|
    |ap_enable_reg_pp0_iter6                    |   1|   0|    1|          0|
    |ap_enable_reg_pp0_iter7                    |   1|   0|    1|          0|
    |ap_enable_reg_pp0_iter8                    |   1|   0|    1|          0|
    |ap_enable_reg_pp0_iter9                    |   1|   0|    1|          0|
    |ap_loop_exit_ready_pp0_iter10_reg          |   1|   0|    1|          0|
    |ap_loop_exit_ready_pp0_iter1_reg           |   1|   0|    1|          0|
    |ap_loop_exit_ready_pp0_iter2_reg           |   1|   0|    1|          0|
    |ap_loop_exit_ready_pp0_iter3_reg           |   1|   0|    1|          0|
    |ap_loop_exit_ready_pp0_iter4_reg           |   1|   0|    1|          0|
    |ap_loop_exit_ready_pp0_iter5_reg           |   1|   0|    1|          0|
    |ap_loop_exit_ready_pp0_iter6_reg           |   1|   0|    1|          0|
    |ap_loop_exit_ready_pp0_iter7_reg           |   1|   0|    1|          0|
    |ap_loop_exit_ready_pp0_iter8_reg           |   1|   0|    1|          0|
    |ap_loop_exit_ready_pp0_iter9_reg           |   1|   0|    1|          0|
    |gmem0_addr_read_reg_223                    |  32|   0|   32|          0|
    |gmem0_addr_reg_212                         |  64|   0|   64|          0|
    |i_3_fu_62                                  |  16|   0|   16|          0|
    |i_reg_203                                  |  16|   0|   16|          0|
    |trunc_ln174_1_reg_228                      |  11|   0|   11|          0|
    |trunc_ln174_reg_218                        |   2|   0|    2|          0|
    |i_reg_203                                  |  64|  32|   16|          0|
    |trunc_ln174_reg_218                        |  64|  32|    2|          0|
    +-------------------------------------------+----+----+-----+-----------+
    |Total                                      | 295|  64|  185|          0|
    +-------------------------------------------+----+----+-----+-----------+



================================================================
== Interface
================================================================
* Summary: 
+------------------------+-----+-----+------------+---------------------------------------+--------------+
|        RTL Ports       | Dir | Bits|  Protocol  |             Source Object             |    C Type    |
+------------------------+-----+-----+------------+---------------------------------------+--------------+
|ap_clk                  |   in|    1|  ap_ctrl_hs|  accelerator_net_Pipeline_LOAD_COL_IDX|  return value|
|ap_rst                  |   in|    1|  ap_ctrl_hs|  accelerator_net_Pipeline_LOAD_COL_IDX|  return value|
|ap_start                |   in|    1|  ap_ctrl_hs|  accelerator_net_Pipeline_LOAD_COL_IDX|  return value|
|ap_done                 |  out|    1|  ap_ctrl_hs|  accelerator_net_Pipeline_LOAD_COL_IDX|  return value|
|ap_idle                 |  out|    1|  ap_ctrl_hs|  accelerator_net_Pipeline_LOAD_COL_IDX|  return value|
|ap_ready                |  out|    1|  ap_ctrl_hs|  accelerator_net_Pipeline_LOAD_COL_IDX|  return value|
|m_axi_gmem0_0_AWVALID   |  out|    1|       m_axi|                                  gmem0|       pointer|
|m_axi_gmem0_0_AWREADY   |   in|    1|       m_axi|                                  gmem0|       pointer|
|m_axi_gmem0_0_AWADDR    |  out|   64|       m_axi|                                  gmem0|       pointer|
|m_axi_gmem0_0_AWID      |  out|    1|       m_axi|                                  gmem0|       pointer|
|m_axi_gmem0_0_AWLEN     |  out|   32|       m_axi|                                  gmem0|       pointer|
|m_axi_gmem0_0_AWSIZE    |  out|    3|       m_axi|                                  gmem0|       pointer|
|m_axi_gmem0_0_AWBURST   |  out|    2|       m_axi|                                  gmem0|       pointer|
|m_axi_gmem0_0_AWLOCK    |  out|    2|       m_axi|                                  gmem0|       pointer|
|m_axi_gmem0_0_AWCACHE   |  out|    4|       m_axi|                                  gmem0|       pointer|
|m_axi_gmem0_0_AWPROT    |  out|    3|       m_axi|                                  gmem0|       pointer|
|m_axi_gmem0_0_AWQOS     |  out|    4|       m_axi|                                  gmem0|       pointer|
|m_axi_gmem0_0_AWREGION  |  out|    4|       m_axi|                                  gmem0|       pointer|
|m_axi_gmem0_0_AWUSER    |  out|    1|       m_axi|                                  gmem0|       pointer|
|m_axi_gmem0_0_WVALID    |  out|    1|       m_axi|                                  gmem0|       pointer|
|m_axi_gmem0_0_WREADY    |   in|    1|       m_axi|                                  gmem0|       pointer|
|m_axi_gmem0_0_WDATA     |  out|   32|       m_axi|                                  gmem0|       pointer|
|m_axi_gmem0_0_WSTRB     |  out|    4|       m_axi|                                  gmem0|       pointer|
|m_axi_gmem0_0_WLAST     |  out|    1|       m_axi|                                  gmem0|       pointer|
|m_axi_gmem0_0_WID       |  out|    1|       m_axi|                                  gmem0|       pointer|
|m_axi_gmem0_0_WUSER     |  out|    1|       m_axi|                                  gmem0|       pointer|
|m_axi_gmem0_0_ARVALID   |  out|    1|       m_axi|                                  gmem0|       pointer|
|m_axi_gmem0_0_ARREADY   |   in|    1|       m_axi|                                  gmem0|       pointer|
|m_axi_gmem0_0_ARADDR    |  out|   64|       m_axi|                                  gmem0|       pointer|
|m_axi_gmem0_0_ARID      |  out|    1|       m_axi|                                  gmem0|       pointer|
|m_axi_gmem0_0_ARLEN     |  out|   32|       m_axi|                                  gmem0|       pointer|
|m_axi_gmem0_0_ARSIZE    |  out|    3|       m_axi|                                  gmem0|       pointer|
|m_axi_gmem0_0_ARBURST   |  out|    2|       m_axi|                                  gmem0|       pointer|
|m_axi_gmem0_0_ARLOCK    |  out|    2|       m_axi|                                  gmem0|       pointer|
|m_axi_gmem0_0_ARCACHE   |  out|    4|       m_axi|                                  gmem0|       pointer|
|m_axi_gmem0_0_ARPROT    |  out|    3|       m_axi|                                  gmem0|       pointer|
|m_axi_gmem0_0_ARQOS     |  out|    4|       m_axi|                                  gmem0|       pointer|
|m_axi_gmem0_0_ARREGION  |  out|    4|       m_axi|                                  gmem0|       pointer|
|m_axi_gmem0_0_ARUSER    |  out|    1|       m_axi|                                  gmem0|       pointer|
|m_axi_gmem0_0_RVALID    |   in|    1|       m_axi|                                  gmem0|       pointer|
|m_axi_gmem0_0_RREADY    |  out|    1|       m_axi|                                  gmem0|       pointer|
|m_axi_gmem0_0_RDATA     |   in|   32|       m_axi|                                  gmem0|       pointer|
|m_axi_gmem0_0_RLAST     |   in|    1|       m_axi|                                  gmem0|       pointer|
|m_axi_gmem0_0_RID       |   in|    1|       m_axi|                                  gmem0|       pointer|
|m_axi_gmem0_0_RFIFONUM  |   in|    9|       m_axi|                                  gmem0|       pointer|
|m_axi_gmem0_0_RUSER     |   in|    1|       m_axi|                                  gmem0|       pointer|
|m_axi_gmem0_0_RRESP     |   in|    2|       m_axi|                                  gmem0|       pointer|
|m_axi_gmem0_0_BVALID    |   in|    1|       m_axi|                                  gmem0|       pointer|
|m_axi_gmem0_0_BREADY    |  out|    1|       m_axi|                                  gmem0|       pointer|
|m_axi_gmem0_0_BRESP     |   in|    2|       m_axi|                                  gmem0|       pointer|
|m_axi_gmem0_0_BID       |   in|    1|       m_axi|                                  gmem0|       pointer|
|m_axi_gmem0_0_BUSER     |   in|    1|       m_axi|                                  gmem0|       pointer|
|edge_count              |   in|   32|     ap_none|                             edge_count|        scalar|
|col_idx_ddr             |   in|   64|     ap_none|                            col_idx_ddr|        scalar|
|col_idx_address0        |  out|   15|   ap_memory|                                col_idx|         array|
|col_idx_ce0             |  out|    1|   ap_memory|                                col_idx|         array|
|col_idx_we0             |  out|    1|   ap_memory|                                col_idx|         array|
|col_idx_d0              |  out|   11|   ap_memory|                                col_idx|         array|
+------------------------+-----+-----+------------+---------------------------------------+--------------+

============================================================
+ Verbose Summary: Synthesis Manager
============================================================
InlineROM: 1
ExposeGlobal: 0
============================================================
+ Verbose Summary: CDFG Model
============================================================
IsTopModel: 0
ResetActiveHigh: 1
IsCombinational: 2
IsDatapathOnly: 2
HasWiredReturn: 1
HasMFsm: 2
HasVarLatency: 1
IsPipeline: 0
IsRtlPipelined: 0
IsInstanceOverlapped: 0
IsDontTouch: 0
HasImplIP: 0
IsGatedGlobalClock: 0

+ Individual pipeline summary: 
  * Pipeline-0: initiation interval (II) = 1, depth = 12


============================================================
+ Verbose Summary: Schedule
============================================================
* Number of FSM states : 12
* Pipeline : 1
  Pipeline-0 : II = 1, D = 12, States = { 1 2 3 4 5 6 7 8 9 10 11 12 }
* Dataflow Pipeline: 0

* FSM state transitions: 
1 --> 2 
2 --> 3 
3 --> 4 
4 --> 5 
5 --> 6 
6 --> 7 
7 --> 8 
8 --> 9 
9 --> 10 
10 --> 11 
11 --> 12 
12 --> 

* FSM state operations: 

State 1 <SV = 0> <Delay = 5.72>
ST_1 : Operation 15 [1/1] (0.00ns)   --->   "%i_3 = alloca i32 1" [network-accel.cpp:171]   --->   Operation 15 'alloca' 'i_3' <Predicate = true> <Delay = 0.00>
ST_1 : Operation 16 [1/1] (0.00ns)   --->   "%specinterface_ln0 = specinterface void @_ssdm_op_SpecInterface, i32 %gmem0, void @empty_31, i32 0, i32 0, void @empty_32, i32 0, i32 0, void @empty, void @empty_0, void @empty_32, i32 16, i32 16, i32 16, i32 16, void @empty_32, void @empty_32, i32 4294967295, i32 0, i32 0, i32 4"   --->   Operation 16 'specinterface' 'specinterface_ln0' <Predicate = true> <Delay = 0.00>
ST_1 : Operation 17 [1/1] (0.00ns)   --->   "%col_idx_ddr_read = read i64 @_ssdm_op_Read.ap_auto.i64, i64 %col_idx_ddr"   --->   Operation 17 'read' 'col_idx_ddr_read' <Predicate = true> <Delay = 0.00>
ST_1 : Operation 18 [1/1] (0.00ns)   --->   "%edge_count_read = read i32 @_ssdm_op_Read.ap_auto.i32, i32 %edge_count"   --->   Operation 18 'read' 'edge_count_read' <Predicate = true> <Delay = 0.00>
ST_1 : Operation 19 [1/1] (1.58ns)   --->   "%store_ln171 = store i16 0, i16 %i_3" [network-accel.cpp:171]   --->   Operation 19 'store' 'store_ln171' <Predicate = true> <Delay = 1.58>
ST_1 : Operation 20 [1/1] (0.00ns)   --->   "%br_ln0 = br void %for.inc27"   --->   Operation 20 'br' 'br_ln0' <Predicate = true> <Delay = 0.00>
ST_1 : Operation 21 [1/1] (0.00ns)   --->   "%i = load i16 %i_3" [network-accel.cpp:171]   --->   Operation 21 'load' 'i' <Predicate = true> <Delay = 0.00>
ST_1 : Operation 22 [1/1] (0.00ns)   --->   "%specbitsmap_ln0 = specbitsmap void @_ssdm_op_SpecBitsMap, i32 %gmem0"   --->   Operation 22 'specbitsmap' 'specbitsmap_ln0' <Predicate = true> <Delay = 0.00>
ST_1 : Operation 23 [1/1] (0.00ns)   --->   "%zext_ln171_1 = zext i16 %i" [network-accel.cpp:171]   --->   Operation 23 'zext' 'zext_ln171_1' <Predicate = true> <Delay = 0.00>
ST_1 : Operation 24 [1/1] (2.55ns)   --->   "%icmp_ln171 = icmp_slt  i32 %zext_ln171_1, i32 %edge_count_read" [network-accel.cpp:171]   --->   Operation 24 'icmp' 'icmp_ln171' <Predicate = true> <Delay = 2.55> <CoreInst = "Cmp">   --->   Core 9 'Cmp' <Latency = 0> <II = 1> <Delay = 2.55> <FuncUnit> <Opcode : 'seteq' 'setne' 'setle' 'setge' 'setlt' 'setgt'> <InPorts = 2> <OutPorts = 1>
ST_1 : Operation 25 [1/1] (2.07ns)   --->   "%add_ln171 = add i16 %i, i16 1" [network-accel.cpp:171]   --->   Operation 25 'add' 'add_ln171' <Predicate = true> <Delay = 2.07> <CoreInst = "Adder">   --->   Core 1 'Adder' <Latency = 0> <II = 1> <Delay = 2.07> <FuncUnit> <Opcode : 'add' 'sub'> <InPorts = 2> <OutPorts = 1>
ST_1 : Operation 26 [1/1] (0.00ns)   --->   "%br_ln171 = br i1 %icmp_ln171, void %for.inc41.preheader.exitStub, void %for.inc27.split" [network-accel.cpp:171]   --->   Operation 26 'br' 'br_ln171' <Predicate = true> <Delay = 0.00>
ST_1 : Operation 27 [1/1] (0.00ns) (grouped into LUT with out node add_ln174)   --->   "%shl_ln174 = shl i16 %i, i16 1" [network-accel.cpp:174]   --->   Operation 27 'shl' 'shl_ln174' <Predicate = (icmp_ln171)> <Delay = 0.00>
ST_1 : Operation 28 [1/1] (0.00ns) (grouped into LUT with out node add_ln174)   --->   "%zext_ln174 = zext i16 %shl_ln174" [network-accel.cpp:174]   --->   Operation 28 'zext' 'zext_ln174' <Predicate = (icmp_ln171)> <Delay = 0.00>
ST_1 : Operation 29 [1/1] (3.52ns) (out node of the LUT)   --->   "%add_ln174 = add i64 %zext_ln174, i64 %col_idx_ddr_read" [network-accel.cpp:174]   --->   Operation 29 'add' 'add_ln174' <Predicate = (icmp_ln171)> <Delay = 3.52> <CoreInst = "Adder">   --->   Core 1 'Adder' <Latency = 0> <II = 1> <Delay = 3.52> <FuncUnit> <Opcode : 'add' 'sub'> <InPorts = 2> <OutPorts = 1>
ST_1 : Operation 30 [1/1] (0.00ns)   --->   "%trunc_ln174_2 = partselect i62 @_ssdm_op_PartSelect.i62.i64.i32.i32, i64 %add_ln174, i32 2, i32 63" [network-accel.cpp:174]   --->   Operation 30 'partselect' 'trunc_ln174_2' <Predicate = (icmp_ln171)> <Delay = 0.00>
ST_1 : Operation 31 [1/1] (0.00ns)   --->   "%sext_ln174 = sext i62 %trunc_ln174_2" [network-accel.cpp:174]   --->   Operation 31 'sext' 'sext_ln174' <Predicate = (icmp_ln171)> <Delay = 0.00>
ST_1 : Operation 32 [1/1] (0.00ns)   --->   "%gmem0_addr = getelementptr i32 %gmem0, i64 %sext_ln174" [network-accel.cpp:174]   --->   Operation 32 'getelementptr' 'gmem0_addr' <Predicate = (icmp_ln171)> <Delay = 0.00>
ST_1 : Operation 33 [1/1] (0.00ns)   --->   "%trunc_ln174 = trunc i64 %add_ln174" [network-accel.cpp:174]   --->   Operation 33 'trunc' 'trunc_ln174' <Predicate = (icmp_ln171)> <Delay = 0.00>
ST_1 : Operation 34 [1/1] (1.58ns)   --->   "%store_ln171 = store i16 %add_ln171, i16 %i_3" [network-accel.cpp:171]   --->   Operation 34 'store' 'store_ln171' <Predicate = (icmp_ln171)> <Delay = 1.58>

State 2 <SV = 1> <Delay = 0.00>
ST_2 : Operation 35 [8/8] (7.30ns)   --->   "%gmem0_load_req = readreq i1 @_ssdm_op_ReadReq.m_axi.i32P1A, i64 %gmem0_addr, i64 1" [network-accel.cpp:174]   --->   Operation 35 'readreq' 'gmem0_load_req' <Predicate = true> <Delay = 7.30> <CoreInst = "m_axi">   --->   Core 111 'm_axi' <Latency = 6> <II = 1> <Delay = 1.00> <Adapter> <Opcode : 'readrequnaligned' 'writerequnaligned' 'read' 'write' 'readreq' 'writereq' 'writeresp'>

State 3 <SV = 2> <Delay = 0.00>
ST_3 : Operation 36 [7/8] (7.30ns)   --->   "%gmem0_load_req = readreq i1 @_ssdm_op_ReadReq.m_axi.i32P1A, i64 %gmem0_addr, i64 1" [network-accel.cpp:174]   --->   Operation 36 'readreq' 'gmem0_load_req' <Predicate = true> <Delay = 7.30> <CoreInst = "m_axi">   --->   Core 111 'm_axi' <Latency = 6> <II = 1> <Delay = 1.00> <Adapter> <Opcode : 'readrequnaligned' 'writerequnaligned' 'read' 'write' 'readreq' 'writereq' 'writeresp'>

State 4 <SV = 3> <Delay = 0.00>
ST_4 : Operation 37 [6/8] (7.30ns)   --->   "%gmem0_load_req = readreq i1 @_ssdm_op_ReadReq.m_axi.i32P1A, i64 %gmem0_addr, i64 1" [network-accel.cpp:174]   --->   Operation 37 'readreq' 'gmem0_load_req' <Predicate = true> <Delay = 7.30> <CoreInst = "m_axi">   --->   Core 111 'm_axi' <Latency = 6> <II = 1> <Delay = 1.00> <Adapter> <Opcode : 'readrequnaligned' 'writerequnaligned' 'read' 'write' 'readreq' 'writereq' 'writeresp'>

State 5 <SV = 4> <Delay = 0.00>
ST_5 : Operation 38 [5/8] (7.30ns)   --->   "%gmem0_load_req = readreq i1 @_ssdm_op_ReadReq.m_axi.i32P1A, i64 %gmem0_addr, i64 1" [network-accel.cpp:174]   --->   Operation 38 'readreq' 'gmem0_load_req' <Predicate = true> <Delay = 7.30> <CoreInst = "m_axi">   --->   Core 111 'm_axi' <Latency = 6> <II = 1> <Delay = 1.00> <Adapter> <Opcode : 'readrequnaligned' 'writerequnaligned' 'read' 'write' 'readreq' 'writereq' 'writeresp'>

State 6 <SV = 5> <Delay = 0.00>
ST_6 : Operation 39 [4/8] (7.30ns)   --->   "%gmem0_load_req = readreq i1 @_ssdm_op_ReadReq.m_axi.i32P1A, i64 %gmem0_addr, i64 1" [network-accel.cpp:174]   --->   Operation 39 'readreq' 'gmem0_load_req' <Predicate = true> <Delay = 7.30> <CoreInst = "m_axi">   --->   Core 111 'm_axi' <Latency = 6> <II = 1> <Delay = 1.00> <Adapter> <Opcode : 'readrequnaligned' 'writerequnaligned' 'read' 'write' 'readreq' 'writereq' 'writeresp'>

State 7 <SV = 6> <Delay = 0.00>
ST_7 : Operation 40 [3/8] (7.30ns)   --->   "%gmem0_load_req = readreq i1 @_ssdm_op_ReadReq.m_axi.i32P1A, i64 %gmem0_addr, i64 1" [network-accel.cpp:174]   --->   Operation 40 'readreq' 'gmem0_load_req' <Predicate = true> <Delay = 7.30> <CoreInst = "m_axi">   --->   Core 111 'm_axi' <Latency = 6> <II = 1> <Delay = 1.00> <Adapter> <Opcode : 'readrequnaligned' 'writerequnaligned' 'read' 'write' 'readreq' 'writereq' 'writeresp'>

State 8 <SV = 7> <Delay = 0.00>
ST_8 : Operation 41 [2/8] (7.30ns)   --->   "%gmem0_load_req = readreq i1 @_ssdm_op_ReadReq.m_axi.i32P1A, i64 %gmem0_addr, i64 1" [network-accel.cpp:174]   --->   Operation 41 'readreq' 'gmem0_load_req' <Predicate = true> <Delay = 7.30> <CoreInst = "m_axi">   --->   Core 111 'm_axi' <Latency = 6> <II = 1> <Delay = 1.00> <Adapter> <Opcode : 'readrequnaligned' 'writerequnaligned' 'read' 'write' 'readreq' 'writereq' 'writeresp'>

State 9 <SV = 8> <Delay = 7.30>
ST_9 : Operation 42 [1/8] ( I:7.30ns O:7.30ns )   --->   "%gmem0_load_req = readreq i1 @_ssdm_op_ReadReq.m_axi.i32P1A, i64 %gmem0_addr, i64 1" [network-accel.cpp:174]   --->   Operation 42 'readreq' 'gmem0_load_req' <Predicate = true> <Delay = 7.30> <CoreInst = "m_axi">   --->   Core 111 'm_axi' <Latency = 6> <II = 1> <Delay = 1.00> <Adapter> <Opcode : 'readrequnaligned' 'writerequnaligned' 'read' 'write' 'readreq' 'writereq' 'writeresp'>

State 10 <SV = 9> <Delay = 7.30>
ST_10 : Operation 43 [1/1] ( I:7.30ns O:7.30ns )   --->   "%gmem0_addr_read = read i32 @_ssdm_op_Read.m_axi.i32P1A, i64 %gmem0_addr" [network-accel.cpp:174]   --->   Operation 43 'read' 'gmem0_addr_read' <Predicate = true> <Delay = 7.30> <CoreInst = "m_axi">   --->   Core 111 'm_axi' <Latency = 3> <II = 1> <Delay = 1.00> <Adapter> <Opcode : 'readrequnaligned' 'writerequnaligned' 'read' 'write' 'readreq' 'writereq' 'writeresp'>

State 11 <SV = 10> <Delay = 4.42>
ST_11 : Operation 44 [1/1] (0.00ns)   --->   "%shl_ln174_1 = bitconcatenate i5 @_ssdm_op_BitConcatenate.i5.i2.i3, i2 %trunc_ln174, i3 0" [network-accel.cpp:174]   --->   Operation 44 'bitconcatenate' 'shl_ln174_1' <Predicate = true> <Delay = 0.00>
ST_11 : Operation 45 [1/1] (0.00ns)   --->   "%zext_ln174_1 = zext i5 %shl_ln174_1" [network-accel.cpp:174]   --->   Operation 45 'zext' 'zext_ln174_1' <Predicate = true> <Delay = 0.00>
ST_11 : Operation 46 [1/1] (4.42ns)   --->   "%lshr_ln174 = lshr i32 %gmem0_addr_read, i32 %zext_ln174_1" [network-accel.cpp:174]   --->   Operation 46 'lshr' 'lshr_ln174' <Predicate = true> <Delay = 4.42> <CoreInst = "Shifter">   --->   Core 75 'Shifter' <Latency = 0> <II = 1> <Delay = 4.42> <FuncUnit> <Opcode : 'shl' 'lshr' 'ashr'> <InPorts = 2> <OutPorts = 1>
ST_11 : Operation 47 [1/1] (0.00ns)   --->   "%trunc_ln174_1 = trunc i32 %lshr_ln174" [network-accel.cpp:174]   --->   Operation 47 'trunc' 'trunc_ln174_1' <Predicate = true> <Delay = 0.00>
ST_11 : Operation 54 [1/1] (1.58ns)   --->   "%ret_ln0 = ret"   --->   Operation 54 'ret' 'ret_ln0' <Predicate = (!icmp_ln171)> <Delay = 1.58>

State 12 <SV = 11> <Delay = 3.25>
ST_12 : Operation 48 [1/1] (0.00ns)   --->   "%zext_ln171 = zext i16 %i" [network-accel.cpp:171]   --->   Operation 48 'zext' 'zext_ln171' <Predicate = true> <Delay = 0.00>
ST_12 : Operation 49 [1/1] (0.00ns)   --->   "%specpipeline_ln173 = specpipeline void @_ssdm_op_SpecPipeline, i32 1, i32 0, i32 0, i32 0, i32 4294967295, void @empty_32" [network-accel.cpp:173]   --->   Operation 49 'specpipeline' 'specpipeline_ln173' <Predicate = true> <Delay = 0.00>
ST_12 : Operation 50 [1/1] (0.00ns)   --->   "%specloopname_ln171 = specloopname void @_ssdm_op_SpecLoopName, void @empty_23" [network-accel.cpp:171]   --->   Operation 50 'specloopname' 'specloopname_ln171' <Predicate = true> <Delay = 0.00>
ST_12 : Operation 51 [1/1] (0.00ns)   --->   "%col_idx_addr = getelementptr i11 %col_idx, i64 0, i64 %zext_ln171" [network-accel.cpp:174]   --->   Operation 51 'getelementptr' 'col_idx_addr' <Predicate = true> <Delay = 0.00>
ST_12 : Operation 52 [1/1] ( I:3.25ns O:3.25ns )   --->   "%store_ln174 = store i11 %trunc_ln174_1, i15 %col_idx_addr" [network-accel.cpp:174]   --->   Operation 52 'store' 'store_ln174' <Predicate = true> <Delay = 3.25> <CoreInst = "RAM">   --->   Core 81 'RAM' <Latency = 1> <II = 1> <Delay = 3.25> <Storage> <Opcode : 'load' 'store'> <Ports = 2> <Width = 11> <Depth = 32768> <RAM>
ST_12 : Operation 53 [1/1] (0.00ns)   --->   "%br_ln171 = br void %for.inc27" [network-accel.cpp:171]   --->   Operation 53 'br' 'br_ln171' <Predicate = true> <Delay = 0.00>


============================================================
+ Verbose Summary: Binding
============================================================
STG Binding: 
---------------- STG Properties BEGIN ----------------
- Is combinational: 0
- Is one-state seq: 0
- Is datapath-only: 0
- Is pipelined: 0
- Is top level: 0
Port [ Return ] is wired: 1; IO mode=ap_ctrl_hs:ce=0
Port [ gmem0]:  wired=1; compound=1; hidden=0; nouse=0; global=0; static=0; extern=0; dir=0; type=4; pingpong=0; private_global=0; IO mode=m_axi:ce=0
Port [ edge_count]:  wired=1; compound=0; hidden=0; nouse=0; global=0; static=0; extern=0; dir=0; type=0; pingpong=0; private_global=0; IO mode=ap_none:ce=0
Port [ col_idx_ddr]:  wired=1; compound=0; hidden=0; nouse=0; global=0; static=0; extern=0; dir=0; type=0; pingpong=0; private_global=0; IO mode=ap_none:ce=0
Port [ col_idx]:  wired=1; compound=1; hidden=0; nouse=0; global=1; static=1; extern=0; dir=1; type=1; pingpong=0; private_global=0; MemPort=[03]; IO mode=ap_memory:ce=0
---------------- STG Properties END ------------------

---------------- Datapath Model BEGIN ----------------

<LifeTime>
<method=bitvector/>
i_3                (alloca        ) [ 0100000000000]
specinterface_ln0  (specinterface ) [ 0000000000000]
col_idx_ddr_read   (read          ) [ 0000000000000]
edge_count_read    (read          ) [ 0000000000000]
store_ln171        (store         ) [ 0000000000000]
br_ln0             (br            ) [ 0000000000000]
i                  (load          ) [ 0111111111111]
specbitsmap_ln0    (specbitsmap   ) [ 0000000000000]
zext_ln171_1       (zext          ) [ 0000000000000]
icmp_ln171         (icmp          ) [ 0111111111110]
add_ln171          (add           ) [ 0000000000000]
br_ln171           (br            ) [ 0000000000000]
shl_ln174          (shl           ) [ 0000000000000]
zext_ln174         (zext          ) [ 0000000000000]
add_ln174          (add           ) [ 0000000000000]
trunc_ln174_2      (partselect    ) [ 0000000000000]
sext_ln174         (sext          ) [ 0000000000000]
gmem0_addr         (getelementptr ) [ 0111111111100]
trunc_ln174        (trunc         ) [ 0111111111110]
store_ln171        (store         ) [ 0000000000000]
gmem0_load_req     (readreq       ) [ 0000000000000]
gmem0_addr_read    (read          ) [ 0100000000010]
shl_ln174_1        (bitconcatenate) [ 0000000000000]
zext_ln174_1       (zext          ) [ 0000000000000]
lshr_ln174         (lshr          ) [ 0000000000000]
trunc_ln174_1      (trunc         ) [ 0100000000001]
zext_ln171         (zext          ) [ 0000000000000]
specpipeline_ln173 (specpipeline  ) [ 0000000000000]
specloopname_ln171 (specloopname  ) [ 0000000000000]
col_idx_addr       (getelementptr ) [ 0000000000000]
store_ln174        (store         ) [ 0000000000000]
br_ln171           (br            ) [ 0000000000000]
ret_ln0            (ret           ) [ 0000000000000]
</LifeTime>

<model>

<comp_list>
<comp id="0" class="1000" name="gmem0">
<pin_list>
<pin id="1" dir="1" index="0" bw="1" slack="0"/>
</pin_list>
<bind>
<StgValue><ssdm name="gmem0"/><MemPortTyVec>0 </MemPortTyVec>
</StgValue>
</bind>
</comp>

<comp id="2" class="1000" name="edge_count">
<pin_list>
<pin id="3" dir="1" index="0" bw="1" slack="0"/>
</pin_list>
<bind>
<StgValue><ssdm name="edge_count"/></StgValue>
</bind>
</comp>

<comp id="4" class="1000" name="col_idx_ddr">
<pin_list>
<pin id="5" dir="1" index="0" bw="1" slack="0"/>
</pin_list>
<bind>
<StgValue><ssdm name="col_idx_ddr"/></StgValue>
</bind>
</comp>

<comp id="6" class="1000" name="col_idx">
<pin_list>
<pin id="7" dir="1" index="0" bw="1" slack="0"/>
</pin_list>
<bind>
<StgValue><ssdm name="col_idx"/><MemPortTyVec>0 3 </MemPortTyVec>
</StgValue>
</bind>
</comp>

<comp id="8" class="1001" name="const_8">
<pin_list>
<pin id="9" dir="1" index="0" bw="1" slack="0"/>
</pin_list>
<bind>
<StgValue><ssdm name=""/></StgValue>
</bind>
</comp>

<comp id="10" class="1001" name="const_10">
<pin_list>
<pin id="11" dir="1" index="0" bw="1" slack="2147483647"/>
</pin_list>
<bind>
<StgValue><ssdm name="_ssdm_op_SpecInterface"/></StgValue>
</bind>
</comp>

<comp id="12" class="1001" name="const_12">
<pin_list>
<pin id="13" dir="1" index="0" bw="1" slack="2147483647"/>
</pin_list>
<bind>
<StgValue><ssdm name="empty_31"/></StgValue>
</bind>
</comp>

<comp id="14" class="1001" name="const_14">
<pin_list>
<pin id="15" dir="1" index="0" bw="1" slack="2147483647"/>
</pin_list>
<bind>
<StgValue><ssdm name=""/></StgValue>
</bind>
</comp>

<comp id="16" class="1001" name="const_16">
<pin_list>
<pin id="17" dir="1" index="0" bw="1" slack="2147483647"/>
</pin_list>
<bind>
<StgValue><ssdm name="empty_32"/></StgValue>
</bind>
</comp>

<comp id="18" class="1001" name="const_18">
<pin_list>
<pin id="19" dir="1" index="0" bw="1" slack="2147483647"/>
</pin_list>
<bind>
<StgValue><ssdm name="empty"/></StgValue>
</bind>
</comp>

<comp id="20" class="1001" name="const_20">
<pin_list>
<pin id="21" dir="1" index="0" bw="1" slack="2147483647"/>
</pin_list>
<bind>
<StgValue><ssdm name="empty_0"/></StgValue>
</bind>
</comp>

<comp id="22" class="1001" name="const_22">
<pin_list>
<pin id="23" dir="1" index="0" bw="1" slack="2147483647"/>
</pin_list>
<bind>
<StgValue><ssdm name=""/></StgValue>
</bind>
</comp>

<comp id="24" class="1001" name="const_24">
<pin_list>
<pin id="25" dir="1" index="0" bw="1" slack="2147483647"/>
</pin_list>
<bind>
<StgValue><ssdm name=""/></StgValue>
</bind>
</comp>

<comp id="26" class="1001" name="const_26">
<pin_list>
<pin id="27" dir="1" index="0" bw="1" slack="2147483647"/>
</pin_list>
<bind>
<StgValue><ssdm name=""/></StgValue>
</bind>
</comp>

<comp id="28" class="1001" name="const_28">
<pin_list>
<pin id="29" dir="1" index="0" bw="1" slack="0"/>
</pin_list>
<bind>
<StgValue><ssdm name="_ssdm_op_Read.ap_auto.i64"/></StgValue>
</bind>
</comp>

<comp id="30" class="1001" name="const_30">
<pin_list>
<pin id="31" dir="1" index="0" bw="1" slack="0"/>
</pin_list>
<bind>
<StgValue><ssdm name="_ssdm_op_Read.ap_auto.i32"/></StgValue>
</bind>
</comp>

<comp id="32" class="1001" name="const_32">
<pin_list>
<pin id="33" dir="1" index="0" bw="1" slack="0"/>
</pin_list>
<bind>
<StgValue><ssdm name=""/></StgValue>
</bind>
</comp>

<comp id="34" class="1001" name="const_34">
<pin_list>
<pin id="35" dir="1" index="0" bw="1" slack="2147483647"/>
</pin_list>
<bind>
<StgValue><ssdm name="_ssdm_op_SpecBitsMap"/></StgValue>
</bind>
</comp>

<comp id="36" class="1001" name="const_36">
<pin_list>
<pin id="37" dir="1" index="0" bw="1" slack="0"/>
</pin_list>
<bind>
<StgValue><ssdm name=""/></StgValue>
</bind>
</comp>

<comp id="38" class="1001" name="const_38">
<pin_list>
<pin id="39" dir="1" index="0" bw="1" slack="0"/>
</pin_list>
<bind>
<StgValue><ssdm name="_ssdm_op_PartSelect.i62.i64.i32.i32"/></StgValue>
</bind>
</comp>

<comp id="40" class="1001" name="const_40">
<pin_list>
<pin id="41" dir="1" index="0" bw="1" slack="0"/>
</pin_list>
<bind>
<StgValue><ssdm name=""/></StgValue>
</bind>
</comp>

<comp id="42" class="1001" name="const_42">
<pin_list>
<pin id="43" dir="1" index="0" bw="1" slack="0"/>
</pin_list>
<bind>
<StgValue><ssdm name=""/></StgValue>
</bind>
</comp>

<comp id="44" class="1001" name="const_44">
<pin_list>
<pin id="45" dir="1" index="0" bw="1" slack="0"/>
</pin_list>
<bind>
<StgValue><ssdm name="_ssdm_op_ReadReq.m_axi.i32P1A"/></StgValue>
</bind>
</comp>

<comp id="46" class="1001" name="const_46">
<pin_list>
<pin id="47" dir="1" index="0" bw="1" slack="0"/>
</pin_list>
<bind>
<StgValue><ssdm name=""/></StgValue>
</bind>
</comp>

<comp id="48" class="1001" name="const_48">
<pin_list>
<pin id="49" dir="1" index="0" bw="1" slack="0"/>
</pin_list>
<bind>
<StgValue><ssdm name="_ssdm_op_Read.m_axi.i32P1A"/></StgValue>
</bind>
</comp>

<comp id="50" class="1001" name="const_50">
<pin_list>
<pin id="51" dir="1" index="0" bw="1" slack="0"/>
</pin_list>
<bind>
<StgValue><ssdm name="_ssdm_op_BitConcatenate.i5.i2.i3"/></StgValue>
</bind>
</comp>

<comp id="52" class="1001" name="const_52">
<pin_list>
<pin id="53" dir="1" index="0" bw="1" slack="0"/>
</pin_list>
<bind>
<StgValue><ssdm name=""/></StgValue>
</bind>
</comp>

<comp id="54" class="1001" name="const_54">
<pin_list>
<pin id="55" dir="1" index="0" bw="1" slack="2147483647"/>
</pin_list>
<bind>
<StgValue><ssdm name="_ssdm_op_SpecPipeline"/></StgValue>
</bind>
</comp>

<comp id="56" class="1001" name="const_56">
<pin_list>
<pin id="57" dir="1" index="0" bw="1" slack="2147483647"/>
</pin_list>
<bind>
<StgValue><ssdm name="_ssdm_op_SpecLoopName"/></StgValue>
</bind>
</comp>

<comp id="58" class="1001" name="const_58">
<pin_list>
<pin id="59" dir="1" index="0" bw="1" slack="2147483647"/>
</pin_list>
<bind>
<StgValue><ssdm name="empty_23"/></StgValue>
</bind>
</comp>

<comp id="60" class="1001" name="const_60">
<pin_list>
<pin id="61" dir="1" index="0" bw="1" slack="0"/>
</pin_list>
<bind>
<StgValue><ssdm name=""/></StgValue>
</bind>
</comp>

<comp id="62" class="1004" name="i_3_fu_62">
<pin_list>
<pin id="63" dir="0" index="0" bw="1" slack="0"/>
<pin id="64" dir="1" index="1" bw="16" slack="0"/>
</pin_list>
<bind>
<opcode="alloca(26) " fcode="alloca"/>
<opset="i_3/1 "/>
</bind>
</comp>

<comp id="66" class="1004" name="col_idx_ddr_read_read_fu_66">
<pin_list>
<pin id="67" dir="0" index="0" bw="64" slack="0"/>
<pin id="68" dir="0" index="1" bw="64" slack="0"/>
<pin id="69" dir="1" index="2" bw="64" slack="0"/>
</pin_list>
<bind>
<opcode="read(1150) " fcode="read"/>
<opset="col_idx_ddr_read/1 "/>
</bind>
</comp>

<comp id="72" class="1004" name="edge_count_read_read_fu_72">
<pin_list>
<pin id="73" dir="0" index="0" bw="32" slack="0"/>
<pin id="74" dir="0" index="1" bw="32" slack="0"/>
<pin id="75" dir="1" index="2" bw="32" slack="0"/>
</pin_list>
<bind>
<opcode="read(1150) " fcode="read"/>
<opset="edge_count_read/1 "/>
</bind>
</comp>

<comp id="78" class="1004" name="col_idx_addr_gep_fu_78">
<pin_list>
<pin id="79" dir="0" index="0" bw="11" slack="0"/>
<pin id="80" dir="0" index="1" bw="1" slack="0"/>
<pin id="81" dir="0" index="2" bw="16" slack="0"/>
<pin id="82" dir="1" index="3" bw="15" slack="0"/>
</pin_list>
<bind>
<opcode="getelementptr(29) " fcode="getelementptr"/>
<opset="col_idx_addr/12 "/>
</bind>
</comp>

<comp id="85" class="1004" name="store_ln174_access_fu_85">
<pin_list>
<pin id="86" dir="0" index="0" bw="15" slack="0"/>
<pin id="87" dir="0" index="1" bw="11" slack="1"/>
<pin id="88" dir="0" index="2" bw="0" slack="2147483647"/>
<pin id="89" dir="1" index="3" bw="11" slack="2147483647"/>
</pin_list>
<bind>
<opcode="store(28) " fcode="store"/>
<opset="store_ln174/12 "/>
</bind>
</comp>

<comp id="91" class="1004" name="grp_readreq_fu_91">
<pin_list>
<pin id="92" dir="0" index="0" bw="1" slack="0"/>
<pin id="93" dir="0" index="1" bw="32" slack="1"/>
<pin id="94" dir="0" index="2" bw="1" slack="0"/>
<pin id="95" dir="1" index="3" bw="1" slack="2147483647"/>
</pin_list>
<bind>
<opcode="readreq(1154) " fcode="readreq"/>
<opset="gmem0_load_req/2 "/>
</bind>
</comp>

<comp id="98" class="1004" name="gmem0_addr_read_read_fu_98">
<pin_list>
<pin id="99" dir="0" index="0" bw="32" slack="0"/>
<pin id="100" dir="0" index="1" bw="32" slack="9"/>
<pin id="101" dir="1" index="2" bw="32" slack="1"/>
</pin_list>
<bind>
<opcode="read(1150) " fcode="read"/>
<opset="gmem0_addr_read/10 "/>
</bind>
</comp>

<comp id="103" class="1004" name="store_ln171_store_fu_103">
<pin_list>
<pin id="104" dir="0" index="0" bw="1" slack="0"/>
<pin id="105" dir="0" index="1" bw="16" slack="0"/>
<pin id="106" dir="1" index="2" bw="0" slack="2147483647"/>
</pin_list>
<bind>
<opcode="store(28) " fcode="store"/>
<opset="store_ln171/1 "/>
</bind>
</comp>

<comp id="108" class="1004" name="i_load_fu_108">
<pin_list>
<pin id="109" dir="0" index="0" bw="16" slack="0"/>
<pin id="110" dir="1" index="1" bw="16" slack="0"/>
</pin_list>
<bind>
<opcode="load(27) " fcode="load"/>
<opset="i/1 "/>
</bind>
</comp>

<comp id="111" class="1004" name="zext_ln171_1_fu_111">
<pin_list>
<pin id="112" dir="0" index="0" bw="16" slack="0"/>
<pin id="113" dir="1" index="1" bw="32" slack="0"/>
</pin_list>
<bind>
<opcode="zext(34) " fcode="zext"/>
<opset="zext_ln171_1/1 "/>
</bind>
</comp>

<comp id="115" class="1004" name="icmp_ln171_fu_115">
<pin_list>
<pin id="116" dir="0" index="0" bw="32" slack="0"/>
<pin id="117" dir="0" index="1" bw="32" slack="0"/>
<pin id="118" dir="1" index="2" bw="1" slack="10"/>
</pin_list>
<bind>
<opcode="icmp(45) " fcode="icmp"/>
<opset="icmp_ln171/1 "/>
</bind>
</comp>

<comp id="121" class="1004" name="add_ln171_fu_121">
<pin_list>
<pin id="122" dir="0" index="0" bw="16" slack="0"/>
<pin id="123" dir="0" index="1" bw="1" slack="0"/>
<pin id="124" dir="1" index="2" bw="16" slack="0"/>
</pin_list>
<bind>
<opcode="add(8) " fcode="add"/>
<opset="add_ln171/1 "/>
</bind>
</comp>

<comp id="127" class="1004" name="shl_ln174_fu_127">
<pin_list>
<pin id="128" dir="0" index="0" bw="16" slack="0"/>
<pin id="129" dir="0" index="1" bw="1" slack="0"/>
<pin id="130" dir="1" index="2" bw="16" slack="0"/>
</pin_list>
<bind>
<opcode="shl(20) " fcode="shl"/>
<opset="shl_ln174/1 "/>
</bind>
</comp>

<comp id="133" class="1004" name="zext_ln174_fu_133">
<pin_list>
<pin id="134" dir="0" index="0" bw="16" slack="0"/>
<pin id="135" dir="1" index="1" bw="64" slack="0"/>
</pin_list>
<bind>
<opcode="zext(34) " fcode="zext"/>
<opset="zext_ln174/1 "/>
</bind>
</comp>

<comp id="137" class="1004" name="add_ln174_fu_137">
<pin_list>
<pin id="138" dir="0" index="0" bw="16" slack="0"/>
<pin id="139" dir="0" index="1" bw="64" slack="0"/>
<pin id="140" dir="1" index="2" bw="64" slack="0"/>
</pin_list>
<bind>
<opcode="add(8) " fcode="add"/>
<opset="add_ln174/1 "/>
</bind>
</comp>

<comp id="143" class="1004" name="trunc_ln174_2_fu_143">
<pin_list>
<pin id="144" dir="0" index="0" bw="62" slack="0"/>
<pin id="145" dir="0" index="1" bw="64" slack="0"/>
<pin id="146" dir="0" index="2" bw="3" slack="0"/>
<pin id="147" dir="0" index="3" bw="7" slack="0"/>
<pin id="148" dir="1" index="4" bw="62" slack="0"/>
</pin_list>
<bind>
<opcode="partselect(1002) " fcode="partselect"/>
<opset="trunc_ln174_2/1 "/>
</bind>
</comp>

<comp id="153" class="1004" name="sext_ln174_fu_153">
<pin_list>
<pin id="154" dir="0" index="0" bw="62" slack="0"/>
<pin id="155" dir="1" index="1" bw="64" slack="0"/>
</pin_list>
<bind>
<opcode="sext(35) " fcode="sext"/>
<opset="sext_ln174/1 "/>
</bind>
</comp>

<comp id="157" class="1004" name="gmem0_addr_fu_157">
<pin_list>
<pin id="158" dir="0" index="0" bw="64" slack="0"/>
<pin id="159" dir="0" index="1" bw="64" slack="0"/>
<pin id="160" dir="1" index="2" bw="64" slack="1"/>
</pin_list>
<bind>
<opcode="getelementptr(29) " fcode="getelementptr"/>
<opset="gmem0_addr/1 "/>
</bind>
</comp>

<comp id="163" class="1004" name="trunc_ln174_fu_163">
<pin_list>
<pin id="164" dir="0" index="0" bw="64" slack="0"/>
<pin id="165" dir="1" index="1" bw="2" slack="10"/>
</pin_list>
<bind>
<opcode="trunc(33) " fcode="trunc"/>
<opset="trunc_ln174/1 "/>
</bind>
</comp>

<comp id="167" class="1004" name="store_ln171_store_fu_167">
<pin_list>
<pin id="168" dir="0" index="0" bw="16" slack="0"/>
<pin id="169" dir="0" index="1" bw="16" slack="0"/>
<pin id="170" dir="1" index="2" bw="0" slack="2147483647"/>
</pin_list>
<bind>
<opcode="store(28) " fcode="store"/>
<opset="store_ln171/1 "/>
</bind>
</comp>

<comp id="172" class="1004" name="shl_ln174_1_fu_172">
<pin_list>
<pin id="173" dir="0" index="0" bw="5" slack="0"/>
<pin id="174" dir="0" index="1" bw="2" slack="10"/>
<pin id="175" dir="0" index="2" bw="1" slack="0"/>
<pin id="176" dir="1" index="3" bw="5" slack="0"/>
</pin_list>
<bind>
<opcode="bitconcatenate(1004) " fcode="bitconcatenate"/>
<opset="shl_ln174_1/11 "/>
</bind>
</comp>

<comp id="179" class="1004" name="zext_ln174_1_fu_179">
<pin_list>
<pin id="180" dir="0" index="0" bw="5" slack="0"/>
<pin id="181" dir="1" index="1" bw="32" slack="0"/>
</pin_list>
<bind>
<opcode="zext(34) " fcode="zext"/>
<opset="zext_ln174_1/11 "/>
</bind>
</comp>

<comp id="183" class="1004" name="lshr_ln174_fu_183">
<pin_list>
<pin id="184" dir="0" index="0" bw="32" slack="1"/>
<pin id="185" dir="0" index="1" bw="5" slack="0"/>
<pin id="186" dir="1" index="2" bw="32" slack="0"/>
</pin_list>
<bind>
<opcode="lshr(21) " fcode="lshr"/>
<opset="lshr_ln174/11 "/>
</bind>
</comp>

<comp id="188" class="1004" name="trunc_ln174_1_fu_188">
<pin_list>
<pin id="189" dir="0" index="0" bw="32" slack="0"/>
<pin id="190" dir="1" index="1" bw="11" slack="1"/>
</pin_list>
<bind>
<opcode="trunc(33) " fcode="trunc"/>
<opset="trunc_ln174_1/11 "/>
</bind>
</comp>

<comp id="192" class="1004" name="zext_ln171_fu_192">
<pin_list>
<pin id="193" dir="0" index="0" bw="16" slack="11"/>
<pin id="194" dir="1" index="1" bw="64" slack="0"/>
</pin_list>
<bind>
<opcode="zext(34) " fcode="zext"/>
<opset="zext_ln171/12 "/>
</bind>
</comp>

<comp id="196" class="1005" name="i_3_reg_196">
<pin_list>
<pin id="197" dir="0" index="0" bw="16" slack="0"/>
<pin id="198" dir="1" index="1" bw="16" slack="0"/>
</pin_list>
<bind>
<opset="i_3 "/>
</bind>
</comp>

<comp id="203" class="1005" name="i_reg_203">
<pin_list>
<pin id="204" dir="0" index="0" bw="16" slack="11"/>
<pin id="205" dir="1" index="1" bw="16" slack="11"/>
</pin_list>
<bind>
<opset="i "/>
</bind>
</comp>

<comp id="208" class="1005" name="icmp_ln171_reg_208">
<pin_list>
<pin id="209" dir="0" index="0" bw="1" slack="10"/>
<pin id="210" dir="1" index="1" bw="1" slack="2147483647"/>
</pin_list>
<bind>
<opset="icmp_ln171 "/>
</bind>
</comp>

<comp id="212" class="1005" name="gmem0_addr_reg_212">
<pin_list>
<pin id="213" dir="0" index="0" bw="32" slack="1"/>
<pin id="214" dir="1" index="1" bw="32" slack="1"/>
</pin_list>
<bind>
<opset="gmem0_addr "/>
</bind>
</comp>

<comp id="218" class="1005" name="trunc_ln174_reg_218">
<pin_list>
<pin id="219" dir="0" index="0" bw="2" slack="10"/>
<pin id="220" dir="1" index="1" bw="2" slack="10"/>
</pin_list>
<bind>
<opset="trunc_ln174 "/>
</bind>
</comp>

<comp id="223" class="1005" name="gmem0_addr_read_reg_223">
<pin_list>
<pin id="224" dir="0" index="0" bw="32" slack="1"/>
<pin id="225" dir="1" index="1" bw="32" slack="1"/>
</pin_list>
<bind>
<opset="gmem0_addr_read "/>
</bind>
</comp>

<comp id="228" class="1005" name="trunc_ln174_1_reg_228">
<pin_list>
<pin id="229" dir="0" index="0" bw="11" slack="1"/>
<pin id="230" dir="1" index="1" bw="11" slack="1"/>
</pin_list>
<bind>
<opset="trunc_ln174_1 "/>
</bind>
</comp>

</comp_list>

<net_list>
<net id="65"><net_src comp="8" pin="0"/><net_sink comp="62" pin=0"/></net>

<net id="70"><net_src comp="28" pin="0"/><net_sink comp="66" pin=0"/></net>

<net id="71"><net_src comp="4" pin="0"/><net_sink comp="66" pin=1"/></net>

<net id="76"><net_src comp="30" pin="0"/><net_sink comp="72" pin=0"/></net>

<net id="77"><net_src comp="2" pin="0"/><net_sink comp="72" pin=1"/></net>

<net id="83"><net_src comp="6" pin="0"/><net_sink comp="78" pin=0"/></net>

<net id="84"><net_src comp="60" pin="0"/><net_sink comp="78" pin=1"/></net>

<net id="90"><net_src comp="78" pin="3"/><net_sink comp="85" pin=0"/></net>

<net id="96"><net_src comp="44" pin="0"/><net_sink comp="91" pin=0"/></net>

<net id="97"><net_src comp="46" pin="0"/><net_sink comp="91" pin=2"/></net>

<net id="102"><net_src comp="48" pin="0"/><net_sink comp="98" pin=0"/></net>

<net id="107"><net_src comp="32" pin="0"/><net_sink comp="103" pin=0"/></net>

<net id="114"><net_src comp="108" pin="1"/><net_sink comp="111" pin=0"/></net>

<net id="119"><net_src comp="111" pin="1"/><net_sink comp="115" pin=0"/></net>

<net id="120"><net_src comp="72" pin="2"/><net_sink comp="115" pin=1"/></net>

<net id="125"><net_src comp="108" pin="1"/><net_sink comp="121" pin=0"/></net>

<net id="126"><net_src comp="36" pin="0"/><net_sink comp="121" pin=1"/></net>

<net id="131"><net_src comp="108" pin="1"/><net_sink comp="127" pin=0"/></net>

<net id="132"><net_src comp="36" pin="0"/><net_sink comp="127" pin=1"/></net>

<net id="136"><net_src comp="127" pin="2"/><net_sink comp="133" pin=0"/></net>

<net id="141"><net_src comp="133" pin="1"/><net_sink comp="137" pin=0"/></net>

<net id="142"><net_src comp="66" pin="2"/><net_sink comp="137" pin=1"/></net>

<net id="149"><net_src comp="38" pin="0"/><net_sink comp="143" pin=0"/></net>

<net id="150"><net_src comp="137" pin="2"/><net_sink comp="143" pin=1"/></net>

<net id="151"><net_src comp="40" pin="0"/><net_sink comp="143" pin=2"/></net>

<net id="152"><net_src comp="42" pin="0"/><net_sink comp="143" pin=3"/></net>

<net id="156"><net_src comp="143" pin="4"/><net_sink comp="153" pin=0"/></net>

<net id="161"><net_src comp="0" pin="0"/><net_sink comp="157" pin=0"/></net>

<net id="162"><net_src comp="153" pin="1"/><net_sink comp="157" pin=1"/></net>

<net id="166"><net_src comp="137" pin="2"/><net_sink comp="163" pin=0"/></net>

<net id="171"><net_src comp="121" pin="2"/><net_sink comp="167" pin=0"/></net>

<net id="177"><net_src comp="50" pin="0"/><net_sink comp="172" pin=0"/></net>

<net id="178"><net_src comp="52" pin="0"/><net_sink comp="172" pin=2"/></net>

<net id="182"><net_src comp="172" pin="3"/><net_sink comp="179" pin=0"/></net>

<net id="187"><net_src comp="179" pin="1"/><net_sink comp="183" pin=1"/></net>

<net id="191"><net_src comp="183" pin="2"/><net_sink comp="188" pin=0"/></net>

<net id="195"><net_src comp="192" pin="1"/><net_sink comp="78" pin=2"/></net>

<net id="199"><net_src comp="62" pin="1"/><net_sink comp="196" pin=0"/></net>

<net id="200"><net_src comp="196" pin="1"/><net_sink comp="103" pin=1"/></net>

<net id="201"><net_src comp="196" pin="1"/><net_sink comp="108" pin=0"/></net>

<net id="202"><net_src comp="196" pin="1"/><net_sink comp="167" pin=1"/></net>

<net id="206"><net_src comp="108" pin="1"/><net_sink comp="203" pin=0"/></net>

<net id="207"><net_src comp="203" pin="1"/><net_sink comp="192" pin=0"/></net>

<net id="211"><net_src comp="115" pin="2"/><net_sink comp="208" pin=0"/></net>

<net id="215"><net_src comp="157" pin="2"/><net_sink comp="212" pin=0"/></net>

<net id="216"><net_src comp="212" pin="1"/><net_sink comp="91" pin=1"/></net>

<net id="217"><net_src comp="212" pin="1"/><net_sink comp="98" pin=1"/></net>

<net id="221"><net_src comp="163" pin="1"/><net_sink comp="218" pin=0"/></net>

<net id="222"><net_src comp="218" pin="1"/><net_sink comp="172" pin=1"/></net>

<net id="226"><net_src comp="98" pin="2"/><net_sink comp="223" pin=0"/></net>

<net id="227"><net_src comp="223" pin="1"/><net_sink comp="183" pin=0"/></net>

<net id="231"><net_src comp="188" pin="1"/><net_sink comp="228" pin=0"/></net>

<net id="232"><net_src comp="228" pin="1"/><net_sink comp="85" pin=1"/></net>

</net_list>

</model> 
---------------- Datapath Model END ------------------

* FSMD analyzer results:
  - Output states:
	Port: gmem0 | {}
	Port: col_idx | {12 }
 - Input state : 
	Port: accelerator_net_Pipeline_LOAD_COL_IDX : gmem0 | {2 3 4 5 6 7 8 9 10 }
	Port: accelerator_net_Pipeline_LOAD_COL_IDX : edge_count | {1 }
	Port: accelerator_net_Pipeline_LOAD_COL_IDX : col_idx_ddr | {1 }
	Port: accelerator_net_Pipeline_LOAD_COL_IDX : col_idx | {}
  - Chain level:
	State 1
		store_ln171 : 1
		i : 1
		zext_ln171_1 : 2
		icmp_ln171 : 3
		add_ln171 : 2
		br_ln171 : 4
		shl_ln174 : 2
		zext_ln174 : 2
		add_ln174 : 3
		trunc_ln174_2 : 4
		sext_ln174 : 5
		gmem0_addr : 6
		trunc_ln174 : 4
		store_ln171 : 3
	State 2
	State 3
	State 4
	State 5
	State 6
	State 7
	State 8
	State 9
	State 10
	State 11
		zext_ln174_1 : 1
		lshr_ln174 : 2
		trunc_ln174_1 : 3
	State 12
		col_idx_addr : 1
		store_ln174 : 2


============================================================
+ Verbose Summary: Datapath Resource usage 
============================================================

* Functional unit list:
|----------|-----------------------------|---------|---------|
| Operation|       Functional Unit       |    FF   |   LUT   |
|----------|-----------------------------|---------|---------|
|   lshr   |      lshr_ln174_fu_183      |    0    |   100   |
|----------|-----------------------------|---------|---------|
|    add   |       add_ln171_fu_121      |    0    |    23   |
|          |       add_ln174_fu_137      |    0    |    71   |
|----------|-----------------------------|---------|---------|
|   icmp   |      icmp_ln171_fu_115      |    0    |    39   |
|----------|-----------------------------|---------|---------|
|          | col_idx_ddr_read_read_fu_66 |    0    |    0    |
|   read   |  edge_count_read_read_fu_72 |    0    |    0    |
|          |  gmem0_addr_read_read_fu_98 |    0    |    0    |
|----------|-----------------------------|---------|---------|
|  readreq |      grp_readreq_fu_91      |    0    |    0    |
|----------|-----------------------------|---------|---------|
|          |     zext_ln171_1_fu_111     |    0    |    0    |
|   zext   |      zext_ln174_fu_133      |    0    |    0    |
|          |     zext_ln174_1_fu_179     |    0    |    0    |
|          |      zext_ln171_fu_192      |    0    |    0    |
|----------|-----------------------------|---------|---------|
|    shl   |       shl_ln174_fu_127      |    0    |    0    |
|----------|-----------------------------|---------|---------|
|partselect|     trunc_ln174_2_fu_143    |    0    |    0    |
|----------|-----------------------------|---------|---------|
|   sext   |      sext_ln174_fu_153      |    0    |    0    |
|----------|-----------------------------|---------|---------|
|   trunc  |      trunc_ln174_fu_163     |    0    |    0    |
|          |     trunc_ln174_1_fu_188    |    0    |    0    |
|----------|-----------------------------|---------|---------|
|bitconcatenate|      shl_ln174_1_fu_172     |    0    |    0    |
|----------|-----------------------------|---------|---------|
|   Total  |                             |    0    |   233   |
|----------|-----------------------------|---------|---------|

Memories:
N/A

* Register list:
+-----------------------+--------+
|                       |   FF   |
+-----------------------+--------+
|gmem0_addr_read_reg_223|   32   |
|   gmem0_addr_reg_212  |   32   |
|      i_3_reg_196      |   16   |
|       i_reg_203       |   16   |
|   icmp_ln171_reg_208  |    1   |
| trunc_ln174_1_reg_228 |   11   |
|  trunc_ln174_reg_218  |    2   |
+-----------------------+--------+
|         Total         |   110  |
+-----------------------+--------+

* Multiplexer (MUX) list: 
|--------|------|------|------|--------|
|  Comp  |  Pin | Size |  BW  | S x BW |
|--------|------|------|------|--------|
|  Total |      |      |      |    0   |
|--------|------|------|------|--------|



* Summary:
+-----------+--------+--------+
|           |   FF   |   LUT  |
+-----------+--------+--------+
|  Function |    0   |   233  |
|   Memory  |    -   |    -   |
|Multiplexer|    -   |    -   |
|  Register |   110  |    -   |
+-----------+--------+--------+
|   Total   |   110  |   233  |
+-----------+--------+--------+
