

================================================================
== Vitis HLS Report for 'accelerator_net_Pipeline_STORE_STATE'
================================================================
* Date:           Tue Jun 30 17:54:44 2026

* Version:        2025.2 (Build 6295257 on Nov 14 2025)
* Project:        build
* Solution:       hls (Vivado IP Flow Target)
* Product family: zynq
* Target device:  xc7z020-clg400-1


================================================================
== Performance Estimates
================================================================
+ Timing: 
    * Summary: 
    +--------+----------+----------+------------+
    |  Clock |  Target  | Estimated| Uncertainty|
    +--------+----------+----------+------------+
    |ap_clk  |  10.00 ns|  7.300 ns|     2.70 ns|
    +--------+----------+----------+------------+

+ Latency: 
    * Summary: 
    +---------+---------+----------+----------+-----+-----+-------------------+
    |  Latency (cycles) |  Latency (absolute) |  Interval |      Pipeline     |
    |   min   |   max   |    min   |    max   | min | max |        Type       |
    +---------+---------+----------+----------+-----+-----+-------------------+
    |        ?|        ?|         ?|         ?|    0|    0|  loop pipeline stp|
    +---------+---------+----------+----------+-----+-----+-------------------+

    + Detail: 
        * Instance: 
        N/A

        * Loop: 
        +---------------+---------+---------+----------+-----------+-----------+------+----------+
        |               |  Latency (cycles) | Iteration|  Initiation Interval  | Trip |          |
        |   Loop Name   |   min   |   max   |  Latency |  achieved |   target  | Count| Pipelined|
        +---------------+---------+---------+----------+-----------+-----------+------+----------+
        |- STORE_STATE  |        ?|        ?|         9|          2|          1|     ?|       yes|
        +---------------+---------+---------+----------+-----------+-----------+------+----------+

============================================================
+ Verbose Summary: Synthesis Manager
============================================================
InlineROM: 1
ExposeGlobal: 0
============================================================
+ Verbose Summary: CDFG Model
============================================================
IsTopModel: 0
ResetActiveHigh: 1
IsCombinational: 0
IsDatapathOnly: 0
HasWiredReturn: 1
HasMFsm: 2
HasVarLatency: 1
IsPipeline: 0
IsRtlPipelined: 0
IsInstanceOverlapped: 0
IsDontTouch: 0
HasImplIP: 0
IsGatedGlobalClock: 0

+ Individual pipeline summary: 
  * Pipeline-0: initiation interval (II) = 2, depth = 9


============================================================
+ Verbose Summary: Schedule
============================================================
* Number of FSM states : 9
* Pipeline : 1
  Pipeline-0 : II = 2, D = 9, States = { 1 2 3 4 5 6 7 8 9 }
* Dataflow Pipeline: 0

* FSM state transitions: 
1 --> 2 
2 --> 3 
3 --> 4 
4 --> 5 
5 --> 6 
6 --> 7 
7 --> 8 
8 --> 9 
9 --> 

* FSM state operations: 

State 1 <SV = 0> <Delay = 5.72>
ST_1 : Operation 12 [1/1] (0.00ns)   --->   "%i = alloca i32 1" [network-accel.cpp:214]   --->   Operation 12 'alloca' 'i' <Predicate = true> <Delay = 0.00>
ST_1 : Operation 13 [1/1] (0.00ns)   --->   "%sext_ln214_1_read = read i62 @_ssdm_op_Read.ap_auto.i62, i62 %sext_ln214_1"   --->   Operation 13 'read' 'sext_ln214_1_read' <Predicate = true> <Delay = 0.00>
ST_1 : Operation 14 [1/1] (0.00ns)   --->   "%sext_ln214_read = read i62 @_ssdm_op_Read.ap_auto.i62, i62 %sext_ln214"   --->   Operation 14 'read' 'sext_ln214_read' <Predicate = true> <Delay = 0.00>
ST_1 : Operation 15 [1/1] (0.00ns)   --->   "%neuron_count_read = read i32 @_ssdm_op_Read.ap_auto.i32, i32 %neuron_count"   --->   Operation 15 'read' 'neuron_count_read' <Predicate = true> <Delay = 0.00>
ST_1 : Operation 16 [1/1] (0.00ns)   --->   "%sext_ln214_1_cast = sext i62 %sext_ln214_1_read"   --->   Operation 16 'sext' 'sext_ln214_1_cast' <Predicate = true> <Delay = 0.00>
ST_1 : Operation 17 [1/1] (0.00ns)   --->   "%sext_ln214_cast = sext i62 %sext_ln214_read"   --->   Operation 17 'sext' 'sext_ln214_cast' <Predicate = true> <Delay = 0.00>
ST_1 : Operation 18 [1/1] (0.00ns)   --->   "%specinterface_ln0 = specinterface void @_ssdm_op_SpecInterface, i32 %gmem1, void @empty_31, i32 0, i32 0, void @empty_32, i32 0, i32 0, void @empty_1, void @empty_0, void @empty_32, i32 16, i32 16, i32 16, i32 16, void @empty_32, void @empty_32, i32 4294967295, i32 0, i32 0, i32 4"   --->   Operation 18 'specinterface' 'specinterface_ln0' <Predicate = true> <Delay = 0.00>
ST_1 : Operation 19 [1/1] (1.58ns)   --->   "%store_ln214 = store i31 0, i31 %i" [network-accel.cpp:214]   --->   Operation 19 'store' 'store_ln214' <Predicate = true> <Delay = 1.58>
ST_1 : Operation 20 [1/1] (0.00ns)   --->   "%br_ln0 = br void %for.inc79"   --->   Operation 20 'br' 'br_ln0' <Predicate = true> <Delay = 0.00>
ST_1 : Operation 21 [1/1] (0.00ns)   --->   "%i_2 = load i31 %i" [network-accel.cpp:214]   --->   Operation 21 'load' 'i_2' <Predicate = true> <Delay = 0.00>
ST_1 : Operation 22 [1/1] (0.00ns)   --->   "%specbitsmap_ln0 = specbitsmap void @_ssdm_op_SpecBitsMap, i32 %gmem1"   --->   Operation 22 'specbitsmap' 'specbitsmap_ln0' <Predicate = true> <Delay = 0.00>
ST_1 : Operation 23 [1/1] (0.00ns)   --->   "%zext_ln214_2 = zext i31 %i_2" [network-accel.cpp:214]   --->   Operation 23 'zext' 'zext_ln214_2' <Predicate = true> <Delay = 0.00>
ST_1 : Operation 24 [1/1] (2.55ns)   --->   "%icmp_ln214 = icmp_slt  i32 %zext_ln214_2, i32 %neuron_count_read" [network-accel.cpp:214]   --->   Operation 24 'icmp' 'icmp_ln214' <Predicate = true> <Delay = 2.55> <CoreInst = "Cmp">   --->   Core 9 'Cmp' <Latency = 0> <II = 1> <Delay = 2.55> <FuncUnit> <Opcode : 'seteq' 'setne' 'setle' 'setge' 'setlt' 'setgt'> <InPorts = 2> <OutPorts = 1>
ST_1 : Operation 25 [1/1] (2.52ns)   --->   "%add_ln214 = add i31 %i_2, i31 1" [network-accel.cpp:214]   --->   Operation 25 'add' 'add_ln214' <Predicate = true> <Delay = 2.52> <CoreInst = "Adder">   --->   Core 1 'Adder' <Latency = 0> <II = 1> <Delay = 2.52> <FuncUnit> <Opcode : 'add' 'sub'> <InPorts = 2> <OutPorts = 1>
ST_1 : Operation 26 [1/1] (0.00ns)   --->   "%br_ln214 = br i1 %icmp_ln214, void %if.end165.loopexit9.exitStub, void %for.inc79.split" [network-accel.cpp:214]   --->   Operation 26 'br' 'br_ln214' <Predicate = true> <Delay = 0.00>
ST_1 : Operation 27 [1/1] (0.00ns)   --->   "%zext_ln214 = zext i31 %i_2" [network-accel.cpp:214]   --->   Operation 27 'zext' 'zext_ln214' <Predicate = (icmp_ln214)> <Delay = 0.00>
ST_1 : Operation 28 [1/1] (0.00ns)   --->   "%zext_ln214_1 = zext i31 %i_2" [network-accel.cpp:214]   --->   Operation 28 'zext' 'zext_ln214_1' <Predicate = (icmp_ln214)> <Delay = 0.00>
ST_1 : Operation 29 [1/1] (0.00ns)   --->   "%u_a_addr = getelementptr i32 %u_a, i64 0, i64 %zext_ln214" [network-accel.cpp:218]   --->   Operation 29 'getelementptr' 'u_a_addr' <Predicate = (icmp_ln214)> <Delay = 0.00>
ST_1 : Operation 30 [2/2] (3.25ns)   --->   "%u_a_load = load i11 %u_a_addr" [network-accel.cpp:218]   --->   Operation 30 'load' 'u_a_load' <Predicate = (icmp_ln214)> <Delay = 3.25> <CoreInst = "RAM">   --->   Core 81 'RAM' <Latency = 1> <II = 1> <Delay = 3.25> <Storage> <Opcode : 'load' 'store'> <Ports = 2> <Width = 32> <Depth = 2048> <RAM>
ST_1 : Operation 31 [1/1] (3.46ns)   --->   "%add_ln218 = add i63 %zext_ln214_1, i63 %sext_ln214_cast" [network-accel.cpp:218]   --->   Operation 31 'add' 'add_ln218' <Predicate = (icmp_ln214)> <Delay = 3.46> <CoreInst = "Adder">   --->   Core 1 'Adder' <Latency = 0> <II = 1> <Delay = 3.46> <FuncUnit> <Opcode : 'add' 'sub'> <InPorts = 2> <OutPorts = 1>
ST_1 : Operation 32 [1/1] (0.00ns)   --->   "%sext_ln218 = sext i63 %add_ln218" [network-accel.cpp:218]   --->   Operation 32 'sext' 'sext_ln218' <Predicate = (icmp_ln214)> <Delay = 0.00>
ST_1 : Operation 33 [1/1] (0.00ns)   --->   "%gmem1_addr = getelementptr i32 %gmem1, i64 %sext_ln218" [network-accel.cpp:218]   --->   Operation 33 'getelementptr' 'gmem1_addr' <Predicate = (icmp_ln214)> <Delay = 0.00>
ST_1 : Operation 34 [1/1] (0.00ns)   --->   "%v_a_addr = getelementptr i32 %v_a, i64 0, i64 %zext_ln214" [network-accel.cpp:219]   --->   Operation 34 'getelementptr' 'v_a_addr' <Predicate = (icmp_ln214)> <Delay = 0.00>
ST_1 : Operation 35 [2/2] (3.25ns)   --->   "%v_a_load = load i11 %v_a_addr" [network-accel.cpp:219]   --->   Operation 35 'load' 'v_a_load' <Predicate = (icmp_ln214)> <Delay = 3.25> <CoreInst = "RAM">   --->   Core 81 'RAM' <Latency = 1> <II = 1> <Delay = 3.25> <Storage> <Opcode : 'load' 'store'> <Ports = 2> <Width = 32> <Depth = 2048> <RAM>
ST_1 : Operation 36 [1/1] (3.46ns)   --->   "%add_ln219 = add i63 %zext_ln214_1, i63 %sext_ln214_1_cast" [network-accel.cpp:219]   --->   Operation 36 'add' 'add_ln219' <Predicate = (icmp_ln214)> <Delay = 3.46> <CoreInst = "Adder">   --->   Core 1 'Adder' <Latency = 0> <II = 1> <Delay = 3.46> <FuncUnit> <Opcode : 'add' 'sub'> <InPorts = 2> <OutPorts = 1>
ST_1 : Operation 37 [1/1] (0.00ns)   --->   "%sext_ln219 = sext i63 %add_ln219" [network-accel.cpp:219]   --->   Operation 37 'sext' 'sext_ln219' <Predicate = (icmp_ln214)> <Delay = 0.00>
ST_1 : Operation 38 [1/1] (0.00ns)   --->   "%gmem1_addr_1 = getelementptr i32 %gmem1, i64 %sext_ln219" [network-accel.cpp:219]   --->   Operation 38 'getelementptr' 'gmem1_addr_1' <Predicate = (icmp_ln214)> <Delay = 0.00>
ST_1 : Operation 39 [1/1] (1.58ns)   --->   "%store_ln214 = store i31 %add_ln214, i31 %i" [network-accel.cpp:214]   --->   Operation 39 'store' 'store_ln214' <Predicate = (icmp_ln214)> <Delay = 1.58>

State 2 <SV = 1> <Delay = 7.30>
ST_2 : Operation 40 [1/2] ( I:3.25ns O:3.25ns )   --->   "%u_a_load = load i11 %u_a_addr" [network-accel.cpp:218]   --->   Operation 40 'load' 'u_a_load' <Predicate = (icmp_ln214)> <Delay = 3.25> <CoreInst = "RAM">   --->   Core 81 'RAM' <Latency = 1> <II = 1> <Delay = 3.25> <Storage> <Opcode : 'load' 'store'> <Ports = 2> <Width = 32> <Depth = 2048> <RAM>
ST_2 : Operation 41 [1/1] ( I:7.30ns O:7.30ns )   --->   "%gmem1_addr_2_req = writereq i1 @_ssdm_op_WriteReq.m_axi.i32P1A, i32 %gmem1_addr, i64 1" [network-accel.cpp:218]   --->   Operation 41 'writereq' 'gmem1_addr_2_req' <Predicate = (icmp_ln214)> <Delay = 7.30> <CoreInst = "m_axi">   --->   Core 111 'm_axi' <Latency = 9> <II = 1> <Delay = 1.00> <Adapter> <Opcode : 'readrequnaligned' 'writerequnaligned' 'read' 'write' 'readreq' 'writereq' 'writeresp'>
ST_2 : Operation 42 [1/2] ( I:3.25ns O:3.25ns )   --->   "%v_a_load = load i11 %v_a_addr" [network-accel.cpp:219]   --->   Operation 42 'load' 'v_a_load' <Predicate = (icmp_ln214)> <Delay = 3.25> <CoreInst = "RAM">   --->   Core 81 'RAM' <Latency = 1> <II = 1> <Delay = 3.25> <Storage> <Opcode : 'load' 'store'> <Ports = 2> <Width = 32> <Depth = 2048> <RAM>

State 3 <SV = 2> <Delay = 7.30>
ST_3 : Operation 43 [1/1] ( I:7.30ns O:7.30ns )   --->   "%write_ln218 = write void @_ssdm_op_Write.m_axi.i32P1A, i32 %gmem1_addr, i32 %u_a_load, i4 15" [network-accel.cpp:218]   --->   Operation 43 'write' 'write_ln218' <Predicate = true> <Delay = 7.30> <CoreInst = "m_axi">   --->   Core 111 'm_axi' <Latency = 5> <II = 1> <Delay = 1.00> <Adapter> <Opcode : 'readrequnaligned' 'writerequnaligned' 'read' 'write' 'readreq' 'writereq' 'writeresp'>
ST_3 : Operation 44 [1/1] ( I:7.30ns O:7.30ns )   --->   "%gmem1_addr_3_req = writereq i1 @_ssdm_op_WriteReq.m_axi.i32P1A, i32 %gmem1_addr_1, i64 1" [network-accel.cpp:219]   --->   Operation 44 'writereq' 'gmem1_addr_3_req' <Predicate = true> <Delay = 7.30> <CoreInst = "m_axi">   --->   Core 111 'm_axi' <Latency = 9> <II = 1> <Delay = 1.00> <Adapter> <Opcode : 'readrequnaligned' 'writerequnaligned' 'read' 'write' 'readreq' 'writereq' 'writeresp'>

State 4 <SV = 3> <Delay = 7.30>
ST_4 : Operation 45 [5/5] (7.30ns)   --->   "%gmem1_addr_2_resp = writeresp i1 @_ssdm_op_WriteResp.m_axi.i32P1A, i32 %gmem1_addr" [network-accel.cpp:218]   --->   Operation 45 'writeresp' 'gmem1_addr_2_resp' <Predicate = true> <Delay = 7.30> <CoreInst = "m_axi">   --->   Core 111 'm_axi' <Latency = 3> <II = 1> <Delay = 1.00> <Adapter> <Opcode : 'readrequnaligned' 'writerequnaligned' 'read' 'write' 'readreq' 'writereq' 'writeresp'>
ST_4 : Operation 46 [1/1] ( I:7.30ns O:7.30ns )   --->   "%write_ln219 = write void @_ssdm_op_Write.m_axi.i32P1A, i32 %gmem1_addr_1, i32 %v_a_load, i4 15" [network-accel.cpp:219]   --->   Operation 46 'write' 'write_ln219' <Predicate = true> <Delay = 7.30> <CoreInst = "m_axi">   --->   Core 111 'm_axi' <Latency = 5> <II = 1> <Delay = 1.00> <Adapter> <Opcode : 'readrequnaligned' 'writerequnaligned' 'read' 'write' 'readreq' 'writereq' 'writeresp'>

State 5 <SV = 4> <Delay = 0.00>
ST_5 : Operation 47 [4/5] (7.30ns)   --->   "%gmem1_addr_2_resp = writeresp i1 @_ssdm_op_WriteResp.m_axi.i32P1A, i32 %gmem1_addr" [network-accel.cpp:218]   --->   Operation 47 'writeresp' 'gmem1_addr_2_resp' <Predicate = true> <Delay = 7.30> <CoreInst = "m_axi">   --->   Core 111 'm_axi' <Latency = 3> <II = 1> <Delay = 1.00> <Adapter> <Opcode : 'readrequnaligned' 'writerequnaligned' 'read' 'write' 'readreq' 'writereq' 'writeresp'>
ST_5 : Operation 48 [5/5] (7.30ns)   --->   "%gmem1_addr_3_resp = writeresp i1 @_ssdm_op_WriteResp.m_axi.i32P1A, i32 %gmem1_addr_1" [network-accel.cpp:219]   --->   Operation 48 'writeresp' 'gmem1_addr_3_resp' <Predicate = true> <Delay = 7.30> <CoreInst = "m_axi">   --->   Core 111 'm_axi' <Latency = 3> <II = 1> <Delay = 1.00> <Adapter> <Opcode : 'readrequnaligned' 'writerequnaligned' 'read' 'write' 'readreq' 'writereq' 'writeresp'>

State 6 <SV = 5> <Delay = 0.00>
ST_6 : Operation 49 [3/5] (7.30ns)   --->   "%gmem1_addr_2_resp = writeresp i1 @_ssdm_op_WriteResp.m_axi.i32P1A, i32 %gmem1_addr" [network-accel.cpp:218]   --->   Operation 49 'writeresp' 'gmem1_addr_2_resp' <Predicate = true> <Delay = 7.30> <CoreInst = "m_axi">   --->   Core 111 'm_axi' <Latency = 3> <II = 1> <Delay = 1.00> <Adapter> <Opcode : 'readrequnaligned' 'writerequnaligned' 'read' 'write' 'readreq' 'writereq' 'writeresp'>
ST_6 : Operation 50 [4/5] (7.30ns)   --->   "%gmem1_addr_3_resp = writeresp i1 @_ssdm_op_WriteResp.m_axi.i32P1A, i32 %gmem1_addr_1" [network-accel.cpp:219]   --->   Operation 50 'writeresp' 'gmem1_addr_3_resp' <Predicate = true> <Delay = 7.30> <CoreInst = "m_axi">   --->   Core 111 'm_axi' <Latency = 3> <II = 1> <Delay = 1.00> <Adapter> <Opcode : 'readrequnaligned' 'writerequnaligned' 'read' 'write' 'readreq' 'writereq' 'writeresp'>

State 7 <SV = 6> <Delay = 1.58>
ST_7 : Operation 51 [2/5] (7.30ns)   --->   "%gmem1_addr_2_resp = writeresp i1 @_ssdm_op_WriteResp.m_axi.i32P1A, i32 %gmem1_addr" [network-accel.cpp:218]   --->   Operation 51 'writeresp' 'gmem1_addr_2_resp' <Predicate = true> <Delay = 7.30> <CoreInst = "m_axi">   --->   Core 111 'm_axi' <Latency = 3> <II = 1> <Delay = 1.00> <Adapter> <Opcode : 'readrequnaligned' 'writerequnaligned' 'read' 'write' 'readreq' 'writereq' 'writeresp'>
ST_7 : Operation 52 [3/5] (7.30ns)   --->   "%gmem1_addr_3_resp = writeresp i1 @_ssdm_op_WriteResp.m_axi.i32P1A, i32 %gmem1_addr_1" [network-accel.cpp:219]   --->   Operation 52 'writeresp' 'gmem1_addr_3_resp' <Predicate = true> <Delay = 7.30> <CoreInst = "m_axi">   --->   Core 111 'm_axi' <Latency = 3> <II = 1> <Delay = 1.00> <Adapter> <Opcode : 'readrequnaligned' 'writerequnaligned' 'read' 'write' 'readreq' 'writereq' 'writeresp'>
ST_7 : Operation 59 [1/1] (1.58ns)   --->   "%ret_ln0 = ret"   --->   Operation 59 'ret' 'ret_ln0' <Predicate = (!icmp_ln214)> <Delay = 1.58>

State 8 <SV = 7> <Delay = 7.30>
ST_8 : Operation 53 [1/5] ( I:7.30ns O:7.30ns )   --->   "%gmem1_addr_2_resp = writeresp i1 @_ssdm_op_WriteResp.m_axi.i32P1A, i32 %gmem1_addr" [network-accel.cpp:218]   --->   Operation 53 'writeresp' 'gmem1_addr_2_resp' <Predicate = true> <Delay = 7.30> <CoreInst = "m_axi">   --->   Core 111 'm_axi' <Latency = 3> <II = 1> <Delay = 1.00> <Adapter> <Opcode : 'readrequnaligned' 'writerequnaligned' 'read' 'write' 'readreq' 'writereq' 'writeresp'>
ST_8 : Operation 54 [2/5] (7.30ns)   --->   "%gmem1_addr_3_resp = writeresp i1 @_ssdm_op_WriteResp.m_axi.i32P1A, i32 %gmem1_addr_1" [network-accel.cpp:219]   --->   Operation 54 'writeresp' 'gmem1_addr_3_resp' <Predicate = true> <Delay = 7.30> <CoreInst = "m_axi">   --->   Core 111 'm_axi' <Latency = 3> <II = 1> <Delay = 1.00> <Adapter> <Opcode : 'readrequnaligned' 'writerequnaligned' 'read' 'write' 'readreq' 'writereq' 'writeresp'>

State 9 <SV = 8> <Delay = 7.30>
ST_9 : Operation 55 [1/1] (0.00ns)   --->   "%specpipeline_ln216 = specpipeline void @_ssdm_op_SpecPipeline, i32 1, i32 0, i32 0, i32 0, i32 4294967295, void @empty_32" [network-accel.cpp:216]   --->   Operation 55 'specpipeline' 'specpipeline_ln216' <Predicate = true> <Delay = 0.00>
ST_9 : Operation 56 [1/1] (0.00ns)   --->   "%specloopname_ln214 = specloopname void @_ssdm_op_SpecLoopName, void @empty_26" [network-accel.cpp:214]   --->   Operation 56 'specloopname' 'specloopname_ln214' <Predicate = true> <Delay = 0.00>
ST_9 : Operation 57 [1/5] ( I:7.30ns O:7.30ns )   --->   "%gmem1_addr_3_resp = writeresp i1 @_ssdm_op_WriteResp.m_axi.i32P1A, i32 %gmem1_addr_1" [network-accel.cpp:219]   --->   Operation 57 'writeresp' 'gmem1_addr_3_resp' <Predicate = true> <Delay = 7.30> <CoreInst = "m_axi">   --->   Core 111 'm_axi' <Latency = 3> <II = 1> <Delay = 1.00> <Adapter> <Opcode : 'readrequnaligned' 'writerequnaligned' 'read' 'write' 'readreq' 'writereq' 'writeresp'>
ST_9 : Operation 58 [1/1] (0.00ns)   --->   "%br_ln214 = br void %for.inc79" [network-accel.cpp:214]   --->   Operation 58 'br' 'br_ln214' <Predicate = true> <Delay = 0.00>


============================================================
+ Verbose Summary: Timing violations
============================================================
Target clock period: 10.000ns, clock uncertainty: 2.700ns.

 <State 1>: 5.728ns
The critical path consists of the following:
	'store' operation ('store_ln214', network-accel.cpp:214) of constant 0 31 bit on local variable 'i', network-accel.cpp:214 [14]  (1.588 ns)
	'load' operation 31 bit ('i', network-accel.cpp:214) on local variable 'i', network-accel.cpp:214 [17]  (0.000 ns)
	'icmp' operation 1 bit ('icmp_ln214', network-accel.cpp:214) [20]  (2.552 ns)
	'store' operation ('store_ln214', network-accel.cpp:214) of variable 'add_ln214', network-accel.cpp:214 31 bit on local variable 'i', network-accel.cpp:214 [44]  (1.588 ns)

 <State 2>: 7.300ns
The critical path consists of the following:
	bus request operation ('gmem1_addr_2_req', network-accel.cpp:218) on port 'gmem1' (network-accel.cpp:218) [33]  (7.300 ns)

 <State 3>: 7.300ns
The critical path consists of the following:
	bus write operation ('write_ln218', network-accel.cpp:218) on port 'gmem1' (network-accel.cpp:218) [34]  (7.300 ns)

 <State 4>: 7.300ns
The critical path consists of the following:
	bus write operation ('write_ln219', network-accel.cpp:219) on port 'gmem1' (network-accel.cpp:219) [42]  (7.300 ns)

 <State 5>: 0.000ns
The critical path consists of the following:

 <State 6>: 0.000ns
The critical path consists of the following:

 <State 7>: 1.588ns
The critical path consists of the following:

 <State 8>: 7.300ns
The critical path consists of the following:
	bus response operation ('gmem1_addr_2_resp', network-accel.cpp:218) on port 'gmem1' (network-accel.cpp:218) [35]  (7.300 ns)

 <State 9>: 7.300ns
The critical path consists of the following:
	bus response operation ('gmem1_addr_3_resp', network-accel.cpp:219) on port 'gmem1' (network-accel.cpp:219) [43]  (7.300 ns)


============================================================
+ Verbose Summary: Binding
============================================================
N/A
* FSMD analyzer results:
  - Output states:
 - Input state : 
  - Chain level:
	State 1
	State 2
	State 3
	State 4
	State 5
	State 6
	State 7
	State 8
	State 9


============================================================
+ Verbose Summary: Datapath Resource usage 
============================================================
N/A
