

================================================================
== Vitis HLS Report for 'accelerator_net_Pipeline_COMPUTE_DEGREE'
================================================================
* Date:           Tue Jun 30 17:54:47 2026

* Version:        2025.2 (Build 6295257 on Nov 14 2025)
* Project:        build
* Solution:       hls (Vivado IP Flow Target)
* Product family: zynq
* Target device:  xc7z020-clg400-1


================================================================
== Performance Estimates
================================================================
+ Timing: 
    * Summary: 
    +--------+----------+----------+------------+
    |  Clock |  Target  | Estimated| Uncertainty|
    +--------+----------+----------+------------+
    |ap_clk  |  10.00 ns|  6.389 ns|     2.70 ns|
    +--------+----------+----------+------------+

+ Latency: 
    * Summary: 
    +---------+---------+----------+----------+-----+-----+-------------------+
    |  Latency (cycles) |  Latency (absolute) |  Interval |      Pipeline     |
    |   min   |   max   |    min   |    max   | min | max |        Type       |
    +---------+---------+----------+----------+-----+-----+-------------------+
    |        ?|        ?|         ?|         ?|    0|    0|  loop pipeline stp|
    +---------+---------+----------+----------+-----+-----+-------------------+

    + Detail: 
        * Instance: 
        N/A

        * Loop: 
        +------------------+---------+---------+----------+-----------+-----------+------+----------+
        |                  |  Latency (cycles) | Iteration|  Initiation Interval  | Trip |          |
        |     Loop Name    |   min   |   max   |  Latency |  achieved |   target  | Count| Pipelined|
        +------------------+---------+---------+----------+-----------+-----------+------+----------+
        |- COMPUTE_DEGREE  |        ?|        ?|         3|          1|          1|     ?|       yes|
        +------------------+---------+---------+----------+-----------+-----------+------+----------+

============================================================
+ Verbose Summary: Synthesis Manager
============================================================
InlineROM: 1
ExposeGlobal: 0
============================================================
+ Verbose Summary: CDFG Model
============================================================
IsTopModel: 0
ResetActiveHigh: 1
IsCombinational: 0
IsDatapathOnly: 0
HasWiredReturn: 1
HasMFsm: 2
HasVarLatency: 1
IsPipeline: 0
IsRtlPipelined: 0
IsInstanceOverlapped: 0
IsDontTouch: 0
HasImplIP: 0
IsGatedGlobalClock: 0

+ Individual pipeline summary: 
  * Pipeline-0: initiation interval (II) = 1, depth = 3


============================================================
+ Verbose Summary: Schedule
============================================================
* Number of FSM states : 3
* Pipeline : 1
  Pipeline-0 : II = 1, D = 3, States = { 1 2 3 }
* Dataflow Pipeline: 0

* FSM state transitions: 
1 --> 2 
2 --> 3 
3 --> 

* FSM state operations: 

State 1 <SV = 0> <Delay = 6.38>
ST_1 : Operation 6 [1/1] (0.00ns)   --->   "%n = alloca i32 1" [network-accel.cpp:178]   --->   Operation 6 'alloca' 'n' <Predicate = true> <Delay = 0.00>
ST_1 : Operation 7 [1/1] (0.00ns)   --->   "%neuron_count_read = read i32 @_ssdm_op_Read.ap_auto.i32, i32 %neuron_count"   --->   Operation 7 'read' 'neuron_count_read' <Predicate = true> <Delay = 0.00>
ST_1 : Operation 8 [1/1] (1.58ns)   --->   "%store_ln178 = store i12 0, i12 %n" [network-accel.cpp:178]   --->   Operation 8 'store' 'store_ln178' <Predicate = true> <Delay = 1.58>
ST_1 : Operation 9 [1/1] (0.00ns)   --->   "%br_ln0 = br void %for.inc41"   --->   Operation 9 'br' 'br_ln0' <Predicate = true> <Delay = 0.00>
ST_1 : Operation 10 [1/1] (0.00ns)   --->   "%n_1 = load i12 %n" [network-accel.cpp:182]   --->   Operation 10 'load' 'n_1' <Predicate = true> <Delay = 0.00>
ST_1 : Operation 11 [1/1] (0.00ns)   --->   "%zext_ln178_1 = zext i12 %n_1" [network-accel.cpp:178]   --->   Operation 11 'zext' 'zext_ln178_1' <Predicate = true> <Delay = 0.00>
ST_1 : Operation 12 [1/1] (2.55ns)   --->   "%icmp_ln178 = icmp_slt  i32 %zext_ln178_1, i32 %neuron_count_read" [network-accel.cpp:178]   --->   Operation 12 'icmp' 'icmp_ln178' <Predicate = true> <Delay = 2.55> <CoreInst = "Cmp">   --->   Core 9 'Cmp' <Latency = 0> <II = 1> <Delay = 2.55> <FuncUnit> <Opcode : 'seteq' 'setne' 'setle' 'setge' 'setlt' 'setgt'> <InPorts = 2> <OutPorts = 1>
ST_1 : Operation 13 [1/1] (1.54ns)   --->   "%add_ln182 = add i12 %n_1, i12 1" [network-accel.cpp:182]   --->   Operation 13 'add' 'add_ln182' <Predicate = true> <Delay = 1.54> <CoreInst = "Adder">   --->   Core 1 'Adder' <Latency = 0> <II = 1> <Delay = 1.54> <FuncUnit> <Opcode : 'add' 'sub'> <InPorts = 2> <OutPorts = 1>
ST_1 : Operation 14 [1/1] (0.00ns)   --->   "%br_ln178 = br i1 %icmp_ln178, void %if.end165.loopexit11.exitStub, void %for.inc41.split" [network-accel.cpp:178]   --->   Operation 14 'br' 'br_ln178' <Predicate = true> <Delay = 0.00>
ST_1 : Operation 15 [1/1] (0.00ns)   --->   "%zext_ln178 = zext i12 %n_1" [network-accel.cpp:178]   --->   Operation 15 'zext' 'zext_ln178' <Predicate = (icmp_ln178)> <Delay = 0.00>
ST_1 : Operation 16 [1/1] (0.00ns)   --->   "%zext_ln182 = zext i12 %add_ln182" [network-accel.cpp:182]   --->   Operation 16 'zext' 'zext_ln182' <Predicate = (icmp_ln178)> <Delay = 0.00>
ST_1 : Operation 17 [1/1] (0.00ns)   --->   "%row_ptr_addr = getelementptr i32 %row_ptr, i64 0, i64 %zext_ln182" [network-accel.cpp:182]   --->   Operation 17 'getelementptr' 'row_ptr_addr' <Predicate = (icmp_ln178)> <Delay = 0.00>
ST_1 : Operation 18 [2/2] (3.25ns)   --->   "%row_ptr_load = load i12 %row_ptr_addr" [network-accel.cpp:182]   --->   Operation 18 'load' 'row_ptr_load' <Predicate = (icmp_ln178)> <Delay = 3.25> <CoreInst = "RAM">   --->   Core 81 'RAM' <Latency = 1> <II = 1> <Delay = 3.25> <Storage> <Opcode : 'load' 'store'> <Ports = 2> <Width = 32> <Depth = 2049> <RAM>
ST_1 : Operation 19 [1/1] (0.00ns)   --->   "%row_ptr_addr_1 = getelementptr i32 %row_ptr, i64 0, i64 %zext_ln178" [network-accel.cpp:183]   --->   Operation 19 'getelementptr' 'row_ptr_addr_1' <Predicate = (icmp_ln178)> <Delay = 0.00>
ST_1 : Operation 20 [2/2] (3.25ns)   --->   "%row_ptr_load_1 = load i12 %row_ptr_addr_1" [network-accel.cpp:183]   --->   Operation 20 'load' 'row_ptr_load_1' <Predicate = (icmp_ln178)> <Delay = 3.25> <CoreInst = "RAM">   --->   Core 81 'RAM' <Latency = 1> <II = 1> <Delay = 3.25> <Storage> <Opcode : 'load' 'store'> <Ports = 2> <Width = 32> <Depth = 2049> <RAM>
ST_1 : Operation 21 [1/1] (1.58ns)   --->   "%store_ln178 = store i12 %add_ln182, i12 %n" [network-accel.cpp:178]   --->   Operation 21 'store' 'store_ln178' <Predicate = (icmp_ln178)> <Delay = 1.58>

State 2 <SV = 1> <Delay = 5.16>
ST_2 : Operation 22 [1/2] ( I:3.25ns O:3.25ns )   --->   "%row_ptr_load = load i12 %row_ptr_addr" [network-accel.cpp:182]   --->   Operation 22 'load' 'row_ptr_load' <Predicate = true> <Delay = 3.25> <CoreInst = "RAM">   --->   Core 81 'RAM' <Latency = 1> <II = 1> <Delay = 3.25> <Storage> <Opcode : 'load' 'store'> <Ports = 2> <Width = 32> <Depth = 2049> <RAM>
ST_2 : Operation 23 [1/1] (0.00ns)   --->   "%trunc_ln183 = trunc i32 %row_ptr_load" [network-accel.cpp:183]   --->   Operation 23 'trunc' 'trunc_ln183' <Predicate = true> <Delay = 0.00>
ST_2 : Operation 24 [1/2] ( I:3.25ns O:3.25ns )   --->   "%row_ptr_load_1 = load i12 %row_ptr_addr_1" [network-accel.cpp:183]   --->   Operation 24 'load' 'row_ptr_load_1' <Predicate = true> <Delay = 3.25> <CoreInst = "RAM">   --->   Core 81 'RAM' <Latency = 1> <II = 1> <Delay = 3.25> <Storage> <Opcode : 'load' 'store'> <Ports = 2> <Width = 32> <Depth = 2049> <RAM>
ST_2 : Operation 25 [1/1] (0.00ns)   --->   "%trunc_ln183_1 = trunc i32 %row_ptr_load_1" [network-accel.cpp:183]   --->   Operation 25 'trunc' 'trunc_ln183_1' <Predicate = true> <Delay = 0.00>
ST_2 : Operation 26 [1/1] (1.91ns)   --->   "%sub_ln182 = sub i8 %trunc_ln183, i8 %trunc_ln183_1" [network-accel.cpp:182]   --->   Operation 26 'sub' 'sub_ln182' <Predicate = true> <Delay = 1.91> <CoreInst = "Adder">   --->   Core 1 'Adder' <Latency = 0> <II = 1> <Delay = 1.91> <FuncUnit> <Opcode : 'add' 'sub'> <InPorts = 2> <OutPorts = 1>
ST_2 : Operation 32 [1/1] (1.58ns)   --->   "%ret_ln0 = ret"   --->   Operation 32 'ret' 'ret_ln0' <Predicate = (!icmp_ln178)> <Delay = 1.58>

State 3 <SV = 2> <Delay = 3.25>
ST_3 : Operation 27 [1/1] (0.00ns)   --->   "%specpipeline_ln180 = specpipeline void @_ssdm_op_SpecPipeline, i32 1, i32 0, i32 0, i32 0, i32 4294967295, void @empty_32" [network-accel.cpp:180]   --->   Operation 27 'specpipeline' 'specpipeline_ln180' <Predicate = true> <Delay = 0.00>
ST_3 : Operation 28 [1/1] (0.00ns)   --->   "%specloopname_ln178 = specloopname void @_ssdm_op_SpecLoopName, void @empty_22" [network-accel.cpp:178]   --->   Operation 28 'specloopname' 'specloopname_ln178' <Predicate = true> <Delay = 0.00>
ST_3 : Operation 29 [1/1] (0.00ns)   --->   "%degree_addr = getelementptr i8 %degree, i64 0, i64 %zext_ln178" [network-accel.cpp:181]   --->   Operation 29 'getelementptr' 'degree_addr' <Predicate = true> <Delay = 0.00>
ST_3 : Operation 30 [1/1] ( I:3.25ns O:3.25ns )   --->   "%store_ln181 = store i8 %sub_ln182, i11 %degree_addr" [network-accel.cpp:181]   --->   Operation 30 'store' 'store_ln181' <Predicate = true> <Delay = 3.25> <CoreInst = "RAM">   --->   Core 81 'RAM' <Latency = 1> <II = 1> <Delay = 3.25> <Storage> <Opcode : 'load' 'store'> <Ports = 2> <Width = 8> <Depth = 2048> <RAM>
ST_3 : Operation 31 [1/1] (0.00ns)   --->   "%br_ln178 = br void %for.inc41" [network-accel.cpp:178]   --->   Operation 31 'br' 'br_ln178' <Predicate = true> <Delay = 0.00>


============================================================
+ Verbose Summary: Timing violations
============================================================
Target clock period: 10.000ns, clock uncertainty: 2.700ns.

 <State 1>: 6.389ns
The critical path consists of the following:
	'store' operation ('store_ln178', network-accel.cpp:178) of constant 0 12 bit on local variable 'n', network-accel.cpp:178 [6]  (1.588 ns)
	'load' operation 12 bit ('n', network-accel.cpp:182) on local variable 'n', network-accel.cpp:178 [9]  (0.000 ns)
	'add' operation 12 bit ('add_ln182', network-accel.cpp:182) [12]  (1.547 ns)
	'getelementptr' operation 12 bit ('row_ptr_addr', network-accel.cpp:182) [19]  (0.000 ns)
	'load' operation 32 bit ('row_ptr_load', network-accel.cpp:182) on array 'row_ptr' [20]  (3.254 ns)

 <State 2>: 5.169ns
The critical path consists of the following:
	'load' operation 32 bit ('row_ptr_load', network-accel.cpp:182) on array 'row_ptr' [20]  (3.254 ns)
	'sub' operation 8 bit ('sub_ln182', network-accel.cpp:182) [25]  (1.915 ns)

 <State 3>: 3.254ns
The critical path consists of the following:
	'getelementptr' operation 11 bit ('degree_addr', network-accel.cpp:181) [26]  (0.000 ns)
	'store' operation ('store_ln181', network-accel.cpp:181) of variable 'sub_ln182', network-accel.cpp:182 8 bit on array 'degree' [27]  (3.254 ns)


============================================================
+ Verbose Summary: Binding
============================================================
N/A
* FSMD analyzer results:
  - Output states:
 - Input state : 
  - Chain level:
	State 1
	State 2
	State 3


============================================================
+ Verbose Summary: Datapath Resource usage 
============================================================
N/A
