

================================================================
== Vitis HLS Report for 'accelerator_net_Pipeline_EDGE_LOOP'
================================================================
* Date:           Tue Jun 30 17:54:44 2026

* Version:        2025.2 (Build 6295257 on Nov 14 2025)
* Project:        build
* Solution:       hls (Vivado IP Flow Target)
* Product family: zynq
* Target device:  xc7z020-clg400-1


================================================================
== Performance Estimates
================================================================
+ Timing: 
    * Summary: 
    +--------+----------+----------+------------+
    |  Clock |  Target  | Estimated| Uncertainty|
    +--------+----------+----------+------------+
    |ap_clk  |  10.00 ns|  6.508 ns|     2.70 ns|
    +--------+----------+----------+------------+

+ Latency: 
    * Summary: 
    +---------+---------+----------+----------+-----+-----+-------------------+
    |  Latency (cycles) |  Latency (absolute) |  Interval |      Pipeline     |
    |   min   |   max   |    min   |    max   | min | max |        Type       |
    +---------+---------+----------+----------+-----+-----+-------------------+
    |        ?|        ?|         ?|         ?|    0|    0|  loop pipeline stp|
    +---------+---------+----------+----------+-----+-----+-------------------+

    + Detail: 
        * Instance: 
        N/A

        * Loop: 
        +-------------+---------+---------+----------+-----------+-----------+------+----------+
        |             |  Latency (cycles) | Iteration|  Initiation Interval  | Trip |          |
        |  Loop Name  |   min   |   max   |  Latency |  achieved |   target  | Count| Pipelined|
        +-------------+---------+---------+----------+-----------+-----------+------+----------+
        |- EDGE_LOOP  |        ?|        ?|         4|          1|          1|     ?|       yes|
        +-------------+---------+---------+----------+-----------+-----------+------+----------+

============================================================
+ Verbose Summary: Synthesis Manager
============================================================
InlineROM: 1
ExposeGlobal: 0
============================================================
+ Verbose Summary: CDFG Model
============================================================
IsTopModel: 0
ResetActiveHigh: 1
IsCombinational: 0
IsDatapathOnly: 0
HasWiredReturn: 1
HasMFsm: 2
HasVarLatency: 1
IsPipeline: 0
IsRtlPipelined: 0
IsInstanceOverlapped: 0
IsDontTouch: 0
HasImplIP: 0
IsGatedGlobalClock: 0

+ Individual pipeline summary: 
  * Pipeline-0: initiation interval (II) = 1, depth = 5


============================================================
+ Verbose Summary: Schedule
============================================================
* Number of FSM states : 5
* Pipeline : 1
  Pipeline-0 : II = 1, D = 5, States = { 1 2 3 4 5 }
* Dataflow Pipeline: 0

* FSM state transitions: 
1 --> 2 
2 --> 3 
3 --> 4 
4 --> 5 
5 --> 

* FSM state operations: 

State 1 <SV = 0> <Delay = 1.58>
ST_1 : Operation 7 [1/1] (0.00ns)   --->   "%inflow = alloca i32 1" [network-accel.cpp:238]   --->   Operation 7 'alloca' 'inflow' <Predicate = true> <Delay = 0.00>
ST_1 : Operation 8 [1/1] (0.00ns)   --->   "%e = alloca i32 1" [network-accel.cpp:242]   --->   Operation 8 'alloca' 'e' <Predicate = true> <Delay = 0.00>
ST_1 : Operation 9 [1/1] (0.00ns)   --->   "%row_ptr_load_read = read i32 @_ssdm_op_Read.ap_auto.i32, i32 %row_ptr_load"   --->   Operation 9 'read' 'row_ptr_load_read' <Predicate = true> <Delay = 0.00>
ST_1 : Operation 10 [1/1] (0.00ns)   --->   "%sext_ln241_read = read i32 @_ssdm_op_Read.ap_auto.i32, i32 %sext_ln241"   --->   Operation 10 'read' 'sext_ln241_read' <Predicate = true> <Delay = 0.00>
ST_1 : Operation 11 [1/1] (0.00ns)   --->   "%sext_ln241_cast = sext i32 %sext_ln241_read"   --->   Operation 11 'sext' 'sext_ln241_cast' <Predicate = true> <Delay = 0.00>
ST_1 : Operation 12 [1/1] (1.58ns)   --->   "%store_ln242 = store i34 %sext_ln241_cast, i34 %e" [network-accel.cpp:242]   --->   Operation 12 'store' 'store_ln242' <Predicate = true> <Delay = 1.58>
ST_1 : Operation 13 [1/1] (1.58ns)   --->   "%store_ln238 = store i32 0, i32 %inflow" [network-accel.cpp:238]   --->   Operation 13 'store' 'store_ln238' <Predicate = true> <Delay = 1.58>
ST_1 : Operation 14 [1/1] (0.00ns)   --->   "%br_ln0 = br void %for.body102"   --->   Operation 14 'br' 'br_ln0' <Predicate = true> <Delay = 0.00>

State 2 <SV = 1> <Delay = 4.22>
ST_2 : Operation 15 [1/1] (0.00ns)   --->   "%e_1 = load i34 %e" [network-accel.cpp:244]   --->   Operation 15 'load' 'e_1' <Predicate = true> <Delay = 0.00>
ST_2 : Operation 16 [1/1] (0.00ns)   --->   "%trunc_ln243 = trunc i34 %e_1" [network-accel.cpp:243]   --->   Operation 16 'trunc' 'trunc_ln243' <Predicate = true> <Delay = 0.00>
ST_2 : Operation 17 [1/1] (2.55ns)   --->   "%icmp_ln243 = icmp_ult  i32 %trunc_ln243, i32 %row_ptr_load_read" [network-accel.cpp:243]   --->   Operation 17 'icmp' 'icmp_ln243' <Predicate = true> <Delay = 2.55> <CoreInst = "Cmp">   --->   Core 9 'Cmp' <Latency = 0> <II = 1> <Delay = 2.55> <FuncUnit> <Opcode : 'seteq' 'setne' 'setle' 'setge' 'setlt' 'setgt'> <InPorts = 2> <OutPorts = 1>
ST_2 : Operation 18 [1/1] (0.00ns)   --->   "%br_ln241 = br i1 %icmp_ln243, void %for.end110.exitStub, void %for.body102.split" [network-accel.cpp:241]   --->   Operation 18 'br' 'br_ln241' <Predicate = true> <Delay = 0.00>
ST_2 : Operation 19 [1/1] (0.00ns)   --->   "%zext_ln243 = zext i34 %e_1" [network-accel.cpp:243]   --->   Operation 19 'zext' 'zext_ln243' <Predicate = (icmp_ln243)> <Delay = 0.00>
ST_2 : Operation 20 [1/1] (0.00ns)   --->   "%col_idx_addr = getelementptr i11 %col_idx, i64 0, i64 %zext_ln243" [network-accel.cpp:250]   --->   Operation 20 'getelementptr' 'col_idx_addr' <Predicate = (icmp_ln243)> <Delay = 0.00>
ST_2 : Operation 21 [2/2] (3.25ns)   --->   "%col_idx_load = load i15 %col_idx_addr" [network-accel.cpp:250]   --->   Operation 21 'load' 'col_idx_load' <Predicate = (icmp_ln243)> <Delay = 3.25> <CoreInst = "RAM">   --->   Core 81 'RAM' <Latency = 1> <II = 1> <Delay = 3.25> <Storage> <Opcode : 'load' 'store'> <Ports = 2> <Width = 11> <Depth = 32768> <RAM>
ST_2 : Operation 22 [1/1] (2.63ns)   --->   "%add_ln244 = add i34 %e_1, i34 1" [network-accel.cpp:244]   --->   Operation 22 'add' 'add_ln244' <Predicate = (icmp_ln243)> <Delay = 2.63> <CoreInst = "Adder">   --->   Core 1 'Adder' <Latency = 0> <II = 1> <Delay = 2.63> <FuncUnit> <Opcode : 'add' 'sub'> <InPorts = 2> <OutPorts = 1>
ST_2 : Operation 23 [1/1] (1.58ns)   --->   "%store_ln242 = store i34 %add_ln244, i34 %e" [network-accel.cpp:242]   --->   Operation 23 'store' 'store_ln242' <Predicate = (icmp_ln243)> <Delay = 1.58>

State 3 <SV = 2> <Delay = 6.50>
ST_3 : Operation 24 [1/2] ( I:3.25ns O:3.25ns )   --->   "%col_idx_load = load i15 %col_idx_addr" [network-accel.cpp:250]   --->   Operation 24 'load' 'col_idx_load' <Predicate = true> <Delay = 3.25> <CoreInst = "RAM">   --->   Core 81 'RAM' <Latency = 1> <II = 1> <Delay = 3.25> <Storage> <Opcode : 'load' 'store'> <Ports = 2> <Width = 11> <Depth = 32768> <RAM>
ST_3 : Operation 25 [1/1] (0.00ns)   --->   "%zext_ln252 = zext i11 %col_idx_load" [network-accel.cpp:252]   --->   Operation 25 'zext' 'zext_ln252' <Predicate = true> <Delay = 0.00>
ST_3 : Operation 26 [1/1] (0.00ns)   --->   "%u_a_addr = getelementptr i32 %u_a, i64 0, i64 %zext_ln252" [network-accel.cpp:252]   --->   Operation 26 'getelementptr' 'u_a_addr' <Predicate = true> <Delay = 0.00>
ST_3 : Operation 27 [2/2] (3.25ns)   --->   "%u_a_load = load i11 %u_a_addr" [network-accel.cpp:252]   --->   Operation 27 'load' 'u_a_load' <Predicate = true> <Delay = 3.25> <CoreInst = "RAM">   --->   Core 81 'RAM' <Latency = 1> <II = 1> <Delay = 3.25> <Storage> <Opcode : 'load' 'store'> <Ports = 2> <Width = 32> <Depth = 2048> <RAM>

State 4 <SV = 3> <Delay = 3.25>
ST_4 : Operation 28 [1/2] ( I:3.25ns O:3.25ns )   --->   "%u_a_load = load i11 %u_a_addr" [network-accel.cpp:252]   --->   Operation 28 'load' 'u_a_load' <Predicate = true> <Delay = 3.25> <CoreInst = "RAM">   --->   Core 81 'RAM' <Latency = 1> <II = 1> <Delay = 3.25> <Storage> <Opcode : 'load' 'store'> <Ports = 2> <Width = 32> <Depth = 2048> <RAM>
ST_4 : Operation 35 [1/1] (0.00ns)   --->   "%inflow_load_1 = load i32 %inflow"   --->   Operation 35 'load' 'inflow_load_1' <Predicate = (!icmp_ln243)> <Delay = 0.00>
ST_4 : Operation 36 [1/1] (0.00ns)   --->   "%write_ln0 = write void @_ssdm_op_Write.ap_auto.i32P0A, i32 %inflow_out, i32 %inflow_load_1"   --->   Operation 36 'write' 'write_ln0' <Predicate = (!icmp_ln243)> <Delay = 0.00>
ST_4 : Operation 37 [1/1] (1.58ns)   --->   "%ret_ln0 = ret"   --->   Operation 37 'ret' 'ret_ln0' <Predicate = (!icmp_ln243)> <Delay = 1.58>

State 5 <SV = 4> <Delay = 4.14>
ST_5 : Operation 29 [1/1] (0.00ns)   --->   "%inflow_load = load i32 %inflow" [network-accel.cpp:252]   --->   Operation 29 'load' 'inflow_load' <Predicate = true> <Delay = 0.00>
ST_5 : Operation 30 [1/1] (0.00ns)   --->   "%specpipeline_ln247 = specpipeline void @_ssdm_op_SpecPipeline, i32 1, i32 0, i32 0, i32 0, i32 4294967295, void @empty_32" [network-accel.cpp:247]   --->   Operation 30 'specpipeline' 'specpipeline_ln247' <Predicate = true> <Delay = 0.00>
ST_5 : Operation 31 [1/1] (0.00ns)   --->   "%specloopname_ln241 = specloopname void @_ssdm_op_SpecLoopName, void @empty_27" [network-accel.cpp:241]   --->   Operation 31 'specloopname' 'specloopname_ln241' <Predicate = true> <Delay = 0.00>
ST_5 : Operation 32 [1/1] (2.55ns)   --->   "%inflow_1 = add i32 %u_a_load, i32 %inflow_load" [network-accel.cpp:252]   --->   Operation 32 'add' 'inflow_1' <Predicate = true> <Delay = 2.55> <CoreInst = "Adder">   --->   Core 1 'Adder' <Latency = 0> <II = 1> <Delay = 2.55> <FuncUnit> <Opcode : 'add' 'sub'> <InPorts = 2> <OutPorts = 1>
ST_5 : Operation 33 [1/1] (1.58ns)   --->   "%store_ln238 = store i32 %inflow_1, i32 %inflow" [network-accel.cpp:238]   --->   Operation 33 'store' 'store_ln238' <Predicate = true> <Delay = 1.58>
ST_5 : Operation 34 [1/1] (0.00ns)   --->   "%br_ln241 = br void %for.body102" [network-accel.cpp:241]   --->   Operation 34 'br' 'br_ln241' <Predicate = true> <Delay = 0.00>


============================================================
+ Verbose Summary: Timing violations
============================================================
Target clock period: 10.000ns, clock uncertainty: 2.700ns.

 <State 1>: 1.588ns
The critical path consists of the following:
	'alloca' operation 34 bit ('e', network-accel.cpp:242) [7]  (0.000 ns)
	'store' operation ('store_ln242', network-accel.cpp:242) of variable 'sext_ln241_cast' 34 bit on local variable 'e', network-accel.cpp:242 [11]  (1.588 ns)

 <State 2>: 4.222ns
The critical path consists of the following:
	'load' operation 34 bit ('e', network-accel.cpp:244) on local variable 'e', network-accel.cpp:242 [15]  (0.000 ns)
	'add' operation 34 bit ('add_ln244', network-accel.cpp:244) [30]  (2.634 ns)
	'store' operation ('store_ln242', network-accel.cpp:242) of variable 'add_ln244', network-accel.cpp:244 34 bit on local variable 'e', network-accel.cpp:242 [31]  (1.588 ns)

 <State 3>: 6.508ns
The critical path consists of the following:
	'load' operation 11 bit ('col_idx_load', network-accel.cpp:250) on array 'col_idx' [25]  (3.254 ns)
	'getelementptr' operation 11 bit ('u_a_addr', network-accel.cpp:252) [27]  (0.000 ns)
	'load' operation 32 bit ('u_a_load', network-accel.cpp:252) on array 'u_a' [28]  (3.254 ns)

 <State 4>: 3.254ns
The critical path consists of the following:
	'load' operation 32 bit ('u_a_load', network-accel.cpp:252) on array 'u_a' [28]  (3.254 ns)

 <State 5>: 4.140ns
The critical path consists of the following:
	'load' operation 32 bit ('inflow_load', network-accel.cpp:252) on local variable 'inflow', network-accel.cpp:238 [20]  (0.000 ns)
	'add' operation 32 bit ('inflow', network-accel.cpp:252) [29]  (2.552 ns)
	'store' operation ('store_ln238', network-accel.cpp:238) of variable 'inflow', network-accel.cpp:252 32 bit on local variable 'inflow', network-accel.cpp:238 [32]  (1.588 ns)


============================================================
+ Verbose Summary: Binding
============================================================
N/A
* FSMD analyzer results:
  - Output states:
 - Input state : 
  - Chain level:
	State 1
	State 2
	State 3
	State 4
	State 5


============================================================
+ Verbose Summary: Datapath Resource usage 
============================================================
N/A
