

================================================================
== Vitis HLS Report for 'accelerator_net_Pipeline_STORE_STATE'
================================================================
* Date:           Tue Jun 30 17:54:44 2026

* Version:        2025.2 (Build 6295257 on Nov 14 2025)
* Project:        build
* Solution:       hls (Vivado IP Flow Target)
* Product family: zynq
* Target device:  xc7z020-clg400-1


================================================================
== Performance Estimates
================================================================
+ Timing: 
    * Summary: 
    +--------+----------+----------+------------+
    |  Clock |  Target  | Estimated| Uncertainty|
    +--------+----------+----------+------------+
    |ap_clk  |  10.00 ns|  7.300 ns|     2.70 ns|
    +--------+----------+----------+------------+

+ Latency: 
    * Summary: 
    +---------+---------+----------+----------+-----+-----+-------------------+
    |  Latency (cycles) |  Latency (absolute) |  Interval |      Pipeline     |
    |   min   |   max   |    min   |    max   | min | max |        Type       |
    +---------+---------+----------+----------+-----+-----+-------------------+
    |        ?|        ?|         ?|         ?|    0|    0|  loop pipeline stp|
    +---------+---------+----------+----------+-----+-----+-------------------+

    + Detail: 
        * Instance: 
        N/A

        * Loop: 
        +---------------+---------+---------+----------+-----------+-----------+------+----------+
        |               |  Latency (cycles) | Iteration|  Initiation Interval  | Trip |          |
        |   Loop Name   |   min   |   max   |  Latency |  achieved |   target  | Count| Pipelined|
        +---------------+---------+---------+----------+-----------+-----------+------+----------+
        |- STORE_STATE  |        ?|        ?|         9|          2|          1|     ?|       yes|
        +---------------+---------+---------+----------+-----------+-----------+------+----------+

============================================================
+ Verbose Summary: Synthesis Manager
============================================================
InlineROM: 1
ExposeGlobal: 0
============================================================
+ Verbose Summary: CDFG Model
============================================================
IsTopModel: 0
ResetActiveHigh: 1
IsCombinational: 0
IsDatapathOnly: 0
HasWiredReturn: 1
HasMFsm: 2
HasVarLatency: 1
IsPipeline: 0
IsRtlPipelined: 0
IsInstanceOverlapped: 0
IsDontTouch: 0
HasImplIP: 0
IsGatedGlobalClock: 0

+ Individual pipeline summary: 
  * Pipeline-0: initiation interval (II) = 2, depth = 9


============================================================
+ Verbose Summary: Schedule
============================================================
* Number of FSM states : 9
* Pipeline : 1
  Pipeline-0 : II = 2, D = 9, States = { 1 2 3 4 5 6 7 8 9 }
* Dataflow Pipeline: 0

* FSM state transitions: 
1 --> 2 
2 --> 3 
3 --> 4 
4 --> 5 
5 --> 6 
6 --> 7 
7 --> 8 
8 --> 9 
9 --> 

* FSM state operations: 

State 1 <SV = 0> <Delay = 5.72>
ST_1 : Operation 12 [1/1] (0.00ns)   --->   "%i = alloca i32 1" [network-accel.cpp:214]   --->   Operation 12 'alloca' 'i' <Predicate = true> <Delay = 0.00>
ST_1 : Operation 13 [1/1] (0.00ns)   --->   "%sext_ln214_1_read = read i62 @_ssdm_op_Read.ap_auto.i62, i62 %sext_ln214_1"   --->   Operation 13 'read' 'sext_ln214_1_read' <Predicate = true> <Delay = 0.00>
ST_1 : Operation 14 [1/1] (0.00ns)   --->   "%sext_ln214_read = read i62 @_ssdm_op_Read.ap_auto.i62, i62 %sext_ln214"   --->   Operation 14 'read' 'sext_ln214_read' <Predicate = true> <Delay = 0.00>
ST_1 : Operation 15 [1/1] (0.00ns)   --->   "%neuron_count_read = read i32 @_ssdm_op_Read.ap_auto.i32, i32 %neuron_count"   --->   Operation 15 'read' 'neuron_count_read' <Predicate = true> <Delay = 0.00>
ST_1 : Operation 16 [1/1] (0.00ns)   --->   "%sext_ln214_1_cast = sext i62 %sext_ln214_1_read"   --->   Operation 16 'sext' 'sext_ln214_1_cast' <Predicate = true> <Delay = 0.00>
ST_1 : Operation 17 [1/1] (0.00ns)   --->   "%sext_ln214_cast = sext i62 %sext_ln214_read"   --->   Operation 17 'sext' 'sext_ln214_cast' <Predicate = true> <Delay = 0.00>
ST_1 : Operation 18 [1/1] (0.00ns)   --->   "%specinterface_ln0 = specinterface void @_ssdm_op_SpecInterface, i32 %gmem1, void @empty_31, i32 0, i32 0, void @empty_32, i32 0, i32 0, void @empty_1, void @empty_0, void @empty_32, i32 16, i32 16, i32 16, i32 16, void @empty_32, void @empty_32, i32 4294967295, i32 0, i32 0, i32 4"   --->   Operation 18 'specinterface' 'specinterface_ln0' <Predicate = true> <Delay = 0.00>
ST_1 : Operation 19 [1/1] (1.58ns)   --->   "%store_ln214 = store i31 0, i31 %i" [network-accel.cpp:214]   --->   Operation 19 'store' 'store_ln214' <Predicate = true> <Delay = 1.58>
ST_1 : Operation 20 [1/1] (0.00ns)   --->   "%br_ln0 = br void %for.inc79"   --->   Operation 20 'br' 'br_ln0' <Predicate = true> <Delay = 0.00>
ST_1 : Operation 21 [1/1] (0.00ns)   --->   "%i_2 = load i31 %i" [network-accel.cpp:214]   --->   Operation 21 'load' 'i_2' <Predicate = true> <Delay = 0.00>
ST_1 : Operation 22 [1/1] (0.00ns)   --->   "%specbitsmap_ln0 = specbitsmap void @_ssdm_op_SpecBitsMap, i32 %gmem1"   --->   Operation 22 'specbitsmap' 'specbitsmap_ln0' <Predicate = true> <Delay = 0.00>
ST_1 : Operation 23 [1/1] (0.00ns)   --->   "%zext_ln214_2 = zext i31 %i_2" [network-accel.cpp:214]   --->   Operation 23 'zext' 'zext_ln214_2' <Predicate = true> <Delay = 0.00>
ST_1 : Operation 24 [1/1] (2.55ns)   --->   "%icmp_ln214 = icmp_slt  i32 %zext_ln214_2, i32 %neuron_count_read" [network-accel.cpp:214]   --->   Operation 24 'icmp' 'icmp_ln214' <Predicate = true> <Delay = 2.55> <CoreInst = "Cmp">   --->   Core 9 'Cmp' <Latency = 0> <II = 1> <Delay = 2.55> <FuncUnit> <Opcode : 'seteq' 'setne' 'setle' 'setge' 'setlt' 'setgt'> <InPorts = 2> <OutPorts = 1>
ST_1 : Operation 25 [1/1] (2.52ns)   --->   "%add_ln214 = add i31 %i_2, i31 1" [network-accel.cpp:214]   --->   Operation 25 'add' 'add_ln214' <Predicate = true> <Delay = 2.52> <CoreInst = "Adder">   --->   Core 1 'Adder' <Latency = 0> <II = 1> <Delay = 2.52> <FuncUnit> <Opcode : 'add' 'sub'> <InPorts = 2> <OutPorts = 1>
ST_1 : Operation 26 [1/1] (0.00ns)   --->   "%br_ln214 = br i1 %icmp_ln214, void %if.end165.loopexit9.exitStub, void %for.inc79.split" [network-accel.cpp:214]   --->   Operation 26 'br' 'br_ln214' <Predicate = true> <Delay = 0.00>
ST_1 : Operation 27 [1/1] (0.00ns)   --->   "%zext_ln214 = zext i31 %i_2" [network-accel.cpp:214]   --->   Operation 27 'zext' 'zext_ln214' <Predicate = (icmp_ln214)> <Delay = 0.00>
ST_1 : Operation 28 [1/1] (0.00ns)   --->   "%zext_ln214_1 = zext i31 %i_2" [network-accel.cpp:214]   --->   Operation 28 'zext' 'zext_ln214_1' <Predicate = (icmp_ln214)> <Delay = 0.00>
ST_1 : Operation 29 [1/1] (0.00ns)   --->   "%u_a_addr = getelementptr i32 %u_a, i64 0, i64 %zext_ln214" [network-accel.cpp:218]   --->   Operation 29 'getelementptr' 'u_a_addr' <Predicate = (icmp_ln214)> <Delay = 0.00>
ST_1 : Operation 30 [2/2] (3.25ns)   --->   "%u_a_load = load i11 %u_a_addr" [network-accel.cpp:218]   --->   Operation 30 'load' 'u_a_load' <Predicate = (icmp_ln214)> <Delay = 3.25> <CoreInst = "RAM">   --->   Core 81 'RAM' <Latency = 1> <II = 1> <Delay = 3.25> <Storage> <Opcode : 'load' 'store'> <Ports = 2> <Width = 32> <Depth = 2048> <RAM>
ST_1 : Operation 31 [1/1] (3.46ns)   --->   "%add_ln218 = add i63 %zext_ln214_1, i63 %sext_ln214_cast" [network-accel.cpp:218]   --->   Operation 31 'add' 'add_ln218' <Predicate = (icmp_ln214)> <Delay = 3.46> <CoreInst = "Adder">   --->   Core 1 'Adder' <Latency = 0> <II = 1> <Delay = 3.46> <FuncUnit> <Opcode : 'add' 'sub'> <InPorts = 2> <OutPorts = 1>
ST_1 : Operation 32 [1/1] (0.00ns)   --->   "%sext_ln218 = sext i63 %add_ln218" [network-accel.cpp:218]   --->   Operation 32 'sext' 'sext_ln218' <Predicate = (icmp_ln214)> <Delay = 0.00>
ST_1 : Operation 33 [1/1] (0.00ns)   --->   "%gmem1_addr = getelementptr i32 %gmem1, i64 %sext_ln218" [network-accel.cpp:218]   --->   Operation 33 'getelementptr' 'gmem1_addr' <Predicate = (icmp_ln214)> <Delay = 0.00>
ST_1 : Operation 34 [1/1] (0.00ns)   --->   "%v_a_addr = getelementptr i32 %v_a, i64 0, i64 %zext_ln214" [network-accel.cpp:219]   --->   Operation 34 'getelementptr' 'v_a_addr' <Predicate = (icmp_ln214)> <Delay = 0.00>
ST_1 : Operation 35 [2/2] (3.25ns)   --->   "%v_a_load = load i11 %v_a_addr" [network-accel.cpp:219]   --->   Operation 35 'load' 'v_a_load' <Predicate = (icmp_ln214)> <Delay = 3.25> <CoreInst = "RAM">   --->   Core 81 'RAM' <Latency = 1> <II = 1> <Delay = 3.25> <Storage> <Opcode : 'load' 'store'> <Ports = 2> <Width = 32> <Depth = 2048> <RAM>
ST_1 : Operation 36 [1/1] (3.46ns)   --->   "%add_ln219 = add i63 %zext_ln214_1, i63 %sext_ln214_1_cast" [network-accel.cpp:219]   --->   Operation 36 'add' 'add_ln219' <Predicate = (icmp_ln214)> <Delay = 3.46> <CoreInst = "Adder">   --->   Core 1 'Adder' <Latency = 0> <II = 1> <Delay = 3.46> <FuncUnit> <Opcode : 'add' 'sub'> <InPorts = 2> <OutPorts = 1>
ST_1 : Operation 37 [1/1] (0.00ns)   --->   "%sext_ln219 = sext i63 %add_ln219" [network-accel.cpp:219]   --->   Operation 37 'sext' 'sext_ln219' <Predicate = (icmp_ln214)> <Delay = 0.00>
ST_1 : Operation 38 [1/1] (0.00ns)   --->   "%gmem1_addr_1 = getelementptr i32 %gmem1, i64 %sext_ln219" [network-accel.cpp:219]   --->   Operation 38 'getelementptr' 'gmem1_addr_1' <Predicate = (icmp_ln214)> <Delay = 0.00>
ST_1 : Operation 39 [1/1] (1.58ns)   --->   "%store_ln214 = store i31 %add_ln214, i31 %i" [network-accel.cpp:214]   --->   Operation 39 'store' 'store_ln214' <Predicate = (icmp_ln214)> <Delay = 1.58>

State 2 <SV = 1> <Delay = 7.30>
ST_2 : Operation 40 [1/2] ( I:3.25ns O:3.25ns )   --->   "%u_a_load = load i11 %u_a_addr" [network-accel.cpp:218]   --->   Operation 40 'load' 'u_a_load' <Predicate = (icmp_ln214)> <Delay = 3.25> <CoreInst = "RAM">   --->   Core 81 'RAM' <Latency = 1> <II = 1> <Delay = 3.25> <Storage> <Opcode : 'load' 'store'> <Ports = 2> <Width = 32> <Depth = 2048> <RAM>
ST_2 : Operation 41 [1/1] ( I:7.30ns O:7.30ns )   --->   "%gmem1_addr_2_req = writereq i1 @_ssdm_op_WriteReq.m_axi.i32P1A, i32 %gmem1_addr, i64 1" [network-accel.cpp:218]   --->   Operation 41 'writereq' 'gmem1_addr_2_req' <Predicate = (icmp_ln214)> <Delay = 7.30> <CoreInst = "m_axi">   --->   Core 111 'm_axi' <Latency = 9> <II = 1> <Delay = 1.00> <Adapter> <Opcode : 'readrequnaligned' 'writerequnaligned' 'read' 'write' 'readreq' 'writereq' 'writeresp'>
ST_2 : Operation 42 [1/2] ( I:3.25ns O:3.25ns )   --->   "%v_a_load = load i11 %v_a_addr" [network-accel.cpp:219]   --->   Operation 42 'load' 'v_a_load' <Predicate = (icmp_ln214)> <Delay = 3.25> <CoreInst = "RAM">   --->   Core 81 'RAM' <Latency = 1> <II = 1> <Delay = 3.25> <Storage> <Opcode : 'load' 'store'> <Ports = 2> <Width = 32> <Depth = 2048> <RAM>

State 3 <SV = 2> <Delay = 7.30>
ST_3 : Operation 43 [1/1] ( I:7.30ns O:7.30ns )   --->   "%write_ln218 = write void @_ssdm_op_Write.m_axi.i32P1A, i32 %gmem1_addr, i32 %u_a_load, i4 15" [network-accel.cpp:218]   --->   Operation 43 'write' 'write_ln218' <Predicate = true> <Delay = 7.30> <CoreInst = "m_axi">   --->   Core 111 'm_axi' <Latency = 5> <II = 1> <Delay = 1.00> <Adapter> <Opcode : 'readrequnaligned' 'writerequnaligned' 'read' 'write' 'readreq' 'writereq' 'writeresp'>
ST_3 : Operation 44 [1/1] ( I:7.30ns O:7.30ns )   --->   "%gmem1_addr_3_req = writereq i1 @_ssdm_op_WriteReq.m_axi.i32P1A, i32 %gmem1_addr_1, i64 1" [network-accel.cpp:219]   --->   Operation 44 'writereq' 'gmem1_addr_3_req' <Predicate = true> <Delay = 7.30> <CoreInst = "m_axi">   --->   Core 111 'm_axi' <Latency = 9> <II = 1> <Delay = 1.00> <Adapter> <Opcode : 'readrequnaligned' 'writerequnaligned' 'read' 'write' 'readreq' 'writereq' 'writeresp'>

State 4 <SV = 3> <Delay = 7.30>
ST_4 : Operation 45 [5/5] (7.30ns)   --->   "%gmem1_addr_2_resp = writeresp i1 @_ssdm_op_WriteResp.m_axi.i32P1A, i32 %gmem1_addr" [network-accel.cpp:218]   --->   Operation 45 'writeresp' 'gmem1_addr_2_resp' <Predicate = true> <Delay = 7.30> <CoreInst = "m_axi">   --->   Core 111 'm_axi' <Latency = 3> <II = 1> <Delay = 1.00> <Adapter> <Opcode : 'readrequnaligned' 'writerequnaligned' 'read' 'write' 'readreq' 'writereq' 'writeresp'>
ST_4 : Operation 46 [1/1] ( I:7.30ns O:7.30ns )   --->   "%write_ln219 = write void @_ssdm_op_Write.m_axi.i32P1A, i32 %gmem1_addr_1, i32 %v_a_load, i4 15" [network-accel.cpp:219]   --->   Operation 46 'write' 'write_ln219' <Predicate = true> <Delay = 7.30> <CoreInst = "m_axi">   --->   Core 111 'm_axi' <Latency = 5> <II = 1> <Delay = 1.00> <Adapter> <Opcode : 'readrequnaligned' 'writerequnaligned' 'read' 'write' 'readreq' 'writereq' 'writeresp'>

State 5 <SV = 4> <Delay = 0.00>
ST_5 : Operation 47 [4/5] (7.30ns)   --->   "%gmem1_addr_2_resp = writeresp i1 @_ssdm_op_WriteResp.m_axi.i32P1A, i32 %gmem1_addr" [network-accel.cpp:218]   --->   Operation 47 'writeresp' 'gmem1_addr_2_resp' <Predicate = true> <Delay = 7.30> <CoreInst = "m_axi">   --->   Core 111 'm_axi' <Latency = 3> <II = 1> <Delay = 1.00> <Adapter> <Opcode : 'readrequnaligned' 'writerequnaligned' 'read' 'write' 'readreq' 'writereq' 'writeresp'>
ST_5 : Operation 48 [5/5] (7.30ns)   --->   "%gmem1_addr_3_resp = writeresp i1 @_ssdm_op_WriteResp.m_axi.i32P1A, i32 %gmem1_addr_1" [network-accel.cpp:219]   --->   Operation 48 'writeresp' 'gmem1_addr_3_resp' <Predicate = true> <Delay = 7.30> <CoreInst = "m_axi">   --->   Core 111 'm_axi' <Latency = 3> <II = 1> <Delay = 1.00> <Adapter> <Opcode : 'readrequnaligned' 'writerequnaligned' 'read' 'write' 'readreq' 'writereq' 'writeresp'>

State 6 <SV = 5> <Delay = 0.00>
ST_6 : Operation 49 [3/5] (7.30ns)   --->   "%gmem1_addr_2_resp = writeresp i1 @_ssdm_op_WriteResp.m_axi.i32P1A, i32 %gmem1_addr" [network-accel.cpp:218]   --->   Operation 49 'writeresp' 'gmem1_addr_2_resp' <Predicate = true> <Delay = 7.30> <CoreInst = "m_axi">   --->   Core 111 'm_axi' <Latency = 3> <II = 1> <Delay = 1.00> <Adapter> <Opcode : 'readrequnaligned' 'writerequnaligned' 'read' 'write' 'readreq' 'writereq' 'writeresp'>
ST_6 : Operation 50 [4/5] (7.30ns)   --->   "%gmem1_addr_3_resp = writeresp i1 @_ssdm_op_WriteResp.m_axi.i32P1A, i32 %gmem1_addr_1" [network-accel.cpp:219]   --->   Operation 50 'writeresp' 'gmem1_addr_3_resp' <Predicate = true> <Delay = 7.30> <CoreInst = "m_axi">   --->   Core 111 'm_axi' <Latency = 3> <II = 1> <Delay = 1.00> <Adapter> <Opcode : 'readrequnaligned' 'writerequnaligned' 'read' 'write' 'readreq' 'writereq' 'writeresp'>

State 7 <SV = 6> <Delay = 1.58>
ST_7 : Operation 51 [2/5] (7.30ns)   --->   "%gmem1_addr_2_resp = writeresp i1 @_ssdm_op_WriteResp.m_axi.i32P1A, i32 %gmem1_addr" [network-accel.cpp:218]   --->   Operation 51 'writeresp' 'gmem1_addr_2_resp' <Predicate = true> <Delay = 7.30> <CoreInst = "m_axi">   --->   Core 111 'm_axi' <Latency = 3> <II = 1> <Delay = 1.00> <Adapter> <Opcode : 'readrequnaligned' 'writerequnaligned' 'read' 'write' 'readreq' 'writereq' 'writeresp'>
ST_7 : Operation 52 [3/5] (7.30ns)   --->   "%gmem1_addr_3_resp = writeresp i1 @_ssdm_op_WriteResp.m_axi.i32P1A, i32 %gmem1_addr_1" [network-accel.cpp:219]   --->   Operation 52 'writeresp' 'gmem1_addr_3_resp' <Predicate = true> <Delay = 7.30> <CoreInst = "m_axi">   --->   Core 111 'm_axi' <Latency = 3> <II = 1> <Delay = 1.00> <Adapter> <Opcode : 'readrequnaligned' 'writerequnaligned' 'read' 'write' 'readreq' 'writereq' 'writeresp'>
ST_7 : Operation 59 [1/1] (1.58ns)   --->   "%ret_ln0 = ret"   --->   Operation 59 'ret' 'ret_ln0' <Predicate = (!icmp_ln214)> <Delay = 1.58>

State 8 <SV = 7> <Delay = 7.30>
ST_8 : Operation 53 [1/5] ( I:7.30ns O:7.30ns )   --->   "%gmem1_addr_2_resp = writeresp i1 @_ssdm_op_WriteResp.m_axi.i32P1A, i32 %gmem1_addr" [network-accel.cpp:218]   --->   Operation 53 'writeresp' 'gmem1_addr_2_resp' <Predicate = true> <Delay = 7.30> <CoreInst = "m_axi">   --->   Core 111 'm_axi' <Latency = 3> <II = 1> <Delay = 1.00> <Adapter> <Opcode : 'readrequnaligned' 'writerequnaligned' 'read' 'write' 'readreq' 'writereq' 'writeresp'>
ST_8 : Operation 54 [2/5] (7.30ns)   --->   "%gmem1_addr_3_resp = writeresp i1 @_ssdm_op_WriteResp.m_axi.i32P1A, i32 %gmem1_addr_1" [network-accel.cpp:219]   --->   Operation 54 'writeresp' 'gmem1_addr_3_resp' <Predicate = true> <Delay = 7.30> <CoreInst = "m_axi">   --->   Core 111 'm_axi' <Latency = 3> <II = 1> <Delay = 1.00> <Adapter> <Opcode : 'readrequnaligned' 'writerequnaligned' 'read' 'write' 'readreq' 'writereq' 'writeresp'>

State 9 <SV = 8> <Delay = 7.30>
ST_9 : Operation 55 [1/1] (0.00ns)   --->   "%specpipeline_ln216 = specpipeline void @_ssdm_op_SpecPipeline, i32 1, i32 0, i32 0, i32 0, i32 4294967295, void @empty_32" [network-accel.cpp:216]   --->   Operation 55 'specpipeline' 'specpipeline_ln216' <Predicate = true> <Delay = 0.00>
ST_9 : Operation 56 [1/1] (0.00ns)   --->   "%specloopname_ln214 = specloopname void @_ssdm_op_SpecLoopName, void @empty_26" [network-accel.cpp:214]   --->   Operation 56 'specloopname' 'specloopname_ln214' <Predicate = true> <Delay = 0.00>
ST_9 : Operation 57 [1/5] ( I:7.30ns O:7.30ns )   --->   "%gmem1_addr_3_resp = writeresp i1 @_ssdm_op_WriteResp.m_axi.i32P1A, i32 %gmem1_addr_1" [network-accel.cpp:219]   --->   Operation 57 'writeresp' 'gmem1_addr_3_resp' <Predicate = true> <Delay = 7.30> <CoreInst = "m_axi">   --->   Core 111 'm_axi' <Latency = 3> <II = 1> <Delay = 1.00> <Adapter> <Opcode : 'readrequnaligned' 'writerequnaligned' 'read' 'write' 'readreq' 'writereq' 'writeresp'>
ST_9 : Operation 58 [1/1] (0.00ns)   --->   "%br_ln214 = br void %for.inc79" [network-accel.cpp:214]   --->   Operation 58 'br' 'br_ln214' <Predicate = true> <Delay = 0.00>


============================================================
+ Verbose Summary: Binding
============================================================
STG Binding: 
---------------- STG Properties BEGIN ----------------
- Is combinational: 0
- Is one-state seq: 0
- Is datapath-only: 0
- Is pipelined: 0
- Is top level: 0
Port [ Return ] is wired: 1; IO mode=ap_ctrl_hs:ce=0
Port [ gmem1]:  wired=1; compound=1; hidden=0; nouse=0; global=0; static=0; extern=0; dir=1; type=4; pingpong=0; private_global=0; IO mode=m_axi:ce=0
Port [ neuron_count]:  wired=1; compound=0; hidden=0; nouse=0; global=0; static=0; extern=0; dir=0; type=0; pingpong=0; private_global=0; IO mode=ap_none:ce=0
Port [ sext_ln214]:  wired=1; compound=0; hidden=0; nouse=0; global=0; static=0; extern=0; dir=0; type=0; pingpong=0; private_global=0; IO mode=ap_none:ce=0
Port [ sext_ln214_1]:  wired=1; compound=0; hidden=0; nouse=0; global=0; static=0; extern=0; dir=0; type=0; pingpong=0; private_global=0; IO mode=ap_none:ce=0
Port [ u_a]:  wired=1; compound=1; hidden=0; nouse=0; global=1; static=1; extern=0; dir=0; type=1; pingpong=0; private_global=0; MemPort=[13]; IO mode=ap_memory:ce=0
Port [ v_a]:  wired=1; compound=1; hidden=0; nouse=0; global=1; static=1; extern=0; dir=0; type=1; pingpong=0; private_global=0; MemPort=[13]; IO mode=ap_memory:ce=0
---------------- STG Properties END ------------------

---------------- Datapath Model BEGIN ----------------

<LifeTime>
<method=bitvector/>
i                  (alloca       ) [ 0100000000]
sext_ln214_1_read  (read         ) [ 0000000000]
sext_ln214_read    (read         ) [ 0000000000]
neuron_count_read  (read         ) [ 0000000000]
sext_ln214_1_cast  (sext         ) [ 0000000000]
sext_ln214_cast    (sext         ) [ 0000000000]
specinterface_ln0  (specinterface) [ 0000000000]
store_ln214        (store        ) [ 0000000000]
br_ln0             (br           ) [ 0000000000]
i_2                (load         ) [ 0000000000]
specbitsmap_ln0    (specbitsmap  ) [ 0000000000]
zext_ln214_2       (zext         ) [ 0000000000]
icmp_ln214         (icmp         ) [ 0111111100]
add_ln214          (add          ) [ 0000000000]
br_ln214           (br           ) [ 0000000000]
zext_ln214         (zext         ) [ 0000000000]
zext_ln214_1       (zext         ) [ 0000000000]
u_a_addr           (getelementptr) [ 0010000000]
add_ln218          (add          ) [ 0000000000]
sext_ln218         (sext         ) [ 0000000000]
gmem1_addr         (getelementptr) [ 0111111110]
v_a_addr           (getelementptr) [ 0010000000]
add_ln219          (add          ) [ 0000000000]
sext_ln219         (sext         ) [ 0000000000]
gmem1_addr_1       (getelementptr) [ 0111111111]
store_ln214        (store        ) [ 0000000000]
u_a_load           (load         ) [ 0101000000]
gmem1_addr_2_req   (writereq     ) [ 0000000000]
v_a_load           (load         ) [ 0111100000]
write_ln218        (write        ) [ 0000000000]
gmem1_addr_3_req   (writereq     ) [ 0000000000]
write_ln219        (write        ) [ 0000000000]
gmem1_addr_2_resp  (writeresp    ) [ 0000000000]
specpipeline_ln216 (specpipeline ) [ 0000000000]
specloopname_ln214 (specloopname ) [ 0000000000]
gmem1_addr_3_resp  (writeresp    ) [ 0000000000]
br_ln214           (br           ) [ 0000000000]
ret_ln0            (ret          ) [ 0000000000]
</LifeTime>

<model>

<comp_list>
<comp id="0" class="1000" name="gmem1">
<pin_list>
<pin id="1" dir="1" index="0" bw="1" slack="0"/>
</pin_list>
<bind>
<StgValue><ssdm name="gmem1"/><MemPortTyVec>1 </MemPortTyVec>
</StgValue>
</bind>
</comp>

<comp id="2" class="1000" name="neuron_count">
<pin_list>
<pin id="3" dir="1" index="0" bw="1" slack="0"/>
</pin_list>
<bind>
<StgValue><ssdm name="neuron_count"/></StgValue>
</bind>
</comp>

<comp id="4" class="1000" name="sext_ln214">
<pin_list>
<pin id="5" dir="1" index="0" bw="1" slack="0"/>
</pin_list>
<bind>
<StgValue><ssdm name="sext_ln214"/></StgValue>
</bind>
</comp>

<comp id="6" class="1000" name="sext_ln214_1">
<pin_list>
<pin id="7" dir="1" index="0" bw="1" slack="0"/>
</pin_list>
<bind>
<StgValue><ssdm name="sext_ln214_1"/></StgValue>
</bind>
</comp>

<comp id="8" class="1000" name="u_a">
<pin_list>
<pin id="9" dir="1" index="0" bw="1" slack="0"/>
</pin_list>
<bind>
<StgValue><ssdm name="u_a"/><MemPortTyVec>1 3 </MemPortTyVec>
</StgValue>
</bind>
</comp>

<comp id="10" class="1000" name="v_a">
<pin_list>
<pin id="11" dir="1" index="0" bw="1" slack="0"/>
</pin_list>
<bind>
<StgValue><ssdm name="v_a"/><MemPortTyVec>1 3 </MemPortTyVec>
</StgValue>
</bind>
</comp>

<comp id="12" class="1001" name="const_12">
<pin_list>
<pin id="13" dir="1" index="0" bw="1" slack="0"/>
</pin_list>
<bind>
<StgValue><ssdm name=""/></StgValue>
</bind>
</comp>

<comp id="14" class="1001" name="const_14">
<pin_list>
<pin id="15" dir="1" index="0" bw="1" slack="0"/>
</pin_list>
<bind>
<StgValue><ssdm name="_ssdm_op_Read.ap_auto.i62"/></StgValue>
</bind>
</comp>

<comp id="16" class="1001" name="const_16">
<pin_list>
<pin id="17" dir="1" index="0" bw="1" slack="0"/>
</pin_list>
<bind>
<StgValue><ssdm name="_ssdm_op_Read.ap_auto.i32"/></StgValue>
</bind>
</comp>

<comp id="18" class="1001" name="const_18">
<pin_list>
<pin id="19" dir="1" index="0" bw="1" slack="2147483647"/>
</pin_list>
<bind>
<StgValue><ssdm name="_ssdm_op_SpecInterface"/></StgValue>
</bind>
</comp>

<comp id="20" class="1001" name="const_20">
<pin_list>
<pin id="21" dir="1" index="0" bw="1" slack="2147483647"/>
</pin_list>
<bind>
<StgValue><ssdm name="empty_31"/></StgValue>
</bind>
</comp>

<comp id="22" class="1001" name="const_22">
<pin_list>
<pin id="23" dir="1" index="0" bw="1" slack="2147483647"/>
</pin_list>
<bind>
<StgValue><ssdm name=""/></StgValue>
</bind>
</comp>

<comp id="24" class="1001" name="const_24">
<pin_list>
<pin id="25" dir="1" index="0" bw="1" slack="2147483647"/>
</pin_list>
<bind>
<StgValue><ssdm name="empty_32"/></StgValue>
</bind>
</comp>

<comp id="26" class="1001" name="const_26">
<pin_list>
<pin id="27" dir="1" index="0" bw="1" slack="2147483647"/>
</pin_list>
<bind>
<StgValue><ssdm name="empty_1"/></StgValue>
</bind>
</comp>

<comp id="28" class="1001" name="const_28">
<pin_list>
<pin id="29" dir="1" index="0" bw="1" slack="2147483647"/>
</pin_list>
<bind>
<StgValue><ssdm name="empty_0"/></StgValue>
</bind>
</comp>

<comp id="30" class="1001" name="const_30">
<pin_list>
<pin id="31" dir="1" index="0" bw="1" slack="2147483647"/>
</pin_list>
<bind>
<StgValue><ssdm name=""/></StgValue>
</bind>
</comp>

<comp id="32" class="1001" name="const_32">
<pin_list>
<pin id="33" dir="1" index="0" bw="1" slack="2147483647"/>
</pin_list>
<bind>
<StgValue><ssdm name=""/></StgValue>
</bind>
</comp>

<comp id="34" class="1001" name="const_34">
<pin_list>
<pin id="35" dir="1" index="0" bw="1" slack="2147483647"/>
</pin_list>
<bind>
<StgValue><ssdm name=""/></StgValue>
</bind>
</comp>

<comp id="36" class="1001" name="const_36">
<pin_list>
<pin id="37" dir="1" index="0" bw="1" slack="0"/>
</pin_list>
<bind>
<StgValue><ssdm name=""/></StgValue>
</bind>
</comp>

<comp id="38" class="1001" name="const_38">
<pin_list>
<pin id="39" dir="1" index="0" bw="1" slack="2147483647"/>
</pin_list>
<bind>
<StgValue><ssdm name="_ssdm_op_SpecBitsMap"/></StgValue>
</bind>
</comp>

<comp id="40" class="1001" name="const_40">
<pin_list>
<pin id="41" dir="1" index="0" bw="1" slack="0"/>
</pin_list>
<bind>
<StgValue><ssdm name=""/></StgValue>
</bind>
</comp>

<comp id="42" class="1001" name="const_42">
<pin_list>
<pin id="43" dir="1" index="0" bw="1" slack="0"/>
</pin_list>
<bind>
<StgValue><ssdm name=""/></StgValue>
</bind>
</comp>

<comp id="44" class="1001" name="const_44">
<pin_list>
<pin id="45" dir="1" index="0" bw="1" slack="0"/>
</pin_list>
<bind>
<StgValue><ssdm name="_ssdm_op_WriteReq.m_axi.i32P1A"/></StgValue>
</bind>
</comp>

<comp id="46" class="1001" name="const_46">
<pin_list>
<pin id="47" dir="1" index="0" bw="1" slack="0"/>
</pin_list>
<bind>
<StgValue><ssdm name=""/></StgValue>
</bind>
</comp>

<comp id="48" class="1001" name="const_48">
<pin_list>
<pin id="49" dir="1" index="0" bw="1" slack="0"/>
</pin_list>
<bind>
<StgValue><ssdm name="_ssdm_op_Write.m_axi.i32P1A"/></StgValue>
</bind>
</comp>

<comp id="50" class="1001" name="const_50">
<pin_list>
<pin id="51" dir="1" index="0" bw="1" slack="0"/>
</pin_list>
<bind>
<StgValue><ssdm name=""/></StgValue>
</bind>
</comp>

<comp id="52" class="1001" name="const_52">
<pin_list>
<pin id="53" dir="1" index="0" bw="1" slack="0"/>
</pin_list>
<bind>
<StgValue><ssdm name="_ssdm_op_WriteResp.m_axi.i32P1A"/></StgValue>
</bind>
</comp>

<comp id="54" class="1001" name="const_54">
<pin_list>
<pin id="55" dir="1" index="0" bw="1" slack="2147483647"/>
</pin_list>
<bind>
<StgValue><ssdm name="_ssdm_op_SpecPipeline"/></StgValue>
</bind>
</comp>

<comp id="56" class="1001" name="const_56">
<pin_list>
<pin id="57" dir="1" index="0" bw="1" slack="2147483647"/>
</pin_list>
<bind>
<StgValue><ssdm name="_ssdm_op_SpecLoopName"/></StgValue>
</bind>
</comp>

<comp id="58" class="1001" name="const_58">
<pin_list>
<pin id="59" dir="1" index="0" bw="1" slack="2147483647"/>
</pin_list>
<bind>
<StgValue><ssdm name="empty_26"/></StgValue>
</bind>
</comp>

<comp id="60" class="1004" name="i_fu_60">
<pin_list>
<pin id="61" dir="0" index="0" bw="1" slack="0"/>
<pin id="62" dir="1" index="1" bw="31" slack="0"/>
</pin_list>
<bind>
<opcode="alloca(26) " fcode="alloca"/>
<opset="i/1 "/>
</bind>
</comp>

<comp id="64" class="1004" name="sext_ln214_1_read_read_fu_64">
<pin_list>
<pin id="65" dir="0" index="0" bw="62" slack="0"/>
<pin id="66" dir="0" index="1" bw="62" slack="0"/>
<pin id="67" dir="1" index="2" bw="62" slack="0"/>
</pin_list>
<bind>
<opcode="read(1150) " fcode="read"/>
<opset="sext_ln214_1_read/1 "/>
</bind>
</comp>

<comp id="70" class="1004" name="sext_ln214_read_read_fu_70">
<pin_list>
<pin id="71" dir="0" index="0" bw="62" slack="0"/>
<pin id="72" dir="0" index="1" bw="62" slack="0"/>
<pin id="73" dir="1" index="2" bw="62" slack="0"/>
</pin_list>
<bind>
<opcode="read(1150) " fcode="read"/>
<opset="sext_ln214_read/1 "/>
</bind>
</comp>

<comp id="76" class="1004" name="neuron_count_read_read_fu_76">
<pin_list>
<pin id="77" dir="0" index="0" bw="32" slack="0"/>
<pin id="78" dir="0" index="1" bw="32" slack="0"/>
<pin id="79" dir="1" index="2" bw="32" slack="0"/>
</pin_list>
<bind>
<opcode="read(1150) " fcode="read"/>
<opset="neuron_count_read/1 "/>
</bind>
</comp>

<comp id="82" class="1004" name="u_a_addr_gep_fu_82">
<pin_list>
<pin id="83" dir="0" index="0" bw="32" slack="0"/>
<pin id="84" dir="0" index="1" bw="1" slack="0"/>
<pin id="85" dir="0" index="2" bw="31" slack="0"/>
<pin id="86" dir="1" index="3" bw="11" slack="0"/>
</pin_list>
<bind>
<opcode="getelementptr(29) " fcode="getelementptr"/>
<opset="u_a_addr/1 "/>
</bind>
</comp>

<comp id="89" class="1004" name="grp_access_fu_89">
<pin_list>
<pin id="90" dir="0" index="0" bw="11" slack="0"/>
<pin id="91" dir="0" index="1" bw="32" slack="2147483647"/>
<pin id="92" dir="0" index="2" bw="0" slack="2147483647"/>
<pin id="93" dir="1" index="3" bw="32" slack="1"/>
</pin_list>
<bind>
<opcode="load(27) " fcode="load"/>
<opset="u_a_load/1 "/>
</bind>
</comp>

<comp id="95" class="1004" name="v_a_addr_gep_fu_95">
<pin_list>
<pin id="96" dir="0" index="0" bw="32" slack="0"/>
<pin id="97" dir="0" index="1" bw="1" slack="0"/>
<pin id="98" dir="0" index="2" bw="31" slack="0"/>
<pin id="99" dir="1" index="3" bw="11" slack="0"/>
</pin_list>
<bind>
<opcode="getelementptr(29) " fcode="getelementptr"/>
<opset="v_a_addr/1 "/>
</bind>
</comp>

<comp id="102" class="1004" name="grp_access_fu_102">
<pin_list>
<pin id="103" dir="0" index="0" bw="11" slack="0"/>
<pin id="104" dir="0" index="1" bw="32" slack="2147483647"/>
<pin id="105" dir="0" index="2" bw="0" slack="2147483647"/>
<pin id="106" dir="1" index="3" bw="32" slack="2"/>
</pin_list>
<bind>
<opcode="load(27) " fcode="load"/>
<opset="v_a_load/1 "/>
</bind>
</comp>

<comp id="108" class="1004" name="grp_writereq_fu_108">
<pin_list>
<pin id="109" dir="0" index="0" bw="1" slack="0"/>
<pin id="110" dir="0" index="1" bw="32" slack="1"/>
<pin id="111" dir="0" index="2" bw="1" slack="0"/>
<pin id="112" dir="1" index="3" bw="1" slack="2147483647"/>
</pin_list>
<bind>
<opcode="writereq(1155) " fcode="writereq"/>
<opset="gmem1_addr_2_req/2 gmem1_addr_3_req/3 "/>
</bind>
</comp>

<comp id="115" class="1004" name="grp_write_fu_115">
<pin_list>
<pin id="116" dir="0" index="0" bw="0" slack="0"/>
<pin id="117" dir="0" index="1" bw="32" slack="2"/>
<pin id="118" dir="0" index="2" bw="32" slack="1"/>
<pin id="119" dir="0" index="3" bw="1" slack="0"/>
<pin id="120" dir="1" index="4" bw="0" slack="2147483647"/>
</pin_list>
<bind>
<opcode="write(1151) " fcode="write"/>
<opset="write_ln218/3 write_ln219/4 "/>
</bind>
</comp>

<comp id="123" class="1004" name="grp_writeresp_fu_123">
<pin_list>
<pin id="124" dir="0" index="0" bw="1" slack="0"/>
<pin id="125" dir="0" index="1" bw="32" slack="3"/>
<pin id="126" dir="1" index="2" bw="1" slack="2147483647"/>
</pin_list>
<bind>
<opcode="writeresp(1158) " fcode="writeresp"/>
<opset="gmem1_addr_2_resp/4 gmem1_addr_3_resp/5 "/>
</bind>
</comp>

<comp id="128" class="1004" name="sext_ln214_1_cast_fu_128">
<pin_list>
<pin id="129" dir="0" index="0" bw="62" slack="0"/>
<pin id="130" dir="1" index="1" bw="63" slack="0"/>
</pin_list>
<bind>
<opcode="sext(35) " fcode="sext"/>
<opset="sext_ln214_1_cast/1 "/>
</bind>
</comp>

<comp id="132" class="1004" name="sext_ln214_cast_fu_132">
<pin_list>
<pin id="133" dir="0" index="0" bw="62" slack="0"/>
<pin id="134" dir="1" index="1" bw="63" slack="0"/>
</pin_list>
<bind>
<opcode="sext(35) " fcode="sext"/>
<opset="sext_ln214_cast/1 "/>
</bind>
</comp>

<comp id="136" class="1004" name="store_ln214_store_fu_136">
<pin_list>
<pin id="137" dir="0" index="0" bw="1" slack="0"/>
<pin id="138" dir="0" index="1" bw="31" slack="0"/>
<pin id="139" dir="1" index="2" bw="0" slack="2147483647"/>
</pin_list>
<bind>
<opcode="store(28) " fcode="store"/>
<opset="store_ln214/1 "/>
</bind>
</comp>

<comp id="141" class="1004" name="i_2_load_fu_141">
<pin_list>
<pin id="142" dir="0" index="0" bw="31" slack="0"/>
<pin id="143" dir="1" index="1" bw="31" slack="0"/>
</pin_list>
<bind>
<opcode="load(27) " fcode="load"/>
<opset="i_2/1 "/>
</bind>
</comp>

<comp id="144" class="1004" name="zext_ln214_2_fu_144">
<pin_list>
<pin id="145" dir="0" index="0" bw="31" slack="0"/>
<pin id="146" dir="1" index="1" bw="32" slack="0"/>
</pin_list>
<bind>
<opcode="zext(34) " fcode="zext"/>
<opset="zext_ln214_2/1 "/>
</bind>
</comp>

<comp id="148" class="1004" name="icmp_ln214_fu_148">
<pin_list>
<pin id="149" dir="0" index="0" bw="31" slack="0"/>
<pin id="150" dir="0" index="1" bw="32" slack="0"/>
<pin id="151" dir="1" index="2" bw="1" slack="1"/>
</pin_list>
<bind>
<opcode="icmp(45) " fcode="icmp"/>
<opset="icmp_ln214/1 "/>
</bind>
</comp>

<comp id="154" class="1004" name="add_ln214_fu_154">
<pin_list>
<pin id="155" dir="0" index="0" bw="31" slack="0"/>
<pin id="156" dir="0" index="1" bw="1" slack="0"/>
<pin id="157" dir="1" index="2" bw="31" slack="0"/>
</pin_list>
<bind>
<opcode="add(8) " fcode="add"/>
<opset="add_ln214/1 "/>
</bind>
</comp>

<comp id="160" class="1004" name="zext_ln214_fu_160">
<pin_list>
<pin id="161" dir="0" index="0" bw="31" slack="0"/>
<pin id="162" dir="1" index="1" bw="64" slack="0"/>
</pin_list>
<bind>
<opcode="zext(34) " fcode="zext"/>
<opset="zext_ln214/1 "/>
</bind>
</comp>

<comp id="166" class="1004" name="zext_ln214_1_fu_166">
<pin_list>
<pin id="167" dir="0" index="0" bw="31" slack="0"/>
<pin id="168" dir="1" index="1" bw="63" slack="0"/>
</pin_list>
<bind>
<opcode="zext(34) " fcode="zext"/>
<opset="zext_ln214_1/1 "/>
</bind>
</comp>

<comp id="170" class="1004" name="add_ln218_fu_170">
<pin_list>
<pin id="171" dir="0" index="0" bw="31" slack="0"/>
<pin id="172" dir="0" index="1" bw="62" slack="0"/>
<pin id="173" dir="1" index="2" bw="63" slack="0"/>
</pin_list>
<bind>
<opcode="add(8) " fcode="add"/>
<opset="add_ln218/1 "/>
</bind>
</comp>

<comp id="176" class="1004" name="sext_ln218_fu_176">
<pin_list>
<pin id="177" dir="0" index="0" bw="63" slack="0"/>
<pin id="178" dir="1" index="1" bw="64" slack="0"/>
</pin_list>
<bind>
<opcode="sext(35) " fcode="sext"/>
<opset="sext_ln218/1 "/>
</bind>
</comp>

<comp id="180" class="1004" name="gmem1_addr_fu_180">
<pin_list>
<pin id="181" dir="0" index="0" bw="32" slack="0"/>
<pin id="182" dir="0" index="1" bw="63" slack="0"/>
<pin id="183" dir="1" index="2" bw="32" slack="1"/>
</pin_list>
<bind>
<opcode="getelementptr(29) " fcode="getelementptr"/>
<opset="gmem1_addr/1 "/>
</bind>
</comp>

<comp id="186" class="1004" name="add_ln219_fu_186">
<pin_list>
<pin id="187" dir="0" index="0" bw="31" slack="0"/>
<pin id="188" dir="0" index="1" bw="62" slack="0"/>
<pin id="189" dir="1" index="2" bw="63" slack="0"/>
</pin_list>
<bind>
<opcode="add(8) " fcode="add"/>
<opset="add_ln219/1 "/>
</bind>
</comp>

<comp id="192" class="1004" name="sext_ln219_fu_192">
<pin_list>
<pin id="193" dir="0" index="0" bw="63" slack="0"/>
<pin id="194" dir="1" index="1" bw="64" slack="0"/>
</pin_list>
<bind>
<opcode="sext(35) " fcode="sext"/>
<opset="sext_ln219/1 "/>
</bind>
</comp>

<comp id="196" class="1004" name="gmem1_addr_1_fu_196">
<pin_list>
<pin id="197" dir="0" index="0" bw="32" slack="0"/>
<pin id="198" dir="0" index="1" bw="63" slack="0"/>
<pin id="199" dir="1" index="2" bw="32" slack="2"/>
</pin_list>
<bind>
<opcode="getelementptr(29) " fcode="getelementptr"/>
<opset="gmem1_addr_1/1 "/>
</bind>
</comp>

<comp id="202" class="1004" name="store_ln214_store_fu_202">
<pin_list>
<pin id="203" dir="0" index="0" bw="31" slack="0"/>
<pin id="204" dir="0" index="1" bw="31" slack="0"/>
<pin id="205" dir="1" index="2" bw="0" slack="2147483647"/>
</pin_list>
<bind>
<opcode="store(28) " fcode="store"/>
<opset="store_ln214/1 "/>
</bind>
</comp>

<comp id="207" class="1005" name="i_reg_207">
<pin_list>
<pin id="208" dir="0" index="0" bw="31" slack="0"/>
<pin id="209" dir="1" index="1" bw="31" slack="0"/>
</pin_list>
<bind>
<opset="i "/>
</bind>
</comp>

<comp id="214" class="1005" name="icmp_ln214_reg_214">
<pin_list>
<pin id="215" dir="0" index="0" bw="1" slack="1"/>
<pin id="216" dir="1" index="1" bw="1" slack="2147483647"/>
</pin_list>
<bind>
<opset="icmp_ln214 "/>
</bind>
</comp>

<comp id="218" class="1005" name="u_a_addr_reg_218">
<pin_list>
<pin id="219" dir="0" index="0" bw="11" slack="1"/>
<pin id="220" dir="1" index="1" bw="11" slack="1"/>
</pin_list>
<bind>
<opset="u_a_addr "/>
</bind>
</comp>

<comp id="223" class="1005" name="gmem1_addr_reg_223">
<pin_list>
<pin id="224" dir="0" index="0" bw="32" slack="1"/>
<pin id="225" dir="1" index="1" bw="32" slack="1"/>
</pin_list>
<bind>
<opset="gmem1_addr "/>
</bind>
</comp>

<comp id="230" class="1005" name="v_a_addr_reg_230">
<pin_list>
<pin id="231" dir="0" index="0" bw="11" slack="1"/>
<pin id="232" dir="1" index="1" bw="11" slack="1"/>
</pin_list>
<bind>
<opset="v_a_addr "/>
</bind>
</comp>

<comp id="235" class="1005" name="gmem1_addr_1_reg_235">
<pin_list>
<pin id="236" dir="0" index="0" bw="32" slack="2"/>
<pin id="237" dir="1" index="1" bw="32" slack="2"/>
</pin_list>
<bind>
<opset="gmem1_addr_1 "/>
</bind>
</comp>

<comp id="242" class="1005" name="u_a_load_reg_242">
<pin_list>
<pin id="243" dir="0" index="0" bw="32" slack="1"/>
<pin id="244" dir="1" index="1" bw="32" slack="1"/>
</pin_list>
<bind>
<opset="u_a_load "/>
</bind>
</comp>

<comp id="247" class="1005" name="v_a_load_reg_247">
<pin_list>
<pin id="248" dir="0" index="0" bw="32" slack="2"/>
<pin id="249" dir="1" index="1" bw="32" slack="2"/>
</pin_list>
<bind>
<opset="v_a_load "/>
</bind>
</comp>

</comp_list>

<net_list>
<net id="63"><net_src comp="12" pin="0"/><net_sink comp="60" pin=0"/></net>

<net id="68"><net_src comp="14" pin="0"/><net_sink comp="64" pin=0"/></net>

<net id="69"><net_src comp="6" pin="0"/><net_sink comp="64" pin=1"/></net>

<net id="74"><net_src comp="14" pin="0"/><net_sink comp="70" pin=0"/></net>

<net id="75"><net_src comp="4" pin="0"/><net_sink comp="70" pin=1"/></net>

<net id="80"><net_src comp="16" pin="0"/><net_sink comp="76" pin=0"/></net>

<net id="81"><net_src comp="2" pin="0"/><net_sink comp="76" pin=1"/></net>

<net id="87"><net_src comp="8" pin="0"/><net_sink comp="82" pin=0"/></net>

<net id="88"><net_src comp="42" pin="0"/><net_sink comp="82" pin=1"/></net>

<net id="94"><net_src comp="82" pin="3"/><net_sink comp="89" pin=0"/></net>

<net id="100"><net_src comp="10" pin="0"/><net_sink comp="95" pin=0"/></net>

<net id="101"><net_src comp="42" pin="0"/><net_sink comp="95" pin=1"/></net>

<net id="107"><net_src comp="95" pin="3"/><net_sink comp="102" pin=0"/></net>

<net id="113"><net_src comp="44" pin="0"/><net_sink comp="108" pin=0"/></net>

<net id="114"><net_src comp="46" pin="0"/><net_sink comp="108" pin=2"/></net>

<net id="121"><net_src comp="48" pin="0"/><net_sink comp="115" pin=0"/></net>

<net id="122"><net_src comp="50" pin="0"/><net_sink comp="115" pin=3"/></net>

<net id="127"><net_src comp="52" pin="0"/><net_sink comp="123" pin=0"/></net>

<net id="131"><net_src comp="64" pin="2"/><net_sink comp="128" pin=0"/></net>

<net id="135"><net_src comp="70" pin="2"/><net_sink comp="132" pin=0"/></net>

<net id="140"><net_src comp="36" pin="0"/><net_sink comp="136" pin=0"/></net>

<net id="147"><net_src comp="141" pin="1"/><net_sink comp="144" pin=0"/></net>

<net id="152"><net_src comp="144" pin="1"/><net_sink comp="148" pin=0"/></net>

<net id="153"><net_src comp="76" pin="2"/><net_sink comp="148" pin=1"/></net>

<net id="158"><net_src comp="141" pin="1"/><net_sink comp="154" pin=0"/></net>

<net id="159"><net_src comp="40" pin="0"/><net_sink comp="154" pin=1"/></net>

<net id="163"><net_src comp="141" pin="1"/><net_sink comp="160" pin=0"/></net>

<net id="164"><net_src comp="160" pin="1"/><net_sink comp="82" pin=2"/></net>

<net id="165"><net_src comp="160" pin="1"/><net_sink comp="95" pin=2"/></net>

<net id="169"><net_src comp="141" pin="1"/><net_sink comp="166" pin=0"/></net>

<net id="174"><net_src comp="166" pin="1"/><net_sink comp="170" pin=0"/></net>

<net id="175"><net_src comp="132" pin="1"/><net_sink comp="170" pin=1"/></net>

<net id="179"><net_src comp="170" pin="2"/><net_sink comp="176" pin=0"/></net>

<net id="184"><net_src comp="0" pin="0"/><net_sink comp="180" pin=0"/></net>

<net id="185"><net_src comp="176" pin="1"/><net_sink comp="180" pin=1"/></net>

<net id="190"><net_src comp="166" pin="1"/><net_sink comp="186" pin=0"/></net>

<net id="191"><net_src comp="128" pin="1"/><net_sink comp="186" pin=1"/></net>

<net id="195"><net_src comp="186" pin="2"/><net_sink comp="192" pin=0"/></net>

<net id="200"><net_src comp="0" pin="0"/><net_sink comp="196" pin=0"/></net>

<net id="201"><net_src comp="192" pin="1"/><net_sink comp="196" pin=1"/></net>

<net id="206"><net_src comp="154" pin="2"/><net_sink comp="202" pin=0"/></net>

<net id="210"><net_src comp="60" pin="1"/><net_sink comp="207" pin=0"/></net>

<net id="211"><net_src comp="207" pin="1"/><net_sink comp="136" pin=1"/></net>

<net id="212"><net_src comp="207" pin="1"/><net_sink comp="141" pin=0"/></net>

<net id="213"><net_src comp="207" pin="1"/><net_sink comp="202" pin=1"/></net>

<net id="217"><net_src comp="148" pin="2"/><net_sink comp="214" pin=0"/></net>

<net id="221"><net_src comp="82" pin="3"/><net_sink comp="218" pin=0"/></net>

<net id="222"><net_src comp="218" pin="1"/><net_sink comp="89" pin=0"/></net>

<net id="226"><net_src comp="180" pin="2"/><net_sink comp="223" pin=0"/></net>

<net id="227"><net_src comp="223" pin="1"/><net_sink comp="108" pin=1"/></net>

<net id="228"><net_src comp="223" pin="1"/><net_sink comp="115" pin=1"/></net>

<net id="229"><net_src comp="223" pin="1"/><net_sink comp="123" pin=1"/></net>

<net id="233"><net_src comp="95" pin="3"/><net_sink comp="230" pin=0"/></net>

<net id="234"><net_src comp="230" pin="1"/><net_sink comp="102" pin=0"/></net>

<net id="238"><net_src comp="196" pin="2"/><net_sink comp="235" pin=0"/></net>

<net id="239"><net_src comp="235" pin="1"/><net_sink comp="108" pin=1"/></net>

<net id="240"><net_src comp="235" pin="1"/><net_sink comp="115" pin=1"/></net>

<net id="241"><net_src comp="235" pin="1"/><net_sink comp="123" pin=1"/></net>

<net id="245"><net_src comp="89" pin="3"/><net_sink comp="242" pin=0"/></net>

<net id="246"><net_src comp="242" pin="1"/><net_sink comp="115" pin=2"/></net>

<net id="250"><net_src comp="102" pin="3"/><net_sink comp="247" pin=0"/></net>

<net id="251"><net_src comp="247" pin="1"/><net_sink comp="115" pin=2"/></net>

</net_list>

</model> 
---------------- Datapath Model END ------------------

* FSMD analyzer results:
  - Output states:
	Port: gmem1 | {2 3 4 5 6 7 8 9 }
 - Input state : 
	Port: accelerator_net_Pipeline_STORE_STATE : neuron_count | {1 }
	Port: accelerator_net_Pipeline_STORE_STATE : sext_ln214 | {1 }
	Port: accelerator_net_Pipeline_STORE_STATE : sext_ln214_1 | {1 }
	Port: accelerator_net_Pipeline_STORE_STATE : u_a | {1 2 }
	Port: accelerator_net_Pipeline_STORE_STATE : v_a | {1 2 }
  - Chain level:
	State 1
		store_ln214 : 1
		i_2 : 1
		zext_ln214_2 : 2
		icmp_ln214 : 3
		add_ln214 : 2
		br_ln214 : 4
		zext_ln214 : 2
		zext_ln214_1 : 2
		u_a_addr : 3
		u_a_load : 4
		add_ln218 : 3
		sext_ln218 : 4
		gmem1_addr : 5
		v_a_addr : 3
		v_a_load : 4
		add_ln219 : 3
		sext_ln219 : 4
		gmem1_addr_1 : 5
		store_ln214 : 3
	State 2
	State 3
	State 4
	State 5
	State 6
	State 7
	State 8
	State 9


============================================================
+ Verbose Summary: Datapath Resource usage 
============================================================

* Functional unit list:
|----------|------------------------------|---------|---------|
| Operation|        Functional Unit       |    FF   |   LUT   |
|----------|------------------------------|---------|---------|
|          |       add_ln214_fu_154       |    0    |    38   |
|    add   |       add_ln218_fu_170       |    0    |    69   |
|          |       add_ln219_fu_186       |    0    |    69   |
|----------|------------------------------|---------|---------|
|   icmp   |       icmp_ln214_fu_148      |    0    |    39   |
|----------|------------------------------|---------|---------|
|          | sext_ln214_1_read_read_fu_64 |    0    |    0    |
|   read   |  sext_ln214_read_read_fu_70  |    0    |    0    |
|          | neuron_count_read_read_fu_76 |    0    |    0    |
|----------|------------------------------|---------|---------|
| writereq |      grp_writereq_fu_108     |    0    |    0    |
|----------|------------------------------|---------|---------|
|   write  |       grp_write_fu_115       |    0    |    0    |
|----------|------------------------------|---------|---------|
| writeresp|     grp_writeresp_fu_123     |    0    |    0    |
|----------|------------------------------|---------|---------|
|          |   sext_ln214_1_cast_fu_128   |    0    |    0    |
|   sext   |    sext_ln214_cast_fu_132    |    0    |    0    |
|          |       sext_ln218_fu_176      |    0    |    0    |
|          |       sext_ln219_fu_192      |    0    |    0    |
|----------|------------------------------|---------|---------|
|          |      zext_ln214_2_fu_144     |    0    |    0    |
|   zext   |       zext_ln214_fu_160      |    0    |    0    |
|          |      zext_ln214_1_fu_166     |    0    |    0    |
|----------|------------------------------|---------|---------|
|   Total  |                              |    0    |   215   |
|----------|------------------------------|---------|---------|

Memories:
N/A

* Register list:
+--------------------+--------+
|                    |   FF   |
+--------------------+--------+
|gmem1_addr_1_reg_235|   32   |
| gmem1_addr_reg_223 |   32   |
|      i_reg_207     |   31   |
| icmp_ln214_reg_214 |    1   |
|  u_a_addr_reg_218  |   11   |
|  u_a_load_reg_242  |   32   |
|  v_a_addr_reg_230  |   11   |
|  v_a_load_reg_247  |   32   |
+--------------------+--------+
|        Total       |   182  |
+--------------------+--------+

* Multiplexer (MUX) list: 
|----------------------|------|------|------|--------||---------||---------||---------|
|         Comp         |  Pin | Size |  BW  | S x BW ||  Delay  ||    FF   ||   LUT   |
|----------------------|------|------|------|--------||---------||---------||---------|
|   grp_access_fu_89   |  p0  |   2  |  11  |   22   ||    0    ||    9    |
|   grp_access_fu_102  |  p0  |   2  |  11  |   22   ||    0    ||    9    |
|  grp_writereq_fu_108 |  p1  |   2  |  32  |   64   ||    0    ||    9    |
|   grp_write_fu_115   |  p1  |   2  |  32  |   64   ||    0    ||    9    |
|   grp_write_fu_115   |  p2  |   2  |  32  |   64   ||    0    ||    9    |
| grp_writeresp_fu_123 |  p1  |   2  |  32  |   64   ||    0    ||    9    |
|----------------------|------|------|------|--------||---------||---------||---------|
|         Total        |      |      |      |   300  ||  9.528  ||    0    ||    54   |
|----------------------|------|------|------|--------||---------||---------||---------|



* Summary:
+-----------+--------+--------+--------+
|           |  Delay |   FF   |   LUT  |
+-----------+--------+--------+--------+
|  Function |    -   |    0   |   215  |
|   Memory  |    -   |    -   |    -   |
|Multiplexer|    9   |    0   |   54   |
|  Register |    -   |   182  |    -   |
+-----------+--------+--------+--------+
|   Total   |    9   |   182  |   269  |
+-----------+--------+--------+--------+
