

================================================================
== Vitis HLS Report for 'accelerator_net_Pipeline_LOAD_ROW_PTR'
================================================================
* Date:           Tue Jun 30 17:54:46 2026

* Version:        2025.2 (Build 6295257 on Nov 14 2025)
* Project:        build
* Solution:       hls (Vivado IP Flow Target)
* Product family: zynq
* Target device:  xc7z020-clg400-1


================================================================
== Performance Estimates
================================================================
+ Timing: 
    * Summary: 
    +--------+----------+----------+------------+
    |  Clock |  Target  | Estimated| Uncertainty|
    +--------+----------+----------+------------+
    |ap_clk  |  10.00 ns|  7.300 ns|     2.70 ns|
    +--------+----------+----------+------------+

+ Latency: 
    * Summary: 
    +---------+---------+----------+----------+-----+-----+-------------------+
    |  Latency (cycles) |  Latency (absolute) |  Interval |      Pipeline     |
    |   min   |   max   |    min   |    max   | min | max |        Type       |
    +---------+---------+----------+----------+-----+-----+-------------------+
    |        ?|        ?|         ?|         ?|    0|    0|  loop pipeline stp|
    +---------+---------+----------+----------+-----+-----+-------------------+

    + Detail: 
        * Instance: 
        N/A

        * Loop: 
        +----------------+---------+---------+----------+-----------+-----------+------+----------+
        |                |  Latency (cycles) | Iteration|  Initiation Interval  | Trip |          |
        |    Loop Name   |   min   |   max   |  Latency |  achieved |   target  | Count| Pipelined|
        +----------------+---------+---------+----------+-----------+-----------+------+----------+
        |- LOAD_ROW_PTR  |        ?|        ?|         3|          1|          1|     ?|       yes|
        +----------------+---------+---------+----------+-----------+-----------+------+----------+

============================================================
+ Verbose Summary: Synthesis Manager
============================================================
InlineROM: 1
ExposeGlobal: 0
============================================================
+ Verbose Summary: CDFG Model
============================================================
IsTopModel: 0
ResetActiveHigh: 1
IsCombinational: 0
IsDatapathOnly: 0
HasWiredReturn: 1
HasMFsm: 2
HasVarLatency: 1
IsPipeline: 0
IsRtlPipelined: 0
IsInstanceOverlapped: 0
IsDontTouch: 0
HasImplIP: 0
IsGatedGlobalClock: 0

+ Individual pipeline summary: 
  * Pipeline-0: initiation interval (II) = 1, depth = 3


============================================================
+ Verbose Summary: Schedule
============================================================
* Number of FSM states : 3
* Pipeline : 1
  Pipeline-0 : II = 1, D = 3, States = { 1 2 3 }
* Dataflow Pipeline: 0

* FSM state transitions: 
1 --> 2 
2 --> 3 
3 --> 

* FSM state operations: 

State 1 <SV = 0> <Delay = 5.72>
ST_1 : Operation 6 [1/1] (0.00ns)   --->   "%i = alloca i32 1" [network-accel.cpp:164]   --->   Operation 6 'alloca' 'i' <Predicate = true> <Delay = 0.00>
ST_1 : Operation 7 [1/1] (0.00ns)   --->   "%sext_ln164_read = read i62 @_ssdm_op_Read.ap_auto.i62, i62 %sext_ln164"   --->   Operation 7 'read' 'sext_ln164_read' <Predicate = true> <Delay = 0.00>
ST_1 : Operation 8 [1/1] (0.00ns)   --->   "%add_ln164_read = read i32 @_ssdm_op_Read.ap_auto.i32, i32 %add_ln164"   --->   Operation 8 'read' 'add_ln164_read' <Predicate = true> <Delay = 0.00>
ST_1 : Operation 9 [1/1] (0.00ns)   --->   "%sext_ln164_cast = sext i62 %sext_ln164_read"   --->   Operation 9 'sext' 'sext_ln164_cast' <Predicate = true> <Delay = 0.00>
ST_1 : Operation 10 [1/1] (0.00ns)   --->   "%specinterface_ln0 = specinterface void @_ssdm_op_SpecInterface, i32 %gmem0, void @empty_31, i32 0, i32 0, void @empty_32, i32 0, i32 0, void @empty, void @empty_0, void @empty_32, i32 16, i32 16, i32 16, i32 16, void @empty_32, void @empty_32, i32 4294967295, i32 0, i32 0, i32 4"   --->   Operation 10 'specinterface' 'specinterface_ln0' <Predicate = true> <Delay = 0.00>
ST_1 : Operation 11 [1/1] (1.58ns)   --->   "%store_ln164 = store i12 0, i12 %i" [network-accel.cpp:164]   --->   Operation 11 'store' 'store_ln164' <Predicate = true> <Delay = 1.58>
ST_1 : Operation 12 [1/1] (0.00ns)   --->   "%br_ln0 = br void %for.inc"   --->   Operation 12 'br' 'br_ln0' <Predicate = true> <Delay = 0.00>
ST_1 : Operation 13 [1/1] (0.00ns)   --->   "%i_3 = load i12 %i" [network-accel.cpp:164]   --->   Operation 13 'load' 'i_3' <Predicate = true> <Delay = 0.00>
ST_1 : Operation 14 [1/1] (0.00ns)   --->   "%specbitsmap_ln0 = specbitsmap void @_ssdm_op_SpecBitsMap, i32 %gmem0"   --->   Operation 14 'specbitsmap' 'specbitsmap_ln0' <Predicate = true> <Delay = 0.00>
ST_1 : Operation 15 [1/1] (0.00ns)   --->   "%zext_ln164 = zext i12 %i_3" [network-accel.cpp:164]   --->   Operation 15 'zext' 'zext_ln164' <Predicate = true> <Delay = 0.00>
ST_1 : Operation 16 [1/1] (2.55ns)   --->   "%icmp_ln164 = icmp_slt  i32 %zext_ln164, i32 %add_ln164_read" [network-accel.cpp:164]   --->   Operation 16 'icmp' 'icmp_ln164' <Predicate = true> <Delay = 2.55> <CoreInst = "Cmp">   --->   Core 9 'Cmp' <Latency = 0> <II = 1> <Delay = 2.55> <FuncUnit> <Opcode : 'seteq' 'setne' 'setle' 'setge' 'setlt' 'setgt'> <InPorts = 2> <OutPorts = 1>
ST_1 : Operation 17 [1/1] (1.54ns)   --->   "%add_ln164_1 = add i12 %i_3, i12 1" [network-accel.cpp:164]   --->   Operation 17 'add' 'add_ln164_1' <Predicate = true> <Delay = 1.54> <CoreInst = "Adder">   --->   Core 1 'Adder' <Latency = 0> <II = 1> <Delay = 1.54> <FuncUnit> <Opcode : 'add' 'sub'> <InPorts = 2> <OutPorts = 1>
ST_1 : Operation 18 [1/1] (0.00ns)   --->   "%br_ln164 = br i1 %icmp_ln164, void %for.inc27.preheader.exitStub, void %for.inc.split" [network-accel.cpp:164]   --->   Operation 18 'br' 'br_ln164' <Predicate = true> <Delay = 0.00>
ST_1 : Operation 19 [1/1] (1.58ns)   --->   "%store_ln164 = store i12 %add_ln164_1, i12 %i" [network-accel.cpp:164]   --->   Operation 19 'store' 'store_ln164' <Predicate = (icmp_ln164)> <Delay = 1.58>

State 2 <SV = 1> <Delay = 7.30>
ST_2 : Operation 20 [1/1] (0.00ns)   --->   "%gmem0_addr = getelementptr i32 %gmem0, i64 %sext_ln164_cast" [network-accel.cpp:164]   --->   Operation 20 'getelementptr' 'gmem0_addr' <Predicate = true> <Delay = 0.00>
ST_2 : Operation 21 [1/1] ( I:7.30ns O:7.30ns )   --->   "%gmem0_addr_read = read i32 @_ssdm_op_Read.m_axi.i32.p1i32, i32 %gmem0_addr" [network-accel.cpp:167]   --->   Operation 21 'read' 'gmem0_addr_read' <Predicate = true> <Delay = 7.30> <CoreInst = "m_axi">   --->   Core 111 'm_axi' <Latency = 3> <II = 1> <Delay = 1.00> <Adapter> <Opcode : 'readrequnaligned' 'writerequnaligned' 'read' 'write' 'readreq' 'writereq' 'writeresp'>
ST_2 : Operation 28 [1/1] (1.58ns)   --->   "%ret_ln0 = ret"   --->   Operation 28 'ret' 'ret_ln0' <Predicate = (!icmp_ln164)> <Delay = 1.58>

State 3 <SV = 2> <Delay = 3.25>
ST_3 : Operation 22 [1/1] (0.00ns)   --->   "%zext_ln164_1 = zext i12 %i_3" [network-accel.cpp:164]   --->   Operation 22 'zext' 'zext_ln164_1' <Predicate = true> <Delay = 0.00>
ST_3 : Operation 23 [1/1] (0.00ns)   --->   "%specpipeline_ln166 = specpipeline void @_ssdm_op_SpecPipeline, i32 1, i32 0, i32 0, i32 0, i32 4294967295, void @empty_32" [network-accel.cpp:166]   --->   Operation 23 'specpipeline' 'specpipeline_ln166' <Predicate = true> <Delay = 0.00>
ST_3 : Operation 24 [1/1] (0.00ns)   --->   "%specloopname_ln164 = specloopname void @_ssdm_op_SpecLoopName, void @empty_24" [network-accel.cpp:164]   --->   Operation 24 'specloopname' 'specloopname_ln164' <Predicate = true> <Delay = 0.00>
ST_3 : Operation 25 [1/1] (0.00ns)   --->   "%row_ptr_addr = getelementptr i32 %row_ptr, i64 0, i64 %zext_ln164_1" [network-accel.cpp:167]   --->   Operation 25 'getelementptr' 'row_ptr_addr' <Predicate = true> <Delay = 0.00>
ST_3 : Operation 26 [1/1] ( I:3.25ns O:3.25ns )   --->   "%store_ln167 = store i32 %gmem0_addr_read, i12 %row_ptr_addr" [network-accel.cpp:167]   --->   Operation 26 'store' 'store_ln167' <Predicate = true> <Delay = 3.25> <CoreInst = "RAM">   --->   Core 81 'RAM' <Latency = 1> <II = 1> <Delay = 3.25> <Storage> <Opcode : 'load' 'store'> <Ports = 2> <Width = 32> <Depth = 2049> <RAM>
ST_3 : Operation 27 [1/1] (0.00ns)   --->   "%br_ln164 = br void %for.inc" [network-accel.cpp:164]   --->   Operation 27 'br' 'br_ln164' <Predicate = true> <Delay = 0.00>


============================================================
+ Verbose Summary: Timing violations
============================================================
Target clock period: 10.000ns, clock uncertainty: 2.700ns.

 <State 1>: 5.728ns
The critical path consists of the following:
	'store' operation ('store_ln164', network-accel.cpp:164) of constant 0 12 bit on local variable 'i', network-accel.cpp:164 [10]  (1.588 ns)
	'load' operation 12 bit ('i', network-accel.cpp:164) on local variable 'i', network-accel.cpp:164 [13]  (0.000 ns)
	'icmp' operation 1 bit ('icmp_ln164', network-accel.cpp:164) [16]  (2.552 ns)
	'store' operation ('store_ln164', network-accel.cpp:164) of variable 'add_ln164_1', network-accel.cpp:164 12 bit on local variable 'i', network-accel.cpp:164 [27]  (1.588 ns)

 <State 2>: 7.300ns
The critical path consists of the following:
	'getelementptr' operation 32 bit ('gmem0_addr', network-accel.cpp:164) [20]  (0.000 ns)
	bus read operation ('gmem0_addr_read', network-accel.cpp:167) on port 'gmem0' (network-accel.cpp:167) [24]  (7.300 ns)

 <State 3>: 3.254ns
The critical path consists of the following:
	'getelementptr' operation 12 bit ('row_ptr_addr', network-accel.cpp:167) [25]  (0.000 ns)
	'store' operation ('store_ln167', network-accel.cpp:167) of variable 'gmem0_addr_read', network-accel.cpp:167 32 bit on array 'row_ptr' [26]  (3.254 ns)


============================================================
+ Verbose Summary: Binding
============================================================
N/A
* FSMD analyzer results:
  - Output states:
 - Input state : 
  - Chain level:
	State 1
	State 2
	State 3


============================================================
+ Verbose Summary: Datapath Resource usage 
============================================================
N/A
