

================================================================
== Vitis HLS Report for 'accelerator_net_Pipeline_COMPUTE_DEGREE'
================================================================
* Date:           Tue Jun 30 17:54:47 2026

* Version:        2025.2 (Build 6295257 on Nov 14 2025)
* Project:        build
* Solution:       hls (Vivado IP Flow Target)
* Product family: zynq
* Target device:  xc7z020-clg400-1


================================================================
== Performance Estimates
================================================================
+ Timing: 
    * Summary: 
    +--------+----------+----------+------------+
    |  Clock |  Target  | Estimated| Uncertainty|
    +--------+----------+----------+------------+
    |ap_clk  |  10.00 ns|  6.389 ns|     2.70 ns|
    +--------+----------+----------+------------+

+ Latency: 
    * Summary: 
    +---------+---------+----------+----------+-----+-----+-------------------+
    |  Latency (cycles) |  Latency (absolute) |  Interval |      Pipeline     |
    |   min   |   max   |    min   |    max   | min | max |        Type       |
    +---------+---------+----------+----------+-----+-----+-------------------+
    |        ?|        ?|         ?|         ?|    0|    0|  loop pipeline stp|
    +---------+---------+----------+----------+-----+-----+-------------------+

    + Detail: 
        * Instance: 
        N/A

        * Loop: 
        +------------------+---------+---------+----------+-----------+-----------+------+----------+
        |                  |  Latency (cycles) | Iteration|  Initiation Interval  | Trip |          |
        |     Loop Name    |   min   |   max   |  Latency |  achieved |   target  | Count| Pipelined|
        +------------------+---------+---------+----------+-----------+-----------+------+----------+
        |- COMPUTE_DEGREE  |        ?|        ?|         3|          1|          1|     ?|       yes|
        +------------------+---------+---------+----------+-----------+-----------+------+----------+

============================================================
+ Verbose Summary: Synthesis Manager
============================================================
InlineROM: 1
ExposeGlobal: 0
============================================================
+ Verbose Summary: CDFG Model
============================================================
IsTopModel: 0
ResetActiveHigh: 1
IsCombinational: 0
IsDatapathOnly: 0
HasWiredReturn: 1
HasMFsm: 2
HasVarLatency: 1
IsPipeline: 0
IsRtlPipelined: 0
IsInstanceOverlapped: 0
IsDontTouch: 0
HasImplIP: 0
IsGatedGlobalClock: 0

+ Individual pipeline summary: 
  * Pipeline-0: initiation interval (II) = 1, depth = 3


============================================================
+ Verbose Summary: Schedule
============================================================
* Number of FSM states : 3
* Pipeline : 1
  Pipeline-0 : II = 1, D = 3, States = { 1 2 3 }
* Dataflow Pipeline: 0

* FSM state transitions: 
1 --> 2 
2 --> 3 
3 --> 

* FSM state operations: 

State 1 <SV = 0> <Delay = 6.38>
ST_1 : Operation 6 [1/1] (0.00ns)   --->   "%n = alloca i32 1" [network-accel.cpp:178]   --->   Operation 6 'alloca' 'n' <Predicate = true> <Delay = 0.00>
ST_1 : Operation 7 [1/1] (0.00ns)   --->   "%neuron_count_read = read i32 @_ssdm_op_Read.ap_auto.i32, i32 %neuron_count"   --->   Operation 7 'read' 'neuron_count_read' <Predicate = true> <Delay = 0.00>
ST_1 : Operation 8 [1/1] (1.58ns)   --->   "%store_ln178 = store i12 0, i12 %n" [network-accel.cpp:178]   --->   Operation 8 'store' 'store_ln178' <Predicate = true> <Delay = 1.58>
ST_1 : Operation 9 [1/1] (0.00ns)   --->   "%br_ln0 = br void %for.inc41"   --->   Operation 9 'br' 'br_ln0' <Predicate = true> <Delay = 0.00>
ST_1 : Operation 10 [1/1] (0.00ns)   --->   "%n_1 = load i12 %n" [network-accel.cpp:182]   --->   Operation 10 'load' 'n_1' <Predicate = true> <Delay = 0.00>
ST_1 : Operation 11 [1/1] (0.00ns)   --->   "%zext_ln178_1 = zext i12 %n_1" [network-accel.cpp:178]   --->   Operation 11 'zext' 'zext_ln178_1' <Predicate = true> <Delay = 0.00>
ST_1 : Operation 12 [1/1] (2.55ns)   --->   "%icmp_ln178 = icmp_slt  i32 %zext_ln178_1, i32 %neuron_count_read" [network-accel.cpp:178]   --->   Operation 12 'icmp' 'icmp_ln178' <Predicate = true> <Delay = 2.55> <CoreInst = "Cmp">   --->   Core 9 'Cmp' <Latency = 0> <II = 1> <Delay = 2.55> <FuncUnit> <Opcode : 'seteq' 'setne' 'setle' 'setge' 'setlt' 'setgt'> <InPorts = 2> <OutPorts = 1>
ST_1 : Operation 13 [1/1] (1.54ns)   --->   "%add_ln182 = add i12 %n_1, i12 1" [network-accel.cpp:182]   --->   Operation 13 'add' 'add_ln182' <Predicate = true> <Delay = 1.54> <CoreInst = "Adder">   --->   Core 1 'Adder' <Latency = 0> <II = 1> <Delay = 1.54> <FuncUnit> <Opcode : 'add' 'sub'> <InPorts = 2> <OutPorts = 1>
ST_1 : Operation 14 [1/1] (0.00ns)   --->   "%br_ln178 = br i1 %icmp_ln178, void %if.end165.loopexit11.exitStub, void %for.inc41.split" [network-accel.cpp:178]   --->   Operation 14 'br' 'br_ln178' <Predicate = true> <Delay = 0.00>
ST_1 : Operation 15 [1/1] (0.00ns)   --->   "%zext_ln178 = zext i12 %n_1" [network-accel.cpp:178]   --->   Operation 15 'zext' 'zext_ln178' <Predicate = (icmp_ln178)> <Delay = 0.00>
ST_1 : Operation 16 [1/1] (0.00ns)   --->   "%zext_ln182 = zext i12 %add_ln182" [network-accel.cpp:182]   --->   Operation 16 'zext' 'zext_ln182' <Predicate = (icmp_ln178)> <Delay = 0.00>
ST_1 : Operation 17 [1/1] (0.00ns)   --->   "%row_ptr_addr = getelementptr i32 %row_ptr, i64 0, i64 %zext_ln182" [network-accel.cpp:182]   --->   Operation 17 'getelementptr' 'row_ptr_addr' <Predicate = (icmp_ln178)> <Delay = 0.00>
ST_1 : Operation 18 [2/2] (3.25ns)   --->   "%row_ptr_load = load i12 %row_ptr_addr" [network-accel.cpp:182]   --->   Operation 18 'load' 'row_ptr_load' <Predicate = (icmp_ln178)> <Delay = 3.25> <CoreInst = "RAM">   --->   Core 81 'RAM' <Latency = 1> <II = 1> <Delay = 3.25> <Storage> <Opcode : 'load' 'store'> <Ports = 2> <Width = 32> <Depth = 2049> <RAM>
ST_1 : Operation 19 [1/1] (0.00ns)   --->   "%row_ptr_addr_1 = getelementptr i32 %row_ptr, i64 0, i64 %zext_ln178" [network-accel.cpp:183]   --->   Operation 19 'getelementptr' 'row_ptr_addr_1' <Predicate = (icmp_ln178)> <Delay = 0.00>
ST_1 : Operation 20 [2/2] (3.25ns)   --->   "%row_ptr_load_1 = load i12 %row_ptr_addr_1" [network-accel.cpp:183]   --->   Operation 20 'load' 'row_ptr_load_1' <Predicate = (icmp_ln178)> <Delay = 3.25> <CoreInst = "RAM">   --->   Core 81 'RAM' <Latency = 1> <II = 1> <Delay = 3.25> <Storage> <Opcode : 'load' 'store'> <Ports = 2> <Width = 32> <Depth = 2049> <RAM>
ST_1 : Operation 21 [1/1] (1.58ns)   --->   "%store_ln178 = store i12 %add_ln182, i12 %n" [network-accel.cpp:178]   --->   Operation 21 'store' 'store_ln178' <Predicate = (icmp_ln178)> <Delay = 1.58>

State 2 <SV = 1> <Delay = 5.16>
ST_2 : Operation 22 [1/2] ( I:3.25ns O:3.25ns )   --->   "%row_ptr_load = load i12 %row_ptr_addr" [network-accel.cpp:182]   --->   Operation 22 'load' 'row_ptr_load' <Predicate = true> <Delay = 3.25> <CoreInst = "RAM">   --->   Core 81 'RAM' <Latency = 1> <II = 1> <Delay = 3.25> <Storage> <Opcode : 'load' 'store'> <Ports = 2> <Width = 32> <Depth = 2049> <RAM>
ST_2 : Operation 23 [1/1] (0.00ns)   --->   "%trunc_ln183 = trunc i32 %row_ptr_load" [network-accel.cpp:183]   --->   Operation 23 'trunc' 'trunc_ln183' <Predicate = true> <Delay = 0.00>
ST_2 : Operation 24 [1/2] ( I:3.25ns O:3.25ns )   --->   "%row_ptr_load_1 = load i12 %row_ptr_addr_1" [network-accel.cpp:183]   --->   Operation 24 'load' 'row_ptr_load_1' <Predicate = true> <Delay = 3.25> <CoreInst = "RAM">   --->   Core 81 'RAM' <Latency = 1> <II = 1> <Delay = 3.25> <Storage> <Opcode : 'load' 'store'> <Ports = 2> <Width = 32> <Depth = 2049> <RAM>
ST_2 : Operation 25 [1/1] (0.00ns)   --->   "%trunc_ln183_1 = trunc i32 %row_ptr_load_1" [network-accel.cpp:183]   --->   Operation 25 'trunc' 'trunc_ln183_1' <Predicate = true> <Delay = 0.00>
ST_2 : Operation 26 [1/1] (1.91ns)   --->   "%sub_ln182 = sub i8 %trunc_ln183, i8 %trunc_ln183_1" [network-accel.cpp:182]   --->   Operation 26 'sub' 'sub_ln182' <Predicate = true> <Delay = 1.91> <CoreInst = "Adder">   --->   Core 1 'Adder' <Latency = 0> <II = 1> <Delay = 1.91> <FuncUnit> <Opcode : 'add' 'sub'> <InPorts = 2> <OutPorts = 1>
ST_2 : Operation 32 [1/1] (1.58ns)   --->   "%ret_ln0 = ret"   --->   Operation 32 'ret' 'ret_ln0' <Predicate = (!icmp_ln178)> <Delay = 1.58>

State 3 <SV = 2> <Delay = 3.25>
ST_3 : Operation 27 [1/1] (0.00ns)   --->   "%specpipeline_ln180 = specpipeline void @_ssdm_op_SpecPipeline, i32 1, i32 0, i32 0, i32 0, i32 4294967295, void @empty_32" [network-accel.cpp:180]   --->   Operation 27 'specpipeline' 'specpipeline_ln180' <Predicate = true> <Delay = 0.00>
ST_3 : Operation 28 [1/1] (0.00ns)   --->   "%specloopname_ln178 = specloopname void @_ssdm_op_SpecLoopName, void @empty_22" [network-accel.cpp:178]   --->   Operation 28 'specloopname' 'specloopname_ln178' <Predicate = true> <Delay = 0.00>
ST_3 : Operation 29 [1/1] (0.00ns)   --->   "%degree_addr = getelementptr i8 %degree, i64 0, i64 %zext_ln178" [network-accel.cpp:181]   --->   Operation 29 'getelementptr' 'degree_addr' <Predicate = true> <Delay = 0.00>
ST_3 : Operation 30 [1/1] ( I:3.25ns O:3.25ns )   --->   "%store_ln181 = store i8 %sub_ln182, i11 %degree_addr" [network-accel.cpp:181]   --->   Operation 30 'store' 'store_ln181' <Predicate = true> <Delay = 3.25> <CoreInst = "RAM">   --->   Core 81 'RAM' <Latency = 1> <II = 1> <Delay = 3.25> <Storage> <Opcode : 'load' 'store'> <Ports = 2> <Width = 8> <Depth = 2048> <RAM>
ST_3 : Operation 31 [1/1] (0.00ns)   --->   "%br_ln178 = br void %for.inc41" [network-accel.cpp:178]   --->   Operation 31 'br' 'br_ln178' <Predicate = true> <Delay = 0.00>


============================================================
+ Verbose Summary: Binding
============================================================
STG Binding: 
---------------- STG Properties BEGIN ----------------
- Is combinational: 0
- Is one-state seq: 0
- Is datapath-only: 0
- Is pipelined: 0
- Is top level: 0
Port [ Return ] is wired: 1; IO mode=ap_ctrl_hs:ce=0
Port [ neuron_count]:  wired=1; compound=0; hidden=0; nouse=0; global=0; static=0; extern=0; dir=0; type=0; pingpong=0; private_global=0; IO mode=ap_none:ce=0
Port [ row_ptr]:  wired=1; compound=1; hidden=0; nouse=0; global=1; static=1; extern=0; dir=0; type=1; pingpong=0; private_global=0; MemPort=[11]; IO mode=ap_memory:ce=0
Port [ degree]:  wired=1; compound=1; hidden=0; nouse=0; global=1; static=1; extern=0; dir=1; type=1; pingpong=0; private_global=0; MemPort=[03]; IO mode=ap_memory:ce=0
---------------- STG Properties END ------------------

---------------- Datapath Model BEGIN ----------------

<LifeTime>
<method=bitvector/>
n                  (alloca       ) [ 0100]
neuron_count_read  (read         ) [ 0000]
store_ln178        (store        ) [ 0000]
br_ln0             (br           ) [ 0000]
n_1                (load         ) [ 0000]
zext_ln178_1       (zext         ) [ 0000]
icmp_ln178         (icmp         ) [ 0110]
add_ln182          (add          ) [ 0000]
br_ln178           (br           ) [ 0000]
zext_ln178         (zext         ) [ 0111]
zext_ln182         (zext         ) [ 0000]
row_ptr_addr       (getelementptr) [ 0110]
row_ptr_addr_1     (getelementptr) [ 0110]
store_ln178        (store        ) [ 0000]
row_ptr_load       (load         ) [ 0000]
trunc_ln183        (trunc        ) [ 0000]
row_ptr_load_1     (load         ) [ 0000]
trunc_ln183_1      (trunc        ) [ 0000]
sub_ln182          (sub          ) [ 0101]
specpipeline_ln180 (specpipeline ) [ 0000]
specloopname_ln178 (specloopname ) [ 0000]
degree_addr        (getelementptr) [ 0000]
store_ln181        (store        ) [ 0000]
br_ln178           (br           ) [ 0000]
ret_ln0            (ret          ) [ 0000]
</LifeTime>

<model>

<comp_list>
<comp id="0" class="1000" name="neuron_count">
<pin_list>
<pin id="1" dir="1" index="0" bw="1" slack="0"/>
</pin_list>
<bind>
<StgValue><ssdm name="neuron_count"/></StgValue>
</bind>
</comp>

<comp id="2" class="1000" name="row_ptr">
<pin_list>
<pin id="3" dir="1" index="0" bw="1" slack="0"/>
</pin_list>
<bind>
<StgValue><ssdm name="row_ptr"/><MemPortTyVec>1 1 </MemPortTyVec>
</StgValue>
</bind>
</comp>

<comp id="4" class="1000" name="degree">
<pin_list>
<pin id="5" dir="1" index="0" bw="1" slack="0"/>
</pin_list>
<bind>
<StgValue><ssdm name="degree"/><MemPortTyVec>0 3 </MemPortTyVec>
</StgValue>
</bind>
</comp>

<comp id="6" class="1001" name="const_6">
<pin_list>
<pin id="7" dir="1" index="0" bw="1" slack="0"/>
</pin_list>
<bind>
<StgValue><ssdm name=""/></StgValue>
</bind>
</comp>

<comp id="8" class="1001" name="const_8">
<pin_list>
<pin id="9" dir="1" index="0" bw="1" slack="0"/>
</pin_list>
<bind>
<StgValue><ssdm name="_ssdm_op_Read.ap_auto.i32"/></StgValue>
</bind>
</comp>

<comp id="10" class="1001" name="const_10">
<pin_list>
<pin id="11" dir="1" index="0" bw="1" slack="0"/>
</pin_list>
<bind>
<StgValue><ssdm name=""/></StgValue>
</bind>
</comp>

<comp id="12" class="1001" name="const_12">
<pin_list>
<pin id="13" dir="1" index="0" bw="1" slack="0"/>
</pin_list>
<bind>
<StgValue><ssdm name=""/></StgValue>
</bind>
</comp>

<comp id="14" class="1001" name="const_14">
<pin_list>
<pin id="15" dir="1" index="0" bw="1" slack="0"/>
</pin_list>
<bind>
<StgValue><ssdm name=""/></StgValue>
</bind>
</comp>

<comp id="16" class="1001" name="const_16">
<pin_list>
<pin id="17" dir="1" index="0" bw="1" slack="2147483647"/>
</pin_list>
<bind>
<StgValue><ssdm name="_ssdm_op_SpecPipeline"/></StgValue>
</bind>
</comp>

<comp id="18" class="1001" name="const_18">
<pin_list>
<pin id="19" dir="1" index="0" bw="1" slack="2147483647"/>
</pin_list>
<bind>
<StgValue><ssdm name=""/></StgValue>
</bind>
</comp>

<comp id="20" class="1001" name="const_20">
<pin_list>
<pin id="21" dir="1" index="0" bw="1" slack="2147483647"/>
</pin_list>
<bind>
<StgValue><ssdm name=""/></StgValue>
</bind>
</comp>

<comp id="22" class="1001" name="const_22">
<pin_list>
<pin id="23" dir="1" index="0" bw="1" slack="2147483647"/>
</pin_list>
<bind>
<StgValue><ssdm name="empty_32"/></StgValue>
</bind>
</comp>

<comp id="24" class="1001" name="const_24">
<pin_list>
<pin id="25" dir="1" index="0" bw="1" slack="2147483647"/>
</pin_list>
<bind>
<StgValue><ssdm name="_ssdm_op_SpecLoopName"/></StgValue>
</bind>
</comp>

<comp id="26" class="1001" name="const_26">
<pin_list>
<pin id="27" dir="1" index="0" bw="1" slack="2147483647"/>
</pin_list>
<bind>
<StgValue><ssdm name="empty_22"/></StgValue>
</bind>
</comp>

<comp id="28" class="1004" name="n_fu_28">
<pin_list>
<pin id="29" dir="0" index="0" bw="1" slack="0"/>
<pin id="30" dir="1" index="1" bw="12" slack="0"/>
</pin_list>
<bind>
<opcode="alloca(26) " fcode="alloca"/>
<opset="n/1 "/>
</bind>
</comp>

<comp id="32" class="1004" name="neuron_count_read_read_fu_32">
<pin_list>
<pin id="33" dir="0" index="0" bw="32" slack="0"/>
<pin id="34" dir="0" index="1" bw="32" slack="0"/>
<pin id="35" dir="1" index="2" bw="32" slack="0"/>
</pin_list>
<bind>
<opcode="read(1150) " fcode="read"/>
<opset="neuron_count_read/1 "/>
</bind>
</comp>

<comp id="38" class="1004" name="row_ptr_addr_gep_fu_38">
<pin_list>
<pin id="39" dir="0" index="0" bw="32" slack="0"/>
<pin id="40" dir="0" index="1" bw="1" slack="0"/>
<pin id="41" dir="0" index="2" bw="12" slack="0"/>
<pin id="42" dir="1" index="3" bw="12" slack="0"/>
</pin_list>
<bind>
<opcode="getelementptr(29) " fcode="getelementptr"/>
<opset="row_ptr_addr/1 "/>
</bind>
</comp>

<comp id="45" class="1004" name="grp_access_fu_45">
<pin_list>
<pin id="46" dir="0" index="0" bw="12" slack="0"/>
<pin id="47" dir="0" index="1" bw="32" slack="2147483647"/>
<pin id="48" dir="0" index="2" bw="0" slack="0"/>
<pin id="50" dir="0" index="4" bw="12" slack="2147483647"/>
<pin id="51" dir="0" index="5" bw="32" slack="2147483647"/>
<pin id="52" dir="0" index="6" bw="0" slack="2147483647"/>
<pin id="49" dir="1" index="3" bw="32" slack="0"/>
<pin id="53" dir="1" index="7" bw="32" slack="0"/>
</pin_list>
<bind>
<opcode="load(27) " fcode="load"/>
<opset="row_ptr_load/1 row_ptr_load_1/1 "/>
</bind>
</comp>

<comp id="55" class="1004" name="row_ptr_addr_1_gep_fu_55">
<pin_list>
<pin id="56" dir="0" index="0" bw="32" slack="0"/>
<pin id="57" dir="0" index="1" bw="1" slack="0"/>
<pin id="58" dir="0" index="2" bw="12" slack="0"/>
<pin id="59" dir="1" index="3" bw="12" slack="0"/>
</pin_list>
<bind>
<opcode="getelementptr(29) " fcode="getelementptr"/>
<opset="row_ptr_addr_1/1 "/>
</bind>
</comp>

<comp id="63" class="1004" name="degree_addr_gep_fu_63">
<pin_list>
<pin id="64" dir="0" index="0" bw="8" slack="0"/>
<pin id="65" dir="0" index="1" bw="1" slack="0"/>
<pin id="66" dir="0" index="2" bw="12" slack="2"/>
<pin id="67" dir="1" index="3" bw="11" slack="0"/>
</pin_list>
<bind>
<opcode="getelementptr(29) " fcode="getelementptr"/>
<opset="degree_addr/3 "/>
</bind>
</comp>

<comp id="70" class="1004" name="store_ln181_access_fu_70">
<pin_list>
<pin id="71" dir="0" index="0" bw="11" slack="0"/>
<pin id="72" dir="0" index="1" bw="8" slack="1"/>
<pin id="73" dir="0" index="2" bw="0" slack="2147483647"/>
<pin id="74" dir="1" index="3" bw="8" slack="2147483647"/>
</pin_list>
<bind>
<opcode="store(28) " fcode="store"/>
<opset="store_ln181/3 "/>
</bind>
</comp>

<comp id="76" class="1004" name="store_ln178_store_fu_76">
<pin_list>
<pin id="77" dir="0" index="0" bw="1" slack="0"/>
<pin id="78" dir="0" index="1" bw="12" slack="0"/>
<pin id="79" dir="1" index="2" bw="0" slack="2147483647"/>
</pin_list>
<bind>
<opcode="store(28) " fcode="store"/>
<opset="store_ln178/1 "/>
</bind>
</comp>

<comp id="81" class="1004" name="n_1_load_fu_81">
<pin_list>
<pin id="82" dir="0" index="0" bw="12" slack="0"/>
<pin id="83" dir="1" index="1" bw="12" slack="0"/>
</pin_list>
<bind>
<opcode="load(27) " fcode="load"/>
<opset="n_1/1 "/>
</bind>
</comp>

<comp id="84" class="1004" name="zext_ln178_1_fu_84">
<pin_list>
<pin id="85" dir="0" index="0" bw="12" slack="0"/>
<pin id="86" dir="1" index="1" bw="32" slack="0"/>
</pin_list>
<bind>
<opcode="zext(34) " fcode="zext"/>
<opset="zext_ln178_1/1 "/>
</bind>
</comp>

<comp id="88" class="1004" name="icmp_ln178_fu_88">
<pin_list>
<pin id="89" dir="0" index="0" bw="12" slack="0"/>
<pin id="90" dir="0" index="1" bw="32" slack="0"/>
<pin id="91" dir="1" index="2" bw="1" slack="1"/>
</pin_list>
<bind>
<opcode="icmp(45) " fcode="icmp"/>
<opset="icmp_ln178/1 "/>
</bind>
</comp>

<comp id="94" class="1004" name="add_ln182_fu_94">
<pin_list>
<pin id="95" dir="0" index="0" bw="12" slack="0"/>
<pin id="96" dir="0" index="1" bw="1" slack="0"/>
<pin id="97" dir="1" index="2" bw="12" slack="0"/>
</pin_list>
<bind>
<opcode="add(8) " fcode="add"/>
<opset="add_ln182/1 "/>
</bind>
</comp>

<comp id="100" class="1004" name="zext_ln178_fu_100">
<pin_list>
<pin id="101" dir="0" index="0" bw="12" slack="0"/>
<pin id="102" dir="1" index="1" bw="64" slack="0"/>
</pin_list>
<bind>
<opcode="zext(34) " fcode="zext"/>
<opset="zext_ln178/1 "/>
</bind>
</comp>

<comp id="105" class="1004" name="zext_ln182_fu_105">
<pin_list>
<pin id="106" dir="0" index="0" bw="12" slack="0"/>
<pin id="107" dir="1" index="1" bw="64" slack="0"/>
</pin_list>
<bind>
<opcode="zext(34) " fcode="zext"/>
<opset="zext_ln182/1 "/>
</bind>
</comp>

<comp id="110" class="1004" name="store_ln178_store_fu_110">
<pin_list>
<pin id="111" dir="0" index="0" bw="12" slack="0"/>
<pin id="112" dir="0" index="1" bw="12" slack="0"/>
<pin id="113" dir="1" index="2" bw="0" slack="2147483647"/>
</pin_list>
<bind>
<opcode="store(28) " fcode="store"/>
<opset="store_ln178/1 "/>
</bind>
</comp>

<comp id="115" class="1004" name="trunc_ln183_fu_115">
<pin_list>
<pin id="116" dir="0" index="0" bw="32" slack="0"/>
<pin id="117" dir="1" index="1" bw="8" slack="0"/>
</pin_list>
<bind>
<opcode="trunc(33) " fcode="trunc"/>
<opset="trunc_ln183/2 "/>
</bind>
</comp>

<comp id="119" class="1004" name="trunc_ln183_1_fu_119">
<pin_list>
<pin id="120" dir="0" index="0" bw="32" slack="0"/>
<pin id="121" dir="1" index="1" bw="8" slack="0"/>
</pin_list>
<bind>
<opcode="trunc(33) " fcode="trunc"/>
<opset="trunc_ln183_1/2 "/>
</bind>
</comp>

<comp id="123" class="1004" name="sub_ln182_fu_123">
<pin_list>
<pin id="124" dir="0" index="0" bw="8" slack="0"/>
<pin id="125" dir="0" index="1" bw="8" slack="0"/>
<pin id="126" dir="1" index="2" bw="8" slack="1"/>
</pin_list>
<bind>
<opcode="sub(10) " fcode="sub"/>
<opset="sub_ln182/2 "/>
</bind>
</comp>

<comp id="129" class="1005" name="n_reg_129">
<pin_list>
<pin id="130" dir="0" index="0" bw="12" slack="0"/>
<pin id="131" dir="1" index="1" bw="12" slack="0"/>
</pin_list>
<bind>
<opset="n "/>
</bind>
</comp>

<comp id="136" class="1005" name="icmp_ln178_reg_136">
<pin_list>
<pin id="137" dir="0" index="0" bw="1" slack="1"/>
<pin id="138" dir="1" index="1" bw="1" slack="2147483647"/>
</pin_list>
<bind>
<opset="icmp_ln178 "/>
</bind>
</comp>

<comp id="140" class="1005" name="zext_ln178_reg_140">
<pin_list>
<pin id="141" dir="0" index="0" bw="64" slack="2"/>
<pin id="142" dir="1" index="1" bw="64" slack="2"/>
</pin_list>
<bind>
<opset="zext_ln178 "/>
</bind>
</comp>

<comp id="145" class="1005" name="row_ptr_addr_reg_145">
<pin_list>
<pin id="146" dir="0" index="0" bw="12" slack="1"/>
<pin id="147" dir="1" index="1" bw="12" slack="1"/>
</pin_list>
<bind>
<opset="row_ptr_addr "/>
</bind>
</comp>

<comp id="150" class="1005" name="row_ptr_addr_1_reg_150">
<pin_list>
<pin id="151" dir="0" index="0" bw="12" slack="1"/>
<pin id="152" dir="1" index="1" bw="12" slack="1"/>
</pin_list>
<bind>
<opset="row_ptr_addr_1 "/>
</bind>
</comp>

<comp id="155" class="1005" name="sub_ln182_reg_155">
<pin_list>
<pin id="156" dir="0" index="0" bw="8" slack="1"/>
<pin id="157" dir="1" index="1" bw="8" slack="1"/>
</pin_list>
<bind>
<opset="sub_ln182 "/>
</bind>
</comp>

</comp_list>

<net_list>
<net id="31"><net_src comp="6" pin="0"/><net_sink comp="28" pin=0"/></net>

<net id="36"><net_src comp="8" pin="0"/><net_sink comp="32" pin=0"/></net>

<net id="37"><net_src comp="0" pin="0"/><net_sink comp="32" pin=1"/></net>

<net id="43"><net_src comp="2" pin="0"/><net_sink comp="38" pin=0"/></net>

<net id="44"><net_src comp="14" pin="0"/><net_sink comp="38" pin=1"/></net>

<net id="54"><net_src comp="38" pin="3"/><net_sink comp="45" pin=2"/></net>

<net id="60"><net_src comp="2" pin="0"/><net_sink comp="55" pin=0"/></net>

<net id="61"><net_src comp="14" pin="0"/><net_sink comp="55" pin=1"/></net>

<net id="62"><net_src comp="55" pin="3"/><net_sink comp="45" pin=0"/></net>

<net id="68"><net_src comp="4" pin="0"/><net_sink comp="63" pin=0"/></net>

<net id="69"><net_src comp="14" pin="0"/><net_sink comp="63" pin=1"/></net>

<net id="75"><net_src comp="63" pin="3"/><net_sink comp="70" pin=0"/></net>

<net id="80"><net_src comp="10" pin="0"/><net_sink comp="76" pin=0"/></net>

<net id="87"><net_src comp="81" pin="1"/><net_sink comp="84" pin=0"/></net>

<net id="92"><net_src comp="84" pin="1"/><net_sink comp="88" pin=0"/></net>

<net id="93"><net_src comp="32" pin="2"/><net_sink comp="88" pin=1"/></net>

<net id="98"><net_src comp="81" pin="1"/><net_sink comp="94" pin=0"/></net>

<net id="99"><net_src comp="12" pin="0"/><net_sink comp="94" pin=1"/></net>

<net id="103"><net_src comp="81" pin="1"/><net_sink comp="100" pin=0"/></net>

<net id="104"><net_src comp="100" pin="1"/><net_sink comp="55" pin=2"/></net>

<net id="108"><net_src comp="94" pin="2"/><net_sink comp="105" pin=0"/></net>

<net id="109"><net_src comp="105" pin="1"/><net_sink comp="38" pin=2"/></net>

<net id="114"><net_src comp="94" pin="2"/><net_sink comp="110" pin=0"/></net>

<net id="118"><net_src comp="45" pin="7"/><net_sink comp="115" pin=0"/></net>

<net id="122"><net_src comp="45" pin="3"/><net_sink comp="119" pin=0"/></net>

<net id="127"><net_src comp="115" pin="1"/><net_sink comp="123" pin=0"/></net>

<net id="128"><net_src comp="119" pin="1"/><net_sink comp="123" pin=1"/></net>

<net id="132"><net_src comp="28" pin="1"/><net_sink comp="129" pin=0"/></net>

<net id="133"><net_src comp="129" pin="1"/><net_sink comp="76" pin=1"/></net>

<net id="134"><net_src comp="129" pin="1"/><net_sink comp="81" pin=0"/></net>

<net id="135"><net_src comp="129" pin="1"/><net_sink comp="110" pin=1"/></net>

<net id="139"><net_src comp="88" pin="2"/><net_sink comp="136" pin=0"/></net>

<net id="143"><net_src comp="100" pin="1"/><net_sink comp="140" pin=0"/></net>

<net id="144"><net_src comp="140" pin="1"/><net_sink comp="63" pin=2"/></net>

<net id="148"><net_src comp="38" pin="3"/><net_sink comp="145" pin=0"/></net>

<net id="149"><net_src comp="145" pin="1"/><net_sink comp="45" pin=2"/></net>

<net id="153"><net_src comp="55" pin="3"/><net_sink comp="150" pin=0"/></net>

<net id="154"><net_src comp="150" pin="1"/><net_sink comp="45" pin=0"/></net>

<net id="158"><net_src comp="123" pin="2"/><net_sink comp="155" pin=0"/></net>

<net id="159"><net_src comp="155" pin="1"/><net_sink comp="70" pin=1"/></net>

</net_list>

</model> 
---------------- Datapath Model END ------------------

* FSMD analyzer results:
  - Output states:
	Port: degree | {3 }
 - Input state : 
	Port: accelerator_net_Pipeline_COMPUTE_DEGREE : neuron_count | {1 }
	Port: accelerator_net_Pipeline_COMPUTE_DEGREE : row_ptr | {1 2 }
  - Chain level:
	State 1
		store_ln178 : 1
		n_1 : 1
		zext_ln178_1 : 2
		icmp_ln178 : 3
		add_ln182 : 2
		br_ln178 : 4
		zext_ln178 : 2
		zext_ln182 : 3
		row_ptr_addr : 4
		row_ptr_load : 5
		row_ptr_addr_1 : 3
		row_ptr_load_1 : 4
		store_ln178 : 3
	State 2
		trunc_ln183 : 1
		trunc_ln183_1 : 1
		sub_ln182 : 2
	State 3
		store_ln181 : 1


============================================================
+ Verbose Summary: Datapath Resource usage 
============================================================

* Functional unit list:
|----------|------------------------------|---------|---------|
| Operation|        Functional Unit       |    FF   |   LUT   |
|----------|------------------------------|---------|---------|
|   icmp   |       icmp_ln178_fu_88       |    0    |    39   |
|----------|------------------------------|---------|---------|
|    sub   |       sub_ln182_fu_123       |    0    |    15   |
|----------|------------------------------|---------|---------|
|    add   |        add_ln182_fu_94       |    0    |    12   |
|----------|------------------------------|---------|---------|
|   read   | neuron_count_read_read_fu_32 |    0    |    0    |
|----------|------------------------------|---------|---------|
|          |      zext_ln178_1_fu_84      |    0    |    0    |
|   zext   |       zext_ln178_fu_100      |    0    |    0    |
|          |       zext_ln182_fu_105      |    0    |    0    |
|----------|------------------------------|---------|---------|
|   trunc  |      trunc_ln183_fu_115      |    0    |    0    |
|          |     trunc_ln183_1_fu_119     |    0    |    0    |
|----------|------------------------------|---------|---------|
|   Total  |                              |    0    |    66   |
|----------|------------------------------|---------|---------|

Memories:
N/A

* Register list:
+----------------------+--------+
|                      |   FF   |
+----------------------+--------+
|  icmp_ln178_reg_136  |    1   |
|       n_reg_129      |   12   |
|row_ptr_addr_1_reg_150|   12   |
| row_ptr_addr_reg_145 |   12   |
|   sub_ln182_reg_155  |    8   |
|  zext_ln178_reg_140  |   64   |
+----------------------+--------+
|         Total        |   109  |
+----------------------+--------+

* Multiplexer (MUX) list: 
|------------------|------|------|------|--------||---------||---------||---------|
|       Comp       |  Pin | Size |  BW  | S x BW ||  Delay  ||    FF   ||   LUT   |
|------------------|------|------|------|--------||---------||---------||---------|
| grp_access_fu_45 |  p0  |   2  |  12  |   24   ||    0    ||    9    |
| grp_access_fu_45 |  p2  |   2  |   0  |    0   ||    0    ||    9    |
|------------------|------|------|------|--------||---------||---------||---------|
|       Total      |      |      |      |   24   ||  3.176  ||    0    ||    18   |
|------------------|------|------|------|--------||---------||---------||---------|



* Summary:
+-----------+--------+--------+--------+
|           |  Delay |   FF   |   LUT  |
+-----------+--------+--------+--------+
|  Function |    -   |    0   |   66   |
|   Memory  |    -   |    -   |    -   |
|Multiplexer|    3   |    0   |   18   |
|  Register |    -   |   109  |    -   |
+-----------+--------+--------+--------+
|   Total   |    3   |   109  |   84   |
+-----------+--------+--------+--------+
