

================================================================
== Vitis HLS Report for 'accelerator_net_Pipeline_LOAD_STATE'
================================================================
* Date:           Tue Jun 30 17:54:45 2026

* Version:        2025.2 (Build 6295257 on Nov 14 2025)
* Project:        build
* Solution:       hls (Vivado IP Flow Target)
* Product family: zynq
* Target device:  xc7z020-clg400-1


================================================================
== Performance Estimates
================================================================
+ Timing: 
    * Summary: 
    +--------+----------+----------+------------+
    |  Clock |  Target  | Estimated| Uncertainty|
    +--------+----------+----------+------------+
    |ap_clk  |  10.00 ns|  7.300 ns|     2.70 ns|
    +--------+----------+----------+------------+

+ Latency: 
    * Summary: 
    +---------+---------+----------+----------+-----+-----+-------------------+
    |  Latency (cycles) |  Latency (absolute) |  Interval |      Pipeline     |
    |   min   |   max   |    min   |    max   | min | max |        Type       |
    +---------+---------+----------+----------+-----+-----+-------------------+
    |        ?|        ?|         ?|         ?|    0|    0|  loop pipeline stp|
    +---------+---------+----------+----------+-----+-----+-------------------+

    + Detail: 
        * Instance: 
        N/A

        * Loop: 
        +--------------+---------+---------+----------+-----------+-----------+------+----------+
        |              |  Latency (cycles) | Iteration|  Initiation Interval  | Trip |          |
        |   Loop Name  |   min   |   max   |  Latency |  achieved |   target  | Count| Pipelined|
        +--------------+---------+---------+----------+-----------+-----------+------+----------+
        |- LOAD_STATE  |        ?|        ?|        12|          2|          1|     ?|       yes|
        +--------------+---------+---------+----------+-----------+-----------+------+----------+

============================================================
+ Verbose Summary: Synthesis Manager
============================================================
InlineROM: 1
ExposeGlobal: 0
============================================================
+ Verbose Summary: CDFG Model
============================================================
IsTopModel: 0
ResetActiveHigh: 1
IsCombinational: 0
IsDatapathOnly: 0
HasWiredReturn: 1
HasMFsm: 2
HasVarLatency: 1
IsPipeline: 0
IsRtlPipelined: 0
IsInstanceOverlapped: 0
IsDontTouch: 0
HasImplIP: 0
IsGatedGlobalClock: 0

+ Individual pipeline summary: 
  * Pipeline-0: initiation interval (II) = 2, depth = 12


============================================================
+ Verbose Summary: Schedule
============================================================
* Number of FSM states : 12
* Pipeline : 1
  Pipeline-0 : II = 2, D = 12, States = { 1 2 3 4 5 6 7 8 9 10 11 12 }
* Dataflow Pipeline: 0

* FSM state transitions: 
1 --> 2 
2 --> 3 
3 --> 4 
4 --> 5 
5 --> 6 
6 --> 7 
7 --> 8 
8 --> 9 
9 --> 10 
10 --> 11 
11 --> 12 
12 --> 

* FSM state operations: 

State 1 <SV = 0> <Delay = 5.72>
ST_1 : Operation 15 [1/1] (0.00ns)   --->   "%i_1 = alloca i32 1" [network-accel.cpp:196]   --->   Operation 15 'alloca' 'i_1' <Predicate = true> <Delay = 0.00>
ST_1 : Operation 16 [1/1] (0.00ns)   --->   "%sext_ln196_1_read = read i62 @_ssdm_op_Read.ap_auto.i62, i62 %sext_ln196_1"   --->   Operation 16 'read' 'sext_ln196_1_read' <Predicate = true> <Delay = 0.00>
ST_1 : Operation 17 [1/1] (0.00ns)   --->   "%sext_ln196_read = read i62 @_ssdm_op_Read.ap_auto.i62, i62 %sext_ln196"   --->   Operation 17 'read' 'sext_ln196_read' <Predicate = true> <Delay = 0.00>
ST_1 : Operation 18 [1/1] (0.00ns)   --->   "%neuron_count_read = read i32 @_ssdm_op_Read.ap_auto.i32, i32 %neuron_count"   --->   Operation 18 'read' 'neuron_count_read' <Predicate = true> <Delay = 0.00>
ST_1 : Operation 19 [1/1] (0.00ns)   --->   "%sext_ln196_1_cast = sext i62 %sext_ln196_1_read"   --->   Operation 19 'sext' 'sext_ln196_1_cast' <Predicate = true> <Delay = 0.00>
ST_1 : Operation 20 [1/1] (0.00ns)   --->   "%sext_ln196_cast = sext i62 %sext_ln196_read"   --->   Operation 20 'sext' 'sext_ln196_cast' <Predicate = true> <Delay = 0.00>
ST_1 : Operation 21 [1/1] (0.00ns)   --->   "%specinterface_ln0 = specinterface void @_ssdm_op_SpecInterface, i32 %gmem1, void @empty_31, i32 0, i32 0, void @empty_32, i32 0, i32 0, void @empty_1, void @empty_0, void @empty_32, i32 16, i32 16, i32 16, i32 16, void @empty_32, void @empty_32, i32 4294967295, i32 0, i32 0, i32 4"   --->   Operation 21 'specinterface' 'specinterface_ln0' <Predicate = true> <Delay = 0.00>
ST_1 : Operation 22 [1/1] (1.58ns)   --->   "%store_ln196 = store i12 0, i12 %i_1" [network-accel.cpp:196]   --->   Operation 22 'store' 'store_ln196' <Predicate = true> <Delay = 1.58>
ST_1 : Operation 23 [1/1] (0.00ns)   --->   "%br_ln0 = br void %for.inc60"   --->   Operation 23 'br' 'br_ln0' <Predicate = true> <Delay = 0.00>
ST_1 : Operation 24 [1/1] (0.00ns)   --->   "%i = load i12 %i_1" [network-accel.cpp:196]   --->   Operation 24 'load' 'i' <Predicate = true> <Delay = 0.00>
ST_1 : Operation 25 [1/1] (0.00ns)   --->   "%specbitsmap_ln0 = specbitsmap void @_ssdm_op_SpecBitsMap, i32 %gmem1"   --->   Operation 25 'specbitsmap' 'specbitsmap_ln0' <Predicate = true> <Delay = 0.00>
ST_1 : Operation 26 [1/1] (0.00ns)   --->   "%zext_ln196_2 = zext i12 %i" [network-accel.cpp:196]   --->   Operation 26 'zext' 'zext_ln196_2' <Predicate = true> <Delay = 0.00>
ST_1 : Operation 27 [1/1] (2.55ns)   --->   "%icmp_ln196 = icmp_slt  i32 %zext_ln196_2, i32 %neuron_count_read" [network-accel.cpp:196]   --->   Operation 27 'icmp' 'icmp_ln196' <Predicate = true> <Delay = 2.55> <CoreInst = "Cmp">   --->   Core 9 'Cmp' <Latency = 0> <II = 1> <Delay = 2.55> <FuncUnit> <Opcode : 'seteq' 'setne' 'setle' 'setge' 'setlt' 'setgt'> <InPorts = 2> <OutPorts = 1>
ST_1 : Operation 28 [1/1] (1.54ns)   --->   "%add_ln196 = add i12 %i, i12 1" [network-accel.cpp:196]   --->   Operation 28 'add' 'add_ln196' <Predicate = true> <Delay = 1.54> <CoreInst = "Adder">   --->   Core 1 'Adder' <Latency = 0> <II = 1> <Delay = 1.54> <FuncUnit> <Opcode : 'add' 'sub'> <InPorts = 2> <OutPorts = 1>
ST_1 : Operation 29 [1/1] (0.00ns)   --->   "%br_ln196 = br i1 %icmp_ln196, void %if.end165.loopexit10.exitStub, void %for.inc60.split" [network-accel.cpp:196]   --->   Operation 29 'br' 'br_ln196' <Predicate = true> <Delay = 0.00>
ST_1 : Operation 30 [1/1] (0.00ns)   --->   "%zext_ln196_1 = zext i12 %i" [network-accel.cpp:196]   --->   Operation 30 'zext' 'zext_ln196_1' <Predicate = (icmp_ln196)> <Delay = 0.00>
ST_1 : Operation 31 [1/1] (3.46ns)   --->   "%add_ln200 = add i63 %zext_ln196_1, i63 %sext_ln196_cast" [network-accel.cpp:200]   --->   Operation 31 'add' 'add_ln200' <Predicate = (icmp_ln196)> <Delay = 3.46> <CoreInst = "Adder">   --->   Core 1 'Adder' <Latency = 0> <II = 1> <Delay = 3.46> <FuncUnit> <Opcode : 'add' 'sub'> <InPorts = 2> <OutPorts = 1>
ST_1 : Operation 32 [1/1] (0.00ns)   --->   "%sext_ln200 = sext i63 %add_ln200" [network-accel.cpp:200]   --->   Operation 32 'sext' 'sext_ln200' <Predicate = (icmp_ln196)> <Delay = 0.00>
ST_1 : Operation 33 [1/1] (0.00ns)   --->   "%gmem1_addr = getelementptr i32 %gmem1, i64 %sext_ln200" [network-accel.cpp:200]   --->   Operation 33 'getelementptr' 'gmem1_addr' <Predicate = (icmp_ln196)> <Delay = 0.00>
ST_1 : Operation 34 [1/1] (3.46ns)   --->   "%add_ln201 = add i63 %zext_ln196_1, i63 %sext_ln196_1_cast" [network-accel.cpp:201]   --->   Operation 34 'add' 'add_ln201' <Predicate = (icmp_ln196)> <Delay = 3.46> <CoreInst = "Adder">   --->   Core 1 'Adder' <Latency = 0> <II = 1> <Delay = 3.46> <FuncUnit> <Opcode : 'add' 'sub'> <InPorts = 2> <OutPorts = 1>
ST_1 : Operation 35 [1/1] (0.00ns)   --->   "%sext_ln201 = sext i63 %add_ln201" [network-accel.cpp:201]   --->   Operation 35 'sext' 'sext_ln201' <Predicate = (icmp_ln196)> <Delay = 0.00>
ST_1 : Operation 36 [1/1] (0.00ns)   --->   "%gmem1_addr_1 = getelementptr i32 %gmem1, i64 %sext_ln201" [network-accel.cpp:201]   --->   Operation 36 'getelementptr' 'gmem1_addr_1' <Predicate = (icmp_ln196)> <Delay = 0.00>
ST_1 : Operation 37 [1/1] (1.58ns)   --->   "%store_ln196 = store i12 %add_ln196, i12 %i_1" [network-accel.cpp:196]   --->   Operation 37 'store' 'store_ln196' <Predicate = (icmp_ln196)> <Delay = 1.58>

State 2 <SV = 1> <Delay = 0.00>
ST_2 : Operation 38 [8/8] (7.30ns)   --->   "%gmem1_load_req = readreq i1 @_ssdm_op_ReadReq.m_axi.i32P1A, i32 %gmem1_addr, i64 1" [network-accel.cpp:200]   --->   Operation 38 'readreq' 'gmem1_load_req' <Predicate = (icmp_ln196)> <Delay = 7.30> <CoreInst = "m_axi">   --->   Core 111 'm_axi' <Latency = 6> <II = 1> <Delay = 1.00> <Adapter> <Opcode : 'readrequnaligned' 'writerequnaligned' 'read' 'write' 'readreq' 'writereq' 'writeresp'>

State 3 <SV = 2> <Delay = 0.00>
ST_3 : Operation 39 [7/8] (7.30ns)   --->   "%gmem1_load_req = readreq i1 @_ssdm_op_ReadReq.m_axi.i32P1A, i32 %gmem1_addr, i64 1" [network-accel.cpp:200]   --->   Operation 39 'readreq' 'gmem1_load_req' <Predicate = true> <Delay = 7.30> <CoreInst = "m_axi">   --->   Core 111 'm_axi' <Latency = 6> <II = 1> <Delay = 1.00> <Adapter> <Opcode : 'readrequnaligned' 'writerequnaligned' 'read' 'write' 'readreq' 'writereq' 'writeresp'>
ST_3 : Operation 40 [8/8] (7.30ns)   --->   "%gmem1_load_1_req = readreq i1 @_ssdm_op_ReadReq.m_axi.i32P1A, i32 %gmem1_addr_1, i64 1" [network-accel.cpp:201]   --->   Operation 40 'readreq' 'gmem1_load_1_req' <Predicate = true> <Delay = 7.30> <CoreInst = "m_axi">   --->   Core 111 'm_axi' <Latency = 6> <II = 1> <Delay = 1.00> <Adapter> <Opcode : 'readrequnaligned' 'writerequnaligned' 'read' 'write' 'readreq' 'writereq' 'writeresp'>

State 4 <SV = 3> <Delay = 0.00>
ST_4 : Operation 41 [6/8] (7.30ns)   --->   "%gmem1_load_req = readreq i1 @_ssdm_op_ReadReq.m_axi.i32P1A, i32 %gmem1_addr, i64 1" [network-accel.cpp:200]   --->   Operation 41 'readreq' 'gmem1_load_req' <Predicate = true> <Delay = 7.30> <CoreInst = "m_axi">   --->   Core 111 'm_axi' <Latency = 6> <II = 1> <Delay = 1.00> <Adapter> <Opcode : 'readrequnaligned' 'writerequnaligned' 'read' 'write' 'readreq' 'writereq' 'writeresp'>
ST_4 : Operation 42 [7/8] (7.30ns)   --->   "%gmem1_load_1_req = readreq i1 @_ssdm_op_ReadReq.m_axi.i32P1A, i32 %gmem1_addr_1, i64 1" [network-accel.cpp:201]   --->   Operation 42 'readreq' 'gmem1_load_1_req' <Predicate = true> <Delay = 7.30> <CoreInst = "m_axi">   --->   Core 111 'm_axi' <Latency = 6> <II = 1> <Delay = 1.00> <Adapter> <Opcode : 'readrequnaligned' 'writerequnaligned' 'read' 'write' 'readreq' 'writereq' 'writeresp'>

State 5 <SV = 4> <Delay = 0.00>
ST_5 : Operation 43 [5/8] (7.30ns)   --->   "%gmem1_load_req = readreq i1 @_ssdm_op_ReadReq.m_axi.i32P1A, i32 %gmem1_addr, i64 1" [network-accel.cpp:200]   --->   Operation 43 'readreq' 'gmem1_load_req' <Predicate = true> <Delay = 7.30> <CoreInst = "m_axi">   --->   Core 111 'm_axi' <Latency = 6> <II = 1> <Delay = 1.00> <Adapter> <Opcode : 'readrequnaligned' 'writerequnaligned' 'read' 'write' 'readreq' 'writereq' 'writeresp'>
ST_5 : Operation 44 [6/8] (7.30ns)   --->   "%gmem1_load_1_req = readreq i1 @_ssdm_op_ReadReq.m_axi.i32P1A, i32 %gmem1_addr_1, i64 1" [network-accel.cpp:201]   --->   Operation 44 'readreq' 'gmem1_load_1_req' <Predicate = true> <Delay = 7.30> <CoreInst = "m_axi">   --->   Core 111 'm_axi' <Latency = 6> <II = 1> <Delay = 1.00> <Adapter> <Opcode : 'readrequnaligned' 'writerequnaligned' 'read' 'write' 'readreq' 'writereq' 'writeresp'>

State 6 <SV = 5> <Delay = 0.00>
ST_6 : Operation 45 [4/8] (7.30ns)   --->   "%gmem1_load_req = readreq i1 @_ssdm_op_ReadReq.m_axi.i32P1A, i32 %gmem1_addr, i64 1" [network-accel.cpp:200]   --->   Operation 45 'readreq' 'gmem1_load_req' <Predicate = true> <Delay = 7.30> <CoreInst = "m_axi">   --->   Core 111 'm_axi' <Latency = 6> <II = 1> <Delay = 1.00> <Adapter> <Opcode : 'readrequnaligned' 'writerequnaligned' 'read' 'write' 'readreq' 'writereq' 'writeresp'>
ST_6 : Operation 46 [5/8] (7.30ns)   --->   "%gmem1_load_1_req = readreq i1 @_ssdm_op_ReadReq.m_axi.i32P1A, i32 %gmem1_addr_1, i64 1" [network-accel.cpp:201]   --->   Operation 46 'readreq' 'gmem1_load_1_req' <Predicate = true> <Delay = 7.30> <CoreInst = "m_axi">   --->   Core 111 'm_axi' <Latency = 6> <II = 1> <Delay = 1.00> <Adapter> <Opcode : 'readrequnaligned' 'writerequnaligned' 'read' 'write' 'readreq' 'writereq' 'writeresp'>

State 7 <SV = 6> <Delay = 0.00>
ST_7 : Operation 47 [3/8] (7.30ns)   --->   "%gmem1_load_req = readreq i1 @_ssdm_op_ReadReq.m_axi.i32P1A, i32 %gmem1_addr, i64 1" [network-accel.cpp:200]   --->   Operation 47 'readreq' 'gmem1_load_req' <Predicate = true> <Delay = 7.30> <CoreInst = "m_axi">   --->   Core 111 'm_axi' <Latency = 6> <II = 1> <Delay = 1.00> <Adapter> <Opcode : 'readrequnaligned' 'writerequnaligned' 'read' 'write' 'readreq' 'writereq' 'writeresp'>
ST_7 : Operation 48 [4/8] (7.30ns)   --->   "%gmem1_load_1_req = readreq i1 @_ssdm_op_ReadReq.m_axi.i32P1A, i32 %gmem1_addr_1, i64 1" [network-accel.cpp:201]   --->   Operation 48 'readreq' 'gmem1_load_1_req' <Predicate = true> <Delay = 7.30> <CoreInst = "m_axi">   --->   Core 111 'm_axi' <Latency = 6> <II = 1> <Delay = 1.00> <Adapter> <Opcode : 'readrequnaligned' 'writerequnaligned' 'read' 'write' 'readreq' 'writereq' 'writeresp'>

State 8 <SV = 7> <Delay = 0.00>
ST_8 : Operation 49 [2/8] (7.30ns)   --->   "%gmem1_load_req = readreq i1 @_ssdm_op_ReadReq.m_axi.i32P1A, i32 %gmem1_addr, i64 1" [network-accel.cpp:200]   --->   Operation 49 'readreq' 'gmem1_load_req' <Predicate = true> <Delay = 7.30> <CoreInst = "m_axi">   --->   Core 111 'm_axi' <Latency = 6> <II = 1> <Delay = 1.00> <Adapter> <Opcode : 'readrequnaligned' 'writerequnaligned' 'read' 'write' 'readreq' 'writereq' 'writeresp'>
ST_8 : Operation 50 [3/8] (7.30ns)   --->   "%gmem1_load_1_req = readreq i1 @_ssdm_op_ReadReq.m_axi.i32P1A, i32 %gmem1_addr_1, i64 1" [network-accel.cpp:201]   --->   Operation 50 'readreq' 'gmem1_load_1_req' <Predicate = true> <Delay = 7.30> <CoreInst = "m_axi">   --->   Core 111 'm_axi' <Latency = 6> <II = 1> <Delay = 1.00> <Adapter> <Opcode : 'readrequnaligned' 'writerequnaligned' 'read' 'write' 'readreq' 'writereq' 'writeresp'>

State 9 <SV = 8> <Delay = 7.30>
ST_9 : Operation 51 [1/8] ( I:7.30ns O:7.30ns )   --->   "%gmem1_load_req = readreq i1 @_ssdm_op_ReadReq.m_axi.i32P1A, i32 %gmem1_addr, i64 1" [network-accel.cpp:200]   --->   Operation 51 'readreq' 'gmem1_load_req' <Predicate = true> <Delay = 7.30> <CoreInst = "m_axi">   --->   Core 111 'm_axi' <Latency = 6> <II = 1> <Delay = 1.00> <Adapter> <Opcode : 'readrequnaligned' 'writerequnaligned' 'read' 'write' 'readreq' 'writereq' 'writeresp'>
ST_9 : Operation 52 [2/8] (7.30ns)   --->   "%gmem1_load_1_req = readreq i1 @_ssdm_op_ReadReq.m_axi.i32P1A, i32 %gmem1_addr_1, i64 1" [network-accel.cpp:201]   --->   Operation 52 'readreq' 'gmem1_load_1_req' <Predicate = true> <Delay = 7.30> <CoreInst = "m_axi">   --->   Core 111 'm_axi' <Latency = 6> <II = 1> <Delay = 1.00> <Adapter> <Opcode : 'readrequnaligned' 'writerequnaligned' 'read' 'write' 'readreq' 'writereq' 'writeresp'>

State 10 <SV = 9> <Delay = 7.30>
ST_10 : Operation 53 [1/1] ( I:7.30ns O:7.30ns )   --->   "%gmem1_addr_read = read i32 @_ssdm_op_Read.m_axi.i32P1A, i32 %gmem1_addr" [network-accel.cpp:200]   --->   Operation 53 'read' 'gmem1_addr_read' <Predicate = true> <Delay = 7.30> <CoreInst = "m_axi">   --->   Core 111 'm_axi' <Latency = 3> <II = 1> <Delay = 1.00> <Adapter> <Opcode : 'readrequnaligned' 'writerequnaligned' 'read' 'write' 'readreq' 'writereq' 'writeresp'>
ST_10 : Operation 54 [1/8] ( I:7.30ns O:7.30ns )   --->   "%gmem1_load_1_req = readreq i1 @_ssdm_op_ReadReq.m_axi.i32P1A, i32 %gmem1_addr_1, i64 1" [network-accel.cpp:201]   --->   Operation 54 'readreq' 'gmem1_load_1_req' <Predicate = true> <Delay = 7.30> <CoreInst = "m_axi">   --->   Core 111 'm_axi' <Latency = 6> <II = 1> <Delay = 1.00> <Adapter> <Opcode : 'readrequnaligned' 'writerequnaligned' 'read' 'write' 'readreq' 'writereq' 'writeresp'>
ST_10 : Operation 64 [1/1] (1.58ns)   --->   "%ret_ln0 = ret"   --->   Operation 64 'ret' 'ret_ln0' <Predicate = (!icmp_ln196)> <Delay = 1.58>

State 11 <SV = 10> <Delay = 7.30>
ST_11 : Operation 55 [1/1] (0.00ns)   --->   "%zext_ln196 = zext i12 %i" [network-accel.cpp:196]   --->   Operation 55 'zext' 'zext_ln196' <Predicate = true> <Delay = 0.00>
ST_11 : Operation 56 [1/1] (0.00ns)   --->   "%u_a_addr = getelementptr i32 %u_a, i64 0, i64 %zext_ln196" [network-accel.cpp:200]   --->   Operation 56 'getelementptr' 'u_a_addr' <Predicate = true> <Delay = 0.00>
ST_11 : Operation 57 [1/1] ( I:3.25ns O:3.25ns )   --->   "%store_ln200 = store i32 %gmem1_addr_read, i11 %u_a_addr" [network-accel.cpp:200]   --->   Operation 57 'store' 'store_ln200' <Predicate = true> <Delay = 3.25> <CoreInst = "RAM">   --->   Core 81 'RAM' <Latency = 1> <II = 1> <Delay = 3.25> <Storage> <Opcode : 'load' 'store'> <Ports = 2> <Width = 32> <Depth = 2048> <RAM>
ST_11 : Operation 58 [1/1] ( I:7.30ns O:7.30ns )   --->   "%gmem1_addr_1_read = read i32 @_ssdm_op_Read.m_axi.i32P1A, i32 %gmem1_addr_1" [network-accel.cpp:201]   --->   Operation 58 'read' 'gmem1_addr_1_read' <Predicate = true> <Delay = 7.30> <CoreInst = "m_axi">   --->   Core 111 'm_axi' <Latency = 3> <II = 1> <Delay = 1.00> <Adapter> <Opcode : 'readrequnaligned' 'writerequnaligned' 'read' 'write' 'readreq' 'writereq' 'writeresp'>

State 12 <SV = 11> <Delay = 3.25>
ST_12 : Operation 59 [1/1] (0.00ns)   --->   "%specpipeline_ln198 = specpipeline void @_ssdm_op_SpecPipeline, i32 1, i32 0, i32 0, i32 0, i32 4294967295, void @empty_32" [network-accel.cpp:198]   --->   Operation 59 'specpipeline' 'specpipeline_ln198' <Predicate = true> <Delay = 0.00>
ST_12 : Operation 60 [1/1] (0.00ns)   --->   "%specloopname_ln196 = specloopname void @_ssdm_op_SpecLoopName, void @empty_25" [network-accel.cpp:196]   --->   Operation 60 'specloopname' 'specloopname_ln196' <Predicate = true> <Delay = 0.00>
ST_12 : Operation 61 [1/1] (0.00ns)   --->   "%v_a_addr = getelementptr i32 %v_a, i64 0, i64 %zext_ln196" [network-accel.cpp:201]   --->   Operation 61 'getelementptr' 'v_a_addr' <Predicate = true> <Delay = 0.00>
ST_12 : Operation 62 [1/1] ( I:3.25ns O:3.25ns )   --->   "%store_ln201 = store i32 %gmem1_addr_1_read, i11 %v_a_addr" [network-accel.cpp:201]   --->   Operation 62 'store' 'store_ln201' <Predicate = true> <Delay = 3.25> <CoreInst = "RAM">   --->   Core 81 'RAM' <Latency = 1> <II = 1> <Delay = 3.25> <Storage> <Opcode : 'load' 'store'> <Ports = 2> <Width = 32> <Depth = 2048> <RAM>
ST_12 : Operation 63 [1/1] (0.00ns)   --->   "%br_ln196 = br void %for.inc60" [network-accel.cpp:196]   --->   Operation 63 'br' 'br_ln196' <Predicate = true> <Delay = 0.00>


============================================================
+ Verbose Summary: Binding
============================================================
STG Binding: 
---------------- STG Properties BEGIN ----------------
- Is combinational: 0
- Is one-state seq: 0
- Is datapath-only: 0
- Is pipelined: 0
- Is top level: 0
Port [ Return ] is wired: 1; IO mode=ap_ctrl_hs:ce=0
Port [ gmem1]:  wired=1; compound=1; hidden=0; nouse=0; global=0; static=0; extern=0; dir=0; type=4; pingpong=0; private_global=0; IO mode=m_axi:ce=0
Port [ neuron_count]:  wired=1; compound=0; hidden=0; nouse=0; global=0; static=0; extern=0; dir=0; type=0; pingpong=0; private_global=0; IO mode=ap_none:ce=0
Port [ sext_ln196]:  wired=1; compound=0; hidden=0; nouse=0; global=0; static=0; extern=0; dir=0; type=0; pingpong=0; private_global=0; IO mode=ap_none:ce=0
Port [ sext_ln196_1]:  wired=1; compound=0; hidden=0; nouse=0; global=0; static=0; extern=0; dir=0; type=0; pingpong=0; private_global=0; IO mode=ap_none:ce=0
Port [ u_a]:  wired=1; compound=1; hidden=0; nouse=0; global=1; static=1; extern=0; dir=1; type=1; pingpong=0; private_global=0; MemPort=[03]; IO mode=ap_memory:ce=0
Port [ v_a]:  wired=1; compound=1; hidden=0; nouse=0; global=1; static=1; extern=0; dir=1; type=1; pingpong=0; private_global=0; MemPort=[03]; IO mode=ap_memory:ce=0
---------------- STG Properties END ------------------

---------------- Datapath Model BEGIN ----------------

<LifeTime>
<method=bitvector/>
i_1                (alloca       ) [ 0100000000000]
sext_ln196_1_read  (read         ) [ 0000000000000]
sext_ln196_read    (read         ) [ 0000000000000]
neuron_count_read  (read         ) [ 0000000000000]
sext_ln196_1_cast  (sext         ) [ 0000000000000]
sext_ln196_cast    (sext         ) [ 0000000000000]
specinterface_ln0  (specinterface) [ 0000000000000]
store_ln196        (store        ) [ 0000000000000]
br_ln0             (br           ) [ 0000000000000]
i                  (load         ) [ 0111111111110]
specbitsmap_ln0    (specbitsmap  ) [ 0000000000000]
zext_ln196_2       (zext         ) [ 0000000000000]
icmp_ln196         (icmp         ) [ 0111111111100]
add_ln196          (add          ) [ 0000000000000]
br_ln196           (br           ) [ 0000000000000]
zext_ln196_1       (zext         ) [ 0000000000000]
add_ln200          (add          ) [ 0000000000000]
sext_ln200         (sext         ) [ 0000000000000]
gmem1_addr         (getelementptr) [ 0111111111100]
add_ln201          (add          ) [ 0000000000000]
sext_ln201         (sext         ) [ 0000000000000]
gmem1_addr_1       (getelementptr) [ 0111111111110]
store_ln196        (store        ) [ 0000000000000]
gmem1_load_req     (readreq      ) [ 0000000000000]
gmem1_addr_read    (read         ) [ 0100000000010]
gmem1_load_1_req   (readreq      ) [ 0000000000000]
zext_ln196         (zext         ) [ 0010000000001]
u_a_addr           (getelementptr) [ 0000000000000]
store_ln200        (store        ) [ 0000000000000]
gmem1_addr_1_read  (read         ) [ 0010000000001]
specpipeline_ln198 (specpipeline ) [ 0000000000000]
specloopname_ln196 (specloopname ) [ 0000000000000]
v_a_addr           (getelementptr) [ 0000000000000]
store_ln201        (store        ) [ 0000000000000]
br_ln196           (br           ) [ 0000000000000]
ret_ln0            (ret          ) [ 0000000000000]
</LifeTime>

<model>

<comp_list>
<comp id="0" class="1000" name="gmem1">
<pin_list>
<pin id="1" dir="1" index="0" bw="1" slack="0"/>
</pin_list>
<bind>
<StgValue><ssdm name="gmem1"/><MemPortTyVec>0 </MemPortTyVec>
</StgValue>
</bind>
</comp>

<comp id="2" class="1000" name="neuron_count">
<pin_list>
<pin id="3" dir="1" index="0" bw="1" slack="0"/>
</pin_list>
<bind>
<StgValue><ssdm name="neuron_count"/></StgValue>
</bind>
</comp>

<comp id="4" class="1000" name="sext_ln196">
<pin_list>
<pin id="5" dir="1" index="0" bw="1" slack="0"/>
</pin_list>
<bind>
<StgValue><ssdm name="sext_ln196"/></StgValue>
</bind>
</comp>

<comp id="6" class="1000" name="sext_ln196_1">
<pin_list>
<pin id="7" dir="1" index="0" bw="1" slack="0"/>
</pin_list>
<bind>
<StgValue><ssdm name="sext_ln196_1"/></StgValue>
</bind>
</comp>

<comp id="8" class="1000" name="u_a">
<pin_list>
<pin id="9" dir="1" index="0" bw="1" slack="0"/>
</pin_list>
<bind>
<StgValue><ssdm name="u_a"/><MemPortTyVec>0 3 </MemPortTyVec>
</StgValue>
</bind>
</comp>

<comp id="10" class="1000" name="v_a">
<pin_list>
<pin id="11" dir="1" index="0" bw="1" slack="0"/>
</pin_list>
<bind>
<StgValue><ssdm name="v_a"/><MemPortTyVec>0 3 </MemPortTyVec>
</StgValue>
</bind>
</comp>

<comp id="12" class="1001" name="const_12">
<pin_list>
<pin id="13" dir="1" index="0" bw="1" slack="0"/>
</pin_list>
<bind>
<StgValue><ssdm name=""/></StgValue>
</bind>
</comp>

<comp id="14" class="1001" name="const_14">
<pin_list>
<pin id="15" dir="1" index="0" bw="1" slack="0"/>
</pin_list>
<bind>
<StgValue><ssdm name="_ssdm_op_Read.ap_auto.i62"/></StgValue>
</bind>
</comp>

<comp id="16" class="1001" name="const_16">
<pin_list>
<pin id="17" dir="1" index="0" bw="1" slack="0"/>
</pin_list>
<bind>
<StgValue><ssdm name="_ssdm_op_Read.ap_auto.i32"/></StgValue>
</bind>
</comp>

<comp id="18" class="1001" name="const_18">
<pin_list>
<pin id="19" dir="1" index="0" bw="1" slack="2147483647"/>
</pin_list>
<bind>
<StgValue><ssdm name="_ssdm_op_SpecInterface"/></StgValue>
</bind>
</comp>

<comp id="20" class="1001" name="const_20">
<pin_list>
<pin id="21" dir="1" index="0" bw="1" slack="2147483647"/>
</pin_list>
<bind>
<StgValue><ssdm name="empty_31"/></StgValue>
</bind>
</comp>

<comp id="22" class="1001" name="const_22">
<pin_list>
<pin id="23" dir="1" index="0" bw="1" slack="2147483647"/>
</pin_list>
<bind>
<StgValue><ssdm name=""/></StgValue>
</bind>
</comp>

<comp id="24" class="1001" name="const_24">
<pin_list>
<pin id="25" dir="1" index="0" bw="1" slack="2147483647"/>
</pin_list>
<bind>
<StgValue><ssdm name="empty_32"/></StgValue>
</bind>
</comp>

<comp id="26" class="1001" name="const_26">
<pin_list>
<pin id="27" dir="1" index="0" bw="1" slack="2147483647"/>
</pin_list>
<bind>
<StgValue><ssdm name="empty_1"/></StgValue>
</bind>
</comp>

<comp id="28" class="1001" name="const_28">
<pin_list>
<pin id="29" dir="1" index="0" bw="1" slack="2147483647"/>
</pin_list>
<bind>
<StgValue><ssdm name="empty_0"/></StgValue>
</bind>
</comp>

<comp id="30" class="1001" name="const_30">
<pin_list>
<pin id="31" dir="1" index="0" bw="1" slack="2147483647"/>
</pin_list>
<bind>
<StgValue><ssdm name=""/></StgValue>
</bind>
</comp>

<comp id="32" class="1001" name="const_32">
<pin_list>
<pin id="33" dir="1" index="0" bw="1" slack="2147483647"/>
</pin_list>
<bind>
<StgValue><ssdm name=""/></StgValue>
</bind>
</comp>

<comp id="34" class="1001" name="const_34">
<pin_list>
<pin id="35" dir="1" index="0" bw="1" slack="2147483647"/>
</pin_list>
<bind>
<StgValue><ssdm name=""/></StgValue>
</bind>
</comp>

<comp id="36" class="1001" name="const_36">
<pin_list>
<pin id="37" dir="1" index="0" bw="1" slack="0"/>
</pin_list>
<bind>
<StgValue><ssdm name=""/></StgValue>
</bind>
</comp>

<comp id="38" class="1001" name="const_38">
<pin_list>
<pin id="39" dir="1" index="0" bw="1" slack="2147483647"/>
</pin_list>
<bind>
<StgValue><ssdm name="_ssdm_op_SpecBitsMap"/></StgValue>
</bind>
</comp>

<comp id="40" class="1001" name="const_40">
<pin_list>
<pin id="41" dir="1" index="0" bw="1" slack="0"/>
</pin_list>
<bind>
<StgValue><ssdm name=""/></StgValue>
</bind>
</comp>

<comp id="42" class="1001" name="const_42">
<pin_list>
<pin id="43" dir="1" index="0" bw="1" slack="0"/>
</pin_list>
<bind>
<StgValue><ssdm name="_ssdm_op_ReadReq.m_axi.i32P1A"/></StgValue>
</bind>
</comp>

<comp id="44" class="1001" name="const_44">
<pin_list>
<pin id="45" dir="1" index="0" bw="1" slack="0"/>
</pin_list>
<bind>
<StgValue><ssdm name=""/></StgValue>
</bind>
</comp>

<comp id="46" class="1001" name="const_46">
<pin_list>
<pin id="47" dir="1" index="0" bw="1" slack="0"/>
</pin_list>
<bind>
<StgValue><ssdm name="_ssdm_op_Read.m_axi.i32P1A"/></StgValue>
</bind>
</comp>

<comp id="48" class="1001" name="const_48">
<pin_list>
<pin id="49" dir="1" index="0" bw="1" slack="0"/>
</pin_list>
<bind>
<StgValue><ssdm name=""/></StgValue>
</bind>
</comp>

<comp id="50" class="1001" name="const_50">
<pin_list>
<pin id="51" dir="1" index="0" bw="1" slack="2147483647"/>
</pin_list>
<bind>
<StgValue><ssdm name="_ssdm_op_SpecPipeline"/></StgValue>
</bind>
</comp>

<comp id="52" class="1001" name="const_52">
<pin_list>
<pin id="53" dir="1" index="0" bw="1" slack="2147483647"/>
</pin_list>
<bind>
<StgValue><ssdm name="_ssdm_op_SpecLoopName"/></StgValue>
</bind>
</comp>

<comp id="54" class="1001" name="const_54">
<pin_list>
<pin id="55" dir="1" index="0" bw="1" slack="2147483647"/>
</pin_list>
<bind>
<StgValue><ssdm name="empty_25"/></StgValue>
</bind>
</comp>

<comp id="56" class="1004" name="i_1_fu_56">
<pin_list>
<pin id="57" dir="0" index="0" bw="1" slack="0"/>
<pin id="58" dir="1" index="1" bw="12" slack="0"/>
</pin_list>
<bind>
<opcode="alloca(26) " fcode="alloca"/>
<opset="i_1/1 "/>
</bind>
</comp>

<comp id="60" class="1004" name="sext_ln196_1_read_read_fu_60">
<pin_list>
<pin id="61" dir="0" index="0" bw="62" slack="0"/>
<pin id="62" dir="0" index="1" bw="62" slack="0"/>
<pin id="63" dir="1" index="2" bw="62" slack="0"/>
</pin_list>
<bind>
<opcode="read(1150) " fcode="read"/>
<opset="sext_ln196_1_read/1 "/>
</bind>
</comp>

<comp id="66" class="1004" name="sext_ln196_read_read_fu_66">
<pin_list>
<pin id="67" dir="0" index="0" bw="62" slack="0"/>
<pin id="68" dir="0" index="1" bw="62" slack="0"/>
<pin id="69" dir="1" index="2" bw="62" slack="0"/>
</pin_list>
<bind>
<opcode="read(1150) " fcode="read"/>
<opset="sext_ln196_read/1 "/>
</bind>
</comp>

<comp id="72" class="1004" name="neuron_count_read_read_fu_72">
<pin_list>
<pin id="73" dir="0" index="0" bw="32" slack="0"/>
<pin id="74" dir="0" index="1" bw="32" slack="0"/>
<pin id="75" dir="1" index="2" bw="32" slack="0"/>
</pin_list>
<bind>
<opcode="read(1150) " fcode="read"/>
<opset="neuron_count_read/1 "/>
</bind>
</comp>

<comp id="78" class="1004" name="u_a_addr_gep_fu_78">
<pin_list>
<pin id="79" dir="0" index="0" bw="32" slack="0"/>
<pin id="80" dir="0" index="1" bw="1" slack="0"/>
<pin id="81" dir="0" index="2" bw="12" slack="0"/>
<pin id="82" dir="1" index="3" bw="11" slack="0"/>
</pin_list>
<bind>
<opcode="getelementptr(29) " fcode="getelementptr"/>
<opset="u_a_addr/11 "/>
</bind>
</comp>

<comp id="85" class="1004" name="store_ln200_access_fu_85">
<pin_list>
<pin id="86" dir="0" index="0" bw="11" slack="0"/>
<pin id="87" dir="0" index="1" bw="32" slack="1"/>
<pin id="88" dir="0" index="2" bw="0" slack="2147483647"/>
<pin id="89" dir="1" index="3" bw="32" slack="2147483647"/>
</pin_list>
<bind>
<opcode="store(28) " fcode="store"/>
<opset="store_ln200/11 "/>
</bind>
</comp>

<comp id="91" class="1004" name="v_a_addr_gep_fu_91">
<pin_list>
<pin id="92" dir="0" index="0" bw="32" slack="0"/>
<pin id="93" dir="0" index="1" bw="1" slack="0"/>
<pin id="94" dir="0" index="2" bw="12" slack="1"/>
<pin id="95" dir="1" index="3" bw="11" slack="0"/>
</pin_list>
<bind>
<opcode="getelementptr(29) " fcode="getelementptr"/>
<opset="v_a_addr/12 "/>
</bind>
</comp>

<comp id="98" class="1004" name="store_ln201_access_fu_98">
<pin_list>
<pin id="99" dir="0" index="0" bw="11" slack="0"/>
<pin id="100" dir="0" index="1" bw="32" slack="1"/>
<pin id="101" dir="0" index="2" bw="0" slack="2147483647"/>
<pin id="102" dir="1" index="3" bw="32" slack="2147483647"/>
</pin_list>
<bind>
<opcode="store(28) " fcode="store"/>
<opset="store_ln201/12 "/>
</bind>
</comp>

<comp id="104" class="1004" name="grp_readreq_fu_104">
<pin_list>
<pin id="105" dir="0" index="0" bw="1" slack="0"/>
<pin id="106" dir="0" index="1" bw="32" slack="1"/>
<pin id="107" dir="0" index="2" bw="1" slack="0"/>
<pin id="108" dir="1" index="3" bw="1" slack="2147483647"/>
</pin_list>
<bind>
<opcode="readreq(1154) " fcode="readreq"/>
<opset="gmem1_load_req/2 gmem1_load_1_req/3 "/>
</bind>
</comp>

<comp id="111" class="1004" name="grp_read_fu_111">
<pin_list>
<pin id="112" dir="0" index="0" bw="32" slack="0"/>
<pin id="113" dir="0" index="1" bw="32" slack="9"/>
<pin id="114" dir="1" index="2" bw="32" slack="1"/>
</pin_list>
<bind>
<opcode="read(1150) " fcode="read"/>
<opset="gmem1_addr_read/10 gmem1_addr_1_read/11 "/>
</bind>
</comp>

<comp id="116" class="1005" name="reg_116">
<pin_list>
<pin id="117" dir="0" index="0" bw="32" slack="1"/>
<pin id="118" dir="1" index="1" bw="32" slack="1"/>
</pin_list>
<bind>
<opset="gmem1_addr_read gmem1_addr_1_read "/>
</bind>
</comp>

<comp id="122" class="1004" name="sext_ln196_1_cast_fu_122">
<pin_list>
<pin id="123" dir="0" index="0" bw="62" slack="0"/>
<pin id="124" dir="1" index="1" bw="63" slack="0"/>
</pin_list>
<bind>
<opcode="sext(35) " fcode="sext"/>
<opset="sext_ln196_1_cast/1 "/>
</bind>
</comp>

<comp id="126" class="1004" name="sext_ln196_cast_fu_126">
<pin_list>
<pin id="127" dir="0" index="0" bw="62" slack="0"/>
<pin id="128" dir="1" index="1" bw="63" slack="0"/>
</pin_list>
<bind>
<opcode="sext(35) " fcode="sext"/>
<opset="sext_ln196_cast/1 "/>
</bind>
</comp>

<comp id="130" class="1004" name="store_ln196_store_fu_130">
<pin_list>
<pin id="131" dir="0" index="0" bw="1" slack="0"/>
<pin id="132" dir="0" index="1" bw="12" slack="0"/>
<pin id="133" dir="1" index="2" bw="0" slack="2147483647"/>
</pin_list>
<bind>
<opcode="store(28) " fcode="store"/>
<opset="store_ln196/1 "/>
</bind>
</comp>

<comp id="135" class="1004" name="i_load_fu_135">
<pin_list>
<pin id="136" dir="0" index="0" bw="12" slack="0"/>
<pin id="137" dir="1" index="1" bw="12" slack="0"/>
</pin_list>
<bind>
<opcode="load(27) " fcode="load"/>
<opset="i/1 "/>
</bind>
</comp>

<comp id="138" class="1004" name="zext_ln196_2_fu_138">
<pin_list>
<pin id="139" dir="0" index="0" bw="12" slack="0"/>
<pin id="140" dir="1" index="1" bw="32" slack="0"/>
</pin_list>
<bind>
<opcode="zext(34) " fcode="zext"/>
<opset="zext_ln196_2/1 "/>
</bind>
</comp>

<comp id="142" class="1004" name="icmp_ln196_fu_142">
<pin_list>
<pin id="143" dir="0" index="0" bw="12" slack="0"/>
<pin id="144" dir="0" index="1" bw="32" slack="0"/>
<pin id="145" dir="1" index="2" bw="1" slack="1"/>
</pin_list>
<bind>
<opcode="icmp(45) " fcode="icmp"/>
<opset="icmp_ln196/1 "/>
</bind>
</comp>

<comp id="148" class="1004" name="add_ln196_fu_148">
<pin_list>
<pin id="149" dir="0" index="0" bw="12" slack="0"/>
<pin id="150" dir="0" index="1" bw="1" slack="0"/>
<pin id="151" dir="1" index="2" bw="12" slack="0"/>
</pin_list>
<bind>
<opcode="add(8) " fcode="add"/>
<opset="add_ln196/1 "/>
</bind>
</comp>

<comp id="154" class="1004" name="zext_ln196_1_fu_154">
<pin_list>
<pin id="155" dir="0" index="0" bw="12" slack="0"/>
<pin id="156" dir="1" index="1" bw="63" slack="0"/>
</pin_list>
<bind>
<opcode="zext(34) " fcode="zext"/>
<opset="zext_ln196_1/1 "/>
</bind>
</comp>

<comp id="158" class="1004" name="add_ln200_fu_158">
<pin_list>
<pin id="159" dir="0" index="0" bw="12" slack="0"/>
<pin id="160" dir="0" index="1" bw="62" slack="0"/>
<pin id="161" dir="1" index="2" bw="63" slack="0"/>
</pin_list>
<bind>
<opcode="add(8) " fcode="add"/>
<opset="add_ln200/1 "/>
</bind>
</comp>

<comp id="164" class="1004" name="sext_ln200_fu_164">
<pin_list>
<pin id="165" dir="0" index="0" bw="63" slack="0"/>
<pin id="166" dir="1" index="1" bw="64" slack="0"/>
</pin_list>
<bind>
<opcode="sext(35) " fcode="sext"/>
<opset="sext_ln200/1 "/>
</bind>
</comp>

<comp id="168" class="1004" name="gmem1_addr_fu_168">
<pin_list>
<pin id="169" dir="0" index="0" bw="32" slack="0"/>
<pin id="170" dir="0" index="1" bw="63" slack="0"/>
<pin id="171" dir="1" index="2" bw="32" slack="1"/>
</pin_list>
<bind>
<opcode="getelementptr(29) " fcode="getelementptr"/>
<opset="gmem1_addr/1 "/>
</bind>
</comp>

<comp id="174" class="1004" name="add_ln201_fu_174">
<pin_list>
<pin id="175" dir="0" index="0" bw="12" slack="0"/>
<pin id="176" dir="0" index="1" bw="62" slack="0"/>
<pin id="177" dir="1" index="2" bw="63" slack="0"/>
</pin_list>
<bind>
<opcode="add(8) " fcode="add"/>
<opset="add_ln201/1 "/>
</bind>
</comp>

<comp id="180" class="1004" name="sext_ln201_fu_180">
<pin_list>
<pin id="181" dir="0" index="0" bw="63" slack="0"/>
<pin id="182" dir="1" index="1" bw="64" slack="0"/>
</pin_list>
<bind>
<opcode="sext(35) " fcode="sext"/>
<opset="sext_ln201/1 "/>
</bind>
</comp>

<comp id="184" class="1004" name="gmem1_addr_1_fu_184">
<pin_list>
<pin id="185" dir="0" index="0" bw="32" slack="0"/>
<pin id="186" dir="0" index="1" bw="63" slack="0"/>
<pin id="187" dir="1" index="2" bw="32" slack="2"/>
</pin_list>
<bind>
<opcode="getelementptr(29) " fcode="getelementptr"/>
<opset="gmem1_addr_1/1 "/>
</bind>
</comp>

<comp id="190" class="1004" name="store_ln196_store_fu_190">
<pin_list>
<pin id="191" dir="0" index="0" bw="12" slack="0"/>
<pin id="192" dir="0" index="1" bw="12" slack="0"/>
<pin id="193" dir="1" index="2" bw="0" slack="2147483647"/>
</pin_list>
<bind>
<opcode="store(28) " fcode="store"/>
<opset="store_ln196/1 "/>
</bind>
</comp>

<comp id="195" class="1004" name="zext_ln196_fu_195">
<pin_list>
<pin id="196" dir="0" index="0" bw="12" slack="10"/>
<pin id="197" dir="1" index="1" bw="64" slack="0"/>
</pin_list>
<bind>
<opcode="zext(34) " fcode="zext"/>
<opset="zext_ln196/11 "/>
</bind>
</comp>

<comp id="199" class="1005" name="i_1_reg_199">
<pin_list>
<pin id="200" dir="0" index="0" bw="12" slack="0"/>
<pin id="201" dir="1" index="1" bw="12" slack="0"/>
</pin_list>
<bind>
<opset="i_1 "/>
</bind>
</comp>

<comp id="206" class="1005" name="i_reg_206">
<pin_list>
<pin id="207" dir="0" index="0" bw="12" slack="10"/>
<pin id="208" dir="1" index="1" bw="12" slack="10"/>
</pin_list>
<bind>
<opset="i "/>
</bind>
</comp>

<comp id="211" class="1005" name="icmp_ln196_reg_211">
<pin_list>
<pin id="212" dir="0" index="0" bw="1" slack="1"/>
<pin id="213" dir="1" index="1" bw="1" slack="2147483647"/>
</pin_list>
<bind>
<opset="icmp_ln196 "/>
</bind>
</comp>

<comp id="215" class="1005" name="gmem1_addr_reg_215">
<pin_list>
<pin id="216" dir="0" index="0" bw="32" slack="1"/>
<pin id="217" dir="1" index="1" bw="32" slack="1"/>
</pin_list>
<bind>
<opset="gmem1_addr "/>
</bind>
</comp>

<comp id="221" class="1005" name="gmem1_addr_1_reg_221">
<pin_list>
<pin id="222" dir="0" index="0" bw="32" slack="2"/>
<pin id="223" dir="1" index="1" bw="32" slack="2"/>
</pin_list>
<bind>
<opset="gmem1_addr_1 "/>
</bind>
</comp>

<comp id="227" class="1005" name="zext_ln196_reg_227">
<pin_list>
<pin id="228" dir="0" index="0" bw="64" slack="1"/>
<pin id="229" dir="1" index="1" bw="64" slack="1"/>
</pin_list>
<bind>
<opset="zext_ln196 "/>
</bind>
</comp>

</comp_list>

<net_list>
<net id="59"><net_src comp="12" pin="0"/><net_sink comp="56" pin=0"/></net>

<net id="64"><net_src comp="14" pin="0"/><net_sink comp="60" pin=0"/></net>

<net id="65"><net_src comp="6" pin="0"/><net_sink comp="60" pin=1"/></net>

<net id="70"><net_src comp="14" pin="0"/><net_sink comp="66" pin=0"/></net>

<net id="71"><net_src comp="4" pin="0"/><net_sink comp="66" pin=1"/></net>

<net id="76"><net_src comp="16" pin="0"/><net_sink comp="72" pin=0"/></net>

<net id="77"><net_src comp="2" pin="0"/><net_sink comp="72" pin=1"/></net>

<net id="83"><net_src comp="8" pin="0"/><net_sink comp="78" pin=0"/></net>

<net id="84"><net_src comp="48" pin="0"/><net_sink comp="78" pin=1"/></net>

<net id="90"><net_src comp="78" pin="3"/><net_sink comp="85" pin=0"/></net>

<net id="96"><net_src comp="10" pin="0"/><net_sink comp="91" pin=0"/></net>

<net id="97"><net_src comp="48" pin="0"/><net_sink comp="91" pin=1"/></net>

<net id="103"><net_src comp="91" pin="3"/><net_sink comp="98" pin=0"/></net>

<net id="109"><net_src comp="42" pin="0"/><net_sink comp="104" pin=0"/></net>

<net id="110"><net_src comp="44" pin="0"/><net_sink comp="104" pin=2"/></net>

<net id="115"><net_src comp="46" pin="0"/><net_sink comp="111" pin=0"/></net>

<net id="119"><net_src comp="111" pin="2"/><net_sink comp="116" pin=0"/></net>

<net id="120"><net_src comp="116" pin="1"/><net_sink comp="85" pin=1"/></net>

<net id="121"><net_src comp="116" pin="1"/><net_sink comp="98" pin=1"/></net>

<net id="125"><net_src comp="60" pin="2"/><net_sink comp="122" pin=0"/></net>

<net id="129"><net_src comp="66" pin="2"/><net_sink comp="126" pin=0"/></net>

<net id="134"><net_src comp="36" pin="0"/><net_sink comp="130" pin=0"/></net>

<net id="141"><net_src comp="135" pin="1"/><net_sink comp="138" pin=0"/></net>

<net id="146"><net_src comp="138" pin="1"/><net_sink comp="142" pin=0"/></net>

<net id="147"><net_src comp="72" pin="2"/><net_sink comp="142" pin=1"/></net>

<net id="152"><net_src comp="135" pin="1"/><net_sink comp="148" pin=0"/></net>

<net id="153"><net_src comp="40" pin="0"/><net_sink comp="148" pin=1"/></net>

<net id="157"><net_src comp="135" pin="1"/><net_sink comp="154" pin=0"/></net>

<net id="162"><net_src comp="154" pin="1"/><net_sink comp="158" pin=0"/></net>

<net id="163"><net_src comp="126" pin="1"/><net_sink comp="158" pin=1"/></net>

<net id="167"><net_src comp="158" pin="2"/><net_sink comp="164" pin=0"/></net>

<net id="172"><net_src comp="0" pin="0"/><net_sink comp="168" pin=0"/></net>

<net id="173"><net_src comp="164" pin="1"/><net_sink comp="168" pin=1"/></net>

<net id="178"><net_src comp="154" pin="1"/><net_sink comp="174" pin=0"/></net>

<net id="179"><net_src comp="122" pin="1"/><net_sink comp="174" pin=1"/></net>

<net id="183"><net_src comp="174" pin="2"/><net_sink comp="180" pin=0"/></net>

<net id="188"><net_src comp="0" pin="0"/><net_sink comp="184" pin=0"/></net>

<net id="189"><net_src comp="180" pin="1"/><net_sink comp="184" pin=1"/></net>

<net id="194"><net_src comp="148" pin="2"/><net_sink comp="190" pin=0"/></net>

<net id="198"><net_src comp="195" pin="1"/><net_sink comp="78" pin=2"/></net>

<net id="202"><net_src comp="56" pin="1"/><net_sink comp="199" pin=0"/></net>

<net id="203"><net_src comp="199" pin="1"/><net_sink comp="130" pin=1"/></net>

<net id="204"><net_src comp="199" pin="1"/><net_sink comp="135" pin=0"/></net>

<net id="205"><net_src comp="199" pin="1"/><net_sink comp="190" pin=1"/></net>

<net id="209"><net_src comp="135" pin="1"/><net_sink comp="206" pin=0"/></net>

<net id="210"><net_src comp="206" pin="1"/><net_sink comp="195" pin=0"/></net>

<net id="214"><net_src comp="142" pin="2"/><net_sink comp="211" pin=0"/></net>

<net id="218"><net_src comp="168" pin="2"/><net_sink comp="215" pin=0"/></net>

<net id="219"><net_src comp="215" pin="1"/><net_sink comp="104" pin=1"/></net>

<net id="220"><net_src comp="215" pin="1"/><net_sink comp="111" pin=1"/></net>

<net id="224"><net_src comp="184" pin="2"/><net_sink comp="221" pin=0"/></net>

<net id="225"><net_src comp="221" pin="1"/><net_sink comp="104" pin=1"/></net>

<net id="226"><net_src comp="221" pin="1"/><net_sink comp="111" pin=1"/></net>

<net id="230"><net_src comp="195" pin="1"/><net_sink comp="227" pin=0"/></net>

<net id="231"><net_src comp="227" pin="1"/><net_sink comp="91" pin=2"/></net>

</net_list>

</model> 
---------------- Datapath Model END ------------------

* FSMD analyzer results:
  - Output states:
	Port: u_a | {11 }
	Port: v_a | {12 }
 - Input state : 
	Port: accelerator_net_Pipeline_LOAD_STATE : gmem1 | {2 3 4 5 6 7 8 9 10 11 }
	Port: accelerator_net_Pipeline_LOAD_STATE : neuron_count | {1 }
	Port: accelerator_net_Pipeline_LOAD_STATE : sext_ln196 | {1 }
	Port: accelerator_net_Pipeline_LOAD_STATE : sext_ln196_1 | {1 }
  - Chain level:
	State 1
		store_ln196 : 1
		i : 1
		zext_ln196_2 : 2
		icmp_ln196 : 3
		add_ln196 : 2
		br_ln196 : 4
		zext_ln196_1 : 2
		add_ln200 : 3
		sext_ln200 : 4
		gmem1_addr : 5
		add_ln201 : 3
		sext_ln201 : 4
		gmem1_addr_1 : 5
		store_ln196 : 3
	State 2
	State 3
	State 4
	State 5
	State 6
	State 7
	State 8
	State 9
	State 10
	State 11
		u_a_addr : 1
		store_ln200 : 2
	State 12
		store_ln201 : 1


============================================================
+ Verbose Summary: Datapath Resource usage 
============================================================

* Functional unit list:
|----------|------------------------------|---------|---------|
| Operation|        Functional Unit       |    FF   |   LUT   |
|----------|------------------------------|---------|---------|
|          |       add_ln196_fu_148       |    0    |    12   |
|    add   |       add_ln200_fu_158       |    0    |    69   |
|          |       add_ln201_fu_174       |    0    |    69   |
|----------|------------------------------|---------|---------|
|   icmp   |       icmp_ln196_fu_142      |    0    |    39   |
|----------|------------------------------|---------|---------|
|          | sext_ln196_1_read_read_fu_60 |    0    |    0    |
|   read   |  sext_ln196_read_read_fu_66  |    0    |    0    |
|          | neuron_count_read_read_fu_72 |    0    |    0    |
|          |        grp_read_fu_111       |    0    |    0    |
|----------|------------------------------|---------|---------|
|  readreq |      grp_readreq_fu_104      |    0    |    0    |
|----------|------------------------------|---------|---------|
|          |   sext_ln196_1_cast_fu_122   |    0    |    0    |
|   sext   |    sext_ln196_cast_fu_126    |    0    |    0    |
|          |       sext_ln200_fu_164      |    0    |    0    |
|          |       sext_ln201_fu_180      |    0    |    0    |
|----------|------------------------------|---------|---------|
|          |      zext_ln196_2_fu_138     |    0    |    0    |
|   zext   |      zext_ln196_1_fu_154     |    0    |    0    |
|          |       zext_ln196_fu_195      |    0    |    0    |
|----------|------------------------------|---------|---------|
|   Total  |                              |    0    |   189   |
|----------|------------------------------|---------|---------|

Memories:
N/A

* Register list:
+--------------------+--------+
|                    |   FF   |
+--------------------+--------+
|gmem1_addr_1_reg_221|   32   |
| gmem1_addr_reg_215 |   32   |
|     i_1_reg_199    |   12   |
|      i_reg_206     |   12   |
| icmp_ln196_reg_211 |    1   |
|       reg_116      |   32   |
| zext_ln196_reg_227 |   64   |
+--------------------+--------+
|        Total       |   185  |
+--------------------+--------+

* Multiplexer (MUX) list: 
|--------------------|------|------|------|--------||---------||---------||---------|
|        Comp        |  Pin | Size |  BW  | S x BW ||  Delay  ||    FF   ||   LUT   |
|--------------------|------|------|------|--------||---------||---------||---------|
| grp_readreq_fu_104 |  p1  |   2  |  32  |   64   ||    0    ||    9    |
|   grp_read_fu_111  |  p1  |   2  |  32  |   64   ||    0    ||    9    |
|--------------------|------|------|------|--------||---------||---------||---------|
|        Total       |      |      |      |   128  ||  3.176  ||    0    ||    18   |
|--------------------|------|------|------|--------||---------||---------||---------|



* Summary:
+-----------+--------+--------+--------+
|           |  Delay |   FF   |   LUT  |
+-----------+--------+--------+--------+
|  Function |    -   |    0   |   189  |
|   Memory  |    -   |    -   |    -   |
|Multiplexer|    3   |    0   |   18   |
|  Register |    -   |   185  |    -   |
+-----------+--------+--------+--------+
|   Total   |    3   |   185  |   207  |
+-----------+--------+--------+--------+
