

================================================================
== Vitis HLS Report for 'accelerator_net_Pipeline_EDGE_LOOP'
================================================================
* Date:           Tue Jun 30 17:54:44 2026

* Version:        2025.2 (Build 6295257 on Nov 14 2025)
* Project:        build
* Solution:       hls (Vivado IP Flow Target)
* Product family: zynq
* Target device:  xc7z020-clg400-1


================================================================
== Performance Estimates
================================================================
+ Timing: 
    * Summary: 
    +--------+----------+----------+------------+
    |  Clock |  Target  | Estimated| Uncertainty|
    +--------+----------+----------+------------+
    |ap_clk  |  10.00 ns|  6.508 ns|     2.70 ns|
    +--------+----------+----------+------------+

+ Latency: 
    * Summary: 
    +---------+---------+----------+----------+-----+-----+-------------------+
    |  Latency (cycles) |  Latency (absolute) |  Interval |      Pipeline     |
    |   min   |   max   |    min   |    max   | min | max |        Type       |
    +---------+---------+----------+----------+-----+-----+-------------------+
    |        ?|        ?|         ?|         ?|    0|    0|  loop pipeline stp|
    +---------+---------+----------+----------+-----+-----+-------------------+

    + Detail: 
        * Instance: 
        N/A

        * Loop: 
        +-------------+---------+---------+----------+-----------+-----------+------+----------+
        |             |  Latency (cycles) | Iteration|  Initiation Interval  | Trip |          |
        |  Loop Name  |   min   |   max   |  Latency |  achieved |   target  | Count| Pipelined|
        +-------------+---------+---------+----------+-----------+-----------+------+----------+
        |- EDGE_LOOP  |        ?|        ?|         4|          1|          1|     ?|       yes|
        +-------------+---------+---------+----------+-----------+-----------+------+----------+

============================================================
+ Verbose Summary: Synthesis Manager
============================================================
InlineROM: 1
ExposeGlobal: 0
============================================================
+ Verbose Summary: CDFG Model
============================================================
IsTopModel: 0
ResetActiveHigh: 1
IsCombinational: 0
IsDatapathOnly: 0
HasWiredReturn: 1
HasMFsm: 2
HasVarLatency: 1
IsPipeline: 0
IsRtlPipelined: 0
IsInstanceOverlapped: 0
IsDontTouch: 0
HasImplIP: 0
IsGatedGlobalClock: 0

+ Individual pipeline summary: 
  * Pipeline-0: initiation interval (II) = 1, depth = 5


============================================================
+ Verbose Summary: Schedule
============================================================
* Number of FSM states : 5
* Pipeline : 1
  Pipeline-0 : II = 1, D = 5, States = { 1 2 3 4 5 }
* Dataflow Pipeline: 0

* FSM state transitions: 
1 --> 2 
2 --> 3 
3 --> 4 
4 --> 5 
5 --> 

* FSM state operations: 

State 1 <SV = 0> <Delay = 1.58>
ST_1 : Operation 7 [1/1] (0.00ns)   --->   "%inflow = alloca i32 1" [network-accel.cpp:238]   --->   Operation 7 'alloca' 'inflow' <Predicate = true> <Delay = 0.00>
ST_1 : Operation 8 [1/1] (0.00ns)   --->   "%e = alloca i32 1" [network-accel.cpp:242]   --->   Operation 8 'alloca' 'e' <Predicate = true> <Delay = 0.00>
ST_1 : Operation 9 [1/1] (0.00ns)   --->   "%row_ptr_load_read = read i32 @_ssdm_op_Read.ap_auto.i32, i32 %row_ptr_load"   --->   Operation 9 'read' 'row_ptr_load_read' <Predicate = true> <Delay = 0.00>
ST_1 : Operation 10 [1/1] (0.00ns)   --->   "%sext_ln241_read = read i32 @_ssdm_op_Read.ap_auto.i32, i32 %sext_ln241"   --->   Operation 10 'read' 'sext_ln241_read' <Predicate = true> <Delay = 0.00>
ST_1 : Operation 11 [1/1] (0.00ns)   --->   "%sext_ln241_cast = sext i32 %sext_ln241_read"   --->   Operation 11 'sext' 'sext_ln241_cast' <Predicate = true> <Delay = 0.00>
ST_1 : Operation 12 [1/1] (1.58ns)   --->   "%store_ln242 = store i34 %sext_ln241_cast, i34 %e" [network-accel.cpp:242]   --->   Operation 12 'store' 'store_ln242' <Predicate = true> <Delay = 1.58>
ST_1 : Operation 13 [1/1] (1.58ns)   --->   "%store_ln238 = store i32 0, i32 %inflow" [network-accel.cpp:238]   --->   Operation 13 'store' 'store_ln238' <Predicate = true> <Delay = 1.58>
ST_1 : Operation 14 [1/1] (0.00ns)   --->   "%br_ln0 = br void %for.body102"   --->   Operation 14 'br' 'br_ln0' <Predicate = true> <Delay = 0.00>

State 2 <SV = 1> <Delay = 4.22>
ST_2 : Operation 15 [1/1] (0.00ns)   --->   "%e_1 = load i34 %e" [network-accel.cpp:244]   --->   Operation 15 'load' 'e_1' <Predicate = true> <Delay = 0.00>
ST_2 : Operation 16 [1/1] (0.00ns)   --->   "%trunc_ln243 = trunc i34 %e_1" [network-accel.cpp:243]   --->   Operation 16 'trunc' 'trunc_ln243' <Predicate = true> <Delay = 0.00>
ST_2 : Operation 17 [1/1] (2.55ns)   --->   "%icmp_ln243 = icmp_ult  i32 %trunc_ln243, i32 %row_ptr_load_read" [network-accel.cpp:243]   --->   Operation 17 'icmp' 'icmp_ln243' <Predicate = true> <Delay = 2.55> <CoreInst = "Cmp">   --->   Core 9 'Cmp' <Latency = 0> <II = 1> <Delay = 2.55> <FuncUnit> <Opcode : 'seteq' 'setne' 'setle' 'setge' 'setlt' 'setgt'> <InPorts = 2> <OutPorts = 1>
ST_2 : Operation 18 [1/1] (0.00ns)   --->   "%br_ln241 = br i1 %icmp_ln243, void %for.end110.exitStub, void %for.body102.split" [network-accel.cpp:241]   --->   Operation 18 'br' 'br_ln241' <Predicate = true> <Delay = 0.00>
ST_2 : Operation 19 [1/1] (0.00ns)   --->   "%zext_ln243 = zext i34 %e_1" [network-accel.cpp:243]   --->   Operation 19 'zext' 'zext_ln243' <Predicate = (icmp_ln243)> <Delay = 0.00>
ST_2 : Operation 20 [1/1] (0.00ns)   --->   "%col_idx_addr = getelementptr i11 %col_idx, i64 0, i64 %zext_ln243" [network-accel.cpp:250]   --->   Operation 20 'getelementptr' 'col_idx_addr' <Predicate = (icmp_ln243)> <Delay = 0.00>
ST_2 : Operation 21 [2/2] (3.25ns)   --->   "%col_idx_load = load i15 %col_idx_addr" [network-accel.cpp:250]   --->   Operation 21 'load' 'col_idx_load' <Predicate = (icmp_ln243)> <Delay = 3.25> <CoreInst = "RAM">   --->   Core 81 'RAM' <Latency = 1> <II = 1> <Delay = 3.25> <Storage> <Opcode : 'load' 'store'> <Ports = 2> <Width = 11> <Depth = 32768> <RAM>
ST_2 : Operation 22 [1/1] (2.63ns)   --->   "%add_ln244 = add i34 %e_1, i34 1" [network-accel.cpp:244]   --->   Operation 22 'add' 'add_ln244' <Predicate = (icmp_ln243)> <Delay = 2.63> <CoreInst = "Adder">   --->   Core 1 'Adder' <Latency = 0> <II = 1> <Delay = 2.63> <FuncUnit> <Opcode : 'add' 'sub'> <InPorts = 2> <OutPorts = 1>
ST_2 : Operation 23 [1/1] (1.58ns)   --->   "%store_ln242 = store i34 %add_ln244, i34 %e" [network-accel.cpp:242]   --->   Operation 23 'store' 'store_ln242' <Predicate = (icmp_ln243)> <Delay = 1.58>

State 3 <SV = 2> <Delay = 6.50>
ST_3 : Operation 24 [1/2] ( I:3.25ns O:3.25ns )   --->   "%col_idx_load = load i15 %col_idx_addr" [network-accel.cpp:250]   --->   Operation 24 'load' 'col_idx_load' <Predicate = true> <Delay = 3.25> <CoreInst = "RAM">   --->   Core 81 'RAM' <Latency = 1> <II = 1> <Delay = 3.25> <Storage> <Opcode : 'load' 'store'> <Ports = 2> <Width = 11> <Depth = 32768> <RAM>
ST_3 : Operation 25 [1/1] (0.00ns)   --->   "%zext_ln252 = zext i11 %col_idx_load" [network-accel.cpp:252]   --->   Operation 25 'zext' 'zext_ln252' <Predicate = true> <Delay = 0.00>
ST_3 : Operation 26 [1/1] (0.00ns)   --->   "%u_a_addr = getelementptr i32 %u_a, i64 0, i64 %zext_ln252" [network-accel.cpp:252]   --->   Operation 26 'getelementptr' 'u_a_addr' <Predicate = true> <Delay = 0.00>
ST_3 : Operation 27 [2/2] (3.25ns)   --->   "%u_a_load = load i11 %u_a_addr" [network-accel.cpp:252]   --->   Operation 27 'load' 'u_a_load' <Predicate = true> <Delay = 3.25> <CoreInst = "RAM">   --->   Core 81 'RAM' <Latency = 1> <II = 1> <Delay = 3.25> <Storage> <Opcode : 'load' 'store'> <Ports = 2> <Width = 32> <Depth = 2048> <RAM>

State 4 <SV = 3> <Delay = 3.25>
ST_4 : Operation 28 [1/2] ( I:3.25ns O:3.25ns )   --->   "%u_a_load = load i11 %u_a_addr" [network-accel.cpp:252]   --->   Operation 28 'load' 'u_a_load' <Predicate = true> <Delay = 3.25> <CoreInst = "RAM">   --->   Core 81 'RAM' <Latency = 1> <II = 1> <Delay = 3.25> <Storage> <Opcode : 'load' 'store'> <Ports = 2> <Width = 32> <Depth = 2048> <RAM>
ST_4 : Operation 35 [1/1] (0.00ns)   --->   "%inflow_load_1 = load i32 %inflow"   --->   Operation 35 'load' 'inflow_load_1' <Predicate = (!icmp_ln243)> <Delay = 0.00>
ST_4 : Operation 36 [1/1] (0.00ns)   --->   "%write_ln0 = write void @_ssdm_op_Write.ap_auto.i32P0A, i32 %inflow_out, i32 %inflow_load_1"   --->   Operation 36 'write' 'write_ln0' <Predicate = (!icmp_ln243)> <Delay = 0.00>
ST_4 : Operation 37 [1/1] (1.58ns)   --->   "%ret_ln0 = ret"   --->   Operation 37 'ret' 'ret_ln0' <Predicate = (!icmp_ln243)> <Delay = 1.58>

State 5 <SV = 4> <Delay = 4.14>
ST_5 : Operation 29 [1/1] (0.00ns)   --->   "%inflow_load = load i32 %inflow" [network-accel.cpp:252]   --->   Operation 29 'load' 'inflow_load' <Predicate = true> <Delay = 0.00>
ST_5 : Operation 30 [1/1] (0.00ns)   --->   "%specpipeline_ln247 = specpipeline void @_ssdm_op_SpecPipeline, i32 1, i32 0, i32 0, i32 0, i32 4294967295, void @empty_32" [network-accel.cpp:247]   --->   Operation 30 'specpipeline' 'specpipeline_ln247' <Predicate = true> <Delay = 0.00>
ST_5 : Operation 31 [1/1] (0.00ns)   --->   "%specloopname_ln241 = specloopname void @_ssdm_op_SpecLoopName, void @empty_27" [network-accel.cpp:241]   --->   Operation 31 'specloopname' 'specloopname_ln241' <Predicate = true> <Delay = 0.00>
ST_5 : Operation 32 [1/1] (2.55ns)   --->   "%inflow_1 = add i32 %u_a_load, i32 %inflow_load" [network-accel.cpp:252]   --->   Operation 32 'add' 'inflow_1' <Predicate = true> <Delay = 2.55> <CoreInst = "Adder">   --->   Core 1 'Adder' <Latency = 0> <II = 1> <Delay = 2.55> <FuncUnit> <Opcode : 'add' 'sub'> <InPorts = 2> <OutPorts = 1>
ST_5 : Operation 33 [1/1] (1.58ns)   --->   "%store_ln238 = store i32 %inflow_1, i32 %inflow" [network-accel.cpp:238]   --->   Operation 33 'store' 'store_ln238' <Predicate = true> <Delay = 1.58>
ST_5 : Operation 34 [1/1] (0.00ns)   --->   "%br_ln241 = br void %for.body102" [network-accel.cpp:241]   --->   Operation 34 'br' 'br_ln241' <Predicate = true> <Delay = 0.00>


============================================================
+ Verbose Summary: Binding
============================================================
STG Binding: 
---------------- STG Properties BEGIN ----------------
- Is combinational: 0
- Is one-state seq: 0
- Is datapath-only: 0
- Is pipelined: 0
- Is top level: 0
Port [ Return ] is wired: 1; IO mode=ap_ctrl_hs:ce=0
Port [ sext_ln241]:  wired=1; compound=0; hidden=0; nouse=0; global=0; static=0; extern=0; dir=0; type=0; pingpong=0; private_global=0; IO mode=ap_none:ce=0
Port [ row_ptr_load]:  wired=1; compound=0; hidden=0; nouse=0; global=0; static=0; extern=0; dir=0; type=0; pingpong=0; private_global=0; IO mode=ap_none:ce=0
Port [ inflow_out]:  wired=1; compound=0; hidden=0; nouse=0; global=0; static=0; extern=0; dir=1; type=0; pingpong=0; private_global=0; IO mode=ap_vld:ce=0
Port [ col_idx]:  wired=1; compound=1; hidden=0; nouse=0; global=1; static=1; extern=0; dir=0; type=1; pingpong=0; private_global=0; MemPort=[13]; IO mode=ap_memory:ce=0
Port [ u_a]:  wired=1; compound=1; hidden=0; nouse=0; global=1; static=1; extern=0; dir=0; type=1; pingpong=0; private_global=0; MemPort=[13]; IO mode=ap_memory:ce=0
---------------- STG Properties END ------------------

---------------- Datapath Model BEGIN ----------------

<LifeTime>
<method=bitvector/>
inflow             (alloca       ) [ 011111]
e                  (alloca       ) [ 011000]
row_ptr_load_read  (read         ) [ 011000]
sext_ln241_read    (read         ) [ 000000]
sext_ln241_cast    (sext         ) [ 000000]
store_ln242        (store        ) [ 000000]
store_ln238        (store        ) [ 000000]
br_ln0             (br           ) [ 000000]
e_1                (load         ) [ 000000]
trunc_ln243        (trunc        ) [ 000000]
icmp_ln243         (icmp         ) [ 011110]
br_ln241           (br           ) [ 000000]
zext_ln243         (zext         ) [ 000000]
col_idx_addr       (getelementptr) [ 010100]
add_ln244          (add          ) [ 000000]
store_ln242        (store        ) [ 000000]
col_idx_load       (load         ) [ 000000]
zext_ln252         (zext         ) [ 000000]
u_a_addr           (getelementptr) [ 010010]
u_a_load           (load         ) [ 010001]
inflow_load        (load         ) [ 000000]
specpipeline_ln247 (specpipeline ) [ 000000]
specloopname_ln241 (specloopname ) [ 000000]
inflow_1           (add          ) [ 000000]
store_ln238        (store        ) [ 000000]
br_ln241           (br           ) [ 000000]
inflow_load_1      (load         ) [ 000000]
write_ln0          (write        ) [ 000000]
ret_ln0            (ret          ) [ 000000]
</LifeTime>

<model>

<comp_list>
<comp id="0" class="1000" name="sext_ln241">
<pin_list>
<pin id="1" dir="1" index="0" bw="1" slack="0"/>
</pin_list>
<bind>
<StgValue><ssdm name="sext_ln241"/></StgValue>
</bind>
</comp>

<comp id="2" class="1000" name="row_ptr_load">
<pin_list>
<pin id="3" dir="1" index="0" bw="1" slack="0"/>
</pin_list>
<bind>
<StgValue><ssdm name="row_ptr_load"/></StgValue>
</bind>
</comp>

<comp id="4" class="1000" name="inflow_out">
<pin_list>
<pin id="5" dir="1" index="0" bw="1" slack="0"/>
</pin_list>
<bind>
<StgValue><ssdm name="inflow_out"/></StgValue>
</bind>
</comp>

<comp id="6" class="1000" name="col_idx">
<pin_list>
<pin id="7" dir="1" index="0" bw="1" slack="0"/>
</pin_list>
<bind>
<StgValue><ssdm name="col_idx"/><MemPortTyVec>1 3 </MemPortTyVec>
</StgValue>
</bind>
</comp>

<comp id="8" class="1000" name="u_a">
<pin_list>
<pin id="9" dir="1" index="0" bw="1" slack="0"/>
</pin_list>
<bind>
<StgValue><ssdm name="u_a"/><MemPortTyVec>1 3 </MemPortTyVec>
</StgValue>
</bind>
</comp>

<comp id="10" class="1001" name="const_10">
<pin_list>
<pin id="11" dir="1" index="0" bw="1" slack="0"/>
</pin_list>
<bind>
<StgValue><ssdm name=""/></StgValue>
</bind>
</comp>

<comp id="12" class="1001" name="const_12">
<pin_list>
<pin id="13" dir="1" index="0" bw="1" slack="0"/>
</pin_list>
<bind>
<StgValue><ssdm name="_ssdm_op_Read.ap_auto.i32"/></StgValue>
</bind>
</comp>

<comp id="14" class="1001" name="const_14">
<pin_list>
<pin id="15" dir="1" index="0" bw="1" slack="0"/>
</pin_list>
<bind>
<StgValue><ssdm name=""/></StgValue>
</bind>
</comp>

<comp id="16" class="1001" name="const_16">
<pin_list>
<pin id="17" dir="1" index="0" bw="1" slack="0"/>
</pin_list>
<bind>
<StgValue><ssdm name=""/></StgValue>
</bind>
</comp>

<comp id="18" class="1001" name="const_18">
<pin_list>
<pin id="19" dir="1" index="0" bw="1" slack="0"/>
</pin_list>
<bind>
<StgValue><ssdm name=""/></StgValue>
</bind>
</comp>

<comp id="20" class="1001" name="const_20">
<pin_list>
<pin id="21" dir="1" index="0" bw="1" slack="2147483647"/>
</pin_list>
<bind>
<StgValue><ssdm name="_ssdm_op_SpecPipeline"/></StgValue>
</bind>
</comp>

<comp id="22" class="1001" name="const_22">
<pin_list>
<pin id="23" dir="1" index="0" bw="1" slack="2147483647"/>
</pin_list>
<bind>
<StgValue><ssdm name=""/></StgValue>
</bind>
</comp>

<comp id="24" class="1001" name="const_24">
<pin_list>
<pin id="25" dir="1" index="0" bw="1" slack="2147483647"/>
</pin_list>
<bind>
<StgValue><ssdm name="empty_32"/></StgValue>
</bind>
</comp>

<comp id="26" class="1001" name="const_26">
<pin_list>
<pin id="27" dir="1" index="0" bw="1" slack="2147483647"/>
</pin_list>
<bind>
<StgValue><ssdm name="_ssdm_op_SpecLoopName"/></StgValue>
</bind>
</comp>

<comp id="28" class="1001" name="const_28">
<pin_list>
<pin id="29" dir="1" index="0" bw="1" slack="2147483647"/>
</pin_list>
<bind>
<StgValue><ssdm name="empty_27"/></StgValue>
</bind>
</comp>

<comp id="30" class="1001" name="const_30">
<pin_list>
<pin id="31" dir="1" index="0" bw="1" slack="0"/>
</pin_list>
<bind>
<StgValue><ssdm name="_ssdm_op_Write.ap_auto.i32P0A"/></StgValue>
</bind>
</comp>

<comp id="32" class="1004" name="inflow_fu_32">
<pin_list>
<pin id="33" dir="0" index="0" bw="1" slack="0"/>
<pin id="34" dir="1" index="1" bw="32" slack="0"/>
</pin_list>
<bind>
<opcode="alloca(26) " fcode="alloca"/>
<opset="inflow/1 "/>
</bind>
</comp>

<comp id="36" class="1004" name="e_fu_36">
<pin_list>
<pin id="37" dir="0" index="0" bw="1" slack="0"/>
<pin id="38" dir="1" index="1" bw="34" slack="0"/>
</pin_list>
<bind>
<opcode="alloca(26) " fcode="alloca"/>
<opset="e/1 "/>
</bind>
</comp>

<comp id="40" class="1004" name="row_ptr_load_read_read_fu_40">
<pin_list>
<pin id="41" dir="0" index="0" bw="32" slack="0"/>
<pin id="42" dir="0" index="1" bw="32" slack="0"/>
<pin id="43" dir="1" index="2" bw="32" slack="1"/>
</pin_list>
<bind>
<opcode="read(1150) " fcode="read"/>
<opset="row_ptr_load_read/1 "/>
</bind>
</comp>

<comp id="46" class="1004" name="sext_ln241_read_read_fu_46">
<pin_list>
<pin id="47" dir="0" index="0" bw="32" slack="0"/>
<pin id="48" dir="0" index="1" bw="32" slack="0"/>
<pin id="49" dir="1" index="2" bw="32" slack="0"/>
</pin_list>
<bind>
<opcode="read(1150) " fcode="read"/>
<opset="sext_ln241_read/1 "/>
</bind>
</comp>

<comp id="52" class="1004" name="write_ln0_write_fu_52">
<pin_list>
<pin id="53" dir="0" index="0" bw="0" slack="0"/>
<pin id="54" dir="0" index="1" bw="32" slack="0"/>
<pin id="55" dir="0" index="2" bw="32" slack="0"/>
<pin id="56" dir="1" index="3" bw="0" slack="2147483647"/>
</pin_list>
<bind>
<opcode="write(1151) " fcode="write"/>
<opset="write_ln0/4 "/>
</bind>
</comp>

<comp id="59" class="1004" name="col_idx_addr_gep_fu_59">
<pin_list>
<pin id="60" dir="0" index="0" bw="11" slack="0"/>
<pin id="61" dir="0" index="1" bw="1" slack="0"/>
<pin id="62" dir="0" index="2" bw="34" slack="0"/>
<pin id="63" dir="1" index="3" bw="15" slack="0"/>
</pin_list>
<bind>
<opcode="getelementptr(29) " fcode="getelementptr"/>
<opset="col_idx_addr/2 "/>
</bind>
</comp>

<comp id="66" class="1004" name="grp_access_fu_66">
<pin_list>
<pin id="67" dir="0" index="0" bw="15" slack="0"/>
<pin id="68" dir="0" index="1" bw="11" slack="2147483647"/>
<pin id="69" dir="0" index="2" bw="0" slack="2147483647"/>
<pin id="70" dir="1" index="3" bw="11" slack="0"/>
</pin_list>
<bind>
<opcode="load(27) " fcode="load"/>
<opset="col_idx_load/2 "/>
</bind>
</comp>

<comp id="72" class="1004" name="u_a_addr_gep_fu_72">
<pin_list>
<pin id="73" dir="0" index="0" bw="32" slack="0"/>
<pin id="74" dir="0" index="1" bw="1" slack="0"/>
<pin id="75" dir="0" index="2" bw="11" slack="0"/>
<pin id="76" dir="1" index="3" bw="11" slack="0"/>
</pin_list>
<bind>
<opcode="getelementptr(29) " fcode="getelementptr"/>
<opset="u_a_addr/3 "/>
</bind>
</comp>

<comp id="79" class="1004" name="grp_access_fu_79">
<pin_list>
<pin id="80" dir="0" index="0" bw="11" slack="0"/>
<pin id="81" dir="0" index="1" bw="32" slack="2147483647"/>
<pin id="82" dir="0" index="2" bw="0" slack="2147483647"/>
<pin id="83" dir="1" index="3" bw="32" slack="1"/>
</pin_list>
<bind>
<opcode="load(27) " fcode="load"/>
<opset="u_a_load/3 "/>
</bind>
</comp>

<comp id="85" class="1004" name="sext_ln241_cast_fu_85">
<pin_list>
<pin id="86" dir="0" index="0" bw="32" slack="0"/>
<pin id="87" dir="1" index="1" bw="34" slack="0"/>
</pin_list>
<bind>
<opcode="sext(35) " fcode="sext"/>
<opset="sext_ln241_cast/1 "/>
</bind>
</comp>

<comp id="89" class="1004" name="store_ln242_store_fu_89">
<pin_list>
<pin id="90" dir="0" index="0" bw="32" slack="0"/>
<pin id="91" dir="0" index="1" bw="34" slack="0"/>
<pin id="92" dir="1" index="2" bw="0" slack="2147483647"/>
</pin_list>
<bind>
<opcode="store(28) " fcode="store"/>
<opset="store_ln242/1 "/>
</bind>
</comp>

<comp id="94" class="1004" name="store_ln238_store_fu_94">
<pin_list>
<pin id="95" dir="0" index="0" bw="1" slack="0"/>
<pin id="96" dir="0" index="1" bw="32" slack="0"/>
<pin id="97" dir="1" index="2" bw="0" slack="2147483647"/>
</pin_list>
<bind>
<opcode="store(28) " fcode="store"/>
<opset="store_ln238/1 "/>
</bind>
</comp>

<comp id="99" class="1004" name="e_1_load_fu_99">
<pin_list>
<pin id="100" dir="0" index="0" bw="34" slack="1"/>
<pin id="101" dir="1" index="1" bw="34" slack="0"/>
</pin_list>
<bind>
<opcode="load(27) " fcode="load"/>
<opset="e_1/2 "/>
</bind>
</comp>

<comp id="102" class="1004" name="trunc_ln243_fu_102">
<pin_list>
<pin id="103" dir="0" index="0" bw="34" slack="0"/>
<pin id="104" dir="1" index="1" bw="32" slack="0"/>
</pin_list>
<bind>
<opcode="trunc(33) " fcode="trunc"/>
<opset="trunc_ln243/2 "/>
</bind>
</comp>

<comp id="106" class="1004" name="icmp_ln243_fu_106">
<pin_list>
<pin id="107" dir="0" index="0" bw="32" slack="0"/>
<pin id="108" dir="0" index="1" bw="32" slack="1"/>
<pin id="109" dir="1" index="2" bw="1" slack="2"/>
</pin_list>
<bind>
<opcode="icmp(45) " fcode="icmp"/>
<opset="icmp_ln243/2 "/>
</bind>
</comp>

<comp id="111" class="1004" name="zext_ln243_fu_111">
<pin_list>
<pin id="112" dir="0" index="0" bw="34" slack="0"/>
<pin id="113" dir="1" index="1" bw="64" slack="0"/>
</pin_list>
<bind>
<opcode="zext(34) " fcode="zext"/>
<opset="zext_ln243/2 "/>
</bind>
</comp>

<comp id="116" class="1004" name="add_ln244_fu_116">
<pin_list>
<pin id="117" dir="0" index="0" bw="34" slack="0"/>
<pin id="118" dir="0" index="1" bw="1" slack="0"/>
<pin id="119" dir="1" index="2" bw="34" slack="0"/>
</pin_list>
<bind>
<opcode="add(8) " fcode="add"/>
<opset="add_ln244/2 "/>
</bind>
</comp>

<comp id="122" class="1004" name="store_ln242_store_fu_122">
<pin_list>
<pin id="123" dir="0" index="0" bw="34" slack="0"/>
<pin id="124" dir="0" index="1" bw="34" slack="1"/>
<pin id="125" dir="1" index="2" bw="0" slack="2147483647"/>
</pin_list>
<bind>
<opcode="store(28) " fcode="store"/>
<opset="store_ln242/2 "/>
</bind>
</comp>

<comp id="127" class="1004" name="zext_ln252_fu_127">
<pin_list>
<pin id="128" dir="0" index="0" bw="11" slack="0"/>
<pin id="129" dir="1" index="1" bw="64" slack="0"/>
</pin_list>
<bind>
<opcode="zext(34) " fcode="zext"/>
<opset="zext_ln252/3 "/>
</bind>
</comp>

<comp id="132" class="1004" name="inflow_load_load_fu_132">
<pin_list>
<pin id="133" dir="0" index="0" bw="32" slack="4"/>
<pin id="134" dir="1" index="1" bw="32" slack="0"/>
</pin_list>
<bind>
<opcode="load(27) " fcode="load"/>
<opset="inflow_load/5 "/>
</bind>
</comp>

<comp id="135" class="1004" name="inflow_1_fu_135">
<pin_list>
<pin id="136" dir="0" index="0" bw="32" slack="1"/>
<pin id="137" dir="0" index="1" bw="32" slack="0"/>
<pin id="138" dir="1" index="2" bw="32" slack="0"/>
</pin_list>
<bind>
<opcode="add(8) " fcode="add"/>
<opset="inflow_1/5 "/>
</bind>
</comp>

<comp id="140" class="1004" name="store_ln238_store_fu_140">
<pin_list>
<pin id="141" dir="0" index="0" bw="32" slack="0"/>
<pin id="142" dir="0" index="1" bw="32" slack="4"/>
<pin id="143" dir="1" index="2" bw="0" slack="2147483647"/>
</pin_list>
<bind>
<opcode="store(28) " fcode="store"/>
<opset="store_ln238/5 "/>
</bind>
</comp>

<comp id="145" class="1004" name="inflow_load_1_load_fu_145">
<pin_list>
<pin id="146" dir="0" index="0" bw="32" slack="3"/>
<pin id="147" dir="1" index="1" bw="32" slack="0"/>
</pin_list>
<bind>
<opcode="load(27) " fcode="load"/>
<opset="inflow_load_1/4 "/>
</bind>
</comp>

<comp id="149" class="1005" name="inflow_reg_149">
<pin_list>
<pin id="150" dir="0" index="0" bw="32" slack="0"/>
<pin id="151" dir="1" index="1" bw="32" slack="0"/>
</pin_list>
<bind>
<opset="inflow "/>
</bind>
</comp>

<comp id="157" class="1005" name="e_reg_157">
<pin_list>
<pin id="158" dir="0" index="0" bw="34" slack="0"/>
<pin id="159" dir="1" index="1" bw="34" slack="0"/>
</pin_list>
<bind>
<opset="e "/>
</bind>
</comp>

<comp id="164" class="1005" name="row_ptr_load_read_reg_164">
<pin_list>
<pin id="165" dir="0" index="0" bw="32" slack="1"/>
<pin id="166" dir="1" index="1" bw="32" slack="1"/>
</pin_list>
<bind>
<opset="row_ptr_load_read "/>
</bind>
</comp>

<comp id="169" class="1005" name="icmp_ln243_reg_169">
<pin_list>
<pin id="170" dir="0" index="0" bw="1" slack="2"/>
<pin id="171" dir="1" index="1" bw="1" slack="2147483647"/>
</pin_list>
<bind>
<opset="icmp_ln243 "/>
</bind>
</comp>

<comp id="173" class="1005" name="col_idx_addr_reg_173">
<pin_list>
<pin id="174" dir="0" index="0" bw="15" slack="1"/>
<pin id="175" dir="1" index="1" bw="15" slack="1"/>
</pin_list>
<bind>
<opset="col_idx_addr "/>
</bind>
</comp>

<comp id="178" class="1005" name="u_a_addr_reg_178">
<pin_list>
<pin id="179" dir="0" index="0" bw="11" slack="1"/>
<pin id="180" dir="1" index="1" bw="11" slack="1"/>
</pin_list>
<bind>
<opset="u_a_addr "/>
</bind>
</comp>

<comp id="183" class="1005" name="u_a_load_reg_183">
<pin_list>
<pin id="184" dir="0" index="0" bw="32" slack="1"/>
<pin id="185" dir="1" index="1" bw="32" slack="1"/>
</pin_list>
<bind>
<opset="u_a_load "/>
</bind>
</comp>

</comp_list>

<net_list>
<net id="35"><net_src comp="10" pin="0"/><net_sink comp="32" pin=0"/></net>

<net id="39"><net_src comp="10" pin="0"/><net_sink comp="36" pin=0"/></net>

<net id="44"><net_src comp="12" pin="0"/><net_sink comp="40" pin=0"/></net>

<net id="45"><net_src comp="2" pin="0"/><net_sink comp="40" pin=1"/></net>

<net id="50"><net_src comp="12" pin="0"/><net_sink comp="46" pin=0"/></net>

<net id="51"><net_src comp="0" pin="0"/><net_sink comp="46" pin=1"/></net>

<net id="57"><net_src comp="30" pin="0"/><net_sink comp="52" pin=0"/></net>

<net id="58"><net_src comp="4" pin="0"/><net_sink comp="52" pin=1"/></net>

<net id="64"><net_src comp="6" pin="0"/><net_sink comp="59" pin=0"/></net>

<net id="65"><net_src comp="16" pin="0"/><net_sink comp="59" pin=1"/></net>

<net id="71"><net_src comp="59" pin="3"/><net_sink comp="66" pin=0"/></net>

<net id="77"><net_src comp="8" pin="0"/><net_sink comp="72" pin=0"/></net>

<net id="78"><net_src comp="16" pin="0"/><net_sink comp="72" pin=1"/></net>

<net id="84"><net_src comp="72" pin="3"/><net_sink comp="79" pin=0"/></net>

<net id="88"><net_src comp="46" pin="2"/><net_sink comp="85" pin=0"/></net>

<net id="93"><net_src comp="85" pin="1"/><net_sink comp="89" pin=0"/></net>

<net id="98"><net_src comp="14" pin="0"/><net_sink comp="94" pin=0"/></net>

<net id="105"><net_src comp="99" pin="1"/><net_sink comp="102" pin=0"/></net>

<net id="110"><net_src comp="102" pin="1"/><net_sink comp="106" pin=0"/></net>

<net id="114"><net_src comp="99" pin="1"/><net_sink comp="111" pin=0"/></net>

<net id="115"><net_src comp="111" pin="1"/><net_sink comp="59" pin=2"/></net>

<net id="120"><net_src comp="99" pin="1"/><net_sink comp="116" pin=0"/></net>

<net id="121"><net_src comp="18" pin="0"/><net_sink comp="116" pin=1"/></net>

<net id="126"><net_src comp="116" pin="2"/><net_sink comp="122" pin=0"/></net>

<net id="130"><net_src comp="66" pin="3"/><net_sink comp="127" pin=0"/></net>

<net id="131"><net_src comp="127" pin="1"/><net_sink comp="72" pin=2"/></net>

<net id="139"><net_src comp="132" pin="1"/><net_sink comp="135" pin=1"/></net>

<net id="144"><net_src comp="135" pin="2"/><net_sink comp="140" pin=0"/></net>

<net id="148"><net_src comp="145" pin="1"/><net_sink comp="52" pin=2"/></net>

<net id="152"><net_src comp="32" pin="1"/><net_sink comp="149" pin=0"/></net>

<net id="153"><net_src comp="149" pin="1"/><net_sink comp="94" pin=1"/></net>

<net id="154"><net_src comp="149" pin="1"/><net_sink comp="132" pin=0"/></net>

<net id="155"><net_src comp="149" pin="1"/><net_sink comp="140" pin=1"/></net>

<net id="156"><net_src comp="149" pin="1"/><net_sink comp="145" pin=0"/></net>

<net id="160"><net_src comp="36" pin="1"/><net_sink comp="157" pin=0"/></net>

<net id="161"><net_src comp="157" pin="1"/><net_sink comp="89" pin=1"/></net>

<net id="162"><net_src comp="157" pin="1"/><net_sink comp="99" pin=0"/></net>

<net id="163"><net_src comp="157" pin="1"/><net_sink comp="122" pin=1"/></net>

<net id="167"><net_src comp="40" pin="2"/><net_sink comp="164" pin=0"/></net>

<net id="168"><net_src comp="164" pin="1"/><net_sink comp="106" pin=1"/></net>

<net id="172"><net_src comp="106" pin="2"/><net_sink comp="169" pin=0"/></net>

<net id="176"><net_src comp="59" pin="3"/><net_sink comp="173" pin=0"/></net>

<net id="177"><net_src comp="173" pin="1"/><net_sink comp="66" pin=0"/></net>

<net id="181"><net_src comp="72" pin="3"/><net_sink comp="178" pin=0"/></net>

<net id="182"><net_src comp="178" pin="1"/><net_sink comp="79" pin=0"/></net>

<net id="186"><net_src comp="79" pin="3"/><net_sink comp="183" pin=0"/></net>

<net id="187"><net_src comp="183" pin="1"/><net_sink comp="135" pin=0"/></net>

</net_list>

</model> 
---------------- Datapath Model END ------------------

* FSMD analyzer results:
  - Output states:
	Port: inflow_out | {4 }
 - Input state : 
	Port: accelerator_net_Pipeline_EDGE_LOOP : sext_ln241 | {1 }
	Port: accelerator_net_Pipeline_EDGE_LOOP : row_ptr_load | {1 }
	Port: accelerator_net_Pipeline_EDGE_LOOP : col_idx | {2 3 }
	Port: accelerator_net_Pipeline_EDGE_LOOP : u_a | {3 4 }
  - Chain level:
	State 1
		store_ln242 : 1
		store_ln238 : 1
	State 2
		trunc_ln243 : 1
		icmp_ln243 : 2
		br_ln241 : 3
		zext_ln243 : 1
		col_idx_addr : 2
		col_idx_load : 3
		add_ln244 : 1
		store_ln242 : 2
	State 3
		zext_ln252 : 1
		u_a_addr : 2
		u_a_load : 3
	State 4
		write_ln0 : 1
	State 5
		inflow_1 : 1
		store_ln238 : 2


============================================================
+ Verbose Summary: Datapath Resource usage 
============================================================

* Functional unit list:
|----------|------------------------------|---------|---------|
| Operation|        Functional Unit       |    FF   |   LUT   |
|----------|------------------------------|---------|---------|
|    add   |       add_ln244_fu_116       |    0    |    41   |
|          |        inflow_1_fu_135       |    0    |    39   |
|----------|------------------------------|---------|---------|
|   icmp   |       icmp_ln243_fu_106      |    0    |    39   |
|----------|------------------------------|---------|---------|
|   read   | row_ptr_load_read_read_fu_40 |    0    |    0    |
|          |  sext_ln241_read_read_fu_46  |    0    |    0    |
|----------|------------------------------|---------|---------|
|   write  |     write_ln0_write_fu_52    |    0    |    0    |
|----------|------------------------------|---------|---------|
|   sext   |     sext_ln241_cast_fu_85    |    0    |    0    |
|----------|------------------------------|---------|---------|
|   trunc  |      trunc_ln243_fu_102      |    0    |    0    |
|----------|------------------------------|---------|---------|
|   zext   |       zext_ln243_fu_111      |    0    |    0    |
|          |       zext_ln252_fu_127      |    0    |    0    |
|----------|------------------------------|---------|---------|
|   Total  |                              |    0    |   119   |
|----------|------------------------------|---------|---------|

Memories:
N/A

* Register list:
+-------------------------+--------+
|                         |   FF   |
+-------------------------+--------+
|   col_idx_addr_reg_173  |   15   |
|        e_reg_157        |   34   |
|    icmp_ln243_reg_169   |    1   |
|      inflow_reg_149     |   32   |
|row_ptr_load_read_reg_164|   32   |
|     u_a_addr_reg_178    |   11   |
|     u_a_load_reg_183    |   32   |
+-------------------------+--------+
|          Total          |   157  |
+-------------------------+--------+

* Multiplexer (MUX) list: 
|------------------|------|------|------|--------||---------||---------||---------|
|       Comp       |  Pin | Size |  BW  | S x BW ||  Delay  ||    FF   ||   LUT   |
|------------------|------|------|------|--------||---------||---------||---------|
| grp_access_fu_66 |  p0  |   2  |  15  |   30   ||    0    ||    9    |
| grp_access_fu_79 |  p0  |   2  |  11  |   22   ||    0    ||    9    |
|------------------|------|------|------|--------||---------||---------||---------|
|       Total      |      |      |      |   52   ||  3.176  ||    0    ||    18   |
|------------------|------|------|------|--------||---------||---------||---------|



* Summary:
+-----------+--------+--------+--------+
|           |  Delay |   FF   |   LUT  |
+-----------+--------+--------+--------+
|  Function |    -   |    0   |   119  |
|   Memory  |    -   |    -   |    -   |
|Multiplexer|    3   |    0   |   18   |
|  Register |    -   |   157  |    -   |
+-----------+--------+--------+--------+
|   Total   |    3   |   157  |   137  |
+-----------+--------+--------+--------+
