

================================================================
== Synthesis Summary Report of 'accelerator_net'
================================================================
+ General Information: 
    * Date:           Tue Jun 30 17:54:54 2026
    * Version:        2025.2 (Build 6295257 on Nov 14 2025)
    * Project:        build
    * Solution:       hls (Vivado IP Flow Target)
    * Product family: zynq
    * Target device:  xc7z020-clg400-1
    

* Performance & Resource Estimates: 
+--------------------------------------------+------+---------------------+----------+---------+------+----------+---------+-----+------+----------+----------+-----------+------------+-----+
|                   Modules                  | Issue|                     | Iteration|         | Trip |          |    Latency    |      |          |          |           |            |     |
|                   & Loops                  | Type |    Violation Type   |  Latency | Interval| Count| Pipelined| (cycles)| (ns)| Slack|   BRAM   |    DSP   |     FF    |     LUT    | URAM|
+--------------------------------------------+------+---------------------+----------+---------+------+----------+---------+-----+------+----------+----------+-----------+------------+-----+
|+ accelerator_net                           |     -|                    -|         -|        -|     -|        no|        -|    -|  0.00|  51 (18%)|  96 (43%)|  9786 (9%)|  8810 (16%)|    -|
| + accelerator_net_Pipeline_STORE_STATE     |     -|                    -|         -|        -|     -|       yes|        -|    -|  0.00|         -|         -|  306 (~0%)|   427 (~0%)|    -|
|  o STORE_STATE                             |    II|  Resource Limitation|         9|        2|     -|       yes|        -|    -|  7.30|         -|         -|          -|           -|    -|
| + accelerator_net_Pipeline_LOAD_STATE      |     -|                    -|         -|        -|     -|       yes|        -|    -|  0.00|         -|         -|  280 (~0%)|   334 (~0%)|    -|
|  o LOAD_STATE                              |    II|  Resource Limitation|        12|        2|     -|       yes|        -|    -|  7.30|         -|         -|          -|           -|    -|
| + accelerator_net_Pipeline_LOAD_ROW_PTR    |     -|                    -|         -|        -|     -|       yes|        -|    -|  0.00|         -|         -|   74 (~0%)|   100 (~0%)|    -|
|  o LOAD_ROW_PTR                            |     -|                    -|         3|        1|     -|       yes|        -|    -|  7.30|         -|         -|          -|           -|    -|
| + accelerator_net_Pipeline_LOAD_COL_IDX    |     -|                    -|         -|        -|     -|       yes|        -|    -|  0.00|         -|         -|  295 (~0%)|   361 (~0%)|    -|
|  o LOAD_COL_IDX                            |     -|                    -|        12|        1|     -|       yes|        -|    -|  7.30|         -|         -|          -|           -|    -|
| + accelerator_net_Pipeline_COMPUTE_DEGREE  |     -|                    -|         -|        -|     -|       yes|        -|    -|  0.91|         -|         -|   49 (~0%)|   104 (~0%)|    -|
|  o COMPUTE_DEGREE                          |     -|                    -|         3|        1|     -|       yes|        -|    -|  7.30|         -|         -|          -|           -|    -|
| o TIMESTEP_LOOP                            |     -|                    -|         -|        -|     -|        no|        -|    -|  7.30|         -|         -|          -|           -|    -|
|  + accelerator_net_Pipeline_SWAP           |     -|                    -|         -|        -|     -|       yes|        -|    -|  0.79|         -|         -|   27 (~0%)|    88 (~0%)|    -|
|   o SWAP                                   |     -|                    -|         2|        1|     -|       yes|        -|    -|  7.30|         -|         -|          -|           -|    -|
|  o NEURON_LOOP                             |     -|                    -|         -|        -|     -|        no|        -|    -|  7.30|         -|         -|          -|           -|    -|
|   + accelerator_net_Pipeline_EDGE_LOOP     |     -|                    -|         -|        -|     -|       yes|        -|    -|  0.79|         -|         -|  108 (~0%)|   166 (~0%)|    -|
|    o EDGE_LOOP                             |     -|                    -|         4|        1|     -|       yes|        -|    -|  7.30|         -|         -|          -|           -|    -|
+--------------------------------------------+------+---------------------+----------+---------+------+----------+---------+-----+------+----------+----------+-----------+------------+-----+
    II Violation Information: docs.amd.com/access/sources/dita/topic?Doc_Version=2025.2%20English&url=ug1448-hls-guidance&resourceid=200-880.html
    Name Prefix: '+' for module, 'o' for loop, '*' for dataflow


================================================================
== HW Interfaces
================================================================
* M_AXI
+-------------+------------+------------+---------------+---------+--------+----------+-----------+--------------+--------------+-------------+-------------+-------------------+
| Interface   | Read/Write | Data Width | Address Width | Latency | Offset | Register | Max Widen | Max Read     | Max Write    | Num Read    | Num Write   | Resource Estimate |
|             |            | (SW->HW)   |               |         |        |          | Bitwidth  | Burst Length | Burst Length | Outstanding | Outstanding |                   |
+-------------+------------+------------+---------------+---------+--------+----------+-----------+--------------+--------------+-------------+-------------+-------------------+
| m_axi_gmem0 | READ_ONLY  | 32 -> 32   | 64            | 0       | slave  | 0        | 0         | 16           | 16           | 16          | 16          | BRAM=2            |
| m_axi_gmem1 | READ_WRITE | 32 -> 32   | 64            | 0       | slave  | 0        | 0         | 16           | 16           | 16          | 16          | BRAM=2            |
+-------------+------------+------------+---------------+---------+--------+----------+-----------+--------------+--------------+-------------+-------------+-------------------+

* S_AXILITE Interfaces
+---------------+------------+---------------+--------+----------+
| Interface     | Data Width | Address Width | Offset | Register |
+---------------+------------+---------------+--------+----------+
| s_axi_control | 32         | 8             | 16     | 0        |
+---------------+------------+---------------+--------+----------+

* S_AXILITE Registers
+---------------+---------------+--------+-------+--------+----------------------------------+----------------------------------------------------------------------+
| Interface     | Register      | Offset | Width | Access | Description                      | Bit Fields                                                           |
+---------------+---------------+--------+-------+--------+----------------------------------+----------------------------------------------------------------------+
| s_axi_control | CTRL          | 0x00   | 32    | RW     | Control signals                  | 0=AP_START 1=AP_DONE 2=AP_IDLE 3=AP_READY 7=AUTO_RESTART 9=INTERRUPT |
| s_axi_control | GIER          | 0x04   | 32    | RW     | Global Interrupt Enable Register | 0=Enable                                                             |
| s_axi_control | IP_IER        | 0x08   | 32    | RW     | IP Interrupt Enable Register     | 0=CHAN0_INT_EN 1=CHAN1_INT_EN                                        |
| s_axi_control | IP_ISR        | 0x0c   | 32    | RW     | IP Interrupt Status Register     | 0=CHAN0_INT_ST 1=CHAN1_INT_ST                                        |
| s_axi_control | row_ptr_ddr_1 | 0x10   | 32    | W      | Data signal of row_ptr_ddr       |                                                                      |
| s_axi_control | row_ptr_ddr_2 | 0x14   | 32    | W      | Data signal of row_ptr_ddr       |                                                                      |
| s_axi_control | col_idx_ddr_1 | 0x1c   | 32    | W      | Data signal of col_idx_ddr       |                                                                      |
| s_axi_control | col_idx_ddr_2 | 0x20   | 32    | W      | Data signal of col_idx_ddr       |                                                                      |
| s_axi_control | u_ddr_1       | 0x28   | 32    | W      | Data signal of u_ddr             |                                                                      |
| s_axi_control | u_ddr_2       | 0x2c   | 32    | W      | Data signal of u_ddr             |                                                                      |
| s_axi_control | v_ddr_1       | 0x34   | 32    | W      | Data signal of v_ddr             |                                                                      |
| s_axi_control | v_ddr_2       | 0x38   | 32    | W      | Data signal of v_ddr             |                                                                      |
| s_axi_control | neuron_count  | 0x40   | 32    | W      | Data signal of neuron_count      |                                                                      |
| s_axi_control | edge_count    | 0x48   | 32    | W      | Data signal of edge_count        |                                                                      |
| s_axi_control | timesteps     | 0x50   | 32    | W      | Data signal of timesteps         |                                                                      |
| s_axi_control | command       | 0x58   | 32    | W      | Data signal of command           |                                                                      |
| s_axi_control | dt            | 0x60   | 32    | W      | Data signal of dt                |                                                                      |
| s_axi_control | a             | 0x68   | 32    | W      | Data signal of a                 |                                                                      |
| s_axi_control | J             | 0x70   | 32    | W      | Data signal of J                 |                                                                      |
| s_axi_control | inv_e         | 0x78   | 32    | W      | Data signal of inv_e             |                                                                      |
| s_axi_control | sigma_sqrt_dt | 0x80   | 32    | W      | Data signal of sigma_sqrt_dt     |                                                                      |
| s_axi_control | seed          | 0x88   | 32    | W      | Data signal of seed              |                                                                      |
| s_axi_control | reseed        | 0x90   | 32    | W      | Data signal of reseed            |                                                                      |
+---------------+---------------+--------+-------+--------+----------------------------------+----------------------------------------------------------------------+

* TOP LEVEL CONTROL
+-----------+------------+-----------+
| Interface | Type       | Ports     |
+-----------+------------+-----------+
| ap_clk    | clock      | ap_clk    |
| ap_rst_n  | reset      | ap_rst_n  |
| interrupt | interrupt  | interrupt |
| ap_ctrl   | ap_ctrl_hs |           |
+-----------+------------+-----------+


================================================================
== SW I/O Information
================================================================
* Top Function Arguments
+---------------+-----------+-------------------------------------------------+
| Argument      | Direction | Datatype                                        |
+---------------+-----------+-------------------------------------------------+
| row_ptr_ddr   | in        | unsigned int*                                   |
| col_idx_ddr   | in        | unsigned short*                                 |
| u_ddr         | inout     | ap_fixed<32, 8, (ap_q_mode)5, (ap_o_mode)3, 0>* |
| v_ddr         | inout     | ap_fixed<32, 8, (ap_q_mode)5, (ap_o_mode)3, 0>* |
| neuron_count  | in        | int                                             |
| edge_count    | in        | int                                             |
| timesteps     | in        | int                                             |
| command       | in        | int                                             |
| dt            | in        | ap_fixed<32, 8, (ap_q_mode)5, (ap_o_mode)3, 0>  |
| a             | in        | ap_fixed<32, 8, (ap_q_mode)5, (ap_o_mode)3, 0>  |
| J             | in        | ap_fixed<32, 8, (ap_q_mode)5, (ap_o_mode)3, 0>  |
| inv_e         | in        | ap_fixed<32, 8, (ap_q_mode)5, (ap_o_mode)3, 0>  |
| sigma_sqrt_dt | in        | ap_fixed<32, 8, (ap_q_mode)5, (ap_o_mode)3, 0>  |
| seed          | in        | ap_uint<32>                                     |
| reseed        | in        | bool                                            |
+---------------+-----------+-------------------------------------------------+

* SW-to-HW Mapping
+---------------+---------------+-----------+----------+-----------------------------------------+
| Argument      | HW Interface  | HW Type   | HW Usage | HW Info                                 |
+---------------+---------------+-----------+----------+-----------------------------------------+
| row_ptr_ddr   | m_axi_gmem0   | interface |          | channel=0                               |
| row_ptr_ddr   | s_axi_control | register  | offset   | name=row_ptr_ddr_1 offset=0x10 range=32 |
| row_ptr_ddr   | s_axi_control | register  | offset   | name=row_ptr_ddr_2 offset=0x14 range=32 |
| col_idx_ddr   | m_axi_gmem0   | interface |          | channel=0                               |
| col_idx_ddr   | s_axi_control | register  | offset   | name=col_idx_ddr_1 offset=0x1c range=32 |
| col_idx_ddr   | s_axi_control | register  | offset   | name=col_idx_ddr_2 offset=0x20 range=32 |
| u_ddr         | m_axi_gmem1   | interface |          | channel=0                               |
| u_ddr         | s_axi_control | register  | offset   | name=u_ddr_1 offset=0x28 range=32       |
| u_ddr         | s_axi_control | register  | offset   | name=u_ddr_2 offset=0x2c range=32       |
| v_ddr         | m_axi_gmem1   | interface |          | channel=0                               |
| v_ddr         | s_axi_control | register  | offset   | name=v_ddr_1 offset=0x34 range=32       |
| v_ddr         | s_axi_control | register  | offset   | name=v_ddr_2 offset=0x38 range=32       |
| neuron_count  | s_axi_control | register  |          | name=neuron_count offset=0x40 range=32  |
| edge_count    | s_axi_control | register  |          | name=edge_count offset=0x48 range=32    |
| timesteps     | s_axi_control | register  |          | name=timesteps offset=0x50 range=32     |
| command       | s_axi_control | register  |          | name=command offset=0x58 range=32       |
| dt            | s_axi_control | register  |          | name=dt offset=0x60 range=32            |
| a             | s_axi_control | register  |          | name=a offset=0x68 range=32             |
| J             | s_axi_control | register  |          | name=J offset=0x70 range=32             |
| inv_e         | s_axi_control | register  |          | name=inv_e offset=0x78 range=32         |
| sigma_sqrt_dt | s_axi_control | register  |          | name=sigma_sqrt_dt offset=0x80 range=32 |
| seed          | s_axi_control | register  |          | name=seed offset=0x88 range=32          |
| reseed        | s_axi_control | register  |          | name=reseed offset=0x90 range=32        |
+---------------+---------------+-----------+----------+-----------------------------------------+


================================================================
== M_AXI Burst Information
================================================================
 Note: All burst requests might be further partitioned into multiple requests during RTL generation based on max_read_burst_length or max_write_burst_length settings.

* Inferred Burst Summary
+--------------+-----------+----------+-------+--------------+-------------------------+
| HW Interface | Direction | Length   | Width | Loop         | Loop Location           |
+--------------+-----------+----------+-------+--------------+-------------------------+
| m_axi_gmem0  | read      | variable | 32    | LOAD_ROW_PTR | network-accel.cpp:164:9 |
+--------------+-----------+----------+-------+--------------+-------------------------+

* All M_AXI Variable Accesses
+--------------+-------------+--------------------------+-----------+--------------+----------+--------------+-------------------------+------------+-------------------------------------------------------------------------------------------------------+
| HW Interface | Variable    | Access Location          | Direction | Burst Status | Length   | Loop         | Loop Location           | Resolution | Problem                                                                                               |
+--------------+-------------+--------------------------+-----------+--------------+----------+--------------+-------------------------+------------+-------------------------------------------------------------------------------------------------------+
| m_axi_gmem0  | row_ptr_ddr | network-accel.cpp:167:26 | read      | Widen Fail   |          | LOAD_ROW_PTR | network-accel.cpp:164:9 | 214-353    | Could not widen since type i32 size is greater than or equal to the max_widen_bitwidth threshold of 0 |
| m_axi_gmem0  | row_ptr_ddr | network-accel.cpp:167:26 | read      | Inferred     | variable | LOAD_ROW_PTR | network-accel.cpp:164:9 |            |                                                                                                       |
| m_axi_gmem0  | col_idx_ddr | network-accel.cpp:174:26 | read      | Fail         |          |              |                         |            | Inferred burst reverted due to burst accesses data width is different from m_axi port width           |
| m_axi_gmem0  | col_idx_ddr | network-accel.cpp:174:26 | read      | Widen Fail   |          | LOAD_COL_IDX | network-accel.cpp:171:9 | 214-353    | Could not widen since type i16 size is greater than or equal to the max_widen_bitwidth threshold of 0 |
| m_axi_gmem0  | col_idx_ddr | network-accel.cpp:174:26 | read      | Inferred     | variable | LOAD_COL_IDX | network-accel.cpp:171:9 |            |                                                                                                       |
| m_axi_gmem1  |             | network-accel.cpp:196:9  | read      | Fail         |          |              |                         | 214-224    | Could not burst due to multiple potential reads to the same bundle in the same region.                |
| m_axi_gmem1  | u_ddr       | network-accel.cpp:200:20 | read      | Widen Fail   |          | LOAD_STATE   | network-accel.cpp:196:9 | 214-353    | Could not widen since type i32 size is greater than or equal to the max_widen_bitwidth threshold of 0 |
| m_axi_gmem1  | u_ddr       | network-accel.cpp:200:20 | read      | Inferred     | variable | LOAD_STATE   | network-accel.cpp:196:9 |            |                                                                                                       |
| m_axi_gmem1  | v_ddr       | network-accel.cpp:201:20 | read      | Widen Fail   |          | LOAD_STATE   | network-accel.cpp:196:9 | 214-353    | Could not widen since type i32 size is greater than or equal to the max_widen_bitwidth threshold of 0 |
| m_axi_gmem1  | v_ddr       | network-accel.cpp:201:20 | read      | Inferred     | variable | LOAD_STATE   | network-accel.cpp:196:9 |            |                                                                                                       |
| m_axi_gmem1  |             | network-accel.cpp:214:9  | write     | Fail         |          |              |                         | 214-224    | Could not burst due to multiple potential writes to the same bundle in the same region.               |
| m_axi_gmem1  | u_ddr       | network-accel.cpp:218:22 | write     | Widen Fail   |          | STORE_STATE  | network-accel.cpp:214:9 | 214-353    | Could not widen since type i32 size is greater than or equal to the max_widen_bitwidth threshold of 0 |
| m_axi_gmem1  | u_ddr       | network-accel.cpp:218:22 | write     | Inferred     | variable | STORE_STATE  | network-accel.cpp:214:9 |            |                                                                                                       |
| m_axi_gmem1  | v_ddr       | network-accel.cpp:219:22 | write     | Widen Fail   |          | STORE_STATE  | network-accel.cpp:214:9 | 214-353    | Could not widen since type i32 size is greater than or equal to the max_widen_bitwidth threshold of 0 |
| m_axi_gmem1  | v_ddr       | network-accel.cpp:219:22 | write     | Inferred     | variable | STORE_STATE  | network-accel.cpp:214:9 |            |                                                                                                       |
+--------------+-------------+--------------------------+-----------+--------------+----------+--------------+-------------------------+------------+-------------------------------------------------------------------------------------------------------+

    * Resolution URL: docs.amd.com/access/sources/dita/topic?Doc_Version=2025.2%20English&url=ug1448-hls-guidance&resourceid=XXX-YYY.html (replace XXX-YYY with column value)

================================================================
== Bind Op Report
================================================================
+--------------------------------------------+-----+--------+----------------+--------+-----------+---------+
| Name                                       | DSP | Pragma | Variable       | Op     | Impl      | Latency |
+--------------------------------------------+-----+--------+----------------+--------+-----------+---------+
| + accelerator_net                          | 96  |        |                |        |           |         |
|   xor_ln148_fu_704_p2                      |     |        | xor_ln148      | xor    | auto      | 0       |
|   xor_ln149_fu_710_p2                      |     |        | xor_ln149      | xor    | auto      | 0       |
|   xor_ln150_fu_716_p2                      |     |        | xor_ln150      | xor    | auto      | 0       |
|   xor_ln151_fu_722_p2                      |     |        | xor_ln151      | xor    | auto      | 0       |
|   xor_ln152_fu_728_p2                      |     |        | xor_ln152      | xor    | auto      | 0       |
|   xor_ln153_fu_734_p2                      |     |        | xor_ln153      | xor    | auto      | 0       |
|   xor_ln154_fu_740_p2                      |     |        | xor_ln154      | xor    | auto      | 0       |
|   icmp_ln236_fu_822_p2                     |     |        | icmp_ln236     | setgt  | auto      | 0       |
|   icmp_ln232_fu_874_p2                     |     |        | icmp_ln232     | setlt  | auto      | 0       |
|   add_ln232_fu_879_p2                      |     |        | add_ln232      | add    | fabric    | 0       |
|   icmp_ln236_1_fu_921_p2                   |     |        | icmp_ln236_1   | seteq  | auto      | 0       |
|   add_ln243_fu_926_p2                      |     |        | add_ln243      | add    | fabric    | 0       |
|   mul_32s_32s_64_2_1_U37                   | 4   |        | mul_ln264      | mul    | auto      | 1       |
|   sub_ln264_fu_1588_p2                     |     |        | sub_ln264      | sub    | fabric    | 0       |
|   mul_64s_32s_80_5_1_U39                   | 8   |        | mul_ln262      | mul    | auto      | 4       |
|   mul_32s_32s_64_2_1_U38                   | 4   |        | mul_ln270      | mul    | auto      | 1       |
|   mul_64s_32s_94_5_1_U40                   | 8   |        | mul_ln270_1    | mul    | auto      | 4       |
|   mul_118s_121ns_238_5_1_U42               | 49  |        | mul_ln270_2    | mul    | auto      | 4       |
|   sub_238ns_238ns_238_2_1_U43              |     |        | sub_ln270_1    | sub    | fabric    | 1       |
|   select_ln270_fu_1660_p3                  |     |        | select_ln270   | select | auto_sel  | 0       |
|   sub_ln270_2_fu_1673_p2                   |     |        | sub_ln270_2    | sub    | fabric    | 0       |
|   select_ln270_1_fu_1694_p3                |     |        | select_ln270_1 | select | auto_sel  | 0       |
|   sub_ln270_fu_1703_p2                     |     |        | sub_ln270      | sub    | fabric    | 0       |
|   mul_94s_32s_104_5_1_U41                  | 12  |        | mul_ln273      | mul    | auto      | 4       |
|   dv_fu_1666_p2                            |     |        | dv             | add    | fabric    | 0       |
|   xor_ln27_fu_948_p2                       |     |        | xor_ln27       | xor    | auto      | 0       |
|   xor_ln28_fu_968_p2                       |     |        | xor_ln28       | xor    | auto      | 0       |
|   r_fu_980_p2                              |     |        | r              | xor    | auto      | 0       |
|   xor_ln27_1_fu_1004_p2                    |     |        | xor_ln27_1     | xor    | auto      | 0       |
|   xor_ln28_1_fu_1024_p2                    |     |        | xor_ln28_1     | xor    | auto      | 0       |
|   r_1_fu_1036_p2                           |     |        | r_1            | xor    | auto      | 0       |
|   xor_ln27_2_fu_1060_p2                    |     |        | xor_ln27_2     | xor    | auto      | 0       |
|   xor_ln28_2_fu_1080_p2                    |     |        | xor_ln28_2     | xor    | auto      | 0       |
|   r_2_fu_1092_p2                           |     |        | r_2            | xor    | auto      | 0       |
|   xor_ln27_3_fu_1116_p2                    |     |        | xor_ln27_3     | xor    | auto      | 0       |
|   xor_ln28_3_fu_1136_p2                    |     |        | xor_ln28_3     | xor    | auto      | 0       |
|   r_3_fu_1148_p2                           |     |        | r_3            | xor    | auto      | 0       |
|   xor_ln27_4_fu_1172_p2                    |     |        | xor_ln27_4     | xor    | auto      | 0       |
|   xor_ln28_4_fu_1192_p2                    |     |        | xor_ln28_4     | xor    | auto      | 0       |
|   r_4_fu_1204_p2                           |     |        | r_4            | xor    | auto      | 0       |
|   xor_ln27_5_fu_1228_p2                    |     |        | xor_ln27_5     | xor    | auto      | 0       |
|   xor_ln28_5_fu_1248_p2                    |     |        | xor_ln28_5     | xor    | auto      | 0       |
|   r_5_fu_1260_p2                           |     |        | r_5            | xor    | auto      | 0       |
|   xor_ln27_6_fu_1284_p2                    |     |        | xor_ln27_6     | xor    | auto      | 0       |
|   xor_ln28_6_fu_1304_p2                    |     |        | xor_ln28_6     | xor    | auto      | 0       |
|   r_6_fu_1316_p2                           |     |        | r_6            | xor    | auto      | 0       |
|   xor_ln27_7_fu_1340_p2                    |     |        | xor_ln27_7     | xor    | auto      | 0       |
|   xor_ln28_7_fu_1360_p2                    |     |        | xor_ln28_7     | xor    | auto      | 0       |
|   r_7_fu_1372_p2                           |     |        | r_7            | xor    | auto      | 0       |
|   add_ln56_fu_1390_p2                      |     |        | add_ln56       | add    | fabric    | 0       |
|   add_ln56_1_fu_1396_p2                    |     |        | add_ln56_1     | add    | fabric    | 0       |
|   add_ln56_2_fu_1468_p2                    |     |        | add_ln56_2     | add    | fabric    | 0       |
|   add_ln56_3_fu_1402_p2                    |     |        | add_ln56_3     | add    | fabric    | 0       |
|   add_ln56_4_fu_1408_p2                    |     |        | add_ln56_4     | add    | fabric    | 0       |
|   add_ln56_5_fu_1484_p2                    |     |        | add_ln56_5     | add    | fabric    | 0       |
|   add_ln56_6_fu_1494_p2                    |     |        | add_ln56_6     | add    | fabric    | 0       |
|   sum_fu_1500_p2                           |     |        | sum            | add    | fabric    | 0       |
|   xor_ln59_fu_1514_p2                      |     |        | xor_ln59       | xor    | auto      | 0       |
|   mul_27s_26ns_52_1_1_U34                  | 3   |        | mul_ln60       | mul    | auto      | 0       |
|   mul_28s_32s_56_2_1_U35                   | 4   |        | mul_ln280      | mul    | auto      | 1       |
|   mul_32s_32s_56_2_1_U36                   | 4   |        | mul_ln284      | mul    | auto      | 1       |
|   mul_32s_32s_56_2_1_U36                   | 4   |        | mul_ln289      | mul    | auto      | 1       |
|   add_ln289_fu_1749_p2                     |     |        | add_ln289      | add    | fabric    | 0       |
|   add_ln164_fu_833_p2                      |     |        | add_ln164      | add    | fabric    | 0       |
|   icmp_ln164_fu_839_p2                     |     |        | icmp_ln164     | setgt  | auto      | 0       |
|   empty_50_fu_859_p3                       |     |        | empty_50       | select | auto_sel  | 0       |
|  + accelerator_net_Pipeline_SWAP           | 0   |        |                |        |           |         |
|    icmp_ln293_fu_114_p2                    |     |        | icmp_ln293     | seteq  | auto      | 0       |
|    add_ln293_fu_120_p2                     |     |        | add_ln293      | add    | fabric    | 0       |
|  + accelerator_net_Pipeline_EDGE_LOOP      | 0   |        |                |        |           |         |
|    icmp_ln243_fu_106_p2                    |     |        | icmp_ln243     | setlt  | auto      | 0       |
|    inflow_1_fu_135_p2                      |     |        | inflow_1       | add    | fabric    | 0       |
|    add_ln244_fu_116_p2                     |     |        | add_ln244      | add    | fabric    | 0       |
|  + accelerator_net_Pipeline_STORE_STATE    | 0   |        |                |        |           |         |
|    icmp_ln214_fu_148_p2                    |     |        | icmp_ln214     | setlt  | auto      | 0       |
|    add_ln214_fu_154_p2                     |     |        | add_ln214      | add    | fabric    | 0       |
|    add_ln218_fu_170_p2                     |     |        | add_ln218      | add    | fabric    | 0       |
|    add_ln219_fu_186_p2                     |     |        | add_ln219      | add    | fabric    | 0       |
|  + accelerator_net_Pipeline_LOAD_STATE     | 0   |        |                |        |           |         |
|    icmp_ln196_fu_142_p2                    |     |        | icmp_ln196     | setlt  | auto      | 0       |
|    add_ln196_fu_148_p2                     |     |        | add_ln196      | add    | fabric    | 0       |
|    add_ln200_fu_158_p2                     |     |        | add_ln200      | add    | fabric    | 0       |
|    add_ln201_fu_174_p2                     |     |        | add_ln201      | add    | fabric    | 0       |
|  + accelerator_net_Pipeline_LOAD_ROW_PTR   | 0   |        |                |        |           |         |
|    icmp_ln164_fu_98_p2                     |     |        | icmp_ln164     | setlt  | auto      | 0       |
|    add_ln164_1_fu_104_p2                   |     |        | add_ln164_1    | add    | fabric    | 0       |
|  + accelerator_net_Pipeline_LOAD_COL_IDX   | 0   |        |                |        |           |         |
|    icmp_ln171_fu_115_p2                    |     |        | icmp_ln171     | setlt  | auto      | 0       |
|    add_ln171_fu_121_p2                     |     |        | add_ln171      | add    | fabric    | 0       |
|    add_ln174_fu_137_p2                     |     |        | add_ln174      | add    | fabric    | 0       |
|    lshr_ln174_fu_183_p2                    |     |        | lshr_ln174     | lshr   | auto_pipe | 0       |
|  + accelerator_net_Pipeline_COMPUTE_DEGREE | 0   |        |                |        |           |         |
|    icmp_ln178_fu_88_p2                     |     |        | icmp_ln178     | setlt  | auto      | 0       |
|    add_ln182_fu_94_p2                      |     |        | add_ln182      | add    | fabric    | 0       |
|    sub_ln182_fu_123_p2                     |     |        | sub_ln182      | sub    | fabric    | 0       |
+--------------------------------------------+-----+--------+----------------+--------+-----------+---------+


================================================================
== Storage Report
================================================================
+-------------------+-----------+-----------+------+------+--------+----------+------+---------+------------------+
| Name              | Usage     | Type      | BRAM | URAM | Pragma | Variable | Impl | Latency | Bitwidth, Depth, |
|                   |           |           |      |      |        |          |      |         | Banks            |
+-------------------+-----------+-----------+------+------+--------+----------+------+---------+------------------+
| + accelerator_net |           |           | 51   | 0    |        |          |      |         |                  |
|   control_s_axi_U | interface | s_axilite |      |      |        |          |      |         |                  |
|   gmem0_m_axi_U   | interface | m_axi     | 2    |      |        |          |      |         |                  |
|   gmem1_m_axi_U   | interface | m_axi     | 2    |      |        |          |      |         |                  |
|   row_ptr_U       | ram_2p    |           | 8    |      |        | row_ptr  | auto | 1       | 32, 2049, 1      |
|   col_idx_U       | ram_1p    |           | 22   |      |        | col_idx  | auto | 1       | 11, 32768, 1     |
|   degree_U        | ram_1p    |           | 1    |      |        | degree   | auto | 1       | 8, 2048, 1       |
|   u_a_U           | ram_1p    |           | 4    |      |        | u_a      | auto | 1       | 32, 2048, 1      |
|   v_a_U           | ram_1p    |           | 4    |      |        | v_a      | auto | 1       | 32, 2048, 1      |
|   u_b_U           | ram_1p    |           | 4    |      |        | u_b      | auto | 1       | 32, 2048, 1      |
|   v_b_U           | ram_1p    |           | 4    |      |        | v_b      | auto | 1       | 32, 2048, 1      |
+-------------------+-----------+-----------+------+------+--------+----------+------+---------+------------------+


================================================================
== Pragma Report
================================================================
* Valid Pragma Syntax
+-----------------+-------------------------------------+--------------------------------------------+
| Type            | Options                             | Location                                   |
+-----------------+-------------------------------------+--------------------------------------------+
| INLINE          |                                     | in xorshift32 (network-accel.cpp:25)       |
| INLINE          |                                     | in uniform01 (network-accel.cpp:36)        |
| INLINE          |                                     | in gaussian_clt (network-accel.cpp:50)     |
| UNROLL          |                                     | in gaussian_clt (network-accel.cpp:55)     |
| INTERFACE       | m_axi port=row_ptr_ddr bundle=gmem0 | in accelerator_net (network-accel.cpp:90)  |
| INTERFACE       | m_axi port=col_idx_ddr bundle=gmem0 | in accelerator_net (network-accel.cpp:91)  |
| INTERFACE       | m_axi port=u_ddr bundle=gmem1       | in accelerator_net (network-accel.cpp:93)  |
| INTERFACE       | m_axi port=v_ddr bundle=gmem1       | in accelerator_net (network-accel.cpp:94)  |
| INTERFACE       | s_axilite port=row_ptr_ddr          | in accelerator_net (network-accel.cpp:96)  |
| INTERFACE       | s_axilite port=col_idx_ddr          | in accelerator_net (network-accel.cpp:97)  |
| INTERFACE       | s_axilite port=u_ddr                | in accelerator_net (network-accel.cpp:99)  |
| INTERFACE       | s_axilite port=v_ddr                | in accelerator_net (network-accel.cpp:100) |
| INTERFACE       | s_axilite port=neuron_count         | in accelerator_net (network-accel.cpp:102) |
| INTERFACE       | s_axilite port=edge_count           | in accelerator_net (network-accel.cpp:103) |
| INTERFACE       | s_axilite port=timesteps            | in accelerator_net (network-accel.cpp:104) |
| INTERFACE       | s_axilite port=command              | in accelerator_net (network-accel.cpp:106) |
| INTERFACE       | s_axilite port=dt                   | in accelerator_net (network-accel.cpp:108) |
| INTERFACE       | s_axilite port=a                    | in accelerator_net (network-accel.cpp:109) |
| INTERFACE       | s_axilite port=J                    | in accelerator_net (network-accel.cpp:110) |
| INTERFACE       | s_axilite port=inv_e                | in accelerator_net (network-accel.cpp:111) |
| INTERFACE       | s_axilite port=sigma_sqrt_dt        | in accelerator_net (network-accel.cpp:112) |
| INTERFACE       | s_axilite port=seed                 | in accelerator_net (network-accel.cpp:114) |
| INTERFACE       | s_axilite port=reseed               | in accelerator_net (network-accel.cpp:115) |
| INTERFACE       | s_axilite port=return               | in accelerator_net (network-accel.cpp:117) |
| ARRAY_PARTITION | variable=rng_state complete         | in accelerator_net (network-accel.cpp:143) |
| PIPELINE        | ii=1                                | in accelerator_net (network-accel.cpp:166) |
| PIPELINE        | ii=1                                | in accelerator_net (network-accel.cpp:173) |
| PIPELINE        | ii=1                                | in accelerator_net (network-accel.cpp:180) |
| PIPELINE        | ii=1                                | in accelerator_net (network-accel.cpp:198) |
| PIPELINE        | ii=1                                | in accelerator_net (network-accel.cpp:216) |
| PIPELINE        | ii=1                                | in accelerator_net (network-accel.cpp:247) |
| PIPELINE        | ii=1                                | in accelerator_net (network-accel.cpp:295) |
+-----------------+-------------------------------------+--------------------------------------------+


