================================================================
== Vivado RTL Synthesis Results
================================================================
+ General Information:
    * Date:            Mon Jun 22 15:50:35 +0200 2026
    * Version:         2025.2 (Build 6295257 on Nov 14 2025)
    * Project:         build
    * Solution:        hls (Vivado IP Flow Target)
    * Product family:  zynq
    * Target device:   xc7z020-clg400-1


================================================================
== Run Constraints & Options
================================================================
+ Design Constraints & Options:
    * RTL Synthesis target clock:  10 ns
    * C-Synthesis target clock:    10 ns
    * C-Synthesis uncertainty:     27%

+ RTL Synthesis Options:
    * config_export -vivado_synth_strategy:     default
    * config_export -vivado_synth_design_args:  -directive sdx_optimization_effort_high

+ Reporting Options:
    * config_export -vivado_report_level:      2
    * config_export -vivado_max_timing_paths:  10


================================================================
== RTL Synthesis Resource Summary
================================================================
LUT:              6383
FF:               7686
DSP:              97
BRAM:             49
URAM:             0
SRL:              354


================================================================
== RTL Synthesis Timing Summary
================================================================
* Timing was NOT met
+----------------+-------------+
| Timing         | Period (ns) |
+----------------+-------------+
| Target         | 10.000      |
| Post-Synthesis | 11.273      |
+----------------+-------------+


================================================================
== RTL Synthesis Resources
================================================================
+----------------------------------------------------------+-----+----+-----+------+------+-----+--------+------+---------+----------+--------+
| Name                                                     | LUT | FF | DSP | BRAM | URAM | SRL | Pragma | Impl | Latency | Variable | Source |
+----------------------------------------------------------+-----+----+-----+------+------+-----+--------+------+---------+----------+--------+
| inst                                                     |     |    |     |      |      | 354 |        |      |         |          |        |
|   (inst)                                                 |     |    |     |      |      | 1   |        |      |         |          |        |
|   col_idx_U                                              |     |    |     |      |      |     |        |      |         |          |        |
|   control_s_axi_U                                        |     |    |     |      |      |     |        |      |         |          |        |
|   degree_U                                               |     |    |     |      |      |     |        |      |         |          |        |
|   gmem0_m_axi_U                                          |     |    |     |      |      | 93  |        |      |         |          |        |
|   gmem1_m_axi_U                                          |     |    |     |      |      | 231 |        |      |         |          |        |
|   grp_accelerator_net_Pipeline_COMPUTE_DEGREE_fu_647     |     |    |     |      |      |     |        |      |         |          |        |
|     (grp_accelerator_net_Pipeline_COMPUTE_DEGREE_fu_647) |     |    |     |      |      |     |        |      |         |          |        |
|     flow_control_loop_pipe_sequential_init_U             |     |    |     |      |      |     |        |      |         |          |        |
|   grp_accelerator_net_Pipeline_EDGE_LOOP_fu_588          |     |    |     |      |      |     |        |      |         |          |        |
|     (grp_accelerator_net_Pipeline_EDGE_LOOP_fu_588)      |     |    |     |      |      |     |        |      |         |          |        |
|     flow_control_loop_pipe_sequential_init_U             |     |    |     |      |      |     |        |      |         |          |        |
|   grp_accelerator_net_Pipeline_LOAD_COL_IDX_fu_637       |     |    |     |      |      | 18  |        |      |         |          |        |
|     (grp_accelerator_net_Pipeline_LOAD_COL_IDX_fu_637)   |     |    |     |      |      | 18  |        |      |         |          |        |
|     flow_control_loop_pipe_sequential_init_U             |     |    |     |      |      |     |        |      |         |          |        |
|   grp_accelerator_net_Pipeline_LOAD_ROW_PTR_fu_625       |     |    |     |      |      |     |        |      |         |          |        |
|     (grp_accelerator_net_Pipeline_LOAD_ROW_PTR_fu_625)   |     |    |     |      |      |     |        |      |         |          |        |
|     flow_control_loop_pipe_sequential_init_U             |     |    |     |      |      |     |        |      |         |          |        |
|   grp_accelerator_net_Pipeline_LOAD_STATE_fu_612         |     |    |     |      |      | 11  |        |      |         |          |        |
|     (grp_accelerator_net_Pipeline_LOAD_STATE_fu_612)     |     |    |     |      |      | 11  |        |      |         |          |        |
|     flow_control_loop_pipe_sequential_init_U             |     |    |     |      |      |     |        |      |         |          |        |
|   grp_accelerator_net_Pipeline_STORE_STATE_fu_599        |     |    |     |      |      |     |        |      |         |          |        |
|     (grp_accelerator_net_Pipeline_STORE_STATE_fu_599)    |     |    |     |      |      |     |        |      |         |          |        |
|     flow_control_loop_pipe_sequential_init_U             |     |    |     |      |      |     |        |      |         |          |        |
|   grp_accelerator_net_Pipeline_SWAP_fu_575               |     |    |     |      |      |     |        |      |         |          |        |
|     flow_control_loop_pipe_sequential_init_U             |     |    |     |      |      |     |        |      |         |          |        |
|   mul_118s_121ns_238_5_1_U44                             |     |    |     |      |      |     |        |      |         |          |        |
|   mul_27s_26ns_52_1_1_U36                                |     |    |     |      |      |     |        |      |         |          |        |
|   mul_28s_32s_56_2_1_U37                                 |     |    |     |      |      |     |        |      |         |          |        |
|   mul_32s_32s_56_2_1_U38                                 |     |    |     |      |      |     |        |      |         |          |        |
|   mul_32s_32s_64_2_1_U39                                 |     |    |     |      |      |     |        |      |         |          |        |
|   mul_32s_32s_64_2_1_U40                                 |     |    |     |      |      |     |        |      |         |          |        |
|   mul_64s_32s_80_5_1_U41                                 |     |    |     |      |      |     |        |      |         |          |        |
|   mul_64s_32s_94_5_1_U42                                 |     |    |     |      |      |     |        |      |         |          |        |
|   mul_94s_32s_104_5_1_U43                                |     |    |     |      |      |     |        |      |         |          |        |
|   p_ZL7row_ptr_0_U                                       |     |    |     |      |      |     |        |      |         |          |        |
|   p_ZL7row_ptr_1_U                                       |     |    |     |      |      |     |        |      |         |          |        |
|   sub_238ns_238ns_238_2_1_U45                            |     |    |     |      |      |     |        |      |         |          |        |
|     (sub_238ns_238ns_238_2_1_U45)                        |     |    |     |      |      |     |        |      |         |          |        |
|   u_a_U                                                  |     |    |     |      |      |     |        |      |         |          |        |
|   u_b_U                                                  |     |    |     |      |      |     |        |      |         |          |        |
|   v_a_U                                                  |     |    |     |      |      |     |        |      |         |          |        |
|   v_b_U                                                  |     |    |     |      |      |     |        |      |         |          |        |
+----------------------------------------------------------+-----+----+-----+------+------+-----+--------+------+---------+----------+--------+


================================================================
== RTL Synthesis Fail Fast
================================================================
+-----------------------------------------------------------+-----------+--------+--------+
| Criteria                                                  | Guideline | Actual | Status |
+-----------------------------------------------------------+-----------+--------+--------+
| LUT                                                       | 70%       | 12.00% | OK     |
| FD                                                        | 50%       | 7.22%  | OK     |
| LUTRAM+SRL                                                | 25%       | 2.03%  | OK     |
| MUXF7                                                     | 15%       | 0.01%  | OK     |
| DSP                                                       | 80%       | 44.09% | OK     |
| RAMB/FIFO                                                 | 80%       | 17.50% | OK     |
| DSP+RAMB+URAM (Avg)                                       | 70%       | 30.80% | OK     |
| BUFGCE* + BUFGCTRL                                        | 24        | 0      | OK     |
| DONT_TOUCH (cells/nets)                                   | 0         | 6      | REVIEW |
| MARK_DEBUG (nets)                                         | 0         | 0      | OK     |
| Control Sets                                              | 998       | 214    | OK     |
| Average Fanout for modules > 100k cells                   | 4         | 2.36   | OK     |
| Max Average Fanout for modules > 100k cells               | 4         | 0      | OK     |
| Non-FD high fanout nets > 10k loads                       | 0         | 0      | OK     |
+-----------------------------------------------------------+-----------+--------+--------+
| TIMING-6 (No common primary clock between related clocks) | 0         | 0      | OK     |
| TIMING-7 (No common node between related clocks)          | 0         | 0      | OK     |
| TIMING-8 (No common period between related clocks)        | 0         | 0      | OK     |
| TIMING-14 (LUT on the clock tree)                         | 0         | 0      | OK     |
| TIMING-35 (No common node in paths with the same clock)   | 0         | 0      | OK     |
+-----------------------------------------------------------+-----------+--------+--------+
| Number of paths above max LUT budgeting (0.575ns)         | 0         | 0      | OK     |
| Number of paths above max Net budgeting (0.403ns)         | 0         | 0      | OK     |
+-----------------------------------------------------------+-----------+--------+--------+


================================================================
== RTL Synthesis Timing Paths
================================================================
* Timing was NOT met
+--------+--------+-----------------------------------------------+---------------------------------------------+--------------+------------+----------------+----------------+--------------+
| Path   |  SLACK | STARTPOINT PIN                                | ENDPOINT PIN                                | LOGIC LEVELS | MAX FANOUT | DATAPATH DELAY | DATAPATH LOGIC | DATAPATH NET |
|        |        |                                               |                                             |              |            |                |          DELAY |        DELAY |
+--------+--------+-----------------------------------------------+---------------------------------------------+--------------+------------+----------------+----------------+--------------+
| Path1  | -1.273 | mul_118s_121ns_238_5_1_U44/buff1_reg[16]__3/C | mul_118s_121ns_238_5_1_U44/buff2_reg[236]/D |           46 |          3 |         11.298 |          8.239 |        3.059 |
| Path2  | -1.261 | mul_118s_121ns_238_5_1_U44/buff1_reg[16]__3/C | mul_118s_121ns_238_5_1_U44/buff2_reg[233]/D |           45 |          3 |         11.286 |          8.227 |        3.059 |
| Path3  | -1.255 | mul_118s_121ns_238_5_1_U44/buff1_reg[16]__3/C | mul_118s_121ns_238_5_1_U44/buff2_reg[235]/D |           45 |          3 |         11.280 |          8.221 |        3.059 |
| Path4  | -1.180 | mul_118s_121ns_238_5_1_U44/buff1_reg[16]__3/C | mul_118s_121ns_238_5_1_U44/buff2_reg[234]/D |           45 |          3 |         11.205 |          8.146 |        3.059 |
| Path5  | -1.156 | mul_118s_121ns_238_5_1_U44/buff1_reg[16]__3/C | mul_118s_121ns_238_5_1_U44/buff2_reg[232]/D |           45 |          3 |         11.181 |          8.122 |        3.059 |
| Path6  | -1.144 | mul_118s_121ns_238_5_1_U44/buff1_reg[16]__3/C | mul_118s_121ns_238_5_1_U44/buff2_reg[229]/D |           44 |          3 |         11.169 |          8.110 |        3.059 |
| Path7  | -1.138 | mul_118s_121ns_238_5_1_U44/buff1_reg[16]__3/C | mul_118s_121ns_238_5_1_U44/buff2_reg[231]/D |           44 |          3 |         11.163 |          8.104 |        3.059 |
| Path8  | -1.063 | mul_118s_121ns_238_5_1_U44/buff1_reg[16]__3/C | mul_118s_121ns_238_5_1_U44/buff2_reg[230]/D |           44 |          3 |         11.088 |          8.029 |        3.059 |
| Path9  | -1.039 | mul_118s_121ns_238_5_1_U44/buff1_reg[16]__3/C | mul_118s_121ns_238_5_1_U44/buff2_reg[228]/D |           44 |          3 |         11.064 |          8.005 |        3.059 |
| Path10 | -1.027 | mul_118s_121ns_238_5_1_U44/buff1_reg[16]__3/C | mul_118s_121ns_238_5_1_U44/buff2_reg[225]/D |           43 |          3 |         11.052 |          7.993 |        3.059 |
+--------+--------+-----------------------------------------------+---------------------------------------------+--------------+------------+----------------+----------------+--------------+

    +------------------------------------------------+----------------------+
    | Path1 Cells                                    | Primitive Type       |
    +------------------------------------------------+----------------------+
    | mul_118s_121ns_238_5_1_U44/buff1_reg[16]__3    | FLOP_LATCH.flop.FDRE |
    | mul_118s_121ns_238_5_1_U44/buff2_reg[71]_i_10  | CARRY.others.CARRY4  |
    | mul_118s_121ns_238_5_1_U44/buff2_reg[75]_i_10  | CARRY.others.CARRY4  |
    | mul_118s_121ns_238_5_1_U44/buff2_reg[79]_i_10  | CARRY.others.CARRY4  |
    | mul_118s_121ns_238_5_1_U44/buff2_reg[83]_i_10  | CARRY.others.CARRY4  |
    | mul_118s_121ns_238_5_1_U44/buff2_reg[87]_i_10  | CARRY.others.CARRY4  |
    | mul_118s_121ns_238_5_1_U44/buff2_reg[95]_i_24  | CARRY.others.CARRY4  |
    | mul_118s_121ns_238_5_1_U44/buff2_reg[99]_i_24  | CARRY.others.CARRY4  |
    | mul_118s_121ns_238_5_1_U44/buff2_reg[103]_i_19 | CARRY.others.CARRY4  |
    | mul_118s_121ns_238_5_1_U44/buff2_reg[107]_i_19 | CARRY.others.CARRY4  |
    | mul_118s_121ns_238_5_1_U44/buff2_reg[111]_i_19 | CARRY.others.CARRY4  |
    | mul_118s_121ns_238_5_1_U44/buff2_reg[115]_i_19 | CARRY.others.CARRY4  |
    | mul_118s_121ns_238_5_1_U44/buff2_reg[119]_i_19 | CARRY.others.CARRY4  |
    | mul_118s_121ns_238_5_1_U44/buff2_reg[123]_i_19 | CARRY.others.CARRY4  |
    | mul_118s_121ns_238_5_1_U44/buff2_reg[127]_i_20 | CARRY.others.CARRY4  |
    | mul_118s_121ns_238_5_1_U44/buff2_reg[131]_i_20 | CARRY.others.CARRY4  |
    | mul_118s_121ns_238_5_1_U44/buff2_reg[135]_i_20 | CARRY.others.CARRY4  |
    | mul_118s_121ns_238_5_1_U44/buff2[135]_i_13     | LUT.others.LUT3      |
    | mul_118s_121ns_238_5_1_U44/buff2_reg[135]_i_10 | CARRY.others.CARRY4  |
    | mul_118s_121ns_238_5_1_U44/buff2_reg[139]_i_10 | CARRY.others.CARRY4  |
    | mul_118s_121ns_238_5_1_U44/buff2_reg[143]_i_10 | CARRY.others.CARRY4  |
    | mul_118s_121ns_238_5_1_U44/buff2_reg[147]_i_10 | CARRY.others.CARRY4  |
    | mul_118s_121ns_238_5_1_U44/buff2_reg[151]_i_10 | CARRY.others.CARRY4  |
    | mul_118s_121ns_238_5_1_U44/buff2_reg[155]_i_10 | CARRY.others.CARRY4  |
    | mul_118s_121ns_238_5_1_U44/buff2_reg[159]_i_10 | CARRY.others.CARRY4  |
    | mul_118s_121ns_238_5_1_U44/buff2_reg[163]_i_10 | CARRY.others.CARRY4  |
    | mul_118s_121ns_238_5_1_U44/buff2_reg[167]_i_10 | CARRY.others.CARRY4  |
    | mul_118s_121ns_238_5_1_U44/buff2_reg[171]_i_10 | CARRY.others.CARRY4  |
    | mul_118s_121ns_238_5_1_U44/buff2_reg[175]_i_10 | CARRY.others.CARRY4  |
    | mul_118s_121ns_238_5_1_U44/buff2_reg[179]_i_10 | CARRY.others.CARRY4  |
    | mul_118s_121ns_238_5_1_U44/buff2_reg[183]_i_10 | CARRY.others.CARRY4  |
    | mul_118s_121ns_238_5_1_U44/buff2_reg[187]_i_10 | CARRY.others.CARRY4  |
    | mul_118s_121ns_238_5_1_U44/buff2_reg[191]_i_10 | CARRY.others.CARRY4  |
    | mul_118s_121ns_238_5_1_U44/buff2_reg[195]_i_10 | CARRY.others.CARRY4  |
    | mul_118s_121ns_238_5_1_U44/buff2_reg[199]_i_10 | CARRY.others.CARRY4  |
    | mul_118s_121ns_238_5_1_U44/buff2_reg[203]_i_10 | CARRY.others.CARRY4  |
    | mul_118s_121ns_238_5_1_U44/buff2_reg[207]_i_10 | CARRY.others.CARRY4  |
    | mul_118s_121ns_238_5_1_U44/buff2_reg[211]_i_10 | CARRY.others.CARRY4  |
    | mul_118s_121ns_238_5_1_U44/buff2_reg[215]_i_10 | CARRY.others.CARRY4  |
    | mul_118s_121ns_238_5_1_U44/buff2_reg[219]_i_10 | CARRY.others.CARRY4  |
    | mul_118s_121ns_238_5_1_U44/buff2[219]_i_4      | LUT.others.LUT3      |
    | mul_118s_121ns_238_5_1_U44/buff2_reg[219]_i_1  | CARRY.others.CARRY4  |
    | mul_118s_121ns_238_5_1_U44/buff2_reg[223]_i_1  | CARRY.others.CARRY4  |
    | mul_118s_121ns_238_5_1_U44/buff2_reg[227]_i_1  | CARRY.others.CARRY4  |
    | mul_118s_121ns_238_5_1_U44/buff2_reg[231]_i_1  | CARRY.others.CARRY4  |
    | mul_118s_121ns_238_5_1_U44/buff2_reg[235]_i_1  | CARRY.others.CARRY4  |
    | mul_118s_121ns_238_5_1_U44/buff2_reg[236]_i_1  | CARRY.others.CARRY4  |
    | mul_118s_121ns_238_5_1_U44/buff2_reg[236]      | FLOP_LATCH.flop.FDRE |
    +------------------------------------------------+----------------------+

    +------------------------------------------------+----------------------+
    | Path2 Cells                                    | Primitive Type       |
    +------------------------------------------------+----------------------+
    | mul_118s_121ns_238_5_1_U44/buff1_reg[16]__3    | FLOP_LATCH.flop.FDRE |
    | mul_118s_121ns_238_5_1_U44/buff2_reg[71]_i_10  | CARRY.others.CARRY4  |
    | mul_118s_121ns_238_5_1_U44/buff2_reg[75]_i_10  | CARRY.others.CARRY4  |
    | mul_118s_121ns_238_5_1_U44/buff2_reg[79]_i_10  | CARRY.others.CARRY4  |
    | mul_118s_121ns_238_5_1_U44/buff2_reg[83]_i_10  | CARRY.others.CARRY4  |
    | mul_118s_121ns_238_5_1_U44/buff2_reg[87]_i_10  | CARRY.others.CARRY4  |
    | mul_118s_121ns_238_5_1_U44/buff2_reg[95]_i_24  | CARRY.others.CARRY4  |
    | mul_118s_121ns_238_5_1_U44/buff2_reg[99]_i_24  | CARRY.others.CARRY4  |
    | mul_118s_121ns_238_5_1_U44/buff2_reg[103]_i_19 | CARRY.others.CARRY4  |
    | mul_118s_121ns_238_5_1_U44/buff2_reg[107]_i_19 | CARRY.others.CARRY4  |
    | mul_118s_121ns_238_5_1_U44/buff2_reg[111]_i_19 | CARRY.others.CARRY4  |
    | mul_118s_121ns_238_5_1_U44/buff2_reg[115]_i_19 | CARRY.others.CARRY4  |
    | mul_118s_121ns_238_5_1_U44/buff2_reg[119]_i_19 | CARRY.others.CARRY4  |
    | mul_118s_121ns_238_5_1_U44/buff2_reg[123]_i_19 | CARRY.others.CARRY4  |
    | mul_118s_121ns_238_5_1_U44/buff2_reg[127]_i_20 | CARRY.others.CARRY4  |
    | mul_118s_121ns_238_5_1_U44/buff2_reg[131]_i_20 | CARRY.others.CARRY4  |
    | mul_118s_121ns_238_5_1_U44/buff2_reg[135]_i_20 | CARRY.others.CARRY4  |
    | mul_118s_121ns_238_5_1_U44/buff2[135]_i_13     | LUT.others.LUT3      |
    | mul_118s_121ns_238_5_1_U44/buff2_reg[135]_i_10 | CARRY.others.CARRY4  |
    | mul_118s_121ns_238_5_1_U44/buff2_reg[139]_i_10 | CARRY.others.CARRY4  |
    | mul_118s_121ns_238_5_1_U44/buff2_reg[143]_i_10 | CARRY.others.CARRY4  |
    | mul_118s_121ns_238_5_1_U44/buff2_reg[147]_i_10 | CARRY.others.CARRY4  |
    | mul_118s_121ns_238_5_1_U44/buff2_reg[151]_i_10 | CARRY.others.CARRY4  |
    | mul_118s_121ns_238_5_1_U44/buff2_reg[155]_i_10 | CARRY.others.CARRY4  |
    | mul_118s_121ns_238_5_1_U44/buff2_reg[159]_i_10 | CARRY.others.CARRY4  |
    | mul_118s_121ns_238_5_1_U44/buff2_reg[163]_i_10 | CARRY.others.CARRY4  |
    | mul_118s_121ns_238_5_1_U44/buff2_reg[167]_i_10 | CARRY.others.CARRY4  |
    | mul_118s_121ns_238_5_1_U44/buff2_reg[171]_i_10 | CARRY.others.CARRY4  |
    | mul_118s_121ns_238_5_1_U44/buff2_reg[175]_i_10 | CARRY.others.CARRY4  |
    | mul_118s_121ns_238_5_1_U44/buff2_reg[179]_i_10 | CARRY.others.CARRY4  |
    | mul_118s_121ns_238_5_1_U44/buff2_reg[183]_i_10 | CARRY.others.CARRY4  |
    | mul_118s_121ns_238_5_1_U44/buff2_reg[187]_i_10 | CARRY.others.CARRY4  |
    | mul_118s_121ns_238_5_1_U44/buff2_reg[191]_i_10 | CARRY.others.CARRY4  |
    | mul_118s_121ns_238_5_1_U44/buff2_reg[195]_i_10 | CARRY.others.CARRY4  |
    | mul_118s_121ns_238_5_1_U44/buff2_reg[199]_i_10 | CARRY.others.CARRY4  |
    | mul_118s_121ns_238_5_1_U44/buff2_reg[203]_i_10 | CARRY.others.CARRY4  |
    | mul_118s_121ns_238_5_1_U44/buff2_reg[207]_i_10 | CARRY.others.CARRY4  |
    | mul_118s_121ns_238_5_1_U44/buff2_reg[211]_i_10 | CARRY.others.CARRY4  |
    | mul_118s_121ns_238_5_1_U44/buff2_reg[215]_i_10 | CARRY.others.CARRY4  |
    | mul_118s_121ns_238_5_1_U44/buff2_reg[219]_i_10 | CARRY.others.CARRY4  |
    | mul_118s_121ns_238_5_1_U44/buff2[219]_i_4      | LUT.others.LUT3      |
    | mul_118s_121ns_238_5_1_U44/buff2_reg[219]_i_1  | CARRY.others.CARRY4  |
    | mul_118s_121ns_238_5_1_U44/buff2_reg[223]_i_1  | CARRY.others.CARRY4  |
    | mul_118s_121ns_238_5_1_U44/buff2_reg[227]_i_1  | CARRY.others.CARRY4  |
    | mul_118s_121ns_238_5_1_U44/buff2_reg[231]_i_1  | CARRY.others.CARRY4  |
    | mul_118s_121ns_238_5_1_U44/buff2_reg[235]_i_1  | CARRY.others.CARRY4  |
    | mul_118s_121ns_238_5_1_U44/buff2_reg[233]      | FLOP_LATCH.flop.FDRE |
    +------------------------------------------------+----------------------+

    +------------------------------------------------+----------------------+
    | Path3 Cells                                    | Primitive Type       |
    +------------------------------------------------+----------------------+
    | mul_118s_121ns_238_5_1_U44/buff1_reg[16]__3    | FLOP_LATCH.flop.FDRE |
    | mul_118s_121ns_238_5_1_U44/buff2_reg[71]_i_10  | CARRY.others.CARRY4  |
    | mul_118s_121ns_238_5_1_U44/buff2_reg[75]_i_10  | CARRY.others.CARRY4  |
    | mul_118s_121ns_238_5_1_U44/buff2_reg[79]_i_10  | CARRY.others.CARRY4  |
    | mul_118s_121ns_238_5_1_U44/buff2_reg[83]_i_10  | CARRY.others.CARRY4  |
    | mul_118s_121ns_238_5_1_U44/buff2_reg[87]_i_10  | CARRY.others.CARRY4  |
    | mul_118s_121ns_238_5_1_U44/buff2_reg[95]_i_24  | CARRY.others.CARRY4  |
    | mul_118s_121ns_238_5_1_U44/buff2_reg[99]_i_24  | CARRY.others.CARRY4  |
    | mul_118s_121ns_238_5_1_U44/buff2_reg[103]_i_19 | CARRY.others.CARRY4  |
    | mul_118s_121ns_238_5_1_U44/buff2_reg[107]_i_19 | CARRY.others.CARRY4  |
    | mul_118s_121ns_238_5_1_U44/buff2_reg[111]_i_19 | CARRY.others.CARRY4  |
    | mul_118s_121ns_238_5_1_U44/buff2_reg[115]_i_19 | CARRY.others.CARRY4  |
    | mul_118s_121ns_238_5_1_U44/buff2_reg[119]_i_19 | CARRY.others.CARRY4  |
    | mul_118s_121ns_238_5_1_U44/buff2_reg[123]_i_19 | CARRY.others.CARRY4  |
    | mul_118s_121ns_238_5_1_U44/buff2_reg[127]_i_20 | CARRY.others.CARRY4  |
    | mul_118s_121ns_238_5_1_U44/buff2_reg[131]_i_20 | CARRY.others.CARRY4  |
    | mul_118s_121ns_238_5_1_U44/buff2_reg[135]_i_20 | CARRY.others.CARRY4  |
    | mul_118s_121ns_238_5_1_U44/buff2[135]_i_13     | LUT.others.LUT3      |
    | mul_118s_121ns_238_5_1_U44/buff2_reg[135]_i_10 | CARRY.others.CARRY4  |
    | mul_118s_121ns_238_5_1_U44/buff2_reg[139]_i_10 | CARRY.others.CARRY4  |
    | mul_118s_121ns_238_5_1_U44/buff2_reg[143]_i_10 | CARRY.others.CARRY4  |
    | mul_118s_121ns_238_5_1_U44/buff2_reg[147]_i_10 | CARRY.others.CARRY4  |
    | mul_118s_121ns_238_5_1_U44/buff2_reg[151]_i_10 | CARRY.others.CARRY4  |
    | mul_118s_121ns_238_5_1_U44/buff2_reg[155]_i_10 | CARRY.others.CARRY4  |
    | mul_118s_121ns_238_5_1_U44/buff2_reg[159]_i_10 | CARRY.others.CARRY4  |
    | mul_118s_121ns_238_5_1_U44/buff2_reg[163]_i_10 | CARRY.others.CARRY4  |
    | mul_118s_121ns_238_5_1_U44/buff2_reg[167]_i_10 | CARRY.others.CARRY4  |
    | mul_118s_121ns_238_5_1_U44/buff2_reg[171]_i_10 | CARRY.others.CARRY4  |
    | mul_118s_121ns_238_5_1_U44/buff2_reg[175]_i_10 | CARRY.others.CARRY4  |
    | mul_118s_121ns_238_5_1_U44/buff2_reg[179]_i_10 | CARRY.others.CARRY4  |
    | mul_118s_121ns_238_5_1_U44/buff2_reg[183]_i_10 | CARRY.others.CARRY4  |
    | mul_118s_121ns_238_5_1_U44/buff2_reg[187]_i_10 | CARRY.others.CARRY4  |
    | mul_118s_121ns_238_5_1_U44/buff2_reg[191]_i_10 | CARRY.others.CARRY4  |
    | mul_118s_121ns_238_5_1_U44/buff2_reg[195]_i_10 | CARRY.others.CARRY4  |
    | mul_118s_121ns_238_5_1_U44/buff2_reg[199]_i_10 | CARRY.others.CARRY4  |
    | mul_118s_121ns_238_5_1_U44/buff2_reg[203]_i_10 | CARRY.others.CARRY4  |
    | mul_118s_121ns_238_5_1_U44/buff2_reg[207]_i_10 | CARRY.others.CARRY4  |
    | mul_118s_121ns_238_5_1_U44/buff2_reg[211]_i_10 | CARRY.others.CARRY4  |
    | mul_118s_121ns_238_5_1_U44/buff2_reg[215]_i_10 | CARRY.others.CARRY4  |
    | mul_118s_121ns_238_5_1_U44/buff2_reg[219]_i_10 | CARRY.others.CARRY4  |
    | mul_118s_121ns_238_5_1_U44/buff2[219]_i_4      | LUT.others.LUT3      |
    | mul_118s_121ns_238_5_1_U44/buff2_reg[219]_i_1  | CARRY.others.CARRY4  |
    | mul_118s_121ns_238_5_1_U44/buff2_reg[223]_i_1  | CARRY.others.CARRY4  |
    | mul_118s_121ns_238_5_1_U44/buff2_reg[227]_i_1  | CARRY.others.CARRY4  |
    | mul_118s_121ns_238_5_1_U44/buff2_reg[231]_i_1  | CARRY.others.CARRY4  |
    | mul_118s_121ns_238_5_1_U44/buff2_reg[235]_i_1  | CARRY.others.CARRY4  |
    | mul_118s_121ns_238_5_1_U44/buff2_reg[235]      | FLOP_LATCH.flop.FDRE |
    +------------------------------------------------+----------------------+

    +------------------------------------------------+----------------------+
    | Path4 Cells                                    | Primitive Type       |
    +------------------------------------------------+----------------------+
    | mul_118s_121ns_238_5_1_U44/buff1_reg[16]__3    | FLOP_LATCH.flop.FDRE |
    | mul_118s_121ns_238_5_1_U44/buff2_reg[71]_i_10  | CARRY.others.CARRY4  |
    | mul_118s_121ns_238_5_1_U44/buff2_reg[75]_i_10  | CARRY.others.CARRY4  |
    | mul_118s_121ns_238_5_1_U44/buff2_reg[79]_i_10  | CARRY.others.CARRY4  |
    | mul_118s_121ns_238_5_1_U44/buff2_reg[83]_i_10  | CARRY.others.CARRY4  |
    | mul_118s_121ns_238_5_1_U44/buff2_reg[87]_i_10  | CARRY.others.CARRY4  |
    | mul_118s_121ns_238_5_1_U44/buff2_reg[95]_i_24  | CARRY.others.CARRY4  |
    | mul_118s_121ns_238_5_1_U44/buff2_reg[99]_i_24  | CARRY.others.CARRY4  |
    | mul_118s_121ns_238_5_1_U44/buff2_reg[103]_i_19 | CARRY.others.CARRY4  |
    | mul_118s_121ns_238_5_1_U44/buff2_reg[107]_i_19 | CARRY.others.CARRY4  |
    | mul_118s_121ns_238_5_1_U44/buff2_reg[111]_i_19 | CARRY.others.CARRY4  |
    | mul_118s_121ns_238_5_1_U44/buff2_reg[115]_i_19 | CARRY.others.CARRY4  |
    | mul_118s_121ns_238_5_1_U44/buff2_reg[119]_i_19 | CARRY.others.CARRY4  |
    | mul_118s_121ns_238_5_1_U44/buff2_reg[123]_i_19 | CARRY.others.CARRY4  |
    | mul_118s_121ns_238_5_1_U44/buff2_reg[127]_i_20 | CARRY.others.CARRY4  |
    | mul_118s_121ns_238_5_1_U44/buff2_reg[131]_i_20 | CARRY.others.CARRY4  |
    | mul_118s_121ns_238_5_1_U44/buff2_reg[135]_i_20 | CARRY.others.CARRY4  |
    | mul_118s_121ns_238_5_1_U44/buff2[135]_i_13     | LUT.others.LUT3      |
    | mul_118s_121ns_238_5_1_U44/buff2_reg[135]_i_10 | CARRY.others.CARRY4  |
    | mul_118s_121ns_238_5_1_U44/buff2_reg[139]_i_10 | CARRY.others.CARRY4  |
    | mul_118s_121ns_238_5_1_U44/buff2_reg[143]_i_10 | CARRY.others.CARRY4  |
    | mul_118s_121ns_238_5_1_U44/buff2_reg[147]_i_10 | CARRY.others.CARRY4  |
    | mul_118s_121ns_238_5_1_U44/buff2_reg[151]_i_10 | CARRY.others.CARRY4  |
    | mul_118s_121ns_238_5_1_U44/buff2_reg[155]_i_10 | CARRY.others.CARRY4  |
    | mul_118s_121ns_238_5_1_U44/buff2_reg[159]_i_10 | CARRY.others.CARRY4  |
    | mul_118s_121ns_238_5_1_U44/buff2_reg[163]_i_10 | CARRY.others.CARRY4  |
    | mul_118s_121ns_238_5_1_U44/buff2_reg[167]_i_10 | CARRY.others.CARRY4  |
    | mul_118s_121ns_238_5_1_U44/buff2_reg[171]_i_10 | CARRY.others.CARRY4  |
    | mul_118s_121ns_238_5_1_U44/buff2_reg[175]_i_10 | CARRY.others.CARRY4  |
    | mul_118s_121ns_238_5_1_U44/buff2_reg[179]_i_10 | CARRY.others.CARRY4  |
    | mul_118s_121ns_238_5_1_U44/buff2_reg[183]_i_10 | CARRY.others.CARRY4  |
    | mul_118s_121ns_238_5_1_U44/buff2_reg[187]_i_10 | CARRY.others.CARRY4  |
    | mul_118s_121ns_238_5_1_U44/buff2_reg[191]_i_10 | CARRY.others.CARRY4  |
    | mul_118s_121ns_238_5_1_U44/buff2_reg[195]_i_10 | CARRY.others.CARRY4  |
    | mul_118s_121ns_238_5_1_U44/buff2_reg[199]_i_10 | CARRY.others.CARRY4  |
    | mul_118s_121ns_238_5_1_U44/buff2_reg[203]_i_10 | CARRY.others.CARRY4  |
    | mul_118s_121ns_238_5_1_U44/buff2_reg[207]_i_10 | CARRY.others.CARRY4  |
    | mul_118s_121ns_238_5_1_U44/buff2_reg[211]_i_10 | CARRY.others.CARRY4  |
    | mul_118s_121ns_238_5_1_U44/buff2_reg[215]_i_10 | CARRY.others.CARRY4  |
    | mul_118s_121ns_238_5_1_U44/buff2_reg[219]_i_10 | CARRY.others.CARRY4  |
    | mul_118s_121ns_238_5_1_U44/buff2[219]_i_4      | LUT.others.LUT3      |
    | mul_118s_121ns_238_5_1_U44/buff2_reg[219]_i_1  | CARRY.others.CARRY4  |
    | mul_118s_121ns_238_5_1_U44/buff2_reg[223]_i_1  | CARRY.others.CARRY4  |
    | mul_118s_121ns_238_5_1_U44/buff2_reg[227]_i_1  | CARRY.others.CARRY4  |
    | mul_118s_121ns_238_5_1_U44/buff2_reg[231]_i_1  | CARRY.others.CARRY4  |
    | mul_118s_121ns_238_5_1_U44/buff2_reg[235]_i_1  | CARRY.others.CARRY4  |
    | mul_118s_121ns_238_5_1_U44/buff2_reg[234]      | FLOP_LATCH.flop.FDRE |
    +------------------------------------------------+----------------------+

    +------------------------------------------------+----------------------+
    | Path5 Cells                                    | Primitive Type       |
    +------------------------------------------------+----------------------+
    | mul_118s_121ns_238_5_1_U44/buff1_reg[16]__3    | FLOP_LATCH.flop.FDRE |
    | mul_118s_121ns_238_5_1_U44/buff2_reg[71]_i_10  | CARRY.others.CARRY4  |
    | mul_118s_121ns_238_5_1_U44/buff2_reg[75]_i_10  | CARRY.others.CARRY4  |
    | mul_118s_121ns_238_5_1_U44/buff2_reg[79]_i_10  | CARRY.others.CARRY4  |
    | mul_118s_121ns_238_5_1_U44/buff2_reg[83]_i_10  | CARRY.others.CARRY4  |
    | mul_118s_121ns_238_5_1_U44/buff2_reg[87]_i_10  | CARRY.others.CARRY4  |
    | mul_118s_121ns_238_5_1_U44/buff2_reg[95]_i_24  | CARRY.others.CARRY4  |
    | mul_118s_121ns_238_5_1_U44/buff2_reg[99]_i_24  | CARRY.others.CARRY4  |
    | mul_118s_121ns_238_5_1_U44/buff2_reg[103]_i_19 | CARRY.others.CARRY4  |
    | mul_118s_121ns_238_5_1_U44/buff2_reg[107]_i_19 | CARRY.others.CARRY4  |
    | mul_118s_121ns_238_5_1_U44/buff2_reg[111]_i_19 | CARRY.others.CARRY4  |
    | mul_118s_121ns_238_5_1_U44/buff2_reg[115]_i_19 | CARRY.others.CARRY4  |
    | mul_118s_121ns_238_5_1_U44/buff2_reg[119]_i_19 | CARRY.others.CARRY4  |
    | mul_118s_121ns_238_5_1_U44/buff2_reg[123]_i_19 | CARRY.others.CARRY4  |
    | mul_118s_121ns_238_5_1_U44/buff2_reg[127]_i_20 | CARRY.others.CARRY4  |
    | mul_118s_121ns_238_5_1_U44/buff2_reg[131]_i_20 | CARRY.others.CARRY4  |
    | mul_118s_121ns_238_5_1_U44/buff2_reg[135]_i_20 | CARRY.others.CARRY4  |
    | mul_118s_121ns_238_5_1_U44/buff2[135]_i_13     | LUT.others.LUT3      |
    | mul_118s_121ns_238_5_1_U44/buff2_reg[135]_i_10 | CARRY.others.CARRY4  |
    | mul_118s_121ns_238_5_1_U44/buff2_reg[139]_i_10 | CARRY.others.CARRY4  |
    | mul_118s_121ns_238_5_1_U44/buff2_reg[143]_i_10 | CARRY.others.CARRY4  |
    | mul_118s_121ns_238_5_1_U44/buff2_reg[147]_i_10 | CARRY.others.CARRY4  |
    | mul_118s_121ns_238_5_1_U44/buff2_reg[151]_i_10 | CARRY.others.CARRY4  |
    | mul_118s_121ns_238_5_1_U44/buff2_reg[155]_i_10 | CARRY.others.CARRY4  |
    | mul_118s_121ns_238_5_1_U44/buff2_reg[159]_i_10 | CARRY.others.CARRY4  |
    | mul_118s_121ns_238_5_1_U44/buff2_reg[163]_i_10 | CARRY.others.CARRY4  |
    | mul_118s_121ns_238_5_1_U44/buff2_reg[167]_i_10 | CARRY.others.CARRY4  |
    | mul_118s_121ns_238_5_1_U44/buff2_reg[171]_i_10 | CARRY.others.CARRY4  |
    | mul_118s_121ns_238_5_1_U44/buff2_reg[175]_i_10 | CARRY.others.CARRY4  |
    | mul_118s_121ns_238_5_1_U44/buff2_reg[179]_i_10 | CARRY.others.CARRY4  |
    | mul_118s_121ns_238_5_1_U44/buff2_reg[183]_i_10 | CARRY.others.CARRY4  |
    | mul_118s_121ns_238_5_1_U44/buff2_reg[187]_i_10 | CARRY.others.CARRY4  |
    | mul_118s_121ns_238_5_1_U44/buff2_reg[191]_i_10 | CARRY.others.CARRY4  |
    | mul_118s_121ns_238_5_1_U44/buff2_reg[195]_i_10 | CARRY.others.CARRY4  |
    | mul_118s_121ns_238_5_1_U44/buff2_reg[199]_i_10 | CARRY.others.CARRY4  |
    | mul_118s_121ns_238_5_1_U44/buff2_reg[203]_i_10 | CARRY.others.CARRY4  |
    | mul_118s_121ns_238_5_1_U44/buff2_reg[207]_i_10 | CARRY.others.CARRY4  |
    | mul_118s_121ns_238_5_1_U44/buff2_reg[211]_i_10 | CARRY.others.CARRY4  |
    | mul_118s_121ns_238_5_1_U44/buff2_reg[215]_i_10 | CARRY.others.CARRY4  |
    | mul_118s_121ns_238_5_1_U44/buff2_reg[219]_i_10 | CARRY.others.CARRY4  |
    | mul_118s_121ns_238_5_1_U44/buff2[219]_i_4      | LUT.others.LUT3      |
    | mul_118s_121ns_238_5_1_U44/buff2_reg[219]_i_1  | CARRY.others.CARRY4  |
    | mul_118s_121ns_238_5_1_U44/buff2_reg[223]_i_1  | CARRY.others.CARRY4  |
    | mul_118s_121ns_238_5_1_U44/buff2_reg[227]_i_1  | CARRY.others.CARRY4  |
    | mul_118s_121ns_238_5_1_U44/buff2_reg[231]_i_1  | CARRY.others.CARRY4  |
    | mul_118s_121ns_238_5_1_U44/buff2_reg[235]_i_1  | CARRY.others.CARRY4  |
    | mul_118s_121ns_238_5_1_U44/buff2_reg[232]      | FLOP_LATCH.flop.FDRE |
    +------------------------------------------------+----------------------+

    +------------------------------------------------+----------------------+
    | Path6 Cells                                    | Primitive Type       |
    +------------------------------------------------+----------------------+
    | mul_118s_121ns_238_5_1_U44/buff1_reg[16]__3    | FLOP_LATCH.flop.FDRE |
    | mul_118s_121ns_238_5_1_U44/buff2_reg[71]_i_10  | CARRY.others.CARRY4  |
    | mul_118s_121ns_238_5_1_U44/buff2_reg[75]_i_10  | CARRY.others.CARRY4  |
    | mul_118s_121ns_238_5_1_U44/buff2_reg[79]_i_10  | CARRY.others.CARRY4  |
    | mul_118s_121ns_238_5_1_U44/buff2_reg[83]_i_10  | CARRY.others.CARRY4  |
    | mul_118s_121ns_238_5_1_U44/buff2_reg[87]_i_10  | CARRY.others.CARRY4  |
    | mul_118s_121ns_238_5_1_U44/buff2_reg[95]_i_24  | CARRY.others.CARRY4  |
    | mul_118s_121ns_238_5_1_U44/buff2_reg[99]_i_24  | CARRY.others.CARRY4  |
    | mul_118s_121ns_238_5_1_U44/buff2_reg[103]_i_19 | CARRY.others.CARRY4  |
    | mul_118s_121ns_238_5_1_U44/buff2_reg[107]_i_19 | CARRY.others.CARRY4  |
    | mul_118s_121ns_238_5_1_U44/buff2_reg[111]_i_19 | CARRY.others.CARRY4  |
    | mul_118s_121ns_238_5_1_U44/buff2_reg[115]_i_19 | CARRY.others.CARRY4  |
    | mul_118s_121ns_238_5_1_U44/buff2_reg[119]_i_19 | CARRY.others.CARRY4  |
    | mul_118s_121ns_238_5_1_U44/buff2_reg[123]_i_19 | CARRY.others.CARRY4  |
    | mul_118s_121ns_238_5_1_U44/buff2_reg[127]_i_20 | CARRY.others.CARRY4  |
    | mul_118s_121ns_238_5_1_U44/buff2_reg[131]_i_20 | CARRY.others.CARRY4  |
    | mul_118s_121ns_238_5_1_U44/buff2_reg[135]_i_20 | CARRY.others.CARRY4  |
    | mul_118s_121ns_238_5_1_U44/buff2[135]_i_13     | LUT.others.LUT3      |
    | mul_118s_121ns_238_5_1_U44/buff2_reg[135]_i_10 | CARRY.others.CARRY4  |
    | mul_118s_121ns_238_5_1_U44/buff2_reg[139]_i_10 | CARRY.others.CARRY4  |
    | mul_118s_121ns_238_5_1_U44/buff2_reg[143]_i_10 | CARRY.others.CARRY4  |
    | mul_118s_121ns_238_5_1_U44/buff2_reg[147]_i_10 | CARRY.others.CARRY4  |
    | mul_118s_121ns_238_5_1_U44/buff2_reg[151]_i_10 | CARRY.others.CARRY4  |
    | mul_118s_121ns_238_5_1_U44/buff2_reg[155]_i_10 | CARRY.others.CARRY4  |
    | mul_118s_121ns_238_5_1_U44/buff2_reg[159]_i_10 | CARRY.others.CARRY4  |
    | mul_118s_121ns_238_5_1_U44/buff2_reg[163]_i_10 | CARRY.others.CARRY4  |
    | mul_118s_121ns_238_5_1_U44/buff2_reg[167]_i_10 | CARRY.others.CARRY4  |
    | mul_118s_121ns_238_5_1_U44/buff2_reg[171]_i_10 | CARRY.others.CARRY4  |
    | mul_118s_121ns_238_5_1_U44/buff2_reg[175]_i_10 | CARRY.others.CARRY4  |
    | mul_118s_121ns_238_5_1_U44/buff2_reg[179]_i_10 | CARRY.others.CARRY4  |
    | mul_118s_121ns_238_5_1_U44/buff2_reg[183]_i_10 | CARRY.others.CARRY4  |
    | mul_118s_121ns_238_5_1_U44/buff2_reg[187]_i_10 | CARRY.others.CARRY4  |
    | mul_118s_121ns_238_5_1_U44/buff2_reg[191]_i_10 | CARRY.others.CARRY4  |
    | mul_118s_121ns_238_5_1_U44/buff2_reg[195]_i_10 | CARRY.others.CARRY4  |
    | mul_118s_121ns_238_5_1_U44/buff2_reg[199]_i_10 | CARRY.others.CARRY4  |
    | mul_118s_121ns_238_5_1_U44/buff2_reg[203]_i_10 | CARRY.others.CARRY4  |
    | mul_118s_121ns_238_5_1_U44/buff2_reg[207]_i_10 | CARRY.others.CARRY4  |
    | mul_118s_121ns_238_5_1_U44/buff2_reg[211]_i_10 | CARRY.others.CARRY4  |
    | mul_118s_121ns_238_5_1_U44/buff2_reg[215]_i_10 | CARRY.others.CARRY4  |
    | mul_118s_121ns_238_5_1_U44/buff2_reg[219]_i_10 | CARRY.others.CARRY4  |
    | mul_118s_121ns_238_5_1_U44/buff2[219]_i_4      | LUT.others.LUT3      |
    | mul_118s_121ns_238_5_1_U44/buff2_reg[219]_i_1  | CARRY.others.CARRY4  |
    | mul_118s_121ns_238_5_1_U44/buff2_reg[223]_i_1  | CARRY.others.CARRY4  |
    | mul_118s_121ns_238_5_1_U44/buff2_reg[227]_i_1  | CARRY.others.CARRY4  |
    | mul_118s_121ns_238_5_1_U44/buff2_reg[231]_i_1  | CARRY.others.CARRY4  |
    | mul_118s_121ns_238_5_1_U44/buff2_reg[229]      | FLOP_LATCH.flop.FDRE |
    +------------------------------------------------+----------------------+

    +------------------------------------------------+----------------------+
    | Path7 Cells                                    | Primitive Type       |
    +------------------------------------------------+----------------------+
    | mul_118s_121ns_238_5_1_U44/buff1_reg[16]__3    | FLOP_LATCH.flop.FDRE |
    | mul_118s_121ns_238_5_1_U44/buff2_reg[71]_i_10  | CARRY.others.CARRY4  |
    | mul_118s_121ns_238_5_1_U44/buff2_reg[75]_i_10  | CARRY.others.CARRY4  |
    | mul_118s_121ns_238_5_1_U44/buff2_reg[79]_i_10  | CARRY.others.CARRY4  |
    | mul_118s_121ns_238_5_1_U44/buff2_reg[83]_i_10  | CARRY.others.CARRY4  |
    | mul_118s_121ns_238_5_1_U44/buff2_reg[87]_i_10  | CARRY.others.CARRY4  |
    | mul_118s_121ns_238_5_1_U44/buff2_reg[95]_i_24  | CARRY.others.CARRY4  |
    | mul_118s_121ns_238_5_1_U44/buff2_reg[99]_i_24  | CARRY.others.CARRY4  |
    | mul_118s_121ns_238_5_1_U44/buff2_reg[103]_i_19 | CARRY.others.CARRY4  |
    | mul_118s_121ns_238_5_1_U44/buff2_reg[107]_i_19 | CARRY.others.CARRY4  |
    | mul_118s_121ns_238_5_1_U44/buff2_reg[111]_i_19 | CARRY.others.CARRY4  |
    | mul_118s_121ns_238_5_1_U44/buff2_reg[115]_i_19 | CARRY.others.CARRY4  |
    | mul_118s_121ns_238_5_1_U44/buff2_reg[119]_i_19 | CARRY.others.CARRY4  |
    | mul_118s_121ns_238_5_1_U44/buff2_reg[123]_i_19 | CARRY.others.CARRY4  |
    | mul_118s_121ns_238_5_1_U44/buff2_reg[127]_i_20 | CARRY.others.CARRY4  |
    | mul_118s_121ns_238_5_1_U44/buff2_reg[131]_i_20 | CARRY.others.CARRY4  |
    | mul_118s_121ns_238_5_1_U44/buff2_reg[135]_i_20 | CARRY.others.CARRY4  |
    | mul_118s_121ns_238_5_1_U44/buff2[135]_i_13     | LUT.others.LUT3      |
    | mul_118s_121ns_238_5_1_U44/buff2_reg[135]_i_10 | CARRY.others.CARRY4  |
    | mul_118s_121ns_238_5_1_U44/buff2_reg[139]_i_10 | CARRY.others.CARRY4  |
    | mul_118s_121ns_238_5_1_U44/buff2_reg[143]_i_10 | CARRY.others.CARRY4  |
    | mul_118s_121ns_238_5_1_U44/buff2_reg[147]_i_10 | CARRY.others.CARRY4  |
    | mul_118s_121ns_238_5_1_U44/buff2_reg[151]_i_10 | CARRY.others.CARRY4  |
    | mul_118s_121ns_238_5_1_U44/buff2_reg[155]_i_10 | CARRY.others.CARRY4  |
    | mul_118s_121ns_238_5_1_U44/buff2_reg[159]_i_10 | CARRY.others.CARRY4  |
    | mul_118s_121ns_238_5_1_U44/buff2_reg[163]_i_10 | CARRY.others.CARRY4  |
    | mul_118s_121ns_238_5_1_U44/buff2_reg[167]_i_10 | CARRY.others.CARRY4  |
    | mul_118s_121ns_238_5_1_U44/buff2_reg[171]_i_10 | CARRY.others.CARRY4  |
    | mul_118s_121ns_238_5_1_U44/buff2_reg[175]_i_10 | CARRY.others.CARRY4  |
    | mul_118s_121ns_238_5_1_U44/buff2_reg[179]_i_10 | CARRY.others.CARRY4  |
    | mul_118s_121ns_238_5_1_U44/buff2_reg[183]_i_10 | CARRY.others.CARRY4  |
    | mul_118s_121ns_238_5_1_U44/buff2_reg[187]_i_10 | CARRY.others.CARRY4  |
    | mul_118s_121ns_238_5_1_U44/buff2_reg[191]_i_10 | CARRY.others.CARRY4  |
    | mul_118s_121ns_238_5_1_U44/buff2_reg[195]_i_10 | CARRY.others.CARRY4  |
    | mul_118s_121ns_238_5_1_U44/buff2_reg[199]_i_10 | CARRY.others.CARRY4  |
    | mul_118s_121ns_238_5_1_U44/buff2_reg[203]_i_10 | CARRY.others.CARRY4  |
    | mul_118s_121ns_238_5_1_U44/buff2_reg[207]_i_10 | CARRY.others.CARRY4  |
    | mul_118s_121ns_238_5_1_U44/buff2_reg[211]_i_10 | CARRY.others.CARRY4  |
    | mul_118s_121ns_238_5_1_U44/buff2_reg[215]_i_10 | CARRY.others.CARRY4  |
    | mul_118s_121ns_238_5_1_U44/buff2_reg[219]_i_10 | CARRY.others.CARRY4  |
    | mul_118s_121ns_238_5_1_U44/buff2[219]_i_4      | LUT.others.LUT3      |
    | mul_118s_121ns_238_5_1_U44/buff2_reg[219]_i_1  | CARRY.others.CARRY4  |
    | mul_118s_121ns_238_5_1_U44/buff2_reg[223]_i_1  | CARRY.others.CARRY4  |
    | mul_118s_121ns_238_5_1_U44/buff2_reg[227]_i_1  | CARRY.others.CARRY4  |
    | mul_118s_121ns_238_5_1_U44/buff2_reg[231]_i_1  | CARRY.others.CARRY4  |
    | mul_118s_121ns_238_5_1_U44/buff2_reg[231]      | FLOP_LATCH.flop.FDRE |
    +------------------------------------------------+----------------------+

    +------------------------------------------------+----------------------+
    | Path8 Cells                                    | Primitive Type       |
    +------------------------------------------------+----------------------+
    | mul_118s_121ns_238_5_1_U44/buff1_reg[16]__3    | FLOP_LATCH.flop.FDRE |
    | mul_118s_121ns_238_5_1_U44/buff2_reg[71]_i_10  | CARRY.others.CARRY4  |
    | mul_118s_121ns_238_5_1_U44/buff2_reg[75]_i_10  | CARRY.others.CARRY4  |
    | mul_118s_121ns_238_5_1_U44/buff2_reg[79]_i_10  | CARRY.others.CARRY4  |
    | mul_118s_121ns_238_5_1_U44/buff2_reg[83]_i_10  | CARRY.others.CARRY4  |
    | mul_118s_121ns_238_5_1_U44/buff2_reg[87]_i_10  | CARRY.others.CARRY4  |
    | mul_118s_121ns_238_5_1_U44/buff2_reg[95]_i_24  | CARRY.others.CARRY4  |
    | mul_118s_121ns_238_5_1_U44/buff2_reg[99]_i_24  | CARRY.others.CARRY4  |
    | mul_118s_121ns_238_5_1_U44/buff2_reg[103]_i_19 | CARRY.others.CARRY4  |
    | mul_118s_121ns_238_5_1_U44/buff2_reg[107]_i_19 | CARRY.others.CARRY4  |
    | mul_118s_121ns_238_5_1_U44/buff2_reg[111]_i_19 | CARRY.others.CARRY4  |
    | mul_118s_121ns_238_5_1_U44/buff2_reg[115]_i_19 | CARRY.others.CARRY4  |
    | mul_118s_121ns_238_5_1_U44/buff2_reg[119]_i_19 | CARRY.others.CARRY4  |
    | mul_118s_121ns_238_5_1_U44/buff2_reg[123]_i_19 | CARRY.others.CARRY4  |
    | mul_118s_121ns_238_5_1_U44/buff2_reg[127]_i_20 | CARRY.others.CARRY4  |
    | mul_118s_121ns_238_5_1_U44/buff2_reg[131]_i_20 | CARRY.others.CARRY4  |
    | mul_118s_121ns_238_5_1_U44/buff2_reg[135]_i_20 | CARRY.others.CARRY4  |
    | mul_118s_121ns_238_5_1_U44/buff2[135]_i_13     | LUT.others.LUT3      |
    | mul_118s_121ns_238_5_1_U44/buff2_reg[135]_i_10 | CARRY.others.CARRY4  |
    | mul_118s_121ns_238_5_1_U44/buff2_reg[139]_i_10 | CARRY.others.CARRY4  |
    | mul_118s_121ns_238_5_1_U44/buff2_reg[143]_i_10 | CARRY.others.CARRY4  |
    | mul_118s_121ns_238_5_1_U44/buff2_reg[147]_i_10 | CARRY.others.CARRY4  |
    | mul_118s_121ns_238_5_1_U44/buff2_reg[151]_i_10 | CARRY.others.CARRY4  |
    | mul_118s_121ns_238_5_1_U44/buff2_reg[155]_i_10 | CARRY.others.CARRY4  |
    | mul_118s_121ns_238_5_1_U44/buff2_reg[159]_i_10 | CARRY.others.CARRY4  |
    | mul_118s_121ns_238_5_1_U44/buff2_reg[163]_i_10 | CARRY.others.CARRY4  |
    | mul_118s_121ns_238_5_1_U44/buff2_reg[167]_i_10 | CARRY.others.CARRY4  |
    | mul_118s_121ns_238_5_1_U44/buff2_reg[171]_i_10 | CARRY.others.CARRY4  |
    | mul_118s_121ns_238_5_1_U44/buff2_reg[175]_i_10 | CARRY.others.CARRY4  |
    | mul_118s_121ns_238_5_1_U44/buff2_reg[179]_i_10 | CARRY.others.CARRY4  |
    | mul_118s_121ns_238_5_1_U44/buff2_reg[183]_i_10 | CARRY.others.CARRY4  |
    | mul_118s_121ns_238_5_1_U44/buff2_reg[187]_i_10 | CARRY.others.CARRY4  |
    | mul_118s_121ns_238_5_1_U44/buff2_reg[191]_i_10 | CARRY.others.CARRY4  |
    | mul_118s_121ns_238_5_1_U44/buff2_reg[195]_i_10 | CARRY.others.CARRY4  |
    | mul_118s_121ns_238_5_1_U44/buff2_reg[199]_i_10 | CARRY.others.CARRY4  |
    | mul_118s_121ns_238_5_1_U44/buff2_reg[203]_i_10 | CARRY.others.CARRY4  |
    | mul_118s_121ns_238_5_1_U44/buff2_reg[207]_i_10 | CARRY.others.CARRY4  |
    | mul_118s_121ns_238_5_1_U44/buff2_reg[211]_i_10 | CARRY.others.CARRY4  |
    | mul_118s_121ns_238_5_1_U44/buff2_reg[215]_i_10 | CARRY.others.CARRY4  |
    | mul_118s_121ns_238_5_1_U44/buff2_reg[219]_i_10 | CARRY.others.CARRY4  |
    | mul_118s_121ns_238_5_1_U44/buff2[219]_i_4      | LUT.others.LUT3      |
    | mul_118s_121ns_238_5_1_U44/buff2_reg[219]_i_1  | CARRY.others.CARRY4  |
    | mul_118s_121ns_238_5_1_U44/buff2_reg[223]_i_1  | CARRY.others.CARRY4  |
    | mul_118s_121ns_238_5_1_U44/buff2_reg[227]_i_1  | CARRY.others.CARRY4  |
    | mul_118s_121ns_238_5_1_U44/buff2_reg[231]_i_1  | CARRY.others.CARRY4  |
    | mul_118s_121ns_238_5_1_U44/buff2_reg[230]      | FLOP_LATCH.flop.FDRE |
    +------------------------------------------------+----------------------+

    +------------------------------------------------+----------------------+
    | Path9 Cells                                    | Primitive Type       |
    +------------------------------------------------+----------------------+
    | mul_118s_121ns_238_5_1_U44/buff1_reg[16]__3    | FLOP_LATCH.flop.FDRE |
    | mul_118s_121ns_238_5_1_U44/buff2_reg[71]_i_10  | CARRY.others.CARRY4  |
    | mul_118s_121ns_238_5_1_U44/buff2_reg[75]_i_10  | CARRY.others.CARRY4  |
    | mul_118s_121ns_238_5_1_U44/buff2_reg[79]_i_10  | CARRY.others.CARRY4  |
    | mul_118s_121ns_238_5_1_U44/buff2_reg[83]_i_10  | CARRY.others.CARRY4  |
    | mul_118s_121ns_238_5_1_U44/buff2_reg[87]_i_10  | CARRY.others.CARRY4  |
    | mul_118s_121ns_238_5_1_U44/buff2_reg[95]_i_24  | CARRY.others.CARRY4  |
    | mul_118s_121ns_238_5_1_U44/buff2_reg[99]_i_24  | CARRY.others.CARRY4  |
    | mul_118s_121ns_238_5_1_U44/buff2_reg[103]_i_19 | CARRY.others.CARRY4  |
    | mul_118s_121ns_238_5_1_U44/buff2_reg[107]_i_19 | CARRY.others.CARRY4  |
    | mul_118s_121ns_238_5_1_U44/buff2_reg[111]_i_19 | CARRY.others.CARRY4  |
    | mul_118s_121ns_238_5_1_U44/buff2_reg[115]_i_19 | CARRY.others.CARRY4  |
    | mul_118s_121ns_238_5_1_U44/buff2_reg[119]_i_19 | CARRY.others.CARRY4  |
    | mul_118s_121ns_238_5_1_U44/buff2_reg[123]_i_19 | CARRY.others.CARRY4  |
    | mul_118s_121ns_238_5_1_U44/buff2_reg[127]_i_20 | CARRY.others.CARRY4  |
    | mul_118s_121ns_238_5_1_U44/buff2_reg[131]_i_20 | CARRY.others.CARRY4  |
    | mul_118s_121ns_238_5_1_U44/buff2_reg[135]_i_20 | CARRY.others.CARRY4  |
    | mul_118s_121ns_238_5_1_U44/buff2[135]_i_13     | LUT.others.LUT3      |
    | mul_118s_121ns_238_5_1_U44/buff2_reg[135]_i_10 | CARRY.others.CARRY4  |
    | mul_118s_121ns_238_5_1_U44/buff2_reg[139]_i_10 | CARRY.others.CARRY4  |
    | mul_118s_121ns_238_5_1_U44/buff2_reg[143]_i_10 | CARRY.others.CARRY4  |
    | mul_118s_121ns_238_5_1_U44/buff2_reg[147]_i_10 | CARRY.others.CARRY4  |
    | mul_118s_121ns_238_5_1_U44/buff2_reg[151]_i_10 | CARRY.others.CARRY4  |
    | mul_118s_121ns_238_5_1_U44/buff2_reg[155]_i_10 | CARRY.others.CARRY4  |
    | mul_118s_121ns_238_5_1_U44/buff2_reg[159]_i_10 | CARRY.others.CARRY4  |
    | mul_118s_121ns_238_5_1_U44/buff2_reg[163]_i_10 | CARRY.others.CARRY4  |
    | mul_118s_121ns_238_5_1_U44/buff2_reg[167]_i_10 | CARRY.others.CARRY4  |
    | mul_118s_121ns_238_5_1_U44/buff2_reg[171]_i_10 | CARRY.others.CARRY4  |
    | mul_118s_121ns_238_5_1_U44/buff2_reg[175]_i_10 | CARRY.others.CARRY4  |
    | mul_118s_121ns_238_5_1_U44/buff2_reg[179]_i_10 | CARRY.others.CARRY4  |
    | mul_118s_121ns_238_5_1_U44/buff2_reg[183]_i_10 | CARRY.others.CARRY4  |
    | mul_118s_121ns_238_5_1_U44/buff2_reg[187]_i_10 | CARRY.others.CARRY4  |
    | mul_118s_121ns_238_5_1_U44/buff2_reg[191]_i_10 | CARRY.others.CARRY4  |
    | mul_118s_121ns_238_5_1_U44/buff2_reg[195]_i_10 | CARRY.others.CARRY4  |
    | mul_118s_121ns_238_5_1_U44/buff2_reg[199]_i_10 | CARRY.others.CARRY4  |
    | mul_118s_121ns_238_5_1_U44/buff2_reg[203]_i_10 | CARRY.others.CARRY4  |
    | mul_118s_121ns_238_5_1_U44/buff2_reg[207]_i_10 | CARRY.others.CARRY4  |
    | mul_118s_121ns_238_5_1_U44/buff2_reg[211]_i_10 | CARRY.others.CARRY4  |
    | mul_118s_121ns_238_5_1_U44/buff2_reg[215]_i_10 | CARRY.others.CARRY4  |
    | mul_118s_121ns_238_5_1_U44/buff2_reg[219]_i_10 | CARRY.others.CARRY4  |
    | mul_118s_121ns_238_5_1_U44/buff2[219]_i_4      | LUT.others.LUT3      |
    | mul_118s_121ns_238_5_1_U44/buff2_reg[219]_i_1  | CARRY.others.CARRY4  |
    | mul_118s_121ns_238_5_1_U44/buff2_reg[223]_i_1  | CARRY.others.CARRY4  |
    | mul_118s_121ns_238_5_1_U44/buff2_reg[227]_i_1  | CARRY.others.CARRY4  |
    | mul_118s_121ns_238_5_1_U44/buff2_reg[231]_i_1  | CARRY.others.CARRY4  |
    | mul_118s_121ns_238_5_1_U44/buff2_reg[228]      | FLOP_LATCH.flop.FDRE |
    +------------------------------------------------+----------------------+

    +------------------------------------------------+----------------------+
    | Path10 Cells                                   | Primitive Type       |
    +------------------------------------------------+----------------------+
    | mul_118s_121ns_238_5_1_U44/buff1_reg[16]__3    | FLOP_LATCH.flop.FDRE |
    | mul_118s_121ns_238_5_1_U44/buff2_reg[71]_i_10  | CARRY.others.CARRY4  |
    | mul_118s_121ns_238_5_1_U44/buff2_reg[75]_i_10  | CARRY.others.CARRY4  |
    | mul_118s_121ns_238_5_1_U44/buff2_reg[79]_i_10  | CARRY.others.CARRY4  |
    | mul_118s_121ns_238_5_1_U44/buff2_reg[83]_i_10  | CARRY.others.CARRY4  |
    | mul_118s_121ns_238_5_1_U44/buff2_reg[87]_i_10  | CARRY.others.CARRY4  |
    | mul_118s_121ns_238_5_1_U44/buff2_reg[95]_i_24  | CARRY.others.CARRY4  |
    | mul_118s_121ns_238_5_1_U44/buff2_reg[99]_i_24  | CARRY.others.CARRY4  |
    | mul_118s_121ns_238_5_1_U44/buff2_reg[103]_i_19 | CARRY.others.CARRY4  |
    | mul_118s_121ns_238_5_1_U44/buff2_reg[107]_i_19 | CARRY.others.CARRY4  |
    | mul_118s_121ns_238_5_1_U44/buff2_reg[111]_i_19 | CARRY.others.CARRY4  |
    | mul_118s_121ns_238_5_1_U44/buff2_reg[115]_i_19 | CARRY.others.CARRY4  |
    | mul_118s_121ns_238_5_1_U44/buff2_reg[119]_i_19 | CARRY.others.CARRY4  |
    | mul_118s_121ns_238_5_1_U44/buff2_reg[123]_i_19 | CARRY.others.CARRY4  |
    | mul_118s_121ns_238_5_1_U44/buff2_reg[127]_i_20 | CARRY.others.CARRY4  |
    | mul_118s_121ns_238_5_1_U44/buff2_reg[131]_i_20 | CARRY.others.CARRY4  |
    | mul_118s_121ns_238_5_1_U44/buff2_reg[135]_i_20 | CARRY.others.CARRY4  |
    | mul_118s_121ns_238_5_1_U44/buff2[135]_i_13     | LUT.others.LUT3      |
    | mul_118s_121ns_238_5_1_U44/buff2_reg[135]_i_10 | CARRY.others.CARRY4  |
    | mul_118s_121ns_238_5_1_U44/buff2_reg[139]_i_10 | CARRY.others.CARRY4  |
    | mul_118s_121ns_238_5_1_U44/buff2_reg[143]_i_10 | CARRY.others.CARRY4  |
    | mul_118s_121ns_238_5_1_U44/buff2_reg[147]_i_10 | CARRY.others.CARRY4  |
    | mul_118s_121ns_238_5_1_U44/buff2_reg[151]_i_10 | CARRY.others.CARRY4  |
    | mul_118s_121ns_238_5_1_U44/buff2_reg[155]_i_10 | CARRY.others.CARRY4  |
    | mul_118s_121ns_238_5_1_U44/buff2_reg[159]_i_10 | CARRY.others.CARRY4  |
    | mul_118s_121ns_238_5_1_U44/buff2_reg[163]_i_10 | CARRY.others.CARRY4  |
    | mul_118s_121ns_238_5_1_U44/buff2_reg[167]_i_10 | CARRY.others.CARRY4  |
    | mul_118s_121ns_238_5_1_U44/buff2_reg[171]_i_10 | CARRY.others.CARRY4  |
    | mul_118s_121ns_238_5_1_U44/buff2_reg[175]_i_10 | CARRY.others.CARRY4  |
    | mul_118s_121ns_238_5_1_U44/buff2_reg[179]_i_10 | CARRY.others.CARRY4  |
    | mul_118s_121ns_238_5_1_U44/buff2_reg[183]_i_10 | CARRY.others.CARRY4  |
    | mul_118s_121ns_238_5_1_U44/buff2_reg[187]_i_10 | CARRY.others.CARRY4  |
    | mul_118s_121ns_238_5_1_U44/buff2_reg[191]_i_10 | CARRY.others.CARRY4  |
    | mul_118s_121ns_238_5_1_U44/buff2_reg[195]_i_10 | CARRY.others.CARRY4  |
    | mul_118s_121ns_238_5_1_U44/buff2_reg[199]_i_10 | CARRY.others.CARRY4  |
    | mul_118s_121ns_238_5_1_U44/buff2_reg[203]_i_10 | CARRY.others.CARRY4  |
    | mul_118s_121ns_238_5_1_U44/buff2_reg[207]_i_10 | CARRY.others.CARRY4  |
    | mul_118s_121ns_238_5_1_U44/buff2_reg[211]_i_10 | CARRY.others.CARRY4  |
    | mul_118s_121ns_238_5_1_U44/buff2_reg[215]_i_10 | CARRY.others.CARRY4  |
    | mul_118s_121ns_238_5_1_U44/buff2_reg[219]_i_10 | CARRY.others.CARRY4  |
    | mul_118s_121ns_238_5_1_U44/buff2[219]_i_4      | LUT.others.LUT3      |
    | mul_118s_121ns_238_5_1_U44/buff2_reg[219]_i_1  | CARRY.others.CARRY4  |
    | mul_118s_121ns_238_5_1_U44/buff2_reg[223]_i_1  | CARRY.others.CARRY4  |
    | mul_118s_121ns_238_5_1_U44/buff2_reg[227]_i_1  | CARRY.others.CARRY4  |
    | mul_118s_121ns_238_5_1_U44/buff2_reg[225]      | FLOP_LATCH.flop.FDRE |
    +------------------------------------------------+----------------------+


================================================================
== RTL Synthesis Vivado Reports
================================================================
+--------------------------+------------------------------------------------------------------------+
| Report Type              | Report Location                                                        |
+--------------------------+------------------------------------------------------------------------+
| design_analysis          | impl/verilog/report/accelerator_net_design_analysis_synth.rpt          |
| failfast                 | impl/verilog/report/accelerator_net_failfast_synth.rpt                 |
| power                    | impl/verilog/report/accelerator_net_power_synth.rpt                    |
| timing                   | impl/verilog/report/accelerator_net_timing_synth.rpt                   |
| timing_paths             | impl/verilog/report/accelerator_net_timing_paths_synth.rpt             |
| utilization              | impl/verilog/report/accelerator_net_utilization_synth.rpt              |
| utilization_hierarchical | impl/verilog/report/accelerator_net_utilization_hierarchical_synth.rpt |
+--------------------------+------------------------------------------------------------------------+


