================================================================
== Vivado Place & Route Results
================================================================
+ General Information:
    * Date:            Mon Jun 22 15:50:34 +0200 2026
    * Version:         2025.2 (Build 6295257 on Nov 14 2025)
    * Project:         build
    * Solution:        hls (Vivado IP Flow Target)
    * Product family:  zynq
    * Target device:   xc7z020-clg400-1


================================================================
== Run Constraints & Options
================================================================
+ Design Constraints & Options:
    * Place & Route target clock:  10 ns
    * C-Synthesis target clock:    10 ns
    * C-Synthesis uncertainty:     27%

+ RTL Synthesis Options:
    * config_export -vivado_synth_strategy:     default
    * config_export -vivado_synth_design_args:  -directive sdx_optimization_effort_high

+ Place & Route Options:
    * config_export -vivado_impl_strategy:  default
    * config_export -vivado_phys_opt:       auto

+ Reporting Options:
    * config_export -vivado_report_level:      2
    * config_export -vivado_max_timing_paths:  10


================================================================
== Place & Route Resource Summary
================================================================
LUT:              6104
FF:               8262
DSP:              97
BRAM:             49
URAM:             0
SRL:              208


================================================================
== Place & Route Timing Summary
================================================================
* Timing was NOT met
+----------------+-------------+
| Timing         | Period (ns) |
+----------------+-------------+
| Target         | 10.000      |
| Post-Synthesis | 11.273      |
| Post-Route     | 10.570      |
+----------------+-------------+


================================================================
== Place & Route Resources
================================================================
+----------------------------------------------------------+-----+----+-----+------+------+-----+--------+------+---------+----------+--------+
| Name                                                     | LUT | FF | DSP | BRAM | URAM | SRL | Pragma | Impl | Latency | Variable | Source |
+----------------------------------------------------------+-----+----+-----+------+------+-----+--------+------+---------+----------+--------+
| inst                                                     |     |    |     |      |      | 208 |        |      |         |          |        |
|   (inst)                                                 |     |    |     |      |      | 1   |        |      |         |          |        |
|   col_idx_U                                              |     |    |     |      |      |     |        |      |         |          |        |
|   control_s_axi_U                                        |     |    |     |      |      |     |        |      |         |          |        |
|   degree_U                                               |     |    |     |      |      |     |        |      |         |          |        |
|   gmem0_m_axi_U                                          |     |    |     |      |      | 48  |        |      |         |          |        |
|   gmem1_m_axi_U                                          |     |    |     |      |      | 141 |        |      |         |          |        |
|   grp_accelerator_net_Pipeline_COMPUTE_DEGREE_fu_647     |     |    |     |      |      |     |        |      |         |          |        |
|     (grp_accelerator_net_Pipeline_COMPUTE_DEGREE_fu_647) |     |    |     |      |      |     |        |      |         |          |        |
|     flow_control_loop_pipe_sequential_init_U             |     |    |     |      |      |     |        |      |         |          |        |
|   grp_accelerator_net_Pipeline_EDGE_LOOP_fu_588          |     |    |     |      |      |     |        |      |         |          |        |
|     (grp_accelerator_net_Pipeline_EDGE_LOOP_fu_588)      |     |    |     |      |      |     |        |      |         |          |        |
|     flow_control_loop_pipe_sequential_init_U             |     |    |     |      |      |     |        |      |         |          |        |
|   grp_accelerator_net_Pipeline_LOAD_COL_IDX_fu_637       |     |    |     |      |      | 11  |        |      |         |          |        |
|     (grp_accelerator_net_Pipeline_LOAD_COL_IDX_fu_637)   |     |    |     |      |      | 11  |        |      |         |          |        |
|     flow_control_loop_pipe_sequential_init_U             |     |    |     |      |      |     |        |      |         |          |        |
|   grp_accelerator_net_Pipeline_LOAD_ROW_PTR_fu_625       |     |    |     |      |      |     |        |      |         |          |        |
|     (grp_accelerator_net_Pipeline_LOAD_ROW_PTR_fu_625)   |     |    |     |      |      |     |        |      |         |          |        |
|     flow_control_loop_pipe_sequential_init_U             |     |    |     |      |      |     |        |      |         |          |        |
|   grp_accelerator_net_Pipeline_LOAD_STATE_fu_612         |     |    |     |      |      | 7   |        |      |         |          |        |
|     (grp_accelerator_net_Pipeline_LOAD_STATE_fu_612)     |     |    |     |      |      | 7   |        |      |         |          |        |
|     flow_control_loop_pipe_sequential_init_U             |     |    |     |      |      |     |        |      |         |          |        |
|   grp_accelerator_net_Pipeline_STORE_STATE_fu_599        |     |    |     |      |      |     |        |      |         |          |        |
|     (grp_accelerator_net_Pipeline_STORE_STATE_fu_599)    |     |    |     |      |      |     |        |      |         |          |        |
|     flow_control_loop_pipe_sequential_init_U             |     |    |     |      |      |     |        |      |         |          |        |
|   grp_accelerator_net_Pipeline_SWAP_fu_575               |     |    |     |      |      |     |        |      |         |          |        |
|     flow_control_loop_pipe_sequential_init_U             |     |    |     |      |      |     |        |      |         |          |        |
|   mul_118s_121ns_238_5_1_U44                             |     |    |     |      |      |     |        |      |         |          |        |
|   mul_27s_26ns_52_1_1_U36                                |     |    |     |      |      |     |        |      |         |          |        |
|   mul_28s_32s_56_2_1_U37                                 |     |    |     |      |      |     |        |      |         |          |        |
|   mul_32s_32s_56_2_1_U38                                 |     |    |     |      |      |     |        |      |         |          |        |
|   mul_32s_32s_64_2_1_U39                                 |     |    |     |      |      |     |        |      |         |          |        |
|   mul_32s_32s_64_2_1_U40                                 |     |    |     |      |      |     |        |      |         |          |        |
|   mul_64s_32s_80_5_1_U41                                 |     |    |     |      |      |     |        |      |         |          |        |
|   mul_64s_32s_94_5_1_U42                                 |     |    |     |      |      |     |        |      |         |          |        |
|   mul_94s_32s_104_5_1_U43                                |     |    |     |      |      |     |        |      |         |          |        |
|   p_ZL7row_ptr_0_U                                       |     |    |     |      |      |     |        |      |         |          |        |
|   p_ZL7row_ptr_1_U                                       |     |    |     |      |      |     |        |      |         |          |        |
|   sub_238ns_238ns_238_2_1_U45                            |     |    |     |      |      |     |        |      |         |          |        |
|     (sub_238ns_238ns_238_2_1_U45)                        |     |    |     |      |      |     |        |      |         |          |        |
|   u_a_U                                                  |     |    |     |      |      |     |        |      |         |          |        |
|   u_b_U                                                  |     |    |     |      |      |     |        |      |         |          |        |
|   v_a_U                                                  |     |    |     |      |      |     |        |      |         |          |        |
|   v_b_U                                                  |     |    |     |      |      |     |        |      |         |          |        |
+----------------------------------------------------------+-----+----+-----+------+------+-----+--------+------+---------+----------+--------+


================================================================
== Place & Route Fail Fast
================================================================
+-----------------------------------------------------------+-----------+--------+--------+
| Criteria                                                  | Guideline | Actual | Status |
+-----------------------------------------------------------+-----------+--------+--------+
| LUT                                                       | 70%       | 11.47% | OK     |
| FD                                                        | 50%       | 7.77%  | OK     |
| LUTRAM+SRL                                                | 25%       | 1.20%  | OK     |
| MUXF7                                                     | 15%       | 0.01%  | OK     |
| DSP                                                       | 80%       | 44.09% | OK     |
| RAMB/FIFO                                                 | 80%       | 17.50% | OK     |
| DSP+RAMB+URAM (Avg)                                       | 70%       | 30.80% | OK     |
| BUFGCE* + BUFGCTRL                                        | 24        | 0      | OK     |
| DONT_TOUCH (cells/nets)                                   | 0         | 6      | REVIEW |
| MARK_DEBUG (nets)                                         | 0         | 0      | OK     |
| Control Sets                                              | 998       | 214    | OK     |
| Average Fanout for modules > 100k cells                   | 4         | 2.33   | OK     |
| Max Average Fanout for modules > 100k cells               | 4         | 0      | OK     |
| Non-FD high fanout nets > 10k loads                       | 0         | 0      | OK     |
+-----------------------------------------------------------+-----------+--------+--------+
| TIMING-6 (No common primary clock between related clocks) | 0         | 0      | OK     |
| TIMING-7 (No common node between related clocks)          | 0         | 0      | OK     |
| TIMING-8 (No common period between related clocks)        | 0         | 0      | OK     |
| TIMING-14 (LUT on the clock tree)                         | 0         | 0      | OK     |
| TIMING-35 (No common node in paths with the same clock)   | 0         | 0      | OK     |
+-----------------------------------------------------------+-----------+--------+--------+
| Number of paths above max LUT budgeting (0.575ns)         | 0         | 0      | OK     |
| Number of paths above max Net budgeting (0.403ns)         | 0         | 0      | OK     |
+-----------------------------------------------------------+-----------+--------+--------+


================================================================
== Place & Route Timing Paths
================================================================
* Timing was NOT met
+--------+--------+------------------------------------------------------+---------------------------------------------+--------------+------------+----------------+----------------+--------------+
| Path   |  SLACK | STARTPOINT PIN                                       | ENDPOINT PIN                                | LOGIC LEVELS | MAX FANOUT | DATAPATH DELAY | DATAPATH LOGIC | DATAPATH NET |
|        |        |                                                      |                                             |              |            |                |          DELAY |        DELAY |
+--------+--------+------------------------------------------------------+---------------------------------------------+--------------+------------+----------------+----------------+--------------+
| Path1  | -0.570 | mul_118s_121ns_238_5_1_U44/buff2[107]_i_22_psdsp_1/C | mul_118s_121ns_238_5_1_U44/buff2_reg[236]/D |           40 |          3 |         10.548 |          7.157 |        3.391 |
| Path2  | -0.567 | mul_118s_121ns_238_5_1_U44/buff2[107]_i_22_psdsp_1/C | mul_118s_121ns_238_5_1_U44/buff2_reg[233]/D |           39 |          3 |         10.545 |          7.154 |        3.391 |
| Path3  | -0.546 | mul_118s_121ns_238_5_1_U44/buff2[107]_i_22_psdsp_1/C | mul_118s_121ns_238_5_1_U44/buff2_reg[235]/D |           39 |          3 |         10.524 |          7.133 |        3.391 |
| Path4  | -0.472 | mul_118s_121ns_238_5_1_U44/buff2[107]_i_22_psdsp_1/C | mul_118s_121ns_238_5_1_U44/buff2_reg[234]/D |           39 |          3 |         10.450 |          7.059 |        3.391 |
| Path5  | -0.456 | mul_118s_121ns_238_5_1_U44/buff2[107]_i_22_psdsp_1/C | mul_118s_121ns_238_5_1_U44/buff2_reg[232]/D |           39 |          3 |         10.434 |          7.043 |        3.391 |
| Path6  | -0.453 | mul_118s_121ns_238_5_1_U44/buff2[107]_i_22_psdsp_1/C | mul_118s_121ns_238_5_1_U44/buff2_reg[229]/D |           38 |          3 |         10.431 |          7.040 |        3.391 |
| Path7  | -0.432 | mul_118s_121ns_238_5_1_U44/buff2[107]_i_22_psdsp_1/C | mul_118s_121ns_238_5_1_U44/buff2_reg[231]/D |           38 |          3 |         10.410 |          7.019 |        3.391 |
| Path8  | -0.358 | mul_118s_121ns_238_5_1_U44/buff2[107]_i_22_psdsp_1/C | mul_118s_121ns_238_5_1_U44/buff2_reg[230]/D |           38 |          3 |         10.336 |          6.945 |        3.391 |
| Path9  | -0.342 | mul_118s_121ns_238_5_1_U44/buff2[107]_i_22_psdsp_1/C | mul_118s_121ns_238_5_1_U44/buff2_reg[228]/D |           38 |          3 |         10.320 |          6.929 |        3.391 |
| Path10 | -0.339 | mul_118s_121ns_238_5_1_U44/buff2[107]_i_22_psdsp_1/C | mul_118s_121ns_238_5_1_U44/buff2_reg[225]/D |           37 |          3 |         10.317 |          6.926 |        3.391 |
+--------+--------+------------------------------------------------------+---------------------------------------------+--------------+------------+----------------+----------------+--------------+

    +----------------------------------------------------+----------------------+
    | Path1 Cells                                        | Primitive Type       |
    +----------------------------------------------------+----------------------+
    | mul_118s_121ns_238_5_1_U44/buff2[107]_i_22_psdsp_1 | FLOP_LATCH.flop.FDRE |
    | mul_118s_121ns_238_5_1_U44/buff2[107]_i_22         | LUT.others.LUT3      |
    | mul_118s_121ns_238_5_1_U44/buff2_reg[107]_i_19     | CARRY.others.CARRY4  |
    | mul_118s_121ns_238_5_1_U44/buff2_reg[111]_i_19     | CARRY.others.CARRY4  |
    | mul_118s_121ns_238_5_1_U44/buff2[107]_i_11         | LUT.others.LUT3      |
    | mul_118s_121ns_238_5_1_U44/buff2_reg[107]_i_10     | CARRY.others.CARRY4  |
    | mul_118s_121ns_238_5_1_U44/buff2_reg[111]_i_10     | CARRY.others.CARRY4  |
    | mul_118s_121ns_238_5_1_U44/buff2_reg[115]_i_10     | CARRY.others.CARRY4  |
    | mul_118s_121ns_238_5_1_U44/buff2_reg[119]_i_10     | CARRY.others.CARRY4  |
    | mul_118s_121ns_238_5_1_U44/buff2_reg[123]_i_10     | CARRY.others.CARRY4  |
    | mul_118s_121ns_238_5_1_U44/buff2_reg[127]_i_10     | CARRY.others.CARRY4  |
    | mul_118s_121ns_238_5_1_U44/buff2_reg[131]_i_10     | CARRY.others.CARRY4  |
    | mul_118s_121ns_238_5_1_U44/buff2_reg[135]_i_10     | CARRY.others.CARRY4  |
    | mul_118s_121ns_238_5_1_U44/buff2_reg[139]_i_10     | CARRY.others.CARRY4  |
    | mul_118s_121ns_238_5_1_U44/buff2_reg[143]_i_10     | CARRY.others.CARRY4  |
    | mul_118s_121ns_238_5_1_U44/buff2_reg[147]_i_10     | CARRY.others.CARRY4  |
    | mul_118s_121ns_238_5_1_U44/buff2_reg[151]_i_10     | CARRY.others.CARRY4  |
    | mul_118s_121ns_238_5_1_U44/buff2_reg[155]_i_10     | CARRY.others.CARRY4  |
    | mul_118s_121ns_238_5_1_U44/buff2_reg[159]_i_10     | CARRY.others.CARRY4  |
    | mul_118s_121ns_238_5_1_U44/buff2_reg[163]_i_10     | CARRY.others.CARRY4  |
    | mul_118s_121ns_238_5_1_U44/buff2_reg[167]_i_10     | CARRY.others.CARRY4  |
    | mul_118s_121ns_238_5_1_U44/buff2_reg[171]_i_10     | CARRY.others.CARRY4  |
    | mul_118s_121ns_238_5_1_U44/buff2_reg[175]_i_10     | CARRY.others.CARRY4  |
    | mul_118s_121ns_238_5_1_U44/buff2_reg[179]_i_10     | CARRY.others.CARRY4  |
    | mul_118s_121ns_238_5_1_U44/buff2_reg[183]_i_10     | CARRY.others.CARRY4  |
    | mul_118s_121ns_238_5_1_U44/buff2_reg[187]_i_10     | CARRY.others.CARRY4  |
    | mul_118s_121ns_238_5_1_U44/buff2_reg[191]_i_10     | CARRY.others.CARRY4  |
    | mul_118s_121ns_238_5_1_U44/buff2_reg[195]_i_10     | CARRY.others.CARRY4  |
    | mul_118s_121ns_238_5_1_U44/buff2_reg[199]_i_10     | CARRY.others.CARRY4  |
    | mul_118s_121ns_238_5_1_U44/buff2[199]_i_3          | LUT.others.LUT3      |
    | mul_118s_121ns_238_5_1_U44/buff2_reg[199]_i_1      | CARRY.others.CARRY4  |
    | mul_118s_121ns_238_5_1_U44/buff2_reg[203]_i_1      | CARRY.others.CARRY4  |
    | mul_118s_121ns_238_5_1_U44/buff2_reg[207]_i_1      | CARRY.others.CARRY4  |
    | mul_118s_121ns_238_5_1_U44/buff2_reg[211]_i_1      | CARRY.others.CARRY4  |
    | mul_118s_121ns_238_5_1_U44/buff2_reg[215]_i_1      | CARRY.others.CARRY4  |
    | mul_118s_121ns_238_5_1_U44/buff2_reg[219]_i_1      | CARRY.others.CARRY4  |
    | mul_118s_121ns_238_5_1_U44/buff2_reg[223]_i_1      | CARRY.others.CARRY4  |
    | mul_118s_121ns_238_5_1_U44/buff2_reg[227]_i_1      | CARRY.others.CARRY4  |
    | mul_118s_121ns_238_5_1_U44/buff2_reg[231]_i_1      | CARRY.others.CARRY4  |
    | mul_118s_121ns_238_5_1_U44/buff2_reg[235]_i_1      | CARRY.others.CARRY4  |
    | mul_118s_121ns_238_5_1_U44/buff2_reg[236]_i_1      | CARRY.others.CARRY4  |
    | mul_118s_121ns_238_5_1_U44/buff2_reg[236]          | FLOP_LATCH.flop.FDRE |
    +----------------------------------------------------+----------------------+

    +----------------------------------------------------+----------------------+
    | Path2 Cells                                        | Primitive Type       |
    +----------------------------------------------------+----------------------+
    | mul_118s_121ns_238_5_1_U44/buff2[107]_i_22_psdsp_1 | FLOP_LATCH.flop.FDRE |
    | mul_118s_121ns_238_5_1_U44/buff2[107]_i_22         | LUT.others.LUT3      |
    | mul_118s_121ns_238_5_1_U44/buff2_reg[107]_i_19     | CARRY.others.CARRY4  |
    | mul_118s_121ns_238_5_1_U44/buff2_reg[111]_i_19     | CARRY.others.CARRY4  |
    | mul_118s_121ns_238_5_1_U44/buff2[107]_i_11         | LUT.others.LUT3      |
    | mul_118s_121ns_238_5_1_U44/buff2_reg[107]_i_10     | CARRY.others.CARRY4  |
    | mul_118s_121ns_238_5_1_U44/buff2_reg[111]_i_10     | CARRY.others.CARRY4  |
    | mul_118s_121ns_238_5_1_U44/buff2_reg[115]_i_10     | CARRY.others.CARRY4  |
    | mul_118s_121ns_238_5_1_U44/buff2_reg[119]_i_10     | CARRY.others.CARRY4  |
    | mul_118s_121ns_238_5_1_U44/buff2_reg[123]_i_10     | CARRY.others.CARRY4  |
    | mul_118s_121ns_238_5_1_U44/buff2_reg[127]_i_10     | CARRY.others.CARRY4  |
    | mul_118s_121ns_238_5_1_U44/buff2_reg[131]_i_10     | CARRY.others.CARRY4  |
    | mul_118s_121ns_238_5_1_U44/buff2_reg[135]_i_10     | CARRY.others.CARRY4  |
    | mul_118s_121ns_238_5_1_U44/buff2_reg[139]_i_10     | CARRY.others.CARRY4  |
    | mul_118s_121ns_238_5_1_U44/buff2_reg[143]_i_10     | CARRY.others.CARRY4  |
    | mul_118s_121ns_238_5_1_U44/buff2_reg[147]_i_10     | CARRY.others.CARRY4  |
    | mul_118s_121ns_238_5_1_U44/buff2_reg[151]_i_10     | CARRY.others.CARRY4  |
    | mul_118s_121ns_238_5_1_U44/buff2_reg[155]_i_10     | CARRY.others.CARRY4  |
    | mul_118s_121ns_238_5_1_U44/buff2_reg[159]_i_10     | CARRY.others.CARRY4  |
    | mul_118s_121ns_238_5_1_U44/buff2_reg[163]_i_10     | CARRY.others.CARRY4  |
    | mul_118s_121ns_238_5_1_U44/buff2_reg[167]_i_10     | CARRY.others.CARRY4  |
    | mul_118s_121ns_238_5_1_U44/buff2_reg[171]_i_10     | CARRY.others.CARRY4  |
    | mul_118s_121ns_238_5_1_U44/buff2_reg[175]_i_10     | CARRY.others.CARRY4  |
    | mul_118s_121ns_238_5_1_U44/buff2_reg[179]_i_10     | CARRY.others.CARRY4  |
    | mul_118s_121ns_238_5_1_U44/buff2_reg[183]_i_10     | CARRY.others.CARRY4  |
    | mul_118s_121ns_238_5_1_U44/buff2_reg[187]_i_10     | CARRY.others.CARRY4  |
    | mul_118s_121ns_238_5_1_U44/buff2_reg[191]_i_10     | CARRY.others.CARRY4  |
    | mul_118s_121ns_238_5_1_U44/buff2_reg[195]_i_10     | CARRY.others.CARRY4  |
    | mul_118s_121ns_238_5_1_U44/buff2_reg[199]_i_10     | CARRY.others.CARRY4  |
    | mul_118s_121ns_238_5_1_U44/buff2[199]_i_3          | LUT.others.LUT3      |
    | mul_118s_121ns_238_5_1_U44/buff2_reg[199]_i_1      | CARRY.others.CARRY4  |
    | mul_118s_121ns_238_5_1_U44/buff2_reg[203]_i_1      | CARRY.others.CARRY4  |
    | mul_118s_121ns_238_5_1_U44/buff2_reg[207]_i_1      | CARRY.others.CARRY4  |
    | mul_118s_121ns_238_5_1_U44/buff2_reg[211]_i_1      | CARRY.others.CARRY4  |
    | mul_118s_121ns_238_5_1_U44/buff2_reg[215]_i_1      | CARRY.others.CARRY4  |
    | mul_118s_121ns_238_5_1_U44/buff2_reg[219]_i_1      | CARRY.others.CARRY4  |
    | mul_118s_121ns_238_5_1_U44/buff2_reg[223]_i_1      | CARRY.others.CARRY4  |
    | mul_118s_121ns_238_5_1_U44/buff2_reg[227]_i_1      | CARRY.others.CARRY4  |
    | mul_118s_121ns_238_5_1_U44/buff2_reg[231]_i_1      | CARRY.others.CARRY4  |
    | mul_118s_121ns_238_5_1_U44/buff2_reg[235]_i_1      | CARRY.others.CARRY4  |
    | mul_118s_121ns_238_5_1_U44/buff2_reg[233]          | FLOP_LATCH.flop.FDRE |
    +----------------------------------------------------+----------------------+

    +----------------------------------------------------+----------------------+
    | Path3 Cells                                        | Primitive Type       |
    +----------------------------------------------------+----------------------+
    | mul_118s_121ns_238_5_1_U44/buff2[107]_i_22_psdsp_1 | FLOP_LATCH.flop.FDRE |
    | mul_118s_121ns_238_5_1_U44/buff2[107]_i_22         | LUT.others.LUT3      |
    | mul_118s_121ns_238_5_1_U44/buff2_reg[107]_i_19     | CARRY.others.CARRY4  |
    | mul_118s_121ns_238_5_1_U44/buff2_reg[111]_i_19     | CARRY.others.CARRY4  |
    | mul_118s_121ns_238_5_1_U44/buff2[107]_i_11         | LUT.others.LUT3      |
    | mul_118s_121ns_238_5_1_U44/buff2_reg[107]_i_10     | CARRY.others.CARRY4  |
    | mul_118s_121ns_238_5_1_U44/buff2_reg[111]_i_10     | CARRY.others.CARRY4  |
    | mul_118s_121ns_238_5_1_U44/buff2_reg[115]_i_10     | CARRY.others.CARRY4  |
    | mul_118s_121ns_238_5_1_U44/buff2_reg[119]_i_10     | CARRY.others.CARRY4  |
    | mul_118s_121ns_238_5_1_U44/buff2_reg[123]_i_10     | CARRY.others.CARRY4  |
    | mul_118s_121ns_238_5_1_U44/buff2_reg[127]_i_10     | CARRY.others.CARRY4  |
    | mul_118s_121ns_238_5_1_U44/buff2_reg[131]_i_10     | CARRY.others.CARRY4  |
    | mul_118s_121ns_238_5_1_U44/buff2_reg[135]_i_10     | CARRY.others.CARRY4  |
    | mul_118s_121ns_238_5_1_U44/buff2_reg[139]_i_10     | CARRY.others.CARRY4  |
    | mul_118s_121ns_238_5_1_U44/buff2_reg[143]_i_10     | CARRY.others.CARRY4  |
    | mul_118s_121ns_238_5_1_U44/buff2_reg[147]_i_10     | CARRY.others.CARRY4  |
    | mul_118s_121ns_238_5_1_U44/buff2_reg[151]_i_10     | CARRY.others.CARRY4  |
    | mul_118s_121ns_238_5_1_U44/buff2_reg[155]_i_10     | CARRY.others.CARRY4  |
    | mul_118s_121ns_238_5_1_U44/buff2_reg[159]_i_10     | CARRY.others.CARRY4  |
    | mul_118s_121ns_238_5_1_U44/buff2_reg[163]_i_10     | CARRY.others.CARRY4  |
    | mul_118s_121ns_238_5_1_U44/buff2_reg[167]_i_10     | CARRY.others.CARRY4  |
    | mul_118s_121ns_238_5_1_U44/buff2_reg[171]_i_10     | CARRY.others.CARRY4  |
    | mul_118s_121ns_238_5_1_U44/buff2_reg[175]_i_10     | CARRY.others.CARRY4  |
    | mul_118s_121ns_238_5_1_U44/buff2_reg[179]_i_10     | CARRY.others.CARRY4  |
    | mul_118s_121ns_238_5_1_U44/buff2_reg[183]_i_10     | CARRY.others.CARRY4  |
    | mul_118s_121ns_238_5_1_U44/buff2_reg[187]_i_10     | CARRY.others.CARRY4  |
    | mul_118s_121ns_238_5_1_U44/buff2_reg[191]_i_10     | CARRY.others.CARRY4  |
    | mul_118s_121ns_238_5_1_U44/buff2_reg[195]_i_10     | CARRY.others.CARRY4  |
    | mul_118s_121ns_238_5_1_U44/buff2_reg[199]_i_10     | CARRY.others.CARRY4  |
    | mul_118s_121ns_238_5_1_U44/buff2[199]_i_3          | LUT.others.LUT3      |
    | mul_118s_121ns_238_5_1_U44/buff2_reg[199]_i_1      | CARRY.others.CARRY4  |
    | mul_118s_121ns_238_5_1_U44/buff2_reg[203]_i_1      | CARRY.others.CARRY4  |
    | mul_118s_121ns_238_5_1_U44/buff2_reg[207]_i_1      | CARRY.others.CARRY4  |
    | mul_118s_121ns_238_5_1_U44/buff2_reg[211]_i_1      | CARRY.others.CARRY4  |
    | mul_118s_121ns_238_5_1_U44/buff2_reg[215]_i_1      | CARRY.others.CARRY4  |
    | mul_118s_121ns_238_5_1_U44/buff2_reg[219]_i_1      | CARRY.others.CARRY4  |
    | mul_118s_121ns_238_5_1_U44/buff2_reg[223]_i_1      | CARRY.others.CARRY4  |
    | mul_118s_121ns_238_5_1_U44/buff2_reg[227]_i_1      | CARRY.others.CARRY4  |
    | mul_118s_121ns_238_5_1_U44/buff2_reg[231]_i_1      | CARRY.others.CARRY4  |
    | mul_118s_121ns_238_5_1_U44/buff2_reg[235]_i_1      | CARRY.others.CARRY4  |
    | mul_118s_121ns_238_5_1_U44/buff2_reg[235]          | FLOP_LATCH.flop.FDRE |
    +----------------------------------------------------+----------------------+

    +----------------------------------------------------+----------------------+
    | Path4 Cells                                        | Primitive Type       |
    +----------------------------------------------------+----------------------+
    | mul_118s_121ns_238_5_1_U44/buff2[107]_i_22_psdsp_1 | FLOP_LATCH.flop.FDRE |
    | mul_118s_121ns_238_5_1_U44/buff2[107]_i_22         | LUT.others.LUT3      |
    | mul_118s_121ns_238_5_1_U44/buff2_reg[107]_i_19     | CARRY.others.CARRY4  |
    | mul_118s_121ns_238_5_1_U44/buff2_reg[111]_i_19     | CARRY.others.CARRY4  |
    | mul_118s_121ns_238_5_1_U44/buff2[107]_i_11         | LUT.others.LUT3      |
    | mul_118s_121ns_238_5_1_U44/buff2_reg[107]_i_10     | CARRY.others.CARRY4  |
    | mul_118s_121ns_238_5_1_U44/buff2_reg[111]_i_10     | CARRY.others.CARRY4  |
    | mul_118s_121ns_238_5_1_U44/buff2_reg[115]_i_10     | CARRY.others.CARRY4  |
    | mul_118s_121ns_238_5_1_U44/buff2_reg[119]_i_10     | CARRY.others.CARRY4  |
    | mul_118s_121ns_238_5_1_U44/buff2_reg[123]_i_10     | CARRY.others.CARRY4  |
    | mul_118s_121ns_238_5_1_U44/buff2_reg[127]_i_10     | CARRY.others.CARRY4  |
    | mul_118s_121ns_238_5_1_U44/buff2_reg[131]_i_10     | CARRY.others.CARRY4  |
    | mul_118s_121ns_238_5_1_U44/buff2_reg[135]_i_10     | CARRY.others.CARRY4  |
    | mul_118s_121ns_238_5_1_U44/buff2_reg[139]_i_10     | CARRY.others.CARRY4  |
    | mul_118s_121ns_238_5_1_U44/buff2_reg[143]_i_10     | CARRY.others.CARRY4  |
    | mul_118s_121ns_238_5_1_U44/buff2_reg[147]_i_10     | CARRY.others.CARRY4  |
    | mul_118s_121ns_238_5_1_U44/buff2_reg[151]_i_10     | CARRY.others.CARRY4  |
    | mul_118s_121ns_238_5_1_U44/buff2_reg[155]_i_10     | CARRY.others.CARRY4  |
    | mul_118s_121ns_238_5_1_U44/buff2_reg[159]_i_10     | CARRY.others.CARRY4  |
    | mul_118s_121ns_238_5_1_U44/buff2_reg[163]_i_10     | CARRY.others.CARRY4  |
    | mul_118s_121ns_238_5_1_U44/buff2_reg[167]_i_10     | CARRY.others.CARRY4  |
    | mul_118s_121ns_238_5_1_U44/buff2_reg[171]_i_10     | CARRY.others.CARRY4  |
    | mul_118s_121ns_238_5_1_U44/buff2_reg[175]_i_10     | CARRY.others.CARRY4  |
    | mul_118s_121ns_238_5_1_U44/buff2_reg[179]_i_10     | CARRY.others.CARRY4  |
    | mul_118s_121ns_238_5_1_U44/buff2_reg[183]_i_10     | CARRY.others.CARRY4  |
    | mul_118s_121ns_238_5_1_U44/buff2_reg[187]_i_10     | CARRY.others.CARRY4  |
    | mul_118s_121ns_238_5_1_U44/buff2_reg[191]_i_10     | CARRY.others.CARRY4  |
    | mul_118s_121ns_238_5_1_U44/buff2_reg[195]_i_10     | CARRY.others.CARRY4  |
    | mul_118s_121ns_238_5_1_U44/buff2_reg[199]_i_10     | CARRY.others.CARRY4  |
    | mul_118s_121ns_238_5_1_U44/buff2[199]_i_3          | LUT.others.LUT3      |
    | mul_118s_121ns_238_5_1_U44/buff2_reg[199]_i_1      | CARRY.others.CARRY4  |
    | mul_118s_121ns_238_5_1_U44/buff2_reg[203]_i_1      | CARRY.others.CARRY4  |
    | mul_118s_121ns_238_5_1_U44/buff2_reg[207]_i_1      | CARRY.others.CARRY4  |
    | mul_118s_121ns_238_5_1_U44/buff2_reg[211]_i_1      | CARRY.others.CARRY4  |
    | mul_118s_121ns_238_5_1_U44/buff2_reg[215]_i_1      | CARRY.others.CARRY4  |
    | mul_118s_121ns_238_5_1_U44/buff2_reg[219]_i_1      | CARRY.others.CARRY4  |
    | mul_118s_121ns_238_5_1_U44/buff2_reg[223]_i_1      | CARRY.others.CARRY4  |
    | mul_118s_121ns_238_5_1_U44/buff2_reg[227]_i_1      | CARRY.others.CARRY4  |
    | mul_118s_121ns_238_5_1_U44/buff2_reg[231]_i_1      | CARRY.others.CARRY4  |
    | mul_118s_121ns_238_5_1_U44/buff2_reg[235]_i_1      | CARRY.others.CARRY4  |
    | mul_118s_121ns_238_5_1_U44/buff2_reg[234]          | FLOP_LATCH.flop.FDRE |
    +----------------------------------------------------+----------------------+

    +----------------------------------------------------+----------------------+
    | Path5 Cells                                        | Primitive Type       |
    +----------------------------------------------------+----------------------+
    | mul_118s_121ns_238_5_1_U44/buff2[107]_i_22_psdsp_1 | FLOP_LATCH.flop.FDRE |
    | mul_118s_121ns_238_5_1_U44/buff2[107]_i_22         | LUT.others.LUT3      |
    | mul_118s_121ns_238_5_1_U44/buff2_reg[107]_i_19     | CARRY.others.CARRY4  |
    | mul_118s_121ns_238_5_1_U44/buff2_reg[111]_i_19     | CARRY.others.CARRY4  |
    | mul_118s_121ns_238_5_1_U44/buff2[107]_i_11         | LUT.others.LUT3      |
    | mul_118s_121ns_238_5_1_U44/buff2_reg[107]_i_10     | CARRY.others.CARRY4  |
    | mul_118s_121ns_238_5_1_U44/buff2_reg[111]_i_10     | CARRY.others.CARRY4  |
    | mul_118s_121ns_238_5_1_U44/buff2_reg[115]_i_10     | CARRY.others.CARRY4  |
    | mul_118s_121ns_238_5_1_U44/buff2_reg[119]_i_10     | CARRY.others.CARRY4  |
    | mul_118s_121ns_238_5_1_U44/buff2_reg[123]_i_10     | CARRY.others.CARRY4  |
    | mul_118s_121ns_238_5_1_U44/buff2_reg[127]_i_10     | CARRY.others.CARRY4  |
    | mul_118s_121ns_238_5_1_U44/buff2_reg[131]_i_10     | CARRY.others.CARRY4  |
    | mul_118s_121ns_238_5_1_U44/buff2_reg[135]_i_10     | CARRY.others.CARRY4  |
    | mul_118s_121ns_238_5_1_U44/buff2_reg[139]_i_10     | CARRY.others.CARRY4  |
    | mul_118s_121ns_238_5_1_U44/buff2_reg[143]_i_10     | CARRY.others.CARRY4  |
    | mul_118s_121ns_238_5_1_U44/buff2_reg[147]_i_10     | CARRY.others.CARRY4  |
    | mul_118s_121ns_238_5_1_U44/buff2_reg[151]_i_10     | CARRY.others.CARRY4  |
    | mul_118s_121ns_238_5_1_U44/buff2_reg[155]_i_10     | CARRY.others.CARRY4  |
    | mul_118s_121ns_238_5_1_U44/buff2_reg[159]_i_10     | CARRY.others.CARRY4  |
    | mul_118s_121ns_238_5_1_U44/buff2_reg[163]_i_10     | CARRY.others.CARRY4  |
    | mul_118s_121ns_238_5_1_U44/buff2_reg[167]_i_10     | CARRY.others.CARRY4  |
    | mul_118s_121ns_238_5_1_U44/buff2_reg[171]_i_10     | CARRY.others.CARRY4  |
    | mul_118s_121ns_238_5_1_U44/buff2_reg[175]_i_10     | CARRY.others.CARRY4  |
    | mul_118s_121ns_238_5_1_U44/buff2_reg[179]_i_10     | CARRY.others.CARRY4  |
    | mul_118s_121ns_238_5_1_U44/buff2_reg[183]_i_10     | CARRY.others.CARRY4  |
    | mul_118s_121ns_238_5_1_U44/buff2_reg[187]_i_10     | CARRY.others.CARRY4  |
    | mul_118s_121ns_238_5_1_U44/buff2_reg[191]_i_10     | CARRY.others.CARRY4  |
    | mul_118s_121ns_238_5_1_U44/buff2_reg[195]_i_10     | CARRY.others.CARRY4  |
    | mul_118s_121ns_238_5_1_U44/buff2_reg[199]_i_10     | CARRY.others.CARRY4  |
    | mul_118s_121ns_238_5_1_U44/buff2[199]_i_3          | LUT.others.LUT3      |
    | mul_118s_121ns_238_5_1_U44/buff2_reg[199]_i_1      | CARRY.others.CARRY4  |
    | mul_118s_121ns_238_5_1_U44/buff2_reg[203]_i_1      | CARRY.others.CARRY4  |
    | mul_118s_121ns_238_5_1_U44/buff2_reg[207]_i_1      | CARRY.others.CARRY4  |
    | mul_118s_121ns_238_5_1_U44/buff2_reg[211]_i_1      | CARRY.others.CARRY4  |
    | mul_118s_121ns_238_5_1_U44/buff2_reg[215]_i_1      | CARRY.others.CARRY4  |
    | mul_118s_121ns_238_5_1_U44/buff2_reg[219]_i_1      | CARRY.others.CARRY4  |
    | mul_118s_121ns_238_5_1_U44/buff2_reg[223]_i_1      | CARRY.others.CARRY4  |
    | mul_118s_121ns_238_5_1_U44/buff2_reg[227]_i_1      | CARRY.others.CARRY4  |
    | mul_118s_121ns_238_5_1_U44/buff2_reg[231]_i_1      | CARRY.others.CARRY4  |
    | mul_118s_121ns_238_5_1_U44/buff2_reg[235]_i_1      | CARRY.others.CARRY4  |
    | mul_118s_121ns_238_5_1_U44/buff2_reg[232]          | FLOP_LATCH.flop.FDRE |
    +----------------------------------------------------+----------------------+

    +----------------------------------------------------+----------------------+
    | Path6 Cells                                        | Primitive Type       |
    +----------------------------------------------------+----------------------+
    | mul_118s_121ns_238_5_1_U44/buff2[107]_i_22_psdsp_1 | FLOP_LATCH.flop.FDRE |
    | mul_118s_121ns_238_5_1_U44/buff2[107]_i_22         | LUT.others.LUT3      |
    | mul_118s_121ns_238_5_1_U44/buff2_reg[107]_i_19     | CARRY.others.CARRY4  |
    | mul_118s_121ns_238_5_1_U44/buff2_reg[111]_i_19     | CARRY.others.CARRY4  |
    | mul_118s_121ns_238_5_1_U44/buff2[107]_i_11         | LUT.others.LUT3      |
    | mul_118s_121ns_238_5_1_U44/buff2_reg[107]_i_10     | CARRY.others.CARRY4  |
    | mul_118s_121ns_238_5_1_U44/buff2_reg[111]_i_10     | CARRY.others.CARRY4  |
    | mul_118s_121ns_238_5_1_U44/buff2_reg[115]_i_10     | CARRY.others.CARRY4  |
    | mul_118s_121ns_238_5_1_U44/buff2_reg[119]_i_10     | CARRY.others.CARRY4  |
    | mul_118s_121ns_238_5_1_U44/buff2_reg[123]_i_10     | CARRY.others.CARRY4  |
    | mul_118s_121ns_238_5_1_U44/buff2_reg[127]_i_10     | CARRY.others.CARRY4  |
    | mul_118s_121ns_238_5_1_U44/buff2_reg[131]_i_10     | CARRY.others.CARRY4  |
    | mul_118s_121ns_238_5_1_U44/buff2_reg[135]_i_10     | CARRY.others.CARRY4  |
    | mul_118s_121ns_238_5_1_U44/buff2_reg[139]_i_10     | CARRY.others.CARRY4  |
    | mul_118s_121ns_238_5_1_U44/buff2_reg[143]_i_10     | CARRY.others.CARRY4  |
    | mul_118s_121ns_238_5_1_U44/buff2_reg[147]_i_10     | CARRY.others.CARRY4  |
    | mul_118s_121ns_238_5_1_U44/buff2_reg[151]_i_10     | CARRY.others.CARRY4  |
    | mul_118s_121ns_238_5_1_U44/buff2_reg[155]_i_10     | CARRY.others.CARRY4  |
    | mul_118s_121ns_238_5_1_U44/buff2_reg[159]_i_10     | CARRY.others.CARRY4  |
    | mul_118s_121ns_238_5_1_U44/buff2_reg[163]_i_10     | CARRY.others.CARRY4  |
    | mul_118s_121ns_238_5_1_U44/buff2_reg[167]_i_10     | CARRY.others.CARRY4  |
    | mul_118s_121ns_238_5_1_U44/buff2_reg[171]_i_10     | CARRY.others.CARRY4  |
    | mul_118s_121ns_238_5_1_U44/buff2_reg[175]_i_10     | CARRY.others.CARRY4  |
    | mul_118s_121ns_238_5_1_U44/buff2_reg[179]_i_10     | CARRY.others.CARRY4  |
    | mul_118s_121ns_238_5_1_U44/buff2_reg[183]_i_10     | CARRY.others.CARRY4  |
    | mul_118s_121ns_238_5_1_U44/buff2_reg[187]_i_10     | CARRY.others.CARRY4  |
    | mul_118s_121ns_238_5_1_U44/buff2_reg[191]_i_10     | CARRY.others.CARRY4  |
    | mul_118s_121ns_238_5_1_U44/buff2_reg[195]_i_10     | CARRY.others.CARRY4  |
    | mul_118s_121ns_238_5_1_U44/buff2_reg[199]_i_10     | CARRY.others.CARRY4  |
    | mul_118s_121ns_238_5_1_U44/buff2[199]_i_3          | LUT.others.LUT3      |
    | mul_118s_121ns_238_5_1_U44/buff2_reg[199]_i_1      | CARRY.others.CARRY4  |
    | mul_118s_121ns_238_5_1_U44/buff2_reg[203]_i_1      | CARRY.others.CARRY4  |
    | mul_118s_121ns_238_5_1_U44/buff2_reg[207]_i_1      | CARRY.others.CARRY4  |
    | mul_118s_121ns_238_5_1_U44/buff2_reg[211]_i_1      | CARRY.others.CARRY4  |
    | mul_118s_121ns_238_5_1_U44/buff2_reg[215]_i_1      | CARRY.others.CARRY4  |
    | mul_118s_121ns_238_5_1_U44/buff2_reg[219]_i_1      | CARRY.others.CARRY4  |
    | mul_118s_121ns_238_5_1_U44/buff2_reg[223]_i_1      | CARRY.others.CARRY4  |
    | mul_118s_121ns_238_5_1_U44/buff2_reg[227]_i_1      | CARRY.others.CARRY4  |
    | mul_118s_121ns_238_5_1_U44/buff2_reg[231]_i_1      | CARRY.others.CARRY4  |
    | mul_118s_121ns_238_5_1_U44/buff2_reg[229]          | FLOP_LATCH.flop.FDRE |
    +----------------------------------------------------+----------------------+

    +----------------------------------------------------+----------------------+
    | Path7 Cells                                        | Primitive Type       |
    +----------------------------------------------------+----------------------+
    | mul_118s_121ns_238_5_1_U44/buff2[107]_i_22_psdsp_1 | FLOP_LATCH.flop.FDRE |
    | mul_118s_121ns_238_5_1_U44/buff2[107]_i_22         | LUT.others.LUT3      |
    | mul_118s_121ns_238_5_1_U44/buff2_reg[107]_i_19     | CARRY.others.CARRY4  |
    | mul_118s_121ns_238_5_1_U44/buff2_reg[111]_i_19     | CARRY.others.CARRY4  |
    | mul_118s_121ns_238_5_1_U44/buff2[107]_i_11         | LUT.others.LUT3      |
    | mul_118s_121ns_238_5_1_U44/buff2_reg[107]_i_10     | CARRY.others.CARRY4  |
    | mul_118s_121ns_238_5_1_U44/buff2_reg[111]_i_10     | CARRY.others.CARRY4  |
    | mul_118s_121ns_238_5_1_U44/buff2_reg[115]_i_10     | CARRY.others.CARRY4  |
    | mul_118s_121ns_238_5_1_U44/buff2_reg[119]_i_10     | CARRY.others.CARRY4  |
    | mul_118s_121ns_238_5_1_U44/buff2_reg[123]_i_10     | CARRY.others.CARRY4  |
    | mul_118s_121ns_238_5_1_U44/buff2_reg[127]_i_10     | CARRY.others.CARRY4  |
    | mul_118s_121ns_238_5_1_U44/buff2_reg[131]_i_10     | CARRY.others.CARRY4  |
    | mul_118s_121ns_238_5_1_U44/buff2_reg[135]_i_10     | CARRY.others.CARRY4  |
    | mul_118s_121ns_238_5_1_U44/buff2_reg[139]_i_10     | CARRY.others.CARRY4  |
    | mul_118s_121ns_238_5_1_U44/buff2_reg[143]_i_10     | CARRY.others.CARRY4  |
    | mul_118s_121ns_238_5_1_U44/buff2_reg[147]_i_10     | CARRY.others.CARRY4  |
    | mul_118s_121ns_238_5_1_U44/buff2_reg[151]_i_10     | CARRY.others.CARRY4  |
    | mul_118s_121ns_238_5_1_U44/buff2_reg[155]_i_10     | CARRY.others.CARRY4  |
    | mul_118s_121ns_238_5_1_U44/buff2_reg[159]_i_10     | CARRY.others.CARRY4  |
    | mul_118s_121ns_238_5_1_U44/buff2_reg[163]_i_10     | CARRY.others.CARRY4  |
    | mul_118s_121ns_238_5_1_U44/buff2_reg[167]_i_10     | CARRY.others.CARRY4  |
    | mul_118s_121ns_238_5_1_U44/buff2_reg[171]_i_10     | CARRY.others.CARRY4  |
    | mul_118s_121ns_238_5_1_U44/buff2_reg[175]_i_10     | CARRY.others.CARRY4  |
    | mul_118s_121ns_238_5_1_U44/buff2_reg[179]_i_10     | CARRY.others.CARRY4  |
    | mul_118s_121ns_238_5_1_U44/buff2_reg[183]_i_10     | CARRY.others.CARRY4  |
    | mul_118s_121ns_238_5_1_U44/buff2_reg[187]_i_10     | CARRY.others.CARRY4  |
    | mul_118s_121ns_238_5_1_U44/buff2_reg[191]_i_10     | CARRY.others.CARRY4  |
    | mul_118s_121ns_238_5_1_U44/buff2_reg[195]_i_10     | CARRY.others.CARRY4  |
    | mul_118s_121ns_238_5_1_U44/buff2_reg[199]_i_10     | CARRY.others.CARRY4  |
    | mul_118s_121ns_238_5_1_U44/buff2[199]_i_3          | LUT.others.LUT3      |
    | mul_118s_121ns_238_5_1_U44/buff2_reg[199]_i_1      | CARRY.others.CARRY4  |
    | mul_118s_121ns_238_5_1_U44/buff2_reg[203]_i_1      | CARRY.others.CARRY4  |
    | mul_118s_121ns_238_5_1_U44/buff2_reg[207]_i_1      | CARRY.others.CARRY4  |
    | mul_118s_121ns_238_5_1_U44/buff2_reg[211]_i_1      | CARRY.others.CARRY4  |
    | mul_118s_121ns_238_5_1_U44/buff2_reg[215]_i_1      | CARRY.others.CARRY4  |
    | mul_118s_121ns_238_5_1_U44/buff2_reg[219]_i_1      | CARRY.others.CARRY4  |
    | mul_118s_121ns_238_5_1_U44/buff2_reg[223]_i_1      | CARRY.others.CARRY4  |
    | mul_118s_121ns_238_5_1_U44/buff2_reg[227]_i_1      | CARRY.others.CARRY4  |
    | mul_118s_121ns_238_5_1_U44/buff2_reg[231]_i_1      | CARRY.others.CARRY4  |
    | mul_118s_121ns_238_5_1_U44/buff2_reg[231]          | FLOP_LATCH.flop.FDRE |
    +----------------------------------------------------+----------------------+

    +----------------------------------------------------+----------------------+
    | Path8 Cells                                        | Primitive Type       |
    +----------------------------------------------------+----------------------+
    | mul_118s_121ns_238_5_1_U44/buff2[107]_i_22_psdsp_1 | FLOP_LATCH.flop.FDRE |
    | mul_118s_121ns_238_5_1_U44/buff2[107]_i_22         | LUT.others.LUT3      |
    | mul_118s_121ns_238_5_1_U44/buff2_reg[107]_i_19     | CARRY.others.CARRY4  |
    | mul_118s_121ns_238_5_1_U44/buff2_reg[111]_i_19     | CARRY.others.CARRY4  |
    | mul_118s_121ns_238_5_1_U44/buff2[107]_i_11         | LUT.others.LUT3      |
    | mul_118s_121ns_238_5_1_U44/buff2_reg[107]_i_10     | CARRY.others.CARRY4  |
    | mul_118s_121ns_238_5_1_U44/buff2_reg[111]_i_10     | CARRY.others.CARRY4  |
    | mul_118s_121ns_238_5_1_U44/buff2_reg[115]_i_10     | CARRY.others.CARRY4  |
    | mul_118s_121ns_238_5_1_U44/buff2_reg[119]_i_10     | CARRY.others.CARRY4  |
    | mul_118s_121ns_238_5_1_U44/buff2_reg[123]_i_10     | CARRY.others.CARRY4  |
    | mul_118s_121ns_238_5_1_U44/buff2_reg[127]_i_10     | CARRY.others.CARRY4  |
    | mul_118s_121ns_238_5_1_U44/buff2_reg[131]_i_10     | CARRY.others.CARRY4  |
    | mul_118s_121ns_238_5_1_U44/buff2_reg[135]_i_10     | CARRY.others.CARRY4  |
    | mul_118s_121ns_238_5_1_U44/buff2_reg[139]_i_10     | CARRY.others.CARRY4  |
    | mul_118s_121ns_238_5_1_U44/buff2_reg[143]_i_10     | CARRY.others.CARRY4  |
    | mul_118s_121ns_238_5_1_U44/buff2_reg[147]_i_10     | CARRY.others.CARRY4  |
    | mul_118s_121ns_238_5_1_U44/buff2_reg[151]_i_10     | CARRY.others.CARRY4  |
    | mul_118s_121ns_238_5_1_U44/buff2_reg[155]_i_10     | CARRY.others.CARRY4  |
    | mul_118s_121ns_238_5_1_U44/buff2_reg[159]_i_10     | CARRY.others.CARRY4  |
    | mul_118s_121ns_238_5_1_U44/buff2_reg[163]_i_10     | CARRY.others.CARRY4  |
    | mul_118s_121ns_238_5_1_U44/buff2_reg[167]_i_10     | CARRY.others.CARRY4  |
    | mul_118s_121ns_238_5_1_U44/buff2_reg[171]_i_10     | CARRY.others.CARRY4  |
    | mul_118s_121ns_238_5_1_U44/buff2_reg[175]_i_10     | CARRY.others.CARRY4  |
    | mul_118s_121ns_238_5_1_U44/buff2_reg[179]_i_10     | CARRY.others.CARRY4  |
    | mul_118s_121ns_238_5_1_U44/buff2_reg[183]_i_10     | CARRY.others.CARRY4  |
    | mul_118s_121ns_238_5_1_U44/buff2_reg[187]_i_10     | CARRY.others.CARRY4  |
    | mul_118s_121ns_238_5_1_U44/buff2_reg[191]_i_10     | CARRY.others.CARRY4  |
    | mul_118s_121ns_238_5_1_U44/buff2_reg[195]_i_10     | CARRY.others.CARRY4  |
    | mul_118s_121ns_238_5_1_U44/buff2_reg[199]_i_10     | CARRY.others.CARRY4  |
    | mul_118s_121ns_238_5_1_U44/buff2[199]_i_3          | LUT.others.LUT3      |
    | mul_118s_121ns_238_5_1_U44/buff2_reg[199]_i_1      | CARRY.others.CARRY4  |
    | mul_118s_121ns_238_5_1_U44/buff2_reg[203]_i_1      | CARRY.others.CARRY4  |
    | mul_118s_121ns_238_5_1_U44/buff2_reg[207]_i_1      | CARRY.others.CARRY4  |
    | mul_118s_121ns_238_5_1_U44/buff2_reg[211]_i_1      | CARRY.others.CARRY4  |
    | mul_118s_121ns_238_5_1_U44/buff2_reg[215]_i_1      | CARRY.others.CARRY4  |
    | mul_118s_121ns_238_5_1_U44/buff2_reg[219]_i_1      | CARRY.others.CARRY4  |
    | mul_118s_121ns_238_5_1_U44/buff2_reg[223]_i_1      | CARRY.others.CARRY4  |
    | mul_118s_121ns_238_5_1_U44/buff2_reg[227]_i_1      | CARRY.others.CARRY4  |
    | mul_118s_121ns_238_5_1_U44/buff2_reg[231]_i_1      | CARRY.others.CARRY4  |
    | mul_118s_121ns_238_5_1_U44/buff2_reg[230]          | FLOP_LATCH.flop.FDRE |
    +----------------------------------------------------+----------------------+

    +----------------------------------------------------+----------------------+
    | Path9 Cells                                        | Primitive Type       |
    +----------------------------------------------------+----------------------+
    | mul_118s_121ns_238_5_1_U44/buff2[107]_i_22_psdsp_1 | FLOP_LATCH.flop.FDRE |
    | mul_118s_121ns_238_5_1_U44/buff2[107]_i_22         | LUT.others.LUT3      |
    | mul_118s_121ns_238_5_1_U44/buff2_reg[107]_i_19     | CARRY.others.CARRY4  |
    | mul_118s_121ns_238_5_1_U44/buff2_reg[111]_i_19     | CARRY.others.CARRY4  |
    | mul_118s_121ns_238_5_1_U44/buff2[107]_i_11         | LUT.others.LUT3      |
    | mul_118s_121ns_238_5_1_U44/buff2_reg[107]_i_10     | CARRY.others.CARRY4  |
    | mul_118s_121ns_238_5_1_U44/buff2_reg[111]_i_10     | CARRY.others.CARRY4  |
    | mul_118s_121ns_238_5_1_U44/buff2_reg[115]_i_10     | CARRY.others.CARRY4  |
    | mul_118s_121ns_238_5_1_U44/buff2_reg[119]_i_10     | CARRY.others.CARRY4  |
    | mul_118s_121ns_238_5_1_U44/buff2_reg[123]_i_10     | CARRY.others.CARRY4  |
    | mul_118s_121ns_238_5_1_U44/buff2_reg[127]_i_10     | CARRY.others.CARRY4  |
    | mul_118s_121ns_238_5_1_U44/buff2_reg[131]_i_10     | CARRY.others.CARRY4  |
    | mul_118s_121ns_238_5_1_U44/buff2_reg[135]_i_10     | CARRY.others.CARRY4  |
    | mul_118s_121ns_238_5_1_U44/buff2_reg[139]_i_10     | CARRY.others.CARRY4  |
    | mul_118s_121ns_238_5_1_U44/buff2_reg[143]_i_10     | CARRY.others.CARRY4  |
    | mul_118s_121ns_238_5_1_U44/buff2_reg[147]_i_10     | CARRY.others.CARRY4  |
    | mul_118s_121ns_238_5_1_U44/buff2_reg[151]_i_10     | CARRY.others.CARRY4  |
    | mul_118s_121ns_238_5_1_U44/buff2_reg[155]_i_10     | CARRY.others.CARRY4  |
    | mul_118s_121ns_238_5_1_U44/buff2_reg[159]_i_10     | CARRY.others.CARRY4  |
    | mul_118s_121ns_238_5_1_U44/buff2_reg[163]_i_10     | CARRY.others.CARRY4  |
    | mul_118s_121ns_238_5_1_U44/buff2_reg[167]_i_10     | CARRY.others.CARRY4  |
    | mul_118s_121ns_238_5_1_U44/buff2_reg[171]_i_10     | CARRY.others.CARRY4  |
    | mul_118s_121ns_238_5_1_U44/buff2_reg[175]_i_10     | CARRY.others.CARRY4  |
    | mul_118s_121ns_238_5_1_U44/buff2_reg[179]_i_10     | CARRY.others.CARRY4  |
    | mul_118s_121ns_238_5_1_U44/buff2_reg[183]_i_10     | CARRY.others.CARRY4  |
    | mul_118s_121ns_238_5_1_U44/buff2_reg[187]_i_10     | CARRY.others.CARRY4  |
    | mul_118s_121ns_238_5_1_U44/buff2_reg[191]_i_10     | CARRY.others.CARRY4  |
    | mul_118s_121ns_238_5_1_U44/buff2_reg[195]_i_10     | CARRY.others.CARRY4  |
    | mul_118s_121ns_238_5_1_U44/buff2_reg[199]_i_10     | CARRY.others.CARRY4  |
    | mul_118s_121ns_238_5_1_U44/buff2[199]_i_3          | LUT.others.LUT3      |
    | mul_118s_121ns_238_5_1_U44/buff2_reg[199]_i_1      | CARRY.others.CARRY4  |
    | mul_118s_121ns_238_5_1_U44/buff2_reg[203]_i_1      | CARRY.others.CARRY4  |
    | mul_118s_121ns_238_5_1_U44/buff2_reg[207]_i_1      | CARRY.others.CARRY4  |
    | mul_118s_121ns_238_5_1_U44/buff2_reg[211]_i_1      | CARRY.others.CARRY4  |
    | mul_118s_121ns_238_5_1_U44/buff2_reg[215]_i_1      | CARRY.others.CARRY4  |
    | mul_118s_121ns_238_5_1_U44/buff2_reg[219]_i_1      | CARRY.others.CARRY4  |
    | mul_118s_121ns_238_5_1_U44/buff2_reg[223]_i_1      | CARRY.others.CARRY4  |
    | mul_118s_121ns_238_5_1_U44/buff2_reg[227]_i_1      | CARRY.others.CARRY4  |
    | mul_118s_121ns_238_5_1_U44/buff2_reg[231]_i_1      | CARRY.others.CARRY4  |
    | mul_118s_121ns_238_5_1_U44/buff2_reg[228]          | FLOP_LATCH.flop.FDRE |
    +----------------------------------------------------+----------------------+

    +----------------------------------------------------+----------------------+
    | Path10 Cells                                       | Primitive Type       |
    +----------------------------------------------------+----------------------+
    | mul_118s_121ns_238_5_1_U44/buff2[107]_i_22_psdsp_1 | FLOP_LATCH.flop.FDRE |
    | mul_118s_121ns_238_5_1_U44/buff2[107]_i_22         | LUT.others.LUT3      |
    | mul_118s_121ns_238_5_1_U44/buff2_reg[107]_i_19     | CARRY.others.CARRY4  |
    | mul_118s_121ns_238_5_1_U44/buff2_reg[111]_i_19     | CARRY.others.CARRY4  |
    | mul_118s_121ns_238_5_1_U44/buff2[107]_i_11         | LUT.others.LUT3      |
    | mul_118s_121ns_238_5_1_U44/buff2_reg[107]_i_10     | CARRY.others.CARRY4  |
    | mul_118s_121ns_238_5_1_U44/buff2_reg[111]_i_10     | CARRY.others.CARRY4  |
    | mul_118s_121ns_238_5_1_U44/buff2_reg[115]_i_10     | CARRY.others.CARRY4  |
    | mul_118s_121ns_238_5_1_U44/buff2_reg[119]_i_10     | CARRY.others.CARRY4  |
    | mul_118s_121ns_238_5_1_U44/buff2_reg[123]_i_10     | CARRY.others.CARRY4  |
    | mul_118s_121ns_238_5_1_U44/buff2_reg[127]_i_10     | CARRY.others.CARRY4  |
    | mul_118s_121ns_238_5_1_U44/buff2_reg[131]_i_10     | CARRY.others.CARRY4  |
    | mul_118s_121ns_238_5_1_U44/buff2_reg[135]_i_10     | CARRY.others.CARRY4  |
    | mul_118s_121ns_238_5_1_U44/buff2_reg[139]_i_10     | CARRY.others.CARRY4  |
    | mul_118s_121ns_238_5_1_U44/buff2_reg[143]_i_10     | CARRY.others.CARRY4  |
    | mul_118s_121ns_238_5_1_U44/buff2_reg[147]_i_10     | CARRY.others.CARRY4  |
    | mul_118s_121ns_238_5_1_U44/buff2_reg[151]_i_10     | CARRY.others.CARRY4  |
    | mul_118s_121ns_238_5_1_U44/buff2_reg[155]_i_10     | CARRY.others.CARRY4  |
    | mul_118s_121ns_238_5_1_U44/buff2_reg[159]_i_10     | CARRY.others.CARRY4  |
    | mul_118s_121ns_238_5_1_U44/buff2_reg[163]_i_10     | CARRY.others.CARRY4  |
    | mul_118s_121ns_238_5_1_U44/buff2_reg[167]_i_10     | CARRY.others.CARRY4  |
    | mul_118s_121ns_238_5_1_U44/buff2_reg[171]_i_10     | CARRY.others.CARRY4  |
    | mul_118s_121ns_238_5_1_U44/buff2_reg[175]_i_10     | CARRY.others.CARRY4  |
    | mul_118s_121ns_238_5_1_U44/buff2_reg[179]_i_10     | CARRY.others.CARRY4  |
    | mul_118s_121ns_238_5_1_U44/buff2_reg[183]_i_10     | CARRY.others.CARRY4  |
    | mul_118s_121ns_238_5_1_U44/buff2_reg[187]_i_10     | CARRY.others.CARRY4  |
    | mul_118s_121ns_238_5_1_U44/buff2_reg[191]_i_10     | CARRY.others.CARRY4  |
    | mul_118s_121ns_238_5_1_U44/buff2_reg[195]_i_10     | CARRY.others.CARRY4  |
    | mul_118s_121ns_238_5_1_U44/buff2_reg[199]_i_10     | CARRY.others.CARRY4  |
    | mul_118s_121ns_238_5_1_U44/buff2[199]_i_3          | LUT.others.LUT3      |
    | mul_118s_121ns_238_5_1_U44/buff2_reg[199]_i_1      | CARRY.others.CARRY4  |
    | mul_118s_121ns_238_5_1_U44/buff2_reg[203]_i_1      | CARRY.others.CARRY4  |
    | mul_118s_121ns_238_5_1_U44/buff2_reg[207]_i_1      | CARRY.others.CARRY4  |
    | mul_118s_121ns_238_5_1_U44/buff2_reg[211]_i_1      | CARRY.others.CARRY4  |
    | mul_118s_121ns_238_5_1_U44/buff2_reg[215]_i_1      | CARRY.others.CARRY4  |
    | mul_118s_121ns_238_5_1_U44/buff2_reg[219]_i_1      | CARRY.others.CARRY4  |
    | mul_118s_121ns_238_5_1_U44/buff2_reg[223]_i_1      | CARRY.others.CARRY4  |
    | mul_118s_121ns_238_5_1_U44/buff2_reg[227]_i_1      | CARRY.others.CARRY4  |
    | mul_118s_121ns_238_5_1_U44/buff2_reg[225]          | FLOP_LATCH.flop.FDRE |
    +----------------------------------------------------+----------------------+


================================================================
== Place & Route Vivado Reports
================================================================
+--------------------------+-------------------------------------------------------------------------+
| Report Type              | Report Location                                                         |
+--------------------------+-------------------------------------------------------------------------+
| design_analysis          | impl/verilog/report/accelerator_net_design_analysis_routed.rpt          |
| failfast                 | impl/verilog/report/accelerator_net_failfast_routed.rpt                 |
| power                    | impl/verilog/report/accelerator_net_power_routed.rpt                    |
| status                   | impl/verilog/report/accelerator_net_status_routed.rpt                   |
| timing                   | impl/verilog/report/accelerator_net_timing_routed.rpt                   |
| timing_paths             | impl/verilog/report/accelerator_net_timing_paths_routed.rpt             |
| utilization              | impl/verilog/report/accelerator_net_utilization_routed.rpt              |
| utilization_hierarchical | impl/verilog/report/accelerator_net_utilization_hierarchical_routed.rpt |
+--------------------------+-------------------------------------------------------------------------+


